#
# There is insufficient memory for the Java Runtime Environment to continue.
# Native memory allocation (malloc) failed to allocate 1079376 bytes for Chunk::new
# Possible reasons:
#   The system is out of physical RAM or swap space
#   The process is running with CompressedOops enabled, and the Java Heap may be blocking the growth of the native heap
# Possible solutions:
#   Reduce memory load on the system
#   Increase physical memory or swap space
#   Check if swap backing store is full
#   Decrease Java heap size (-Xmx/-Xms)
#   Decrease number of Java threads
#   Decrease Java thread stack sizes (-Xss)
#   Set larger code cache with -XX:ReservedCodeCacheSize=
#   JVM is running with Unscaled Compressed Oops mode in which the Java heap is
#     placed in the first 4GB address space. The Java Heap base address is the
#     maximum limit for the native heap growth. Please use -XX:HeapBaseMinAddress
#     to set the Java Heap base and to place the Java Heap above 4GB virtual address.
# This output file may be truncated or incomplete.
#
#  Out of Memory Error (./open/src/hotspot/share/memory/arena.cpp:195), pid=8608, tid=3384
#
# JRE version: Java(TM) SE Runtime Environment (15.0.1+9) (build 15.0.1+9-18)
# Java VM: Java HotSpot(TM) 64-Bit Server VM (15.0.1+9-18, mixed mode, sharing, tiered, compressed oops, g1 gc, windows-amd64)
# No core dump will be written. Minidumps are not enabled by default on client versions of Windows
#

---------------  S U M M A R Y ------------

Command Line: --add-opens=java.base/java.util=ALL-UNNAMED --add-opens=java.base/java.lang=ALL-UNNAMED --add-opens=java.base/java.lang.invoke=ALL-UNNAMED --add-opens=java.prefs/java.util.prefs=ALL-UNNAMED -XX:MaxMetaspaceSize=256m -XX:+HeapDumpOnOutOfMemoryError -Xms256m -Xmx512m -Dfile.encoding=windows-1252 -Duser.country=US -Duser.language=en -Duser.variant org.gradle.launcher.daemon.bootstrap.GradleDaemon 6.3

Host: Intel(R) Core(TM) i5-7200U CPU @ 2.50GHz, 4 cores, 7G,  Windows 10 , 64 bit Build 18362 (10.0.18362.959)
Time: Thu Dec 10 21:59:45 2020 SE Asia Standard Time elapsed time: 17.498041 seconds (0d 0h 0m 17s)

---------------  T H R E A D  ---------------

Current thread (0x0000027b20f5c380):  JavaThread "C2 CompilerThread1" daemon [_thread_in_native, id=3384, stack(0x000000a576a00000,0x000000a576b00000)]


Current CompileTask:
C2:  17498 6183 %     4       groovy.lang.MetaClassImpl::inheritInterfaceNewMetaMethods @ 104 (199 bytes)

Stack: [0x000000a576a00000,0x000000a576b00000]
Native frames: (J=compiled Java code, j=interpreted, Vv=VM code, C=native code)
V  [jvm.dll+0x62ae9a]
V  [jvm.dll+0x781389]
V  [jvm.dll+0x782ae3]
V  [jvm.dll+0x783143]
V  [jvm.dll+0x216265]
V  [jvm.dll+0x97efa]
V  [jvm.dll+0x985dc]
V  [jvm.dll+0x27a1bf]
V  [jvm.dll+0x5408d4]
V  [jvm.dll+0x1f3064]
V  [jvm.dll+0x1eca31]
V  [jvm.dll+0x1e97a7]
V  [jvm.dll+0x1784c7]
V  [jvm.dll+0x1f9165]
V  [jvm.dll+0x1f720c]
V  [jvm.dll+0x74485d]
V  [jvm.dll+0x73d65a]
V  [jvm.dll+0x629c56]
C  [ucrtbase.dll+0x20e82]
C  [KERNEL32.DLL+0x17bd4]
C  [ntdll.dll+0x6ce51]


---------------  P R O C E S S  ---------------

Threads class SMR info:
_java_thread_list=0x0000027b22199e80, length=35, elements={
0x0000027b01448a70, 0x0000027b1c5ad9c0, 0x0000027b1c5ae4a0, 0x0000027b1c5c7670,
0x0000027b1c5c7f30, 0x0000027b1c5cb810, 0x0000027b1c5cfe00, 0x0000027b1c5f3080,
0x0000027b1cf60020, 0x0000027b1d009930, 0x0000027b1d00a2d0, 0x0000027b1d009e00,
0x0000027b1d008ac0, 0x0000027b1d009460, 0x0000027b1d008f90, 0x0000027b1e639a00,
0x0000027b1e63ad40, 0x0000027b1e63d890, 0x0000027b1e63d3c0, 0x0000027b1e6408b0,
0x0000027b1e63dd60, 0x0000027b1e63b6e0, 0x0000027b1e639060, 0x0000027b1e63e230,
0x0000027b1e63c080, 0x0000027b1e63ebd0, 0x0000027b1e63c550, 0x0000027b1e63fa40,
0x0000027b1e63ff10, 0x0000027b20f5c380, 0x0000027b21ea25c0, 0x0000027b21ea08e0,
0x0000027b21ea1c20, 0x0000027b21ea20f0, 0x0000027b21ea3430
}

Java Threads: ( => current thread )
  0x0000027b01448a70 JavaThread "main" [_thread_blocked, id=4876, stack(0x000000a574400000,0x000000a574500000)]
  0x0000027b1c5ad9c0 JavaThread "Reference Handler" daemon [_thread_blocked, id=5580, stack(0x000000a574b00000,0x000000a574c00000)]
  0x0000027b1c5ae4a0 JavaThread "Finalizer" daemon [_thread_blocked, id=9640, stack(0x000000a574c00000,0x000000a574d00000)]
  0x0000027b1c5c7670 JavaThread "Signal Dispatcher" daemon [_thread_blocked, id=800, stack(0x000000a574d00000,0x000000a574e00000)]
  0x0000027b1c5c7f30 JavaThread "Attach Listener" daemon [_thread_blocked, id=10796, stack(0x000000a574e00000,0x000000a574f00000)]
  0x0000027b1c5cb810 JavaThread "Service Thread" daemon [_thread_blocked, id=9468, stack(0x000000a574f00000,0x000000a575000000)]
  0x0000027b1c5cfe00 JavaThread "C2 CompilerThread0" daemon [_thread_in_native, id=6404, stack(0x000000a575000000,0x000000a575100000)]
  0x0000027b1c5f3080 JavaThread "C1 CompilerThread0" daemon [_thread_blocked, id=11040, stack(0x000000a575100000,0x000000a575200000)]
  0x0000027b1cf60020 JavaThread "Sweeper thread" daemon [_thread_blocked, id=5448, stack(0x000000a575200000,0x000000a575300000)]
  0x0000027b1d009930 JavaThread "Common-Cleaner" daemon [_thread_blocked, id=4412, stack(0x000000a575300000,0x000000a575400000)]
  0x0000027b1d00a2d0 JavaThread "Notification Thread" daemon [_thread_blocked, id=908, stack(0x000000a575400000,0x000000a575500000)]
  0x0000027b1d009e00 JavaThread "Daemon health stats" [_thread_blocked, id=11248, stack(0x000000a575a00000,0x000000a575b00000)]
  0x0000027b1d008ac0 JavaThread "Incoming local TCP Connector on port 55511" [_thread_in_native, id=8540, stack(0x000000a575900000,0x000000a575a00000)]
  0x0000027b1d009460 JavaThread "Daemon periodic checks" [_thread_blocked, id=10184, stack(0x000000a575b00000,0x000000a575c00000)]
  0x0000027b1d008f90 JavaThread "Daemon" [_thread_blocked, id=10540, stack(0x000000a575c00000,0x000000a575d00000)]
  0x0000027b1e639a00 JavaThread "Handler for socket connection from /127.0.0.1:55511 to /127.0.0.1:55512" [_thread_in_native, id=10924, stack(0x000000a575d00000,0x000000a575e00000)]
  0x0000027b1e63ad40 JavaThread "Cancel handler" [_thread_blocked, id=9676, stack(0x000000a575e00000,0x000000a575f00000)]
  0x0000027b1e63d890 JavaThread "Daemon worker" [_thread_in_native, id=2788, stack(0x000000a575f00000,0x000000a576000000)]
  0x0000027b1e63d3c0 JavaThread "Asynchronous log dispatcher for DefaultDaemonConnection: socket connection from /127.0.0.1:55511 to /127.0.0.1:55512" [_thread_blocked, id=3224, stack(0x000000a576000000,0x000000a576100000)]
  0x0000027b1e6408b0 JavaThread "Stdin handler" [_thread_blocked, id=5212, stack(0x000000a576100000,0x000000a576200000)]
  0x0000027b1e63dd60 JavaThread "Thread-8" [_thread_blocked, id=10140, stack(0x000000a576200000,0x000000a576300000)]
  0x0000027b1e63b6e0 JavaThread "Cache worker for journal cache (C:\Users\PC\.gradle\caches\journal-1)" [_thread_blocked, id=3196, stack(0x000000a576300000,0x000000a576400000)]
  0x0000027b1e639060 JavaThread "File lock request listener" [_thread_in_native, id=10888, stack(0x000000a576400000,0x000000a576500000)]
  0x0000027b1e63e230 JavaThread "Cache worker for file hash cache (C:\Users\PC\.gradle\caches\6.3\fileHashes)" [_thread_blocked, id=10332, stack(0x000000a576500000,0x000000a576600000)]
  0x0000027b1e63c080 JavaThread "Cache worker for checksums cache (C:\Users\PC\Desktop\EasyEngApp\android\.gradle\checksums)" [_thread_blocked, id=5436, stack(0x000000a576700000,0x000000a576800000)]
  0x0000027b1e63ebd0 JavaThread "Cache worker for file hash cache (C:\Users\PC\Desktop\EasyEngApp\android\.gradle\6.3\fileHashes)" [_thread_blocked, id=892, stack(0x000000a576800000,0x000000a576900000)]
  0x0000027b1e63c550 JavaThread "Cache worker for cache directory md-supplier (C:\Users\PC\.gradle\caches\6.3\md-supplier)" [_thread_blocked, id=10480, stack(0x000000a576600000,0x000000a576700000)]
  0x0000027b1e63fa40 JavaThread "Cache worker for cache directory md-rule (C:\Users\PC\.gradle\caches\6.3\md-rule)" [_thread_blocked, id=240, stack(0x000000a576900000,0x000000a576a00000)]
  0x0000027b1e63ff10 JavaThread "Cache worker for execution history cache (C:\Users\PC\.gradle\caches\6.3\executionHistory)" [_thread_blocked, id=32, stack(0x000000a576b00000,0x000000a576c00000)]
=>0x0000027b20f5c380 JavaThread "C2 CompilerThread1" daemon [_thread_in_native, id=3384, stack(0x000000a576a00000,0x000000a576b00000)]
  0x0000027b21ea25c0 JavaThread "Build operations" [_thread_blocked, id=9728, stack(0x000000a576c00000,0x000000a576d00000)]
  0x0000027b21ea08e0 JavaThread "Build operations Thread 2" [_thread_blocked, id=4576, stack(0x000000a576d00000,0x000000a576e00000)]
  0x0000027b21ea1c20 JavaThread "Build operations Thread 3" [_thread_blocked, id=8928, stack(0x000000a576e00000,0x000000a576f00000)]
  0x0000027b21ea20f0 JavaThread "Build operations Thread 4" [_thread_blocked, id=11180, stack(0x000000a576f00000,0x000000a577000000)]
  0x0000027b21ea3430 JavaThread "Cache worker for Build Output Cleanup Cache (C:\Users\PC\Desktop\EasyEngApp\android\.gradle\buildOutputCleanup)" [_thread_blocked, id=7140, stack(0x000000a577000000,0x000000a577100000)]

Other Threads:
  0x0000027b1c5a5200 VMThread "VM Thread" [stack: 0x000000a574a00000,0x000000a574b00000] [id=2724]
  0x0000027b1d0230a0 WatcherThread [stack: 0x000000a575500000,0x000000a575600000] [id=9444]
  0x0000027b0146f850 GCTaskThread "GC Thread#0" [stack: 0x000000a574500000,0x000000a574600000] [id=8280]
  0x0000027b1d51ec70 GCTaskThread "GC Thread#1" [stack: 0x000000a575600000,0x000000a575700000] [id=10368]
  0x0000027b1d521c40 GCTaskThread "GC Thread#2" [stack: 0x000000a575700000,0x000000a575800000] [id=2988]
  0x0000027b1d51f2d0 GCTaskThread "GC Thread#3" [stack: 0x000000a575800000,0x000000a575900000] [id=9704]
  0x0000027b014748b0 ConcurrentGCThread "G1 Main Marker" [stack: 0x000000a574600000,0x000000a574700000] [id=11172]
  0x0000027b01475b50 ConcurrentGCThread "G1 Conc#0" [stack: 0x000000a574700000,0x000000a574800000] [id=1456]
  0x0000027b0150d4c0 ConcurrentGCThread "G1 Refine#0" [stack: 0x000000a574800000,0x000000a574900000] [id=8860]
  0x0000027b1f44c070 ConcurrentGCThread "G1 Refine#1" [stack: 0x000000a577100000,0x000000a577200000] [id=11084]
  0x0000027b1f44d4b0 ConcurrentGCThread "G1 Refine#2" [stack: 0x000000a577200000,0x000000a577300000] [id=10616]
  0x0000027b0150dfd0 ConcurrentGCThread "G1 Young RemSet Sampling" [stack: 0x000000a574900000,0x000000a574a00000] [id=3560]

Threads with active compile tasks:
C2 CompilerThread0    17537 6174       4       com.sun.beans.TypeResolver::resolve (37 bytes)
C2 CompilerThread1    17537 6183 %     4       groovy.lang.MetaClassImpl::inheritInterfaceNewMetaMethods @ 104 (199 bytes)

VM state: not at safepoint (normal execution)

VM Mutex/Monitor currently owned by a thread: None

Heap address: 0x00000000e0000000, size: 512 MB, Compressed Oops mode: 32-bit
CDS archive(s) mapped at: [0x0000000800000000-0x0000000800b50000-0x0000000800b50000), size 11862016, SharedBaseAddress: 0x0000000800000000, ArchiveRelocationMode: 0.
Compressed class space mapped at: 0x0000000800b50000-0x0000000810350000, size: 260046848
Narrow klass base: 0x0000000800000000, Narrow klass shift: 3, Narrow klass range: 0x100000000

GC Precious Log:
 CPUs: 4 total, 4 available
 Memory: 8090M
 Large Page Support: Disabled
 NUMA Support: Disabled
 Compressed Oops: Enabled (32-bit)
 Heap Region Size: 1M
 Heap Min Capacity: 256M
 Heap Initial Capacity: 256M
 Heap Max Capacity: 512M
 Pre-touch: Disabled
 Parallel Workers: 4
 Concurrent Workers: 1
 Concurrent Refinement Workers: 4
 Periodic GC: Disabled

Heap:
 garbage-first heap   total 262144K, used 68759K [0x00000000e0000000, 0x0000000100000000)
  region size 1024K, 46 young (47104K), 20 survivors (20480K)
 Metaspace       used 52256K, capacity 53263K, committed 53532K, reserved 301056K
  class space    used 6601K, capacity 6863K, committed 6944K, reserved 253952K

Heap Regions: E=young(eden), S=young(survivor), O=old, HS=humongous(starts), HC=humongous(continues), CS=collection set, F=free, OA=open archive, CA=closed archive, TAMS=top-at-mark-start (previous, next)
|   0|0x00000000e0000000, 0x00000000e0100000, 0x00000000e0100000|100%| O|  |TAMS 0x00000000e0100000, 0x00000000e0000000| Untracked 
|   1|0x00000000e0100000, 0x00000000e0200000, 0x00000000e0200000|100%| O|  |TAMS 0x00000000e0200000, 0x00000000e0100000| Untracked 
|   2|0x00000000e0200000, 0x00000000e0300000, 0x00000000e0300000|100%| O|  |TAMS 0x00000000e0300000, 0x00000000e0200000| Untracked 
|   3|0x00000000e0300000, 0x00000000e0400000, 0x00000000e0400000|100%|HS|  |TAMS 0x00000000e0400000, 0x00000000e0300000| Complete 
|   4|0x00000000e0400000, 0x00000000e0500000, 0x00000000e0500000|100%|HC|  |TAMS 0x00000000e0500000, 0x00000000e0400000| Complete 
|   5|0x00000000e0500000, 0x00000000e0600000, 0x00000000e0600000|100%|HC|  |TAMS 0x00000000e0600000, 0x00000000e0500000| Complete 
|   6|0x00000000e0600000, 0x00000000e0700000, 0x00000000e0700000|100%| O|  |TAMS 0x00000000e0700000, 0x00000000e0600000| Untracked 
|   7|0x00000000e0700000, 0x00000000e0800000, 0x00000000e0800000|100%| O|  |TAMS 0x00000000e0800000, 0x00000000e0700000| Untracked 
|   8|0x00000000e0800000, 0x00000000e0900000, 0x00000000e0900000|100%| O|  |TAMS 0x00000000e0900000, 0x00000000e0800000| Untracked 
|   9|0x00000000e0900000, 0x00000000e0a00000, 0x00000000e0a00000|100%| O|  |TAMS 0x00000000e0958a00, 0x00000000e0900000| Untracked 
|  10|0x00000000e0a00000, 0x00000000e0b00000, 0x00000000e0b00000|100%|HS|  |TAMS 0x00000000e0a00000, 0x00000000e0a00000| Complete 
|  11|0x00000000e0b00000, 0x00000000e0c00000, 0x00000000e0c00000|100%|HC|  |TAMS 0x00000000e0b00000, 0x00000000e0b00000| Complete 
|  12|0x00000000e0c00000, 0x00000000e0c00000, 0x00000000e0d00000|  0%| F|  |TAMS 0x00000000e0c00000, 0x00000000e0c00000| Untracked 
|  13|0x00000000e0d00000, 0x00000000e0e00000, 0x00000000e0e00000|100%| O|  |TAMS 0x00000000e0d00000, 0x00000000e0d00000| Untracked 
|  14|0x00000000e0e00000, 0x00000000e0f00000, 0x00000000e0f00000|100%| O|  |TAMS 0x00000000e0e00000, 0x00000000e0e00000| Untracked 
|  15|0x00000000e0f00000, 0x00000000e1000000, 0x00000000e1000000|100%| O|  |TAMS 0x00000000e0f00000, 0x00000000e0f00000| Untracked 
|  16|0x00000000e1000000, 0x00000000e1100000, 0x00000000e1100000|100%| O|  |TAMS 0x00000000e1000000, 0x00000000e1000000| Untracked 
|  17|0x00000000e1100000, 0x00000000e1200000, 0x00000000e1200000|100%| O|  |TAMS 0x00000000e1100000, 0x00000000e1100000| Untracked 
|  18|0x00000000e1200000, 0x00000000e1300000, 0x00000000e1300000|100%| O|  |TAMS 0x00000000e1200000, 0x00000000e1200000| Untracked 
|  19|0x00000000e1300000, 0x00000000e1400000, 0x00000000e1400000|100%| O|  |TAMS 0x00000000e1300000, 0x00000000e1300000| Untracked 
|  20|0x00000000e1400000, 0x00000000e1500000, 0x00000000e1500000|100%| O|  |TAMS 0x00000000e1400000, 0x00000000e1400000| Untracked 
|  21|0x00000000e1500000, 0x00000000e1600000, 0x00000000e1600000|100%| O|  |TAMS 0x00000000e1500000, 0x00000000e1500000| Untracked 
|  22|0x00000000e1600000, 0x00000000e1700000, 0x00000000e1700000|100%| O|  |TAMS 0x00000000e1600000, 0x00000000e1600000| Untracked 
|  23|0x00000000e1700000, 0x00000000e1725c00, 0x00000000e1800000| 14%| O|  |TAMS 0x00000000e1700000, 0x00000000e1700000| Untracked 
|  24|0x00000000e1800000, 0x00000000e1800000, 0x00000000e1900000|  0%| F|  |TAMS 0x00000000e1800000, 0x00000000e1800000| Untracked 
|  25|0x00000000e1900000, 0x00000000e1900000, 0x00000000e1a00000|  0%| F|  |TAMS 0x00000000e1900000, 0x00000000e1900000| Untracked 
|  26|0x00000000e1a00000, 0x00000000e1a00000, 0x00000000e1b00000|  0%| F|  |TAMS 0x00000000e1a00000, 0x00000000e1a00000| Untracked 
|  27|0x00000000e1b00000, 0x00000000e1b00000, 0x00000000e1c00000|  0%| F|  |TAMS 0x00000000e1b00000, 0x00000000e1b00000| Untracked 
|  28|0x00000000e1c00000, 0x00000000e1c00000, 0x00000000e1d00000|  0%| F|  |TAMS 0x00000000e1c00000, 0x00000000e1c00000| Untracked 
|  29|0x00000000e1d00000, 0x00000000e1d00000, 0x00000000e1e00000|  0%| F|  |TAMS 0x00000000e1d00000, 0x00000000e1d00000| Untracked 
|  30|0x00000000e1e00000, 0x00000000e1e00000, 0x00000000e1f00000|  0%| F|  |TAMS 0x00000000e1e00000, 0x00000000e1e00000| Untracked 
|  31|0x00000000e1f00000, 0x00000000e1f00000, 0x00000000e2000000|  0%| F|  |TAMS 0x00000000e1f00000, 0x00000000e1f00000| Untracked 
|  32|0x00000000e2000000, 0x00000000e2000000, 0x00000000e2100000|  0%| F|  |TAMS 0x00000000e2000000, 0x00000000e2000000| Untracked 
|  33|0x00000000e2100000, 0x00000000e2100000, 0x00000000e2200000|  0%| F|  |TAMS 0x00000000e2100000, 0x00000000e2100000| Untracked 
|  34|0x00000000e2200000, 0x00000000e2200000, 0x00000000e2300000|  0%| F|  |TAMS 0x00000000e2200000, 0x00000000e2200000| Untracked 
|  35|0x00000000e2300000, 0x00000000e2300000, 0x00000000e2400000|  0%| F|  |TAMS 0x00000000e2300000, 0x00000000e2300000| Untracked 
|  36|0x00000000e2400000, 0x00000000e2400000, 0x00000000e2500000|  0%| F|  |TAMS 0x00000000e2400000, 0x00000000e2400000| Untracked 
|  37|0x00000000e2500000, 0x00000000e2500000, 0x00000000e2600000|  0%| F|  |TAMS 0x00000000e2500000, 0x00000000e2500000| Untracked 
|  38|0x00000000e2600000, 0x00000000e2600000, 0x00000000e2700000|  0%| F|  |TAMS 0x00000000e2600000, 0x00000000e2600000| Untracked 
|  39|0x00000000e2700000, 0x00000000e2700000, 0x00000000e2800000|  0%| F|  |TAMS 0x00000000e2700000, 0x00000000e2700000| Untracked 
|  40|0x00000000e2800000, 0x00000000e2800000, 0x00000000e2900000|  0%| F|  |TAMS 0x00000000e2800000, 0x00000000e2800000| Untracked 
|  41|0x00000000e2900000, 0x00000000e2900000, 0x00000000e2a00000|  0%| F|  |TAMS 0x00000000e2900000, 0x00000000e2900000| Untracked 
|  42|0x00000000e2a00000, 0x00000000e2a00000, 0x00000000e2b00000|  0%| F|  |TAMS 0x00000000e2a00000, 0x00000000e2a00000| Untracked 
|  43|0x00000000e2b00000, 0x00000000e2b00000, 0x00000000e2c00000|  0%| F|  |TAMS 0x00000000e2b00000, 0x00000000e2b00000| Untracked 
|  44|0x00000000e2c00000, 0x00000000e2c00000, 0x00000000e2d00000|  0%| F|  |TAMS 0x00000000e2c00000, 0x00000000e2c00000| Untracked 
|  45|0x00000000e2d00000, 0x00000000e2d00000, 0x00000000e2e00000|  0%| F|  |TAMS 0x00000000e2d00000, 0x00000000e2d00000| Untracked 
|  46|0x00000000e2e00000, 0x00000000e2e00000, 0x00000000e2f00000|  0%| F|  |TAMS 0x00000000e2e00000, 0x00000000e2e00000| Untracked 
|  47|0x00000000e2f00000, 0x00000000e2f00000, 0x00000000e3000000|  0%| F|  |TAMS 0x00000000e2f00000, 0x00000000e2f00000| Untracked 
|  48|0x00000000e3000000, 0x00000000e3000000, 0x00000000e3100000|  0%| F|  |TAMS 0x00000000e3000000, 0x00000000e3000000| Untracked 
|  49|0x00000000e3100000, 0x00000000e3100000, 0x00000000e3200000|  0%| F|  |TAMS 0x00000000e3100000, 0x00000000e3100000| Untracked 
|  50|0x00000000e3200000, 0x00000000e3200000, 0x00000000e3300000|  0%| F|  |TAMS 0x00000000e3200000, 0x00000000e3200000| Untracked 
|  51|0x00000000e3300000, 0x00000000e3300000, 0x00000000e3400000|  0%| F|  |TAMS 0x00000000e3300000, 0x00000000e3300000| Untracked 
|  52|0x00000000e3400000, 0x00000000e3400000, 0x00000000e3500000|  0%| F|  |TAMS 0x00000000e3400000, 0x00000000e3400000| Untracked 
|  53|0x00000000e3500000, 0x00000000e3500000, 0x00000000e3600000|  0%| F|  |TAMS 0x00000000e3500000, 0x00000000e3500000| Untracked 
|  54|0x00000000e3600000, 0x00000000e3600000, 0x00000000e3700000|  0%| F|  |TAMS 0x00000000e3600000, 0x00000000e3600000| Untracked 
|  55|0x00000000e3700000, 0x00000000e3700000, 0x00000000e3800000|  0%| F|  |TAMS 0x00000000e3700000, 0x00000000e3700000| Untracked 
|  56|0x00000000e3800000, 0x00000000e3800000, 0x00000000e3900000|  0%| F|  |TAMS 0x00000000e3800000, 0x00000000e3800000| Untracked 
|  57|0x00000000e3900000, 0x00000000e3900000, 0x00000000e3a00000|  0%| F|  |TAMS 0x00000000e3900000, 0x00000000e3900000| Untracked 
|  58|0x00000000e3a00000, 0x00000000e3a00000, 0x00000000e3b00000|  0%| F|  |TAMS 0x00000000e3a00000, 0x00000000e3a00000| Untracked 
|  59|0x00000000e3b00000, 0x00000000e3b00000, 0x00000000e3c00000|  0%| F|  |TAMS 0x00000000e3b00000, 0x00000000e3b00000| Untracked 
|  60|0x00000000e3c00000, 0x00000000e3c00000, 0x00000000e3d00000|  0%| F|  |TAMS 0x00000000e3c00000, 0x00000000e3c00000| Untracked 
|  61|0x00000000e3d00000, 0x00000000e3d00000, 0x00000000e3e00000|  0%| F|  |TAMS 0x00000000e3d00000, 0x00000000e3d00000| Untracked 
|  62|0x00000000e3e00000, 0x00000000e3e00000, 0x00000000e3f00000|  0%| F|  |TAMS 0x00000000e3e00000, 0x00000000e3e00000| Untracked 
|  63|0x00000000e3f00000, 0x00000000e3f00000, 0x00000000e4000000|  0%| F|  |TAMS 0x00000000e3f00000, 0x00000000e3f00000| Untracked 
|  64|0x00000000e4000000, 0x00000000e4000000, 0x00000000e4100000|  0%| F|  |TAMS 0x00000000e4000000, 0x00000000e4000000| Untracked 
|  65|0x00000000e4100000, 0x00000000e4100000, 0x00000000e4200000|  0%| F|  |TAMS 0x00000000e4100000, 0x00000000e4100000| Untracked 
|  66|0x00000000e4200000, 0x00000000e4200000, 0x00000000e4300000|  0%| F|  |TAMS 0x00000000e4200000, 0x00000000e4200000| Untracked 
|  67|0x00000000e4300000, 0x00000000e4300000, 0x00000000e4400000|  0%| F|  |TAMS 0x00000000e4300000, 0x00000000e4300000| Untracked 
|  68|0x00000000e4400000, 0x00000000e4400000, 0x00000000e4500000|  0%| F|  |TAMS 0x00000000e4400000, 0x00000000e4400000| Untracked 
|  69|0x00000000e4500000, 0x00000000e4500000, 0x00000000e4600000|  0%| F|  |TAMS 0x00000000e4500000, 0x00000000e4500000| Untracked 
|  70|0x00000000e4600000, 0x00000000e4600000, 0x00000000e4700000|  0%| F|  |TAMS 0x00000000e4600000, 0x00000000e4600000| Untracked 
|  71|0x00000000e4700000, 0x00000000e4700000, 0x00000000e4800000|  0%| F|  |TAMS 0x00000000e4700000, 0x00000000e4700000| Untracked 
|  72|0x00000000e4800000, 0x00000000e4800000, 0x00000000e4900000|  0%| F|  |TAMS 0x00000000e4800000, 0x00000000e4800000| Untracked 
|  73|0x00000000e4900000, 0x00000000e4900000, 0x00000000e4a00000|  0%| F|  |TAMS 0x00000000e4900000, 0x00000000e4900000| Untracked 
|  74|0x00000000e4a00000, 0x00000000e4a00000, 0x00000000e4b00000|  0%| F|  |TAMS 0x00000000e4a00000, 0x00000000e4a00000| Untracked 
|  75|0x00000000e4b00000, 0x00000000e4b00000, 0x00000000e4c00000|  0%| F|  |TAMS 0x00000000e4b00000, 0x00000000e4b00000| Untracked 
|  76|0x00000000e4c00000, 0x00000000e4c00000, 0x00000000e4d00000|  0%| F|  |TAMS 0x00000000e4c00000, 0x00000000e4c00000| Untracked 
|  77|0x00000000e4d00000, 0x00000000e4d00000, 0x00000000e4e00000|  0%| F|  |TAMS 0x00000000e4d00000, 0x00000000e4d00000| Untracked 
|  78|0x00000000e4e00000, 0x00000000e4e00000, 0x00000000e4f00000|  0%| F|  |TAMS 0x00000000e4e00000, 0x00000000e4e00000| Untracked 
|  79|0x00000000e4f00000, 0x00000000e4f00000, 0x00000000e5000000|  0%| F|  |TAMS 0x00000000e4f00000, 0x00000000e4f00000| Untracked 
|  80|0x00000000e5000000, 0x00000000e5000000, 0x00000000e5100000|  0%| F|  |TAMS 0x00000000e5000000, 0x00000000e5000000| Untracked 
|  81|0x00000000e5100000, 0x00000000e5100000, 0x00000000e5200000|  0%| F|  |TAMS 0x00000000e5100000, 0x00000000e5100000| Untracked 
|  82|0x00000000e5200000, 0x00000000e5200000, 0x00000000e5300000|  0%| F|  |TAMS 0x00000000e5200000, 0x00000000e5200000| Untracked 
|  83|0x00000000e5300000, 0x00000000e5400000, 0x00000000e5400000|100%| S|CS|TAMS 0x00000000e5300000, 0x00000000e5300000| Complete 
|  84|0x00000000e5400000, 0x00000000e5500000, 0x00000000e5500000|100%| S|CS|TAMS 0x00000000e5400000, 0x00000000e5400000| Complete 
|  85|0x00000000e5500000, 0x00000000e5600000, 0x00000000e5600000|100%| S|CS|TAMS 0x00000000e5500000, 0x00000000e5500000| Complete 
|  86|0x00000000e5600000, 0x00000000e5700000, 0x00000000e5700000|100%| S|CS|TAMS 0x00000000e5600000, 0x00000000e5600000| Complete 
|  87|0x00000000e5700000, 0x00000000e5800000, 0x00000000e5800000|100%| S|CS|TAMS 0x00000000e5700000, 0x00000000e5700000| Complete 
|  88|0x00000000e5800000, 0x00000000e5900000, 0x00000000e5900000|100%| S|CS|TAMS 0x00000000e5800000, 0x00000000e5800000| Complete 
|  89|0x00000000e5900000, 0x00000000e5a00000, 0x00000000e5a00000|100%| S|CS|TAMS 0x00000000e5900000, 0x00000000e5900000| Complete 
|  90|0x00000000e5a00000, 0x00000000e5b00000, 0x00000000e5b00000|100%| S|CS|TAMS 0x00000000e5a00000, 0x00000000e5a00000| Complete 
|  91|0x00000000e5b00000, 0x00000000e5c00000, 0x00000000e5c00000|100%| S|CS|TAMS 0x00000000e5b00000, 0x00000000e5b00000| Complete 
|  92|0x00000000e5c00000, 0x00000000e5d00000, 0x00000000e5d00000|100%| S|CS|TAMS 0x00000000e5c00000, 0x00000000e5c00000| Complete 
|  93|0x00000000e5d00000, 0x00000000e5e00000, 0x00000000e5e00000|100%| S|CS|TAMS 0x00000000e5d00000, 0x00000000e5d00000| Complete 
|  94|0x00000000e5e00000, 0x00000000e5f00000, 0x00000000e5f00000|100%| S|CS|TAMS 0x00000000e5e00000, 0x00000000e5e00000| Complete 
|  95|0x00000000e5f00000, 0x00000000e6000000, 0x00000000e6000000|100%| S|CS|TAMS 0x00000000e5f00000, 0x00000000e5f00000| Complete 
|  96|0x00000000e6000000, 0x00000000e6100000, 0x00000000e6100000|100%| S|CS|TAMS 0x00000000e6000000, 0x00000000e6000000| Complete 
|  97|0x00000000e6100000, 0x00000000e6200000, 0x00000000e6200000|100%| S|CS|TAMS 0x00000000e6100000, 0x00000000e6100000| Complete 
|  98|0x00000000e6200000, 0x00000000e6300000, 0x00000000e6300000|100%| S|CS|TAMS 0x00000000e6200000, 0x00000000e6200000| Complete 
|  99|0x00000000e6300000, 0x00000000e6400000, 0x00000000e6400000|100%| S|CS|TAMS 0x00000000e6300000, 0x00000000e6300000| Complete 
| 100|0x00000000e6400000, 0x00000000e6500000, 0x00000000e6500000|100%| S|CS|TAMS 0x00000000e6400000, 0x00000000e6400000| Complete 
| 101|0x00000000e6500000, 0x00000000e6600000, 0x00000000e6600000|100%| S|CS|TAMS 0x00000000e6500000, 0x00000000e6500000| Complete 
| 102|0x00000000e6600000, 0x00000000e6700000, 0x00000000e6700000|100%| S|CS|TAMS 0x00000000e6600000, 0x00000000e6600000| Complete 
| 103|0x00000000e6700000, 0x00000000e6700000, 0x00000000e6800000|  0%| F|  |TAMS 0x00000000e6700000, 0x00000000e6700000| Untracked 
| 104|0x00000000e6800000, 0x00000000e6800000, 0x00000000e6900000|  0%| F|  |TAMS 0x00000000e6800000, 0x00000000e6800000| Untracked 
| 105|0x00000000e6900000, 0x00000000e6900000, 0x00000000e6a00000|  0%| F|  |TAMS 0x00000000e6900000, 0x00000000e6900000| Untracked 
| 106|0x00000000e6a00000, 0x00000000e6a00000, 0x00000000e6b00000|  0%| F|  |TAMS 0x00000000e6a00000, 0x00000000e6a00000| Untracked 
| 107|0x00000000e6b00000, 0x00000000e6b00000, 0x00000000e6c00000|  0%| F|  |TAMS 0x00000000e6b00000, 0x00000000e6b00000| Untracked 
| 108|0x00000000e6c00000, 0x00000000e6c00000, 0x00000000e6d00000|  0%| F|  |TAMS 0x00000000e6c00000, 0x00000000e6c00000| Untracked 
| 109|0x00000000e6d00000, 0x00000000e6d00000, 0x00000000e6e00000|  0%| F|  |TAMS 0x00000000e6d00000, 0x00000000e6d00000| Untracked 
| 110|0x00000000e6e00000, 0x00000000e6e00000, 0x00000000e6f00000|  0%| F|  |TAMS 0x00000000e6e00000, 0x00000000e6e00000| Untracked 
| 111|0x00000000e6f00000, 0x00000000e6f00000, 0x00000000e7000000|  0%| F|  |TAMS 0x00000000e6f00000, 0x00000000e6f00000| Untracked 
| 112|0x00000000e7000000, 0x00000000e7000000, 0x00000000e7100000|  0%| F|  |TAMS 0x00000000e7000000, 0x00000000e7000000| Untracked 
| 113|0x00000000e7100000, 0x00000000e7100000, 0x00000000e7200000|  0%| F|  |TAMS 0x00000000e7100000, 0x00000000e7100000| Untracked 
| 114|0x00000000e7200000, 0x00000000e7200000, 0x00000000e7300000|  0%| F|  |TAMS 0x00000000e7200000, 0x00000000e7200000| Untracked 
| 115|0x00000000e7300000, 0x00000000e7300000, 0x00000000e7400000|  0%| F|  |TAMS 0x00000000e7300000, 0x00000000e7300000| Untracked 
| 116|0x00000000e7400000, 0x00000000e7400000, 0x00000000e7500000|  0%| F|  |TAMS 0x00000000e7400000, 0x00000000e7400000| Untracked 
| 117|0x00000000e7500000, 0x00000000e7500000, 0x00000000e7600000|  0%| F|  |TAMS 0x00000000e7500000, 0x00000000e7500000| Untracked 
| 118|0x00000000e7600000, 0x00000000e7600000, 0x00000000e7700000|  0%| F|  |TAMS 0x00000000e7600000, 0x00000000e7600000| Untracked 
| 119|0x00000000e7700000, 0x00000000e7700000, 0x00000000e7800000|  0%| F|  |TAMS 0x00000000e7700000, 0x00000000e7700000| Untracked 
| 120|0x00000000e7800000, 0x00000000e7800000, 0x00000000e7900000|  0%| F|  |TAMS 0x00000000e7800000, 0x00000000e7800000| Untracked 
| 121|0x00000000e7900000, 0x00000000e7900000, 0x00000000e7a00000|  0%| F|  |TAMS 0x00000000e7900000, 0x00000000e7900000| Untracked 
| 122|0x00000000e7a00000, 0x00000000e7a00000, 0x00000000e7b00000|  0%| F|  |TAMS 0x00000000e7a00000, 0x00000000e7a00000| Untracked 
| 123|0x00000000e7b00000, 0x00000000e7b00000, 0x00000000e7c00000|  0%| F|  |TAMS 0x00000000e7b00000, 0x00000000e7b00000| Untracked 
| 124|0x00000000e7c00000, 0x00000000e7c00000, 0x00000000e7d00000|  0%| F|  |TAMS 0x00000000e7c00000, 0x00000000e7c00000| Untracked 
| 125|0x00000000e7d00000, 0x00000000e7d00000, 0x00000000e7e00000|  0%| F|  |TAMS 0x00000000e7d00000, 0x00000000e7d00000| Untracked 
| 126|0x00000000e7e00000, 0x00000000e7e00000, 0x00000000e7f00000|  0%| F|  |TAMS 0x00000000e7e00000, 0x00000000e7e00000| Untracked 
| 127|0x00000000e7f00000, 0x00000000e7f00000, 0x00000000e8000000|  0%| F|  |TAMS 0x00000000e7f00000, 0x00000000e7f00000| Untracked 
| 128|0x00000000e8000000, 0x00000000e8000000, 0x00000000e8100000|  0%| F|  |TAMS 0x00000000e8000000, 0x00000000e8000000| Untracked 
| 129|0x00000000e8100000, 0x00000000e8100000, 0x00000000e8200000|  0%| F|  |TAMS 0x00000000e8100000, 0x00000000e8100000| Untracked 
| 130|0x00000000e8200000, 0x00000000e8200000, 0x00000000e8300000|  0%| F|  |TAMS 0x00000000e8200000, 0x00000000e8200000| Untracked 
| 131|0x00000000e8300000, 0x00000000e8300000, 0x00000000e8400000|  0%| F|  |TAMS 0x00000000e8300000, 0x00000000e8300000| Untracked 
| 132|0x00000000e8400000, 0x00000000e8400000, 0x00000000e8500000|  0%| F|  |TAMS 0x00000000e8400000, 0x00000000e8400000| Untracked 
| 133|0x00000000e8500000, 0x00000000e8500000, 0x00000000e8600000|  0%| F|  |TAMS 0x00000000e8500000, 0x00000000e8500000| Untracked 
| 134|0x00000000e8600000, 0x00000000e8600000, 0x00000000e8700000|  0%| F|  |TAMS 0x00000000e8600000, 0x00000000e8600000| Untracked 
| 135|0x00000000e8700000, 0x00000000e8700000, 0x00000000e8800000|  0%| F|  |TAMS 0x00000000e8700000, 0x00000000e8700000| Untracked 
| 136|0x00000000e8800000, 0x00000000e8800000, 0x00000000e8900000|  0%| F|  |TAMS 0x00000000e8800000, 0x00000000e8800000| Untracked 
| 137|0x00000000e8900000, 0x00000000e8900000, 0x00000000e8a00000|  0%| F|  |TAMS 0x00000000e8900000, 0x00000000e8900000| Untracked 
| 138|0x00000000e8a00000, 0x00000000e8a00000, 0x00000000e8b00000|  0%| F|  |TAMS 0x00000000e8a00000, 0x00000000e8a00000| Untracked 
| 139|0x00000000e8b00000, 0x00000000e8b00000, 0x00000000e8c00000|  0%| F|  |TAMS 0x00000000e8b00000, 0x00000000e8b00000| Untracked 
| 140|0x00000000e8c00000, 0x00000000e8c00000, 0x00000000e8d00000|  0%| F|  |TAMS 0x00000000e8c00000, 0x00000000e8c00000| Untracked 
| 141|0x00000000e8d00000, 0x00000000e8d00000, 0x00000000e8e00000|  0%| F|  |TAMS 0x00000000e8d00000, 0x00000000e8d00000| Untracked 
| 142|0x00000000e8e00000, 0x00000000e8e00000, 0x00000000e8f00000|  0%| F|  |TAMS 0x00000000e8e00000, 0x00000000e8e00000| Untracked 
| 143|0x00000000e8f00000, 0x00000000e8f00000, 0x00000000e9000000|  0%| F|  |TAMS 0x00000000e8f00000, 0x00000000e8f00000| Untracked 
| 144|0x00000000e9000000, 0x00000000e9000000, 0x00000000e9100000|  0%| F|  |TAMS 0x00000000e9000000, 0x00000000e9000000| Untracked 
| 145|0x00000000e9100000, 0x00000000e9100000, 0x00000000e9200000|  0%| F|  |TAMS 0x00000000e9100000, 0x00000000e9100000| Untracked 
| 146|0x00000000e9200000, 0x00000000e9200000, 0x00000000e9300000|  0%| F|  |TAMS 0x00000000e9200000, 0x00000000e9200000| Untracked 
| 147|0x00000000e9300000, 0x00000000e9300000, 0x00000000e9400000|  0%| F|  |TAMS 0x00000000e9300000, 0x00000000e9300000| Untracked 
| 148|0x00000000e9400000, 0x00000000e9400000, 0x00000000e9500000|  0%| F|  |TAMS 0x00000000e9400000, 0x00000000e9400000| Untracked 
| 149|0x00000000e9500000, 0x00000000e9500000, 0x00000000e9600000|  0%| F|  |TAMS 0x00000000e9500000, 0x00000000e9500000| Untracked 
| 150|0x00000000e9600000, 0x00000000e9600000, 0x00000000e9700000|  0%| F|  |TAMS 0x00000000e9600000, 0x00000000e9600000| Untracked 
| 151|0x00000000e9700000, 0x00000000e9700000, 0x00000000e9800000|  0%| F|  |TAMS 0x00000000e9700000, 0x00000000e9700000| Untracked 
| 152|0x00000000e9800000, 0x00000000e9800000, 0x00000000e9900000|  0%| F|  |TAMS 0x00000000e9800000, 0x00000000e9800000| Untracked 
| 153|0x00000000e9900000, 0x00000000e9900000, 0x00000000e9a00000|  0%| F|  |TAMS 0x00000000e9900000, 0x00000000e9900000| Untracked 
| 154|0x00000000e9a00000, 0x00000000e9a00000, 0x00000000e9b00000|  0%| F|  |TAMS 0x00000000e9a00000, 0x00000000e9a00000| Untracked 
| 155|0x00000000e9b00000, 0x00000000e9b00000, 0x00000000e9c00000|  0%| F|  |TAMS 0x00000000e9b00000, 0x00000000e9b00000| Untracked 
| 156|0x00000000e9c00000, 0x00000000e9c00000, 0x00000000e9d00000|  0%| F|  |TAMS 0x00000000e9c00000, 0x00000000e9c00000| Untracked 
| 157|0x00000000e9d00000, 0x00000000e9d00000, 0x00000000e9e00000|  0%| F|  |TAMS 0x00000000e9d00000, 0x00000000e9d00000| Untracked 
| 158|0x00000000e9e00000, 0x00000000e9e00000, 0x00000000e9f00000|  0%| F|  |TAMS 0x00000000e9e00000, 0x00000000e9e00000| Untracked 
| 159|0x00000000e9f00000, 0x00000000e9f00000, 0x00000000ea000000|  0%| F|  |TAMS 0x00000000e9f00000, 0x00000000e9f00000| Untracked 
| 160|0x00000000ea000000, 0x00000000ea000000, 0x00000000ea100000|  0%| F|  |TAMS 0x00000000ea000000, 0x00000000ea000000| Untracked 
| 161|0x00000000ea100000, 0x00000000ea100000, 0x00000000ea200000|  0%| F|  |TAMS 0x00000000ea100000, 0x00000000ea100000| Untracked 
| 162|0x00000000ea200000, 0x00000000ea200000, 0x00000000ea300000|  0%| F|  |TAMS 0x00000000ea200000, 0x00000000ea200000| Untracked 
| 163|0x00000000ea300000, 0x00000000ea300000, 0x00000000ea400000|  0%| F|  |TAMS 0x00000000ea300000, 0x00000000ea300000| Untracked 
| 164|0x00000000ea400000, 0x00000000ea400000, 0x00000000ea500000|  0%| F|  |TAMS 0x00000000ea400000, 0x00000000ea400000| Untracked 
| 165|0x00000000ea500000, 0x00000000ea500000, 0x00000000ea600000|  0%| F|  |TAMS 0x00000000ea500000, 0x00000000ea500000| Untracked 
| 166|0x00000000ea600000, 0x00000000ea600000, 0x00000000ea700000|  0%| F|  |TAMS 0x00000000ea600000, 0x00000000ea600000| Untracked 
| 167|0x00000000ea700000, 0x00000000ea700000, 0x00000000ea800000|  0%| F|  |TAMS 0x00000000ea700000, 0x00000000ea700000| Untracked 
| 168|0x00000000ea800000, 0x00000000ea800000, 0x00000000ea900000|  0%| F|  |TAMS 0x00000000ea800000, 0x00000000ea800000| Untracked 
| 169|0x00000000ea900000, 0x00000000ea900000, 0x00000000eaa00000|  0%| F|  |TAMS 0x00000000ea900000, 0x00000000ea900000| Untracked 
| 170|0x00000000eaa00000, 0x00000000eaa00000, 0x00000000eab00000|  0%| F|  |TAMS 0x00000000eaa00000, 0x00000000eaa00000| Untracked 
| 171|0x00000000eab00000, 0x00000000eab00000, 0x00000000eac00000|  0%| F|  |TAMS 0x00000000eab00000, 0x00000000eab00000| Untracked 
| 172|0x00000000eac00000, 0x00000000eac00000, 0x00000000ead00000|  0%| F|  |TAMS 0x00000000eac00000, 0x00000000eac00000| Untracked 
| 173|0x00000000ead00000, 0x00000000ead00000, 0x00000000eae00000|  0%| F|  |TAMS 0x00000000ead00000, 0x00000000ead00000| Untracked 
| 174|0x00000000eae00000, 0x00000000eae00000, 0x00000000eaf00000|  0%| F|  |TAMS 0x00000000eae00000, 0x00000000eae00000| Untracked 
| 175|0x00000000eaf00000, 0x00000000eaf00000, 0x00000000eb000000|  0%| F|  |TAMS 0x00000000eaf00000, 0x00000000eaf00000| Untracked 
| 176|0x00000000eb000000, 0x00000000eb000000, 0x00000000eb100000|  0%| F|  |TAMS 0x00000000eb000000, 0x00000000eb000000| Untracked 
| 177|0x00000000eb100000, 0x00000000eb100000, 0x00000000eb200000|  0%| F|  |TAMS 0x00000000eb100000, 0x00000000eb100000| Untracked 
| 178|0x00000000eb200000, 0x00000000eb200000, 0x00000000eb300000|  0%| F|  |TAMS 0x00000000eb200000, 0x00000000eb200000| Untracked 
| 179|0x00000000eb300000, 0x00000000eb300000, 0x00000000eb400000|  0%| F|  |TAMS 0x00000000eb300000, 0x00000000eb300000| Untracked 
| 180|0x00000000eb400000, 0x00000000eb400000, 0x00000000eb500000|  0%| F|  |TAMS 0x00000000eb400000, 0x00000000eb400000| Untracked 
| 181|0x00000000eb500000, 0x00000000eb500000, 0x00000000eb600000|  0%| F|  |TAMS 0x00000000eb500000, 0x00000000eb500000| Untracked 
| 182|0x00000000eb600000, 0x00000000eb600000, 0x00000000eb700000|  0%| F|  |TAMS 0x00000000eb600000, 0x00000000eb600000| Untracked 
| 183|0x00000000eb700000, 0x00000000eb700000, 0x00000000eb800000|  0%| F|  |TAMS 0x00000000eb700000, 0x00000000eb700000| Untracked 
| 184|0x00000000eb800000, 0x00000000eb800000, 0x00000000eb900000|  0%| F|  |TAMS 0x00000000eb800000, 0x00000000eb800000| Untracked 
| 185|0x00000000eb900000, 0x00000000eb900000, 0x00000000eba00000|  0%| F|  |TAMS 0x00000000eb900000, 0x00000000eb900000| Untracked 
| 186|0x00000000eba00000, 0x00000000eba00000, 0x00000000ebb00000|  0%| F|  |TAMS 0x00000000eba00000, 0x00000000eba00000| Untracked 
| 187|0x00000000ebb00000, 0x00000000ebb00000, 0x00000000ebc00000|  0%| F|  |TAMS 0x00000000ebb00000, 0x00000000ebb00000| Untracked 
| 188|0x00000000ebc00000, 0x00000000ebc00000, 0x00000000ebd00000|  0%| F|  |TAMS 0x00000000ebc00000, 0x00000000ebc00000| Untracked 
| 189|0x00000000ebd00000, 0x00000000ebd00000, 0x00000000ebe00000|  0%| F|  |TAMS 0x00000000ebd00000, 0x00000000ebd00000| Untracked 
| 190|0x00000000ebe00000, 0x00000000ebe00000, 0x00000000ebf00000|  0%| F|  |TAMS 0x00000000ebe00000, 0x00000000ebe00000| Untracked 
| 191|0x00000000ebf00000, 0x00000000ebf00000, 0x00000000ec000000|  0%| F|  |TAMS 0x00000000ebf00000, 0x00000000ebf00000| Untracked 
| 192|0x00000000ec000000, 0x00000000ec000000, 0x00000000ec100000|  0%| F|  |TAMS 0x00000000ec000000, 0x00000000ec000000| Untracked 
| 193|0x00000000ec100000, 0x00000000ec100000, 0x00000000ec200000|  0%| F|  |TAMS 0x00000000ec100000, 0x00000000ec100000| Untracked 
| 194|0x00000000ec200000, 0x00000000ec200000, 0x00000000ec300000|  0%| F|  |TAMS 0x00000000ec200000, 0x00000000ec200000| Untracked 
| 195|0x00000000ec300000, 0x00000000ec300000, 0x00000000ec400000|  0%| F|  |TAMS 0x00000000ec300000, 0x00000000ec300000| Untracked 
| 196|0x00000000ec400000, 0x00000000ec400000, 0x00000000ec500000|  0%| F|  |TAMS 0x00000000ec400000, 0x00000000ec400000| Untracked 
| 197|0x00000000ec500000, 0x00000000ec500000, 0x00000000ec600000|  0%| F|  |TAMS 0x00000000ec500000, 0x00000000ec500000| Untracked 
| 198|0x00000000ec600000, 0x00000000ec600000, 0x00000000ec700000|  0%| F|  |TAMS 0x00000000ec600000, 0x00000000ec600000| Untracked 
| 199|0x00000000ec700000, 0x00000000ec700000, 0x00000000ec800000|  0%| F|  |TAMS 0x00000000ec700000, 0x00000000ec700000| Untracked 
| 200|0x00000000ec800000, 0x00000000ec800000, 0x00000000ec900000|  0%| F|  |TAMS 0x00000000ec800000, 0x00000000ec800000| Untracked 
| 201|0x00000000ec900000, 0x00000000ec900000, 0x00000000eca00000|  0%| F|  |TAMS 0x00000000ec900000, 0x00000000ec900000| Untracked 
| 202|0x00000000eca00000, 0x00000000eca00000, 0x00000000ecb00000|  0%| F|  |TAMS 0x00000000eca00000, 0x00000000eca00000| Untracked 
| 203|0x00000000ecb00000, 0x00000000ecb00000, 0x00000000ecc00000|  0%| F|  |TAMS 0x00000000ecb00000, 0x00000000ecb00000| Untracked 
| 204|0x00000000ecc00000, 0x00000000ecc00000, 0x00000000ecd00000|  0%| F|  |TAMS 0x00000000ecc00000, 0x00000000ecc00000| Untracked 
| 205|0x00000000ecd00000, 0x00000000ecd00000, 0x00000000ece00000|  0%| F|  |TAMS 0x00000000ecd00000, 0x00000000ecd00000| Untracked 
| 206|0x00000000ece00000, 0x00000000ece00000, 0x00000000ecf00000|  0%| F|  |TAMS 0x00000000ece00000, 0x00000000ece00000| Untracked 
| 207|0x00000000ecf00000, 0x00000000ecf00000, 0x00000000ed000000|  0%| F|  |TAMS 0x00000000ecf00000, 0x00000000ecf00000| Untracked 
| 208|0x00000000ed000000, 0x00000000ed000000, 0x00000000ed100000|  0%| F|  |TAMS 0x00000000ed000000, 0x00000000ed000000| Untracked 
| 209|0x00000000ed100000, 0x00000000ed100000, 0x00000000ed200000|  0%| F|  |TAMS 0x00000000ed100000, 0x00000000ed100000| Untracked 
| 210|0x00000000ed200000, 0x00000000ed200000, 0x00000000ed300000|  0%| F|  |TAMS 0x00000000ed200000, 0x00000000ed200000| Untracked 
| 211|0x00000000ed300000, 0x00000000ed300000, 0x00000000ed400000|  0%| F|  |TAMS 0x00000000ed300000, 0x00000000ed300000| Untracked 
| 212|0x00000000ed400000, 0x00000000ed400000, 0x00000000ed500000|  0%| F|  |TAMS 0x00000000ed400000, 0x00000000ed400000| Untracked 
| 213|0x00000000ed500000, 0x00000000ed500000, 0x00000000ed600000|  0%| F|  |TAMS 0x00000000ed500000, 0x00000000ed500000| Untracked 
| 214|0x00000000ed600000, 0x00000000ed600000, 0x00000000ed700000|  0%| F|  |TAMS 0x00000000ed600000, 0x00000000ed600000| Untracked 
| 215|0x00000000ed700000, 0x00000000ed700000, 0x00000000ed800000|  0%| F|  |TAMS 0x00000000ed700000, 0x00000000ed700000| Untracked 
| 216|0x00000000ed800000, 0x00000000ed800000, 0x00000000ed900000|  0%| F|  |TAMS 0x00000000ed800000, 0x00000000ed800000| Untracked 
| 217|0x00000000ed900000, 0x00000000ed900000, 0x00000000eda00000|  0%| F|  |TAMS 0x00000000ed900000, 0x00000000ed900000| Untracked 
| 218|0x00000000eda00000, 0x00000000eda00000, 0x00000000edb00000|  0%| F|  |TAMS 0x00000000eda00000, 0x00000000eda00000| Untracked 
| 219|0x00000000edb00000, 0x00000000edb00000, 0x00000000edc00000|  0%| F|  |TAMS 0x00000000edb00000, 0x00000000edb00000| Untracked 
| 220|0x00000000edc00000, 0x00000000edc00000, 0x00000000edd00000|  0%| F|  |TAMS 0x00000000edc00000, 0x00000000edc00000| Untracked 
| 221|0x00000000edd00000, 0x00000000edd00000, 0x00000000ede00000|  0%| F|  |TAMS 0x00000000edd00000, 0x00000000edd00000| Untracked 
| 222|0x00000000ede00000, 0x00000000ede00000, 0x00000000edf00000|  0%| F|  |TAMS 0x00000000ede00000, 0x00000000ede00000| Untracked 
| 223|0x00000000edf00000, 0x00000000edf00000, 0x00000000ee000000|  0%| F|  |TAMS 0x00000000edf00000, 0x00000000edf00000| Untracked 
| 224|0x00000000ee000000, 0x00000000ee000000, 0x00000000ee100000|  0%| F|  |TAMS 0x00000000ee000000, 0x00000000ee000000| Untracked 
| 225|0x00000000ee100000, 0x00000000ee100000, 0x00000000ee200000|  0%| F|  |TAMS 0x00000000ee100000, 0x00000000ee100000| Untracked 
| 226|0x00000000ee200000, 0x00000000ee200000, 0x00000000ee300000|  0%| F|  |TAMS 0x00000000ee200000, 0x00000000ee200000| Untracked 
| 227|0x00000000ee300000, 0x00000000ee300000, 0x00000000ee400000|  0%| F|  |TAMS 0x00000000ee300000, 0x00000000ee300000| Untracked 
| 228|0x00000000ee400000, 0x00000000ee400000, 0x00000000ee500000|  0%| F|  |TAMS 0x00000000ee400000, 0x00000000ee400000| Untracked 
| 229|0x00000000ee500000, 0x00000000ee500000, 0x00000000ee600000|  0%| F|  |TAMS 0x00000000ee500000, 0x00000000ee500000| Untracked 
| 230|0x00000000ee600000, 0x00000000ee700000, 0x00000000ee700000|100%| E|  |TAMS 0x00000000ee600000, 0x00000000ee600000| Complete 
| 231|0x00000000ee700000, 0x00000000ee800000, 0x00000000ee800000|100%| E|CS|TAMS 0x00000000ee700000, 0x00000000ee700000| Complete 
| 232|0x00000000ee800000, 0x00000000ee900000, 0x00000000ee900000|100%| E|CS|TAMS 0x00000000ee800000, 0x00000000ee800000| Complete 
| 233|0x00000000ee900000, 0x00000000eea00000, 0x00000000eea00000|100%| E|CS|TAMS 0x00000000ee900000, 0x00000000ee900000| Complete 
| 234|0x00000000eea00000, 0x00000000eeb00000, 0x00000000eeb00000|100%| E|CS|TAMS 0x00000000eea00000, 0x00000000eea00000| Complete 
| 235|0x00000000eeb00000, 0x00000000eec00000, 0x00000000eec00000|100%| E|CS|TAMS 0x00000000eeb00000, 0x00000000eeb00000| Complete 
| 236|0x00000000eec00000, 0x00000000eed00000, 0x00000000eed00000|100%| E|CS|TAMS 0x00000000eec00000, 0x00000000eec00000| Complete 
| 237|0x00000000eed00000, 0x00000000eee00000, 0x00000000eee00000|100%| E|CS|TAMS 0x00000000eed00000, 0x00000000eed00000| Complete 
| 238|0x00000000eee00000, 0x00000000eef00000, 0x00000000eef00000|100%| E|CS|TAMS 0x00000000eee00000, 0x00000000eee00000| Complete 
| 239|0x00000000eef00000, 0x00000000ef000000, 0x00000000ef000000|100%| E|CS|TAMS 0x00000000eef00000, 0x00000000eef00000| Complete 
| 240|0x00000000ef000000, 0x00000000ef100000, 0x00000000ef100000|100%| E|CS|TAMS 0x00000000ef000000, 0x00000000ef000000| Complete 
| 241|0x00000000ef100000, 0x00000000ef200000, 0x00000000ef200000|100%| E|CS|TAMS 0x00000000ef100000, 0x00000000ef100000| Complete 
| 242|0x00000000ef200000, 0x00000000ef300000, 0x00000000ef300000|100%| E|CS|TAMS 0x00000000ef200000, 0x00000000ef200000| Complete 
| 243|0x00000000ef300000, 0x00000000ef400000, 0x00000000ef400000|100%| E|CS|TAMS 0x00000000ef300000, 0x00000000ef300000| Complete 
| 244|0x00000000ef400000, 0x00000000ef500000, 0x00000000ef500000|100%| E|CS|TAMS 0x00000000ef400000, 0x00000000ef400000| Complete 
| 245|0x00000000ef500000, 0x00000000ef600000, 0x00000000ef600000|100%| E|CS|TAMS 0x00000000ef500000, 0x00000000ef500000| Complete 
| 246|0x00000000ef600000, 0x00000000ef700000, 0x00000000ef700000|100%| E|CS|TAMS 0x00000000ef600000, 0x00000000ef600000| Complete 
| 247|0x00000000ef700000, 0x00000000ef800000, 0x00000000ef800000|100%| E|CS|TAMS 0x00000000ef700000, 0x00000000ef700000| Complete 
| 248|0x00000000ef800000, 0x00000000ef900000, 0x00000000ef900000|100%| E|CS|TAMS 0x00000000ef800000, 0x00000000ef800000| Complete 
| 249|0x00000000ef900000, 0x00000000efa00000, 0x00000000efa00000|100%| E|CS|TAMS 0x00000000ef900000, 0x00000000ef900000| Complete 
| 250|0x00000000efa00000, 0x00000000efb00000, 0x00000000efb00000|100%| E|CS|TAMS 0x00000000efa00000, 0x00000000efa00000| Complete 
| 251|0x00000000efb00000, 0x00000000efc00000, 0x00000000efc00000|100%| E|CS|TAMS 0x00000000efb00000, 0x00000000efb00000| Complete 
| 252|0x00000000efc00000, 0x00000000efd00000, 0x00000000efd00000|100%| E|CS|TAMS 0x00000000efc00000, 0x00000000efc00000| Complete 
| 253|0x00000000efd00000, 0x00000000efe00000, 0x00000000efe00000|100%| E|CS|TAMS 0x00000000efd00000, 0x00000000efd00000| Complete 
| 254|0x00000000efe00000, 0x00000000eff00000, 0x00000000eff00000|100%| E|CS|TAMS 0x00000000efe00000, 0x00000000efe00000| Complete 
| 255|0x00000000eff00000, 0x00000000f0000000, 0x00000000f0000000|100%| E|CS|TAMS 0x00000000eff00000, 0x00000000eff00000| Complete 

Card table byte_map: [0x0000027b18dc0000,0x0000027b18ec0000] _byte_map_base: 0x0000027b186c0000

Marking Bits (Prev, Next): (CMBitMap*) 0x0000027b0146ff50, (CMBitMap*) 0x0000027b0146ff90
 Prev Bits: [0x0000027b18fc0000, 0x0000027b197c0000)
 Next Bits: [0x0000027b197c0000, 0x0000027b19fc0000)

Polling page: 0x0000027b01510000

Metaspace:

Usage:
  Non-class:     45.31 MB capacity,    44.59 MB ( 98%) used,   670.39 KB (  1%) free+waste,    71.38 KB ( <1%) overhead. 
      Class:      6.70 MB capacity,     6.45 MB ( 96%) used,   232.06 KB (  3%) free+waste,    29.56 KB ( <1%) overhead. 
       Both:     52.01 MB capacity,    51.03 MB ( 98%) used,   902.45 KB (  2%) free+waste,   100.94 KB ( <1%) overhead. 

Virtual space:
  Non-class space:       46.00 MB reserved,      45.50 MB ( 99%) committed 
      Class space:      248.00 MB reserved,       6.78 MB (  3%) committed 
             Both:      294.00 MB reserved,      52.28 MB ( 18%) committed 

Chunk freelists:
   Non-Class:  0 bytes
       Class:  17.00 KB
        Both:  17.00 KB

MaxMetaspaceSize: 256.00 MB
CompressedClassSpaceSize: 248.00 MB

CodeHeap 'non-profiled nmethods': size=120000Kb used=2919Kb max_used=3367Kb free=117080Kb
 bounds [0x0000027b11160000, 0x0000027b114b0000, 0x0000027b18690000]
CodeHeap 'profiled nmethods': size=120000Kb used=11363Kb max_used=11598Kb free=108637Kb
 bounds [0x0000027b09c30000, 0x0000027b0a7a0000, 0x0000027b11160000]
CodeHeap 'non-nmethods': size=5760Kb used=2354Kb max_used=2459Kb free=3405Kb
 bounds [0x0000027b09690000, 0x0000027b09920000, 0x0000027b09c30000]
 total_blobs=6205 nmethods=5366 adapters=751
 compilation: enabled
              stopped_count=0, restarted_count=0
 full_count=0

Compilation events (20 events):
Event: 17.323 Thread 0x0000027b20f5c380 nmethod 6182 0x0000027b11492410 code [0x0000027b114925c0, 0x0000027b11492890]
Event: 17.323 Thread 0x0000027b20f5c380 6183 %     4       groovy.lang.MetaClassImpl::inheritInterfaceNewMetaMethods @ 104 (199 bytes)
Event: 17.340 Thread 0x0000027b1c5f3080 6186       3       sun.reflect.generics.reflectiveObjects.TypeVariableImpl::equals (67 bytes)
Event: 17.340 Thread 0x0000027b1c5f3080 nmethod 6186 0x0000027b09d36d10 code [0x0000027b09d36f20, 0x0000027b09d378d8]
Event: 17.341 Thread 0x0000027b1c5f3080 6189       3       org.codehaus.groovy.reflection.CachedClass$1::initValue (53 bytes)
Event: 17.341 Thread 0x0000027b1c5f3080 nmethod 6189 0x0000027b09c54610 code [0x0000027b09c54860, 0x0000027b09c55358]
Event: 17.341 Thread 0x0000027b1c5f3080 6188       3       org.codehaus.groovy.reflection.CachedClass$1::initValue (5 bytes)
Event: 17.341 Thread 0x0000027b1c5f3080 nmethod 6188 0x0000027b09d36810 code [0x0000027b09d369c0, 0x0000027b09d36b08]
Event: 17.341 Thread 0x0000027b1c5f3080 6190       3       org.codehaus.groovy.reflection.ClassInfo::replaceWeakMetaClassRef (19 bytes)
Event: 17.342 Thread 0x0000027b1c5f3080 nmethod 6190 0x0000027b09c53f10 code [0x0000027b09c540e0, 0x0000027b09c54498]
Event: 17.346 Thread 0x0000027b1c5f3080 6191       3       java.util.HashMap$TreeNode::find (172 bytes)
Event: 17.346 Thread 0x0000027b1c5f3080 nmethod 6191 0x0000027b09c7c890 code [0x0000027b09c7cac0, 0x0000027b09c7d4f8]
Event: 17.347 Thread 0x0000027b1c5f3080 6192       3       org.codehaus.groovy.reflection.CachedClass::coerceArgument (2 bytes)
Event: 17.347 Thread 0x0000027b1c5f3080 nmethod 6192 0x0000027b09d51490 code [0x0000027b09d51620, 0x0000027b09d51718]
Event: 17.347 Thread 0x0000027b1c5f3080 6193       3       org.gradle.internal.service.DefaultServiceRegistry::findProviderMethods (203 bytes)
Event: 17.350 Thread 0x0000027b1c5f3080 nmethod 6193 0x0000027b09d55c10 code [0x0000027b09d56160, 0x0000027b09d59568]
Event: 17.350 Thread 0x0000027b1c5f3080 6195       3       org.gradle.internal.service.DefaultServiceRegistry$CompositeServiceProvider::getAll (43 bytes)
Event: 17.350 Thread 0x0000027b1c5f3080 nmethod 6195 0x0000027b09c7c290 code [0x0000027b09c7c440, 0x0000027b09c7c708]
Event: 17.350 Thread 0x0000027b1c5f3080 6194       3       org.gradle.internal.service.RelevantMethods::getMethods (35 bytes)
Event: 17.351 Thread 0x0000027b1c5f3080 nmethod 6194 0x0000027b09c7bc10 code [0x0000027b09c7bde0, 0x0000027b09c7c148]

GC Heap History (12 events):
Event: 0.651 GC heap before
{Heap before GC invocations=0 (full 0):
 garbage-first heap   total 262144K, used 18432K [0x00000000e0000000, 0x0000000100000000)
  region size 1024K, 13 young (13312K), 0 survivors (0K)
 Metaspace       used 1941K, capacity 5404K, committed 5504K, reserved 262144K
  class space    used 213K, capacity 564K, committed 640K, reserved 253952K
}
Event: 0.659 GC heap after
{Heap after GC invocations=1 (full 0):
 garbage-first heap   total 262144K, used 8075K [0x00000000e0000000, 0x0000000100000000)
  region size 1024K, 2 young (2048K), 2 survivors (2048K)
 Metaspace       used 1941K, capacity 5404K, committed 5504K, reserved 262144K
  class space    used 213K, capacity 564K, committed 640K, reserved 253952K
}
Event: 1.022 GC heap before
{Heap before GC invocations=1 (full 0):
 garbage-first heap   total 262144K, used 19339K [0x00000000e0000000, 0x0000000100000000)
  region size 1024K, 14 young (14336K), 2 survivors (2048K)
 Metaspace       used 3858K, capacity 6533K, committed 6656K, reserved 262144K
  class space    used 471K, capacity 727K, committed 768K, reserved 253952K
}
Event: 1.025 GC heap after
{Heap after GC invocations=2 (full 0):
 garbage-first heap   total 262144K, used 8793K [0x00000000e0000000, 0x0000000100000000)
  region size 1024K, 1 young (1024K), 1 survivors (1024K)
 Metaspace       used 3858K, capacity 6533K, committed 6656K, reserved 262144K
  class space    used 471K, capacity 727K, committed 768K, reserved 253952K
}
Event: 1.591 GC heap before
{Heap before GC invocations=2 (full 0):
 garbage-first heap   total 262144K, used 31321K [0x00000000e0000000, 0x0000000100000000)
  region size 1024K, 24 young (24576K), 1 survivors (1024K)
 Metaspace       used 3993K, capacity 6533K, committed 6656K, reserved 262144K
  class space    used 477K, capacity 727K, committed 768K, reserved 253952K
}
Event: 1.594 GC heap after
{Heap after GC invocations=3 (full 0):
 garbage-first heap   total 262144K, used 12642K [0x00000000e0000000, 0x0000000100000000)
  region size 1024K, 3 young (3072K), 3 survivors (3072K)
 Metaspace       used 3993K, capacity 6533K, committed 6656K, reserved 262144K
  class space    used 477K, capacity 727K, committed 768K, reserved 253952K
}
Event: 5.434 GC heap before
{Heap before GC invocations=3 (full 0):
 garbage-first heap   total 262144K, used 99682K [0x00000000e0000000, 0x0000000100000000)
  region size 1024K, 88 young (90112K), 3 survivors (3072K)
 Metaspace       used 20715K, capacity 21120K, committed 21248K, reserved 272384K
  class space    used 2927K, capacity 3050K, committed 3072K, reserved 253952K
}
Event: 5.447 GC heap after
{Heap after GC invocations=4 (full 0):
 garbage-first heap   total 262144K, used 18403K [0x00000000e0000000, 0x0000000100000000)
  region size 1024K, 9 young (9216K), 9 survivors (9216K)
 Metaspace       used 20715K, capacity 21120K, committed 21248K, reserved 272384K
  class space    used 2927K, capacity 3050K, committed 3072K, reserved 253952K
}
Event: 12.306 GC heap before
{Heap before GC invocations=5 (full 0):
 garbage-first heap   total 262144K, used 114659K [0x00000000e0000000, 0x0000000100000000)
  region size 1024K, 102 young (104448K), 9 survivors (9216K)
 Metaspace       used 35406K, capacity 35969K, committed 36048K, reserved 286720K
  class space    used 4596K, capacity 4766K, committed 4820K, reserved 253952K
}
Event: 12.327 GC heap after
{Heap after GC invocations=6 (full 0):
 garbage-first heap   total 262144K, used 28002K [0x00000000e0000000, 0x0000000100000000)
  region size 1024K, 18 young (18432K), 18 survivors (18432K)
 Metaspace       used 35406K, capacity 35969K, committed 36048K, reserved 286720K
  class space    used 4596K, capacity 4766K, committed 4820K, reserved 253952K
}
Event: 16.390 GC heap before
{Heap before GC invocations=7 (full 0):
 garbage-first heap   total 262144K, used 168290K [0x00000000e0000000, 0x0000000100000000)
  region size 1024K, 153 young (156672K), 18 survivors (18432K)
 Metaspace       used 50640K, capacity 51732K, committed 51996K, reserved 301056K
  class space    used 6376K, capacity 6648K, committed 6688K, reserved 253952K
}
Event: 16.425 GC heap after
{Heap after GC invocations=8 (full 0):
 garbage-first heap   total 262144K, used 43159K [0x00000000e0000000, 0x0000000100000000)
  region size 1024K, 20 young (20480K), 20 survivors (20480K)
 Metaspace       used 50640K, capacity 51732K, committed 51996K, reserved 301056K
  class space    used 6376K, capacity 6648K, committed 6688K, reserved 253952K
}

Deoptimization events (20 events):
Event: 16.959 Thread 0x0000027b1e63d890 Uncommon trap: trap_request=0xffffff45 fr.pc=0x0000027b11348ed4 relative=0x0000000000000774
Event: 16.959 Thread 0x0000027b1e63d890 Uncommon trap: reason=unstable_if action=reinterpret pc=0x0000027b11348ed4 method=java.util.HashMap.putVal(ILjava/lang/Object;Ljava/lang/Object;ZZ)Ljava/lang/Object; @ 109 c2
Event: 16.959 Thread 0x0000027b1e63d890 DEOPT PACKING pc=0x0000027b11348ed4 sp=0x000000a575ff9120
Event: 16.959 Thread 0x0000027b1e63d890 DEOPT UNPACKING pc=0x0000027b096de42f sp=0x000000a575ff9050 mode 2
Event: 16.959 Thread 0x0000027b1e63d890 Uncommon trap: trap_request=0xffffff45 fr.pc=0x0000027b11366dc0 relative=0x00000000000002a0
Event: 16.959 Thread 0x0000027b1e63d890 Uncommon trap: reason=unstable_if action=reinterpret pc=0x0000027b11366dc0 method=java.util.HashMap.getNode(Ljava/lang/Object;)Ljava/util/HashMap$Node; @ 85 c2
Event: 16.959 Thread 0x0000027b1e63d890 DEOPT PACKING pc=0x0000027b11366dc0 sp=0x000000a575ff9110
Event: 16.959 Thread 0x0000027b1e63d890 DEOPT UNPACKING pc=0x0000027b096de42f sp=0x000000a575ff9080 mode 2
Event: 16.959 Thread 0x0000027b1e63d890 Uncommon trap: trap_request=0xffffff45 fr.pc=0x0000027b11324b6c relative=0x000000000000070c
Event: 16.959 Thread 0x0000027b1e63d890 Uncommon trap: reason=unstable_if action=reinterpret pc=0x0000027b11324b6c method=java.util.HashMap.putVal(ILjava/lang/Object;Ljava/lang/Object;ZZ)Ljava/lang/Object; @ 109 c2
Event: 16.959 Thread 0x0000027b1e63d890 DEOPT PACKING pc=0x0000027b11324b6c sp=0x000000a575ff9090
Event: 16.959 Thread 0x0000027b1e63d890 DEOPT UNPACKING pc=0x0000027b096de42f sp=0x000000a575ff9048 mode 2
Event: 16.960 Thread 0x0000027b1e63d890 Uncommon trap: trap_request=0xffffff45 fr.pc=0x0000027b111c193c relative=0x0000000000000a5c
Event: 16.960 Thread 0x0000027b1e63d890 Uncommon trap: reason=unstable_if action=reinterpret pc=0x0000027b111c193c method=java.util.HashMap.resize()[Ljava/util/HashMap$Node; @ 203 c2
Event: 16.960 Thread 0x0000027b1e63d890 DEOPT PACKING pc=0x0000027b111c193c sp=0x000000a575ff8fe0
Event: 16.960 Thread 0x0000027b1e63d890 DEOPT UNPACKING pc=0x0000027b096de42f sp=0x000000a575ff8f88 mode 2
Event: 17.309 Thread 0x0000027b1e63d890 DEOPT PACKING pc=0x0000027b0a371a9b sp=0x000000a575ff9010
Event: 17.309 Thread 0x0000027b1e63d890 DEOPT UNPACKING pc=0x0000027b096de23f sp=0x000000a575ff84b8 mode 0
Event: 17.315 Thread 0x0000027b1e63d890 DEOPT PACKING pc=0x0000027b0a36fc5f sp=0x000000a575ff8f70
Event: 17.315 Thread 0x0000027b1e63d890 DEOPT UNPACKING pc=0x0000027b096de23f sp=0x000000a575ff84b8 mode 0

Classes unloaded (0 events):
No events

Classes redefined (0 events):
No events

Internal exceptions (20 events):
Event: 17.133 Thread 0x0000027b1e63d890 Exception <a 'java/lang/NoSuchMethodError'{0x00000000eeed9b08}: 'java.lang.Object java.lang.invoke.DirectMethodHandle$Holder.newInvokeSpecial(java.lang.Object, java.lang.Object, int)'> (0x00000000eeed9b08) 
thrown [./open/src/hotspot/share/interpreter/linkResolver.cpp, line 782]
Event: 17.219 Thread 0x0000027b1e63d890 Exception <a 'java/lang/NoSuchMethodError'{0x00000000eec14d80}: 'int java.lang.invoke.DirectMethodHandle$Holder.invokeInterface(java.lang.Object, java.lang.Object, java.lang.Object, java.lang.Object)'> (0x00000000eec14d80) 
thrown [./open/src/hotspot/share/interpreter/linkResolver.cpp, line 782]
Event: 17.256 Thread 0x0000027b1e63d890 Exception <a 'java/lang/ClassNotFoundException'{0x00000000eeb6e750}: org/gradle/api/tasks/Copy_DecoratedBeanInfo> (0x00000000eeb6e750) 
thrown [./open/src/hotspot/share/classfile/systemDictionary.cpp, line 295]
Event: 17.257 Thread 0x0000027b1e63d890 Exception <a 'java/lang/ClassNotFoundException'{0x00000000eeb7dbd0}: org/gradle/api/tasks/CopyBeanInfo> (0x00000000eeb7dbd0) 
thrown [./open/src/hotspot/share/classfile/systemDictionary.cpp, line 295]
Event: 17.259 Thread 0x0000027b1e63d890 Exception <a 'java/lang/ClassNotFoundException'{0x00000000eeb8d380}: org/gradle/api/tasks/AbstractCopyTaskBeanInfo> (0x00000000eeb8d380) 
thrown [./open/src/hotspot/share/classfile/systemDictionary.cpp, line 295]
Event: 17.263 Thread 0x0000027b1e63d890 Exception <a 'java/lang/ClassNotFoundException'{0x00000000eeb9c8d8}: org/gradle/api/internal/ConventionTaskBeanInfo> (0x00000000eeb9c8d8) 
thrown [./open/src/hotspot/share/classfile/systemDictionary.cpp, line 295]
Event: 17.265 Thread 0x0000027b1e63d890 Exception <a 'java/lang/ClassNotFoundException'{0x00000000eebabcd8}: org/gradle/api/DefaultTaskBeanInfo> (0x00000000eebabcd8) 
thrown [./open/src/hotspot/share/classfile/systemDictionary.cpp, line 295]
Event: 17.265 Thread 0x0000027b1e63d890 Exception <a 'java/lang/ClassNotFoundException'{0x00000000eebbb230}: org/gradle/api/internal/AbstractTaskBeanInfo> (0x00000000eebbb230) 
thrown [./open/src/hotspot/share/classfile/systemDictionary.cpp, line 295]
Event: 17.266 Thread 0x0000027b1e63d890 Exception <a 'java/lang/ClassNotFoundException'{0x00000000eebca758}: org/gradle/api/internal/AbstractTaskCustomizer> (0x00000000eebca758) 
thrown [./open/src/hotspot/share/classfile/systemDictionary.cpp, line 295]
Event: 17.270 Thread 0x0000027b1e63d890 Exception <a 'java/lang/ClassNotFoundException'{0x00000000eea1cf78}: org/gradle/api/DefaultTaskCustomizer> (0x00000000eea1cf78) 
thrown [./open/src/hotspot/share/classfile/systemDictionary.cpp, line 295]
Event: 17.271 Thread 0x0000027b1e63d890 Exception <a 'java/lang/ClassNotFoundException'{0x00000000eea384b0}: org/gradle/api/internal/ConventionTaskCustomizer> (0x00000000eea384b0) 
thrown [./open/src/hotspot/share/classfile/systemDictionary.cpp, line 295]
Event: 17.275 Thread 0x0000027b1e63d890 Exception <a 'java/lang/ClassNotFoundException'{0x00000000eea56500}: org/gradle/api/tasks/AbstractCopyTaskCustomizer> (0x00000000eea56500) 
thrown [./open/src/hotspot/share/classfile/systemDictionary.cpp, line 295]
Event: 17.296 Thread 0x0000027b1e63d890 Exception <a 'java/lang/ClassNotFoundException'{0x00000000eeac9910}: org/gradle/api/tasks/CopyCustomizer> (0x00000000eeac9910) 
thrown [./open/src/hotspot/share/classfile/systemDictionary.cpp, line 295]
Event: 17.298 Thread 0x0000027b1e63d890 Exception <a 'java/lang/ClassNotFoundException'{0x00000000eeaedb28}: org/gradle/api/tasks/Copy_DecoratedCustomizer> (0x00000000eeaedb28) 
thrown [./open/src/hotspot/share/classfile/systemDictionary.cpp, line 295]
Event: 17.318 Thread 0x0000027b1e63d890 Exception <a 'java/lang/ClassNotFoundException'{0x00000000ee786898}: org/gradle/api/internal/artifacts/configurations/DefaultConfigurationContainer_DecoratedBeanInfo> (0x00000000ee786898) 
thrown [./open/src/hotspot/share/classfile/systemDictionary.cpp, line 295]
Event: 17.319 Thread 0x0000027b1e63d890 Exception <a 'java/lang/ClassNotFoundException'{0x00000000ee797af0}: org/gradle/api/internal/artifacts/configurations/DefaultConfigurationContainerBeanInfo> (0x00000000ee797af0) 
thrown [./open/src/hotspot/share/classfile/systemDictionary.cpp, line 295]
Event: 17.335 Thread 0x0000027b1e63d890 Exception <a 'java/lang/ClassNotFoundException'{0x00000000ee7a7358}: org/gradle/api/internal/AbstractValidatingNamedDomainObjectContainerBeanInfo> (0x00000000ee7a7358) 
thrown [./open/src/hotspot/share/classfile/systemDictionary.cpp, line 295]
Event: 17.336 Thread 0x0000027b1e63d890 Exception <a 'java/lang/ClassNotFoundException'{0x00000000ee7b6ba0}: org/gradle/api/internal/AbstractValidatingNamedDomainObjectContainerCustomizer> (0x00000000ee7b6ba0) 
thrown [./open/src/hotspot/share/classfile/systemDictionary.cpp, line 295]
Event: 17.338 Thread 0x0000027b1e63d890 Exception <a 'java/lang/ClassNotFoundException'{0x00000000ee7d3018}: org/gradle/api/internal/artifacts/configurations/DefaultConfigurationContainerCustomizer> (0x00000000ee7d3018) 
thrown [./open/src/hotspot/share/classfile/systemDictionary.cpp, line 295]
Event: 17.339 Thread 0x0000027b1e63d890 Exception <a 'java/lang/ClassNotFoundException'{0x00000000ee7f83a8}: org/gradle/api/internal/artifacts/configurations/DefaultConfigurationContainer_DecoratedCustomizer> (0x00000000ee7f83a8) 
thrown [./open/src/hotspot/share/classfile/systemDictionary.cpp, line 295]

Events (20 events):
Event: 16.504 loading class java/util/stream/IntPipeline$1
Event: 16.505 loading class java/util/stream/IntPipeline$1 done
Event: 16.505 loading class java/util/stream/IntPipeline$1$1
Event: 16.505 loading class java/util/stream/IntPipeline$1$1 done
Event: 16.509 loading class java/text/ParsePosition
Event: 16.510 loading class java/text/ParsePosition done
Event: 16.532 loading class java/text/CharacterIterator
Event: 16.533 loading class java/text/CharacterIterator done
Event: 16.651 loading class java/lang/EnumBeanInfo
Event: 16.651 loading class java/lang/EnumBeanInfo done
Event: 16.652 loading class java/lang/EnumBeanInfo
Event: 16.652 loading class java/lang/EnumBeanInfo done
Event: 16.652 loading class java/lang/EnumCustomizer
Event: 16.652 loading class java/lang/EnumCustomizer done
Event: 16.652 loading class java/lang/EnumCustomizer
Event: 16.652 loading class java/lang/EnumCustomizer done
Event: 17.209 Executing VM operation: HandshakeAllThreads
Event: 17.209 Executing VM operation: HandshakeAllThreads done
Event: 17.276 loading class java/io/FilterReader
Event: 17.276 loading class java/io/FilterReader done


Dynamic libraries:
0x00007ff72aa00000 - 0x00007ff72aa0f000 	C:\Program Files\Java\jdk-15.0.1\bin\java.exe
0x00007ffd0b7c0000 - 0x00007ffd0b9b0000 	C:\Windows\SYSTEM32\ntdll.dll
0x00007ffd0b090000 - 0x00007ffd0b142000 	C:\Windows\System32\KERNEL32.DLL
0x00007ffd088a0000 - 0x00007ffd08b44000 	C:\Windows\System32\KERNELBASE.dll
0x00007ffd08b50000 - 0x00007ffd08c4a000 	C:\Windows\System32\ucrtbase.dll
0x00007ffcf2a30000 - 0x00007ffcf2a49000 	C:\Program Files\Java\jdk-15.0.1\bin\VCRUNTIME140.dll
0x00007ffd02db0000 - 0x00007ffd02dc8000 	C:\Program Files\Java\jdk-15.0.1\bin\jli.dll
0x00007ffd0a210000 - 0x00007ffd0a2b3000 	C:\Windows\System32\ADVAPI32.dll
0x00007ffd0b610000 - 0x00007ffd0b6ae000 	C:\Windows\System32\msvcrt.dll
0x00007ffd0b300000 - 0x00007ffd0b397000 	C:\Windows\System32\sechost.dll
0x00007ffd0a070000 - 0x00007ffd0a190000 	C:\Windows\System32\RPCRT4.dll
0x00007ffd0b470000 - 0x00007ffd0b604000 	C:\Windows\System32\USER32.dll
0x00007ffd087f0000 - 0x00007ffd08811000 	C:\Windows\System32\win32u.dll
0x00007ffd07b80000 - 0x00007ffd07e04000 	C:\Windows\WinSxS\amd64_microsoft.windows.common-controls_6595b64144ccf1df_6.0.18362.959_none_e6c7bbbf130c62bb\COMCTL32.dll
0x00007ffd09aa0000 - 0x00007ffd09ac6000 	C:\Windows\System32\GDI32.dll
0x00007ffd09b50000 - 0x00007ffd09e85000 	C:\Windows\System32\combase.dll
0x00007ffd08ea0000 - 0x00007ffd09036000 	C:\Windows\System32\gdi32full.dll
0x00007ffd08820000 - 0x00007ffd088a0000 	C:\Windows\System32\bcryptPrimitives.dll
0x00007ffd09040000 - 0x00007ffd090de000 	C:\Windows\System32\msvcp_win.dll
0x00007ffcfd500000 - 0x00007ffcfd50a000 	C:\Windows\SYSTEM32\VERSION.dll
0x00007ffd0a2c0000 - 0x00007ffd0a2ee000 	C:\Windows\System32\IMM32.DLL
0x00007ffcf4870000 - 0x00007ffcf487c000 	C:\Program Files\Java\jdk-15.0.1\bin\vcruntime140_1.dll
0x00007ffcbd4f0000 - 0x00007ffcbd581000 	C:\Program Files\Java\jdk-15.0.1\bin\msvcp140.dll
0x00007ffcb57d0000 - 0x00007ffcb632e000 	C:\Program Files\Java\jdk-15.0.1\bin\server\jvm.dll
0x00007ffd0b400000 - 0x00007ffd0b408000 	C:\Windows\System32\PSAPI.DLL
0x00007ffd055a0000 - 0x00007ffd055c4000 	C:\Windows\SYSTEM32\WINMM.dll
0x00007ffceea60000 - 0x00007ffceea69000 	C:\Windows\SYSTEM32\WSOCK32.dll
0x00007ffd0a760000 - 0x00007ffd0a7cf000 	C:\Windows\System32\WS2_32.dll
0x00007ffd05570000 - 0x00007ffd0559d000 	C:\Windows\SYSTEM32\winmmbase.dll
0x00007ffd08d00000 - 0x00007ffd08d4a000 	C:\Windows\System32\cfgmgr32.dll
0x00007ffd086d0000 - 0x00007ffd086e1000 	C:\Windows\System32\kernel.appcore.dll
0x00007ffcecd80000 - 0x00007ffcecd8a000 	C:\Program Files\Java\jdk-15.0.1\bin\jimage.dll
0x00007ffd08190000 - 0x00007ffd08384000 	C:\Windows\SYSTEM32\DBGHELP.DLL
0x00007ffd080a0000 - 0x00007ffd080ca000 	C:\Windows\SYSTEM32\dbgcore.DLL
0x00007ffce47e0000 - 0x00007ffce4805000 	C:\Program Files\Java\jdk-15.0.1\bin\java.dll
0x00007ffd0a990000 - 0x00007ffd0b076000 	C:\Windows\System32\SHELL32.dll
0x00007ffd09f40000 - 0x00007ffd09fe9000 	C:\Windows\System32\shcore.dll
0x00007ffd090e0000 - 0x00007ffd09862000 	C:\Windows\System32\windows.storage.dll
0x00007ffd086f0000 - 0x00007ffd08713000 	C:\Windows\System32\profapi.dll
0x00007ffd08680000 - 0x00007ffd086ca000 	C:\Windows\System32\powrprof.dll
0x00007ffd08670000 - 0x00007ffd08680000 	C:\Windows\System32\UMPDC.dll
0x00007ffd0b3a0000 - 0x00007ffd0b3f2000 	C:\Windows\System32\shlwapi.dll
0x00007ffd08740000 - 0x00007ffd08757000 	C:\Windows\System32\cryptsp.dll
0x00007ffce4930000 - 0x00007ffce4949000 	C:\Program Files\Java\jdk-15.0.1\bin\net.dll
0x00007ffcf7690000 - 0x00007ffcf7780000 	C:\Windows\SYSTEM32\WINHTTP.dll
0x00007ffd07860000 - 0x00007ffd078c7000 	C:\Windows\system32\mswsock.dll
0x00007ffce47c0000 - 0x00007ffce47d2000 	C:\Program Files\Java\jdk-15.0.1\bin\nio.dll
0x00007ffcd7d00000 - 0x00007ffcd7d18000 	C:\Program Files\Java\jdk-15.0.1\bin\zip.dll
0x00007ffcec9b0000 - 0x00007ffcec9c0000 	C:\Program Files\Java\jdk-15.0.1\bin\verify.dll
0x00007ffcd7910000 - 0x00007ffcd7937000 	C:\Users\PC\.gradle\native\c976cfcca226fdd4bee4412e95191dd41148b7504f9625baeda1d523bc39a967\windows-amd64\native-platform.dll
0x00007ffce9a20000 - 0x00007ffce9a29000 	C:\Program Files\Java\jdk-15.0.1\bin\management.dll
0x00007ffce9960000 - 0x00007ffce996b000 	C:\Program Files\Java\jdk-15.0.1\bin\management_ext.dll
0x00007ffd073d0000 - 0x00007ffd07403000 	C:\Windows\system32\rsaenh.dll
0x00007ffd08760000 - 0x00007ffd08786000 	C:\Windows\System32\bcrypt.dll
0x00007ffd08590000 - 0x00007ffd085b5000 	C:\Windows\SYSTEM32\USERENV.dll
0x00007ffd07a30000 - 0x00007ffd07a3c000 	C:\Windows\SYSTEM32\CRYPTBASE.dll
0x00007ffd07570000 - 0x00007ffd075aa000 	C:\Windows\SYSTEM32\IPHLPAPI.DLL
0x00007ffd0b080000 - 0x00007ffd0b088000 	C:\Windows\System32\NSI.dll
0x00007ffcfec80000 - 0x00007ffcfec96000 	C:\Windows\SYSTEM32\dhcpcsvc6.DLL
0x00007ffcfec40000 - 0x00007ffcfec5c000 	C:\Windows\SYSTEM32\dhcpcsvc.DLL
0x00007ffd075b0000 - 0x00007ffd0767b000 	C:\Windows\SYSTEM32\DNSAPI.dll

dbghelp: loaded successfully - version: 4.0.5 - missing functions: none
symbol engine: initialized successfully - sym options: 0x614 - pdb path: .;C:\Program Files\Java\jdk-15.0.1\bin;C:\Windows\SYSTEM32;C:\Windows\WinSxS\amd64_microsoft.windows.common-controls_6595b64144ccf1df_6.0.18362.959_none_e6c7bbbf130c62bb;C:\Program Files\Java\jdk-15.0.1\bin\server;C:\Users\PC\.gradle\native\c976cfcca226fdd4bee4412e95191dd41148b7504f9625baeda1d523bc39a967\windows-amd64

VM Arguments:
jvm_args: --add-opens=java.base/java.util=ALL-UNNAMED --add-opens=java.base/java.lang=ALL-UNNAMED --add-opens=java.base/java.lang.invoke=ALL-UNNAMED --add-opens=java.prefs/java.util.prefs=ALL-UNNAMED -XX:MaxMetaspaceSize=256m -XX:+HeapDumpOnOutOfMemoryError -Xms256m -Xmx512m -Dfile.encoding=windows-1252 -Duser.country=US -Duser.language=en -Duser.variant 
java_command: org.gradle.launcher.daemon.bootstrap.GradleDaemon 6.3
java_class_path (initial): C:\Users\PC\.gradle\wrapper\dists\gradle-6.3-all\b4awcolw9l59x95tu1obfh9i8\gradle-6.3\lib\gradle-launcher-6.3.jar
Launcher Type: SUN_STANDARD

[Global flags]
     intx CICompilerCount                          = 3                                         {product} {ergonomic}
   size_t CompressedClassSpaceSize                 = 260046848                                 {product} {ergonomic}
     uint ConcGCThreads                            = 1                                         {product} {ergonomic}
     uint G1ConcRefinementThreads                  = 4                                         {product} {ergonomic}
   size_t G1HeapRegionSize                         = 1048576                                   {product} {ergonomic}
    uintx GCDrainStackTargetSize                   = 64                                        {product} {ergonomic}
     bool HeapDumpOnOutOfMemoryError               = true                                   {manageable} {command line}
   size_t InitialHeapSize                          = 268435456                                 {product} {command line}
   size_t MarkStackSize                            = 4194304                                   {product} {ergonomic}
   size_t MaxHeapSize                              = 536870912                                 {product} {command line}
   size_t MaxMetaspaceSize                         = 268435456                                 {product} {command line}
   size_t MaxNewSize                               = 321912832                                 {product} {ergonomic}
   size_t MinHeapDeltaBytes                        = 1048576                                   {product} {ergonomic}
   size_t MinHeapSize                              = 268435456                                 {product} {command line}
    uintx NonNMethodCodeHeapSize                   = 5832780                                {pd product} {ergonomic}
    uintx NonProfiledCodeHeapSize                  = 122912730                              {pd product} {ergonomic}
    uintx ProfiledCodeHeapSize                     = 122912730                              {pd product} {ergonomic}
    uintx ReservedCodeCacheSize                    = 251658240                              {pd product} {ergonomic}
     bool SegmentedCodeCache                       = true                                      {product} {ergonomic}
   size_t SoftMaxHeapSize                          = 536870912                              {manageable} {ergonomic}
     bool UseCompressedClassPointers               = true                                 {lp64_product} {ergonomic}
     bool UseCompressedOops                        = true                                 {lp64_product} {ergonomic}
     bool UseG1GC                                  = true                                      {product} {ergonomic}
     bool UseLargePagesIndividualAllocation        = false                                  {pd product} {ergonomic}

Logging:
Log output configuration:
 #0: stdout all=warning uptime,level,tags
 #1: stderr all=off uptime,level,tags

Environment Variables:
JAVA_HOME=C:\Program Files\Java\jdk-15.0.1
CLASSPATH=C:\Users\PC\Desktop\EasyEngApp\android\\gradle\wrapper\gradle-wrapper.jar
PATH=C:\Users\PC\Desktop\EasyEngApp\android\node_modules\.bin;C:\Users\PC\Desktop\EasyEngApp\node_modules\.bin;C:\Users\PC\Desktop\node_modules\.bin;C:\Users\PC\node_modules\.bin;C:\Users\node_modules\.bin;C:\node_modules\.bin;C:\Program Files\nodejs;C:\Program Files\Common Files\Oracle\Java\javapath;C:\Windows\system32;C:\Windows;C:\Windows\System32\Wbem;C:\Windows\System32\WindowsPowerShell\v1.0\;C:\Windows\System32\OpenSSH\;C:\Program Files\Microsoft SQL Server\Client SDK\ODBC\170\Tools\Binn\;C:\Program Files (x86)\Microsoft SQL Server\150\Tools\Binn\;C:\Program Files\Microsoft SQL Server\150\Tools\Binn\;C:\Program Files\Microsoft SQL Server\150\DTS\Binn\;C:\Program Files\dotnet\;C:\Program Files\Microsoft SQL Server\130\Tools\Binn\;C:\Program Files (x86)\Microsoft SQL Server\150\DTS\Binn\;C:\Program Files\Git\cmd;C:\Program Files\nodejs\;%ANDROID_HOME%;C:\Program Files\Java\jdk-15.0.1\bin;C:\ProgramData\chocolatey\bin;C:\Program Files (x86)\Yarn\bin\;C:\Users\PC\AppData\Local\Android\Sdk\platform-tools;C:\Users\PC\AppData\Local\Microsoft\WindowsApps;C:\Users\PC\.dotnet\tools;C:\Users\PC\AppData\Local\Programs\Microsoft VS Code\bin;C:\Users\PC\AppData\Roaming\npm;C:\Users\PC\AppData\Local\atom\bin;C:\Users\PC\AppData\Local\Yarn\bin
USERNAME=PC
OS=Windows_NT
PROCESSOR_IDENTIFIER=Intel64 Family 6 Model 142 Stepping 9, GenuineIntel



---------------  S Y S T E M  ---------------

OS:
 Windows 10 , 64 bit Build 18362 (10.0.18362.959)
OS uptime: 0 days 4:20 hours

CPU: total 4 (initial active 4) (2 cores per cpu, 2 threads per core) family 6 model 142 stepping 9 microcode 0xb4, cmov, cx8, fxsr, mmx, sse, sse2, sse3, ssse3, sse4.1, sse4.2, popcnt, vzeroupper, avx, avx2, aes, clmul, erms, 3dnowpref, lzcnt, ht, tsc, tscinvbit, bmi1, bmi2, adx, fma, clflush, clflushopt

Memory: 4k page, system-wide physical 8090M (1102M free)
TotalPageFile size 9449M (AvailPageFile size 5M)
current process WorkingSet (physical memory assigned to process): 387M, peak: 391M
current process commit charge ("private bytes"): 483M, peak: 489M

vm_info: Java HotSpot(TM) 64-Bit Server VM (15.0.1+9-18) for windows-amd64 JRE (15.0.1+9-18), built on Sep 15 2020 14:43:54 by "mach5one" with unknown MS VC++:1925

END.
