#
# There is insufficient memory for the Java Runtime Environment to continue.
# Native memory allocation (mmap) failed to map 67108864 bytes for G1 virtual space
# Possible reasons:
#   The system is out of physical RAM or swap space
#   The process is running with CompressedOops enabled, and the Java Heap may be blocking the growth of the native heap
# Possible solutions:
#   Reduce memory load on the system
#   Increase physical memory or swap space
#   Check if swap backing store is full
#   Decrease Java heap size (-Xmx/-Xms)
#   Decrease number of Java threads
#   Decrease Java thread stack sizes (-Xss)
#   Set larger code cache with -XX:ReservedCodeCacheSize=
#   JVM is running with Unscaled Compressed Oops mode in which the Java heap is
#     placed in the first 4GB address space. The Java Heap base address is the
#     maximum limit for the native heap growth. Please use -XX:HeapBaseMinAddress
#     to set the Java Heap base and to place the Java Heap above 4GB virtual address.
# This output file may be truncated or incomplete.
#
#  Out of Memory Error (./open/src/hotspot/os/windows/os_windows.cpp:3472), pid=1216, tid=8592
#
# JRE version:  (15.0.1+9) (build )
# Java VM: Java HotSpot(TM) 64-Bit Server VM (15.0.1+9-18, mixed mode, sharing, tiered, compressed oops, g1 gc, windows-amd64)
# No core dump will be written. Minidumps are not enabled by default on client versions of Windows
#

---------------  S U M M A R Y ------------

Command Line: -Xmx64m -Xms64m -Dorg.gradle.appname=gradlew org.gradle.wrapper.GradleWrapperMain app:installDebug -PreactNativeDevServerPort=8081

Host: Intel(R) Core(TM) i5-7200U CPU @ 2.50GHz, 4 cores, 7G,  Windows 10 , 64 bit Build 18362 (10.0.18362.959)
Time: Tue Dec 15 16:03:12 2020 SE Asia Standard Time elapsed time: 0.020193 seconds (0d 0h 0m 0s)

---------------  T H R E A D  ---------------

Current thread (0x00000296e2b462a0):  JavaThread "Unknown thread" [_thread_in_vm, id=8592, stack(0x000000da2e500000,0x000000da2e600000)]

Stack: [0x000000da2e500000,0x000000da2e600000]
Native frames: (J=compiled Java code, j=interpreted, Vv=VM code, C=native code)
V  [jvm.dll+0x62ae9a]
V  [jvm.dll+0x781389]
V  [jvm.dll+0x782ae3]
V  [jvm.dll+0x783143]
V  [jvm.dll+0x216265]
V  [jvm.dll+0x6281d9]
V  [jvm.dll+0x61cd15]
V  [jvm.dll+0x2d01fd]
V  [jvm.dll+0x2d0062]
V  [jvm.dll+0x2d603c]
V  [jvm.dll+0x325b2a]
V  [jvm.dll+0x3251f4]
V  [jvm.dll+0x2a717a]
V  [jvm.dll+0x2a8318]
V  [jvm.dll+0x75e101]
V  [jvm.dll+0x3343e4]
V  [jvm.dll+0x73e826]
V  [jvm.dll+0x3b7777]
V  [jvm.dll+0x3b9201]
C  [jli.dll+0x52fb]
C  [ucrtbase.dll+0x20e82]
C  [KERNEL32.DLL+0x17bd4]
C  [ntdll.dll+0x6ce51]


---------------  P R O C E S S  ---------------

Threads class SMR info:
_java_thread_list=0x00007fffeea34ff0, length=0, elements={
}

Java Threads: ( => current thread )

Other Threads:
  0x00000296e2b65cb0 GCTaskThread "GC Thread#0" [stack: 0x000000da2e600000,0x000000da2e700000] [id=10176]
  0x00000296e2b69310 ConcurrentGCThread "G1 Main Marker" [stack: 0x000000da2e700000,0x000000da2e800000] [id=9664]
  0x00000296e2b69e10 ConcurrentGCThread "G1 Conc#0" [stack: 0x000000da2e800000,0x000000da2e900000] [id=4488]

[error occurred during error reporting (printing all threads), id 0xc0000005, EXCEPTION_ACCESS_VIOLATION (0xc0000005) at pc=0x00007fffee228047]

VM state: not at safepoint (not fully initialized)

VM Mutex/Monitor currently owned by a thread:  ([mutex/lock_event])
[0x00000296e2b408a0] Heap_lock - owner thread: 0x00000296e2b462a0

Heap address: 0x00000000fc000000, size: 64 MB, Compressed Oops mode: 32-bit
CDS archive(s) mapped at: [0x0000000000000000-0x0000000000000000-0x0000000000000000), size 0, SharedBaseAddress: 0x0000000800000000, ArchiveRelocationMode: 0.
Narrow klass base: 0x0000000000000000, Narrow klass shift: 0, Narrow klass range: 0x0

Heap:
 garbage-first heap   total 65536K, used 0K [0x00000000fc000000, 0x0000000100000000)
  region size 1024K, 0 young (0K), 0 survivors (0K)
 Metaspace       used 0K, capacity 0K, committed 0K, reserved 0K
  class space    used 0K, capacity 0K, committed 0K, reserved 0K

Heap Regions: E=young(eden), S=young(survivor), O=old, HS=humongous(starts), HC=humongous(continues), CS=collection set, F=free, OA=open archive, CA=closed archive, TAMS=top-at-mark-start (previous, next)

Card table byte_map: [0x00000296e29a0000,0x00000296e29c0000] _byte_map_base: 0x00000296e21c0000

Marking Bits (Prev, Next): (CMBitMap*) 0x00000296e2b663b0, (CMBitMap*) 0x00000296e2b663f0
 Prev Bits: [0x00000296fbb60000, 0x00000296fbc60000)
 Next Bits: [0x00000296fbc60000, 0x00000296fbd60000)

GC Heap History (0 events):
No events

Deoptimization events (0 events):
No events

Classes unloaded (0 events):
No events

Classes redefined (0 events):
No events

Internal exceptions (0 events):
No events

Events (1 events):
Event: 0.008 Loaded shared library C:\Program Files\Java\jdk-15.0.1\bin\java.dll


Dynamic libraries:
0x00007ff714600000 - 0x00007ff71460f000 	C:\Program Files\Java\jdk-15.0.1\bin\java.exe
0x00007ff83e6c0000 - 0x00007ff83e8b0000 	C:\Windows\SYSTEM32\ntdll.dll
0x00007ff83cf10000 - 0x00007ff83cfc2000 	C:\Windows\System32\KERNEL32.DLL
0x00007ff83bfd0000 - 0x00007ff83c274000 	C:\Windows\System32\KERNELBASE.dll
0x00007ff83c4e0000 - 0x00007ff83c5da000 	C:\Windows\System32\ucrtbase.dll
0x00007ff828bd0000 - 0x00007ff828be9000 	C:\Program Files\Java\jdk-15.0.1\bin\VCRUNTIME140.dll
0x00007ff826cd0000 - 0x00007ff826ce8000 	C:\Program Files\Java\jdk-15.0.1\bin\jli.dll
0x00007ff83dbb0000 - 0x00007ff83dc53000 	C:\Windows\System32\ADVAPI32.dll
0x00007ff83dc60000 - 0x00007ff83dcfe000 	C:\Windows\System32\msvcrt.dll
0x00007ff83de70000 - 0x00007ff83df07000 	C:\Windows\System32\sechost.dll
0x00007ff83e120000 - 0x00007ff83e240000 	C:\Windows\System32\RPCRT4.dll
0x00007ff83df10000 - 0x00007ff83e0a4000 	C:\Windows\System32\USER32.dll
0x00007ff83c740000 - 0x00007ff83c761000 	C:\Windows\System32\win32u.dll
0x00007ff83aa80000 - 0x00007ff83ad04000 	C:\Windows\WinSxS\amd64_microsoft.windows.common-controls_6595b64144ccf1df_6.0.18362.959_none_e6c7bbbf130c62bb\COMCTL32.dll
0x00007ff83de40000 - 0x00007ff83de66000 	C:\Windows\System32\GDI32.dll
0x00007ff83d6f0000 - 0x00007ff83da25000 	C:\Windows\System32\combase.dll
0x00007ff83c280000 - 0x00007ff83c416000 	C:\Windows\System32\gdi32full.dll
0x00007ff83b790000 - 0x00007ff83b810000 	C:\Windows\System32\bcryptPrimitives.dll
0x00007ff83c440000 - 0x00007ff83c4de000 	C:\Windows\System32\msvcp_win.dll
0x00007ff834340000 - 0x00007ff83434a000 	C:\Windows\SYSTEM32\VERSION.dll
0x00007ff83cd50000 - 0x00007ff83cd7e000 	C:\Windows\System32\IMM32.DLL
0x00007ff834260000 - 0x00007ff83426c000 	C:\Program Files\Java\jdk-15.0.1\bin\vcruntime140_1.dll
0x00007ff819220000 - 0x00007ff8192b1000 	C:\Program Files\Java\jdk-15.0.1\bin\msvcp140.dll
0x00007fffedf70000 - 0x00007fffeeace000 	C:\Program Files\Java\jdk-15.0.1\bin\server\jvm.dll
0x00007ff83e0b0000 - 0x00007ff83e0b8000 	C:\Windows\System32\PSAPI.DLL
0x00007ff828b60000 - 0x00007ff828b69000 	C:\Windows\SYSTEM32\WSOCK32.dll
0x00007ff8384a0000 - 0x00007ff8384c4000 	C:\Windows\SYSTEM32\WINMM.dll
0x00007ff83da90000 - 0x00007ff83daff000 	C:\Windows\System32\WS2_32.dll
0x00007ff838470000 - 0x00007ff83849d000 	C:\Windows\SYSTEM32\WINMMBASE.dll
0x00007ff83c6f0000 - 0x00007ff83c73a000 	C:\Windows\System32\cfgmgr32.dll
0x00007ff83b5d0000 - 0x00007ff83b5e1000 	C:\Windows\System32\kernel.appcore.dll
0x00007ff8278c0000 - 0x00007ff8278ca000 	C:\Program Files\Java\jdk-15.0.1\bin\jimage.dll
0x00007ff83b090000 - 0x00007ff83b284000 	C:\Windows\SYSTEM32\DBGHELP.DLL
0x00007ff83ae00000 - 0x00007ff83ae2a000 	C:\Windows\SYSTEM32\dbgcore.DLL
0x00007ff81c430000 - 0x00007ff81c455000 	C:\Program Files\Java\jdk-15.0.1\bin\java.dll

dbghelp: loaded successfully - version: 4.0.5 - missing functions: none
symbol engine: initialized successfully - sym options: 0x614 - pdb path: .;C:\Program Files\Java\jdk-15.0.1\bin;C:\Windows\SYSTEM32;C:\Windows\WinSxS\amd64_microsoft.windows.common-controls_6595b64144ccf1df_6.0.18362.959_none_e6c7bbbf130c62bb;C:\Program Files\Java\jdk-15.0.1\bin\server

VM Arguments:
jvm_args: -Xmx64m -Xms64m -Dorg.gradle.appname=gradlew 
java_command: org.gradle.wrapper.GradleWrapperMain app:installDebug -PreactNativeDevServerPort=8081
java_class_path (initial): C:\Users\PC\Desktop\EasyEngApp\android\\gradle\wrapper\gradle-wrapper.jar
Launcher Type: SUN_STANDARD

[Global flags]
     intx CICompilerCount                          = 3                                         {product} {ergonomic}
     uint ConcGCThreads                            = 1                                         {product} {ergonomic}
     uint G1ConcRefinementThreads                  = 4                                         {product} {ergonomic}
   size_t G1HeapRegionSize                         = 1048576                                   {product} {ergonomic}
    uintx GCDrainStackTargetSize                   = 64                                        {product} {ergonomic}
   size_t InitialHeapSize                          = 67108864                                  {product} {command line}
   size_t MarkStackSize                            = 4194304                                   {product} {ergonomic}
   size_t MaxHeapSize                              = 67108864                                  {product} {command line}
   size_t MinHeapDeltaBytes                        = 1048576                                   {product} {ergonomic}
   size_t MinHeapSize                              = 67108864                                  {product} {command line}
    uintx NonNMethodCodeHeapSize                   = 5832780                                {pd product} {ergonomic}
    uintx NonProfiledCodeHeapSize                  = 122912730                              {pd product} {ergonomic}
    uintx ProfiledCodeHeapSize                     = 122912730                              {pd product} {ergonomic}
    uintx ReservedCodeCacheSize                    = 251658240                              {pd product} {ergonomic}
     bool SegmentedCodeCache                       = true                                      {product} {ergonomic}
   size_t SoftMaxHeapSize                          = 67108864                               {manageable} {ergonomic}
     bool UseCompressedClassPointers               = true                                 {lp64_product} {ergonomic}
     bool UseCompressedOops                        = true                                 {lp64_product} {ergonomic}
     bool UseG1GC                                  = true                                      {product} {ergonomic}
     bool UseLargePagesIndividualAllocation        = false                                  {pd product} {ergonomic}

Logging:
Log output configuration:
 #0: stdout all=warning uptime,level,tags
 #1: stderr all=off uptime,level,tags

Environment Variables:
JAVA_HOME=C:\Program Files\Java\jdk-15.0.1
CLASSPATH=C:\Users\PC\Desktop\EasyEngApp\android\\gradle\wrapper\gradle-wrapper.jar
PATH=C:\Users\PC\Desktop\EasyEngApp\android\node_modules\.bin;C:\Users\PC\Desktop\EasyEngApp\node_modules\.bin;C:\Users\PC\Desktop\node_modules\.bin;C:\Users\PC\node_modules\.bin;C:\Users\node_modules\.bin;C:\node_modules\.bin;C:\Program Files\nodejs;C:\Program Files\Common Files\Oracle\Java\javapath;C:\Windows\system32;C:\Windows;C:\Windows\System32\Wbem;C:\Windows\System32\WindowsPowerShell\v1.0\;C:\Windows\System32\OpenSSH\;C:\Program Files\Microsoft SQL Server\Client SDK\ODBC\170\Tools\Binn\;C:\Program Files (x86)\Microsoft SQL Server\150\Tools\Binn\;C:\Program Files\Microsoft SQL Server\150\Tools\Binn\;C:\Program Files\Microsoft SQL Server\150\DTS\Binn\;C:\Program Files\dotnet\;C:\Program Files\Microsoft SQL Server\130\Tools\Binn\;C:\Program Files (x86)\Microsoft SQL Server\150\DTS\Binn\;C:\Program Files\Git\cmd;C:\Program Files\nodejs\;%ANDROID_HOME%;C:\Program Files\Java\jdk-15.0.1\bin;C:\ProgramData\chocolatey\bin;C:\Program Files (x86)\Yarn\bin\;C:\Users\PC\AppData\Local\Android\Sdk\platform-tools;C:\Users\PC\AppData\Local\Android\Sdk\tools;C:\Users\PC\AppData\Local\Microsoft\WindowsApps;C:\Users\PC\.dotnet\tools;C:\Users\PC\AppData\Local\Programs\Microsoft VS Code\bin;C:\Users\PC\AppData\Roaming\npm;C:\Users\PC\AppData\Local\atom\bin;C:\Users\PC\AppData\Local\Yarn\bin;C:\Users\PC\AppData\Local\Android\Sdk\tools;
USERNAME=PC
OS=Windows_NT
PROCESSOR_IDENTIFIER=Intel64 Family 6 Model 142 Stepping 9, GenuineIntel



---------------  S Y S T E M  ---------------

OS:
 Windows 10 , 64 bit Build 18362 (10.0.18362.959)
OS uptime: 0 days 2:19 hours

CPU: total 4 (initial active 4) (2 cores per cpu, 2 threads per core) family 6 model 142 stepping 9 microcode 0xb4, cmov, cx8, fxsr, mmx, sse, sse2, sse3, ssse3, sse4.1, sse4.2, popcnt, vzeroupper, avx, avx2, aes, clmul, erms, 3dnowpref, lzcnt, ht, tsc, tscinvbit, bmi1, bmi2, adx, fma, clflush, clflushopt

Memory: 4k page, system-wide physical 8090M (1007M free)
TotalPageFile size 8747M (AvailPageFile size 48M)
current process WorkingSet (physical memory assigned to process): 9M, peak: 9M
current process commit charge ("private bytes"): 51M, peak: 115M

vm_info: Java HotSpot(TM) 64-Bit Server VM (15.0.1+9-18) for windows-amd64 JRE (15.0.1+9-18), built on Sep 15 2020 14:43:54 by "mach5one" with unknown MS VC++:1925

END.
