#
# There is insufficient memory for the Java Runtime Environment to continue.
# Native memory allocation (malloc) failed to allocate 1626336 bytes for Chunk::new
# Possible reasons:
#   The system is out of physical RAM or swap space
#   The process is running with CompressedOops enabled, and the Java Heap may be blocking the growth of the native heap
# Possible solutions:
#   Reduce memory load on the system
#   Increase physical memory or swap space
#   Check if swap backing store is full
#   Decrease Java heap size (-Xmx/-Xms)
#   Decrease number of Java threads
#   Decrease Java thread stack sizes (-Xss)
#   Set larger code cache with -XX:ReservedCodeCacheSize=
#   JVM is running with Unscaled Compressed Oops mode in which the Java heap is
#     placed in the first 4GB address space. The Java Heap base address is the
#     maximum limit for the native heap growth. Please use -XX:HeapBaseMinAddress
#     to set the Java Heap base and to place the Java Heap above 4GB virtual address.
# This output file may be truncated or incomplete.
#
#  Out of Memory Error (./open/src/hotspot/share/memory/arena.cpp:195), pid=3000, tid=5672
#
# JRE version: Java(TM) SE Runtime Environment (15.0.1+9) (build 15.0.1+9-18)
# Java VM: Java HotSpot(TM) 64-Bit Server VM (15.0.1+9-18, mixed mode, sharing, tiered, compressed oops, g1 gc, windows-amd64)
# No core dump will be written. Minidumps are not enabled by default on client versions of Windows
#

---------------  S U M M A R Y ------------

Command Line: --add-opens=java.base/java.util=ALL-UNNAMED --add-opens=java.base/java.lang=ALL-UNNAMED --add-opens=java.base/java.lang.invoke=ALL-UNNAMED --add-opens=java.prefs/java.util.prefs=ALL-UNNAMED -Xmx1536m -Dfile.encoding=windows-1252 -Duser.country=US -Duser.language=en -Duser.variant org.gradle.launcher.daemon.bootstrap.GradleDaemon 6.3

Host: Intel(R) Core(TM) i5-7200U CPU @ 2.50GHz, 4 cores, 7G,  Windows 10 , 64 bit Build 18362 (10.0.18362.959)
Time: Fri Dec 25 11:47:43 2020 SE Asia Standard Time elapsed time: 30.127811 seconds (0d 0h 0m 30s)

---------------  T H R E A D  ---------------

Current thread (0x000001ac238db8b0):  JavaThread "C2 CompilerThread0" daemon [_thread_in_native, id=5672, stack(0x00000025db900000,0x00000025dba00000)]


Current CompileTask:
C2:  30127 12144       4       org.gradle.internal.graph.CachingDirectedGraphWalker::doSearch (659 bytes)

Stack: [0x00000025db900000,0x00000025dba00000]
Native frames: (J=compiled Java code, j=interpreted, Vv=VM code, C=native code)
V  [jvm.dll+0x62ae9a]
V  [jvm.dll+0x781389]
V  [jvm.dll+0x782ae3]
V  [jvm.dll+0x783143]
V  [jvm.dll+0x216265]
V  [jvm.dll+0x97efa]
V  [jvm.dll+0x985dc]
V  [jvm.dll+0x27a1bf]
V  [jvm.dll+0x5408d4]
V  [jvm.dll+0x1f3064]
V  [jvm.dll+0x1eca31]
V  [jvm.dll+0x1e97a7]
V  [jvm.dll+0x1784c7]
V  [jvm.dll+0x1f9165]
V  [jvm.dll+0x1f720c]
V  [jvm.dll+0x74485d]
V  [jvm.dll+0x73d65a]
V  [jvm.dll+0x629c56]
C  [ucrtbase.dll+0x20e82]
C  [KERNEL32.DLL+0x17bd4]
C  [ntdll.dll+0x6ce51]


---------------  P R O C E S S  ---------------

Threads class SMR info:
_java_thread_list=0x000001ac2af82610, length=38, elements={
0x000001ac068d6b70, 0x000001ac238b73b0, 0x000001ac238b7e90, 0x000001ac238d1500,
0x000001ac238d5df0, 0x000001ac238d76c0, 0x000001ac238db8b0, 0x000001ac238de6c0,
0x000001ac238e88c0, 0x000001ac2430d7a0, 0x000001ac24351610, 0x000001ac253a0990,
0x000001ac25a1d380, 0x000001ac25da59b0, 0x000001ac252e2d70, 0x000001ac25b44da0,
0x000001ac25e9e840, 0x000001ac2505df60, 0x000001ac2505ec10, 0x000001ac2602b8f0,
0x000001ac260093e0, 0x000001ac260080a0, 0x000001ac26009d80, 0x000001ac2600b590,
0x000001ac2600a720, 0x000001ac2600abf0, 0x000001ac27ba4cc0, 0x000001ac27ba5b30,
0x000001ac27ba47f0, 0x000001ac27ba1ca0, 0x000001ac27ba5190, 0x000001ac27ba6000,
0x000001ac27ba7810, 0x000001ac27ba0e30, 0x000001ac27ba2b10, 0x000001ac2854d890,
0x000001ac28550d80, 0x000001ac27cf3470
}

Java Threads: ( => current thread )
  0x000001ac068d6b70 JavaThread "main" [_thread_blocked, id=3056, stack(0x00000025dad00000,0x00000025dae00000)]
  0x000001ac238b73b0 JavaThread "Reference Handler" daemon [_thread_blocked, id=3424, stack(0x00000025db400000,0x00000025db500000)]
  0x000001ac238b7e90 JavaThread "Finalizer" daemon [_thread_blocked, id=4256, stack(0x00000025db500000,0x00000025db600000)]
  0x000001ac238d1500 JavaThread "Signal Dispatcher" daemon [_thread_blocked, id=5392, stack(0x00000025db600000,0x00000025db700000)]
  0x000001ac238d5df0 JavaThread "Attach Listener" daemon [_thread_blocked, id=6016, stack(0x00000025db700000,0x00000025db800000)]
  0x000001ac238d76c0 JavaThread "Service Thread" daemon [_thread_blocked, id=464, stack(0x00000025db800000,0x00000025db900000)]
=>0x000001ac238db8b0 JavaThread "C2 CompilerThread0" daemon [_thread_in_native, id=5672, stack(0x00000025db900000,0x00000025dba00000)]
  0x000001ac238de6c0 JavaThread "C1 CompilerThread0" daemon [_thread_blocked, id=9324, stack(0x00000025dba00000,0x00000025dbb00000)]
  0x000001ac238e88c0 JavaThread "Sweeper thread" daemon [_thread_blocked, id=9108, stack(0x00000025dbb00000,0x00000025dbc00000)]
  0x000001ac2430d7a0 JavaThread "Common-Cleaner" daemon [_thread_blocked, id=6896, stack(0x00000025dbc00000,0x00000025dbd00000)]
  0x000001ac24351610 JavaThread "Notification Thread" daemon [_thread_blocked, id=6632, stack(0x00000025dbd00000,0x00000025dbe00000)]
  0x000001ac253a0990 JavaThread "Daemon health stats" [_thread_blocked, id=2864, stack(0x00000025dc200000,0x00000025dc300000)]
  0x000001ac25a1d380 JavaThread "Incoming local TCP Connector on port 51130" [_thread_in_native, id=9092, stack(0x00000025dc300000,0x00000025dc400000)]
  0x000001ac25da59b0 JavaThread "Daemon periodic checks" [_thread_blocked, id=7172, stack(0x00000025dc400000,0x00000025dc500000)]
  0x000001ac252e2d70 JavaThread "Daemon" [_thread_blocked, id=2768, stack(0x00000025dc500000,0x00000025dc600000)]
  0x000001ac25b44da0 JavaThread "Handler for socket connection from /127.0.0.1:51130 to /127.0.0.1:51131" [_thread_in_native, id=1288, stack(0x00000025dc600000,0x00000025dc700000)]
  0x000001ac25e9e840 JavaThread "Cancel handler" [_thread_blocked, id=8808, stack(0x00000025dc700000,0x00000025dc800000)]
  0x000001ac2505df60 JavaThread "Daemon worker" [_thread_in_Java, id=4396, stack(0x00000025dc800000,0x00000025dc900000)]
  0x000001ac2505ec10 JavaThread "Asynchronous log dispatcher for DefaultDaemonConnection: socket connection from /127.0.0.1:51130 to /127.0.0.1:51131" [_thread_blocked, id=5772, stack(0x00000025dc900000,0x00000025dca00000)]
  0x000001ac2602b8f0 JavaThread "Stdin handler" [_thread_blocked, id=8936, stack(0x00000025dca00000,0x00000025dcb00000)]
  0x000001ac260093e0 JavaThread "Thread-8" [_thread_blocked, id=6760, stack(0x00000025dcb00000,0x00000025dcc00000)]
  0x000001ac260080a0 JavaThread "Cache worker for journal cache (C:\Users\PC\.gradle\caches\journal-1)" [_thread_blocked, id=6936, stack(0x00000025dcc00000,0x00000025dcd00000)]
  0x000001ac26009d80 JavaThread "File lock request listener" [_thread_in_native, id=7080, stack(0x00000025dcd00000,0x00000025dce00000)]
  0x000001ac2600b590 JavaThread "Cache worker for file hash cache (C:\Users\PC\.gradle\caches\6.3\fileHashes)" [_thread_blocked, id=5628, stack(0x00000025dce00000,0x00000025dcf00000)]
  0x000001ac2600a720 JavaThread "Cache worker for checksums cache (C:\Users\PC\Desktop\EasyEngApp\android\.gradle\checksums)" [_thread_blocked, id=7096, stack(0x00000025dcf00000,0x00000025dd000000)]
  0x000001ac2600abf0 JavaThread "Cache worker for file hash cache (C:\Users\PC\Desktop\EasyEngApp\android\.gradle\6.3\fileHashes)" [_thread_blocked, id=8544, stack(0x00000025dd000000,0x00000025dd100000)]
  0x000001ac27ba4cc0 JavaThread "Cache worker for cache directory md-supplier (C:\Users\PC\.gradle\caches\6.3\md-supplier)" [_thread_blocked, id=4820, stack(0x00000025dd100000,0x00000025dd200000)]
  0x000001ac27ba5b30 JavaThread "Cache worker for cache directory md-rule (C:\Users\PC\.gradle\caches\6.3\md-rule)" [_thread_blocked, id=8968, stack(0x00000025dd300000,0x00000025dd400000)]
  0x000001ac27ba47f0 JavaThread "Cache worker for execution history cache (C:\Users\PC\.gradle\caches\6.3\executionHistory)" [_thread_blocked, id=1756, stack(0x00000025dd400000,0x00000025dd500000)]
  0x000001ac27ba1ca0 JavaThread "Build operations" [_thread_blocked, id=216, stack(0x00000025dd500000,0x00000025dd600000)]
  0x000001ac27ba5190 JavaThread "Build operations Thread 2" [_thread_blocked, id=8184, stack(0x00000025dd600000,0x00000025dd700000)]
  0x000001ac27ba6000 JavaThread "Build operations Thread 3" [_thread_blocked, id=6032, stack(0x00000025dd700000,0x00000025dd800000)]
  0x000001ac27ba7810 JavaThread "Build operations Thread 4" [_thread_blocked, id=4724, stack(0x00000025dd800000,0x00000025dd900000)]
  0x000001ac27ba0e30 JavaThread "Cache worker for Build Output Cleanup Cache (C:\Users\PC\Desktop\EasyEngApp\android\.gradle\buildOutputCleanup)" [_thread_blocked, id=2920, stack(0x00000025dda00000,0x00000025ddb00000)]
  0x000001ac27ba2b10 JavaThread "Memory manager" [_thread_blocked, id=7028, stack(0x00000025ddb00000,0x00000025ddc00000)]
  0x000001ac2854d890 JavaThread "Cache worker for file content cache (C:\Users\PC\.gradle\caches\6.3\fileContent)" [_thread_blocked, id=7540, stack(0x00000025ddc00000,0x00000025ddd00000)]
  0x000001ac28550d80 JavaThread "Cache worker for file content cache (C:\Users\PC\Desktop\EasyEngApp\android\.gradle\6.3\fileContent)" [_thread_blocked, id=1152, stack(0x00000025ddd00000,0x00000025dde00000)]
  0x000001ac27cf3470 JavaThread "C2 CompilerThread1" daemon [_thread_in_native, id=7036, stack(0x00000025dbf00000,0x00000025dc000000)]

Other Threads:
  0x000001ac238b0dd0 VMThread "VM Thread" [stack: 0x00000025db300000,0x00000025db400000] [id=6164]
  0x000001ac24352af0 WatcherThread [stack: 0x00000025dbe00000,0x00000025dbf00000] [id=5936]
  0x000001ac0690dbe0 GCTaskThread "GC Thread#0" [stack: 0x00000025dae00000,0x00000025daf00000] [id=9668]
  0x000001ac248b1320 GCTaskThread "GC Thread#1" [stack: 0x00000025dc000000,0x00000025dc100000] [id=9716]
  0x000001ac248b1650 GCTaskThread "GC Thread#2" [stack: 0x00000025dc100000,0x00000025dc200000] [id=4596]
  0x000001ac265e9a40 GCTaskThread "GC Thread#3" [stack: 0x00000025dd200000,0x00000025dd300000] [id=7116]
  0x000001ac0691ac40 ConcurrentGCThread "G1 Main Marker" [stack: 0x00000025daf00000,0x00000025db000000] [id=7840]
  0x000001ac0691bee0 ConcurrentGCThread "G1 Conc#0" [stack: 0x00000025db000000,0x00000025db100000] [id=9612]
  0x000001ac06994e80 ConcurrentGCThread "G1 Refine#0" [stack: 0x00000025db100000,0x00000025db200000] [id=4296]
  0x000001ac24342600 ConcurrentGCThread "G1 Refine#1" [stack: 0x00000025dd900000,0x00000025dda00000] [id=3716]
  0x000001ac06995990 ConcurrentGCThread "G1 Young RemSet Sampling" [stack: 0x00000025db200000,0x00000025db300000] [id=3504]

Threads with active compile tasks:
C2 CompilerThread0    30165 12144       4       org.gradle.internal.graph.CachingDirectedGraphWalker::doSearch (659 bytes)
C2 CompilerThread1    30165 12041       4       org.gradle.internal.instantiation.generator.AbstractClassGenerator::inspectType (559 bytes)

VM state: not at safepoint (normal execution)

VM Mutex/Monitor currently owned by a thread: None

Heap address: 0x00000000a0000000, size: 1536 MB, Compressed Oops mode: 32-bit
CDS archive(s) mapped at: [0x0000000800000000-0x0000000800b50000-0x0000000800b50000), size 11862016, SharedBaseAddress: 0x0000000800000000, ArchiveRelocationMode: 0.
Compressed class space mapped at: 0x0000000800b50000-0x0000000840b50000, size: 1073741824
Narrow klass base: 0x0000000800000000, Narrow klass shift: 3, Narrow klass range: 0x100000000

GC Precious Log:
 CPUs: 4 total, 4 available
 Memory: 8090M
 Large Page Support: Disabled
 NUMA Support: Disabled
 Compressed Oops: Enabled (32-bit)
 Heap Region Size: 1M
 Heap Min Capacity: 8M
 Heap Initial Capacity: 128M
 Heap Max Capacity: 1536M
 Pre-touch: Disabled
 Parallel Workers: 4
 Concurrent Workers: 1
 Concurrent Refinement Workers: 4
 Periodic GC: Disabled

Heap:
 garbage-first heap   total 215040K, used 161695K [0x00000000a0000000, 0x0000000100000000)
  region size 1024K, 51 young (52224K), 6 survivors (6144K)
 Metaspace       used 79201K, capacity 82171K, committed 82332K, reserved 1120256K
  class space    used 10054K, capacity 10918K, committed 11008K, reserved 1048576K

Heap Regions: E=young(eden), S=young(survivor), O=old, HS=humongous(starts), HC=humongous(continues), CS=collection set, F=free, OA=open archive, CA=closed archive, TAMS=top-at-mark-start (previous, next)
|   0|0x00000000a0000000, 0x00000000a0100000, 0x00000000a0100000|100%| O|  |TAMS 0x00000000a0100000, 0x00000000a0000000| Untracked 
|   1|0x00000000a0100000, 0x00000000a0200000, 0x00000000a0200000|100%| O|  |TAMS 0x00000000a0200000, 0x00000000a0100000| Untracked 
|   2|0x00000000a0200000, 0x00000000a0300000, 0x00000000a0300000|100%| O|  |TAMS 0x00000000a0300000, 0x00000000a0200000| Untracked 
|   3|0x00000000a0300000, 0x00000000a0400000, 0x00000000a0400000|100%|HS|  |TAMS 0x00000000a0400000, 0x00000000a0300000| Complete 
|   4|0x00000000a0400000, 0x00000000a0500000, 0x00000000a0500000|100%|HC|  |TAMS 0x00000000a0500000, 0x00000000a0400000| Complete 
|   5|0x00000000a0500000, 0x00000000a0600000, 0x00000000a0600000|100%|HC|  |TAMS 0x00000000a0600000, 0x00000000a0500000| Complete 
|   6|0x00000000a0600000, 0x00000000a0700000, 0x00000000a0700000|100%| O|  |TAMS 0x00000000a0700000, 0x00000000a0600000| Untracked 
|   7|0x00000000a0700000, 0x00000000a0800000, 0x00000000a0800000|100%| O|  |TAMS 0x00000000a0800000, 0x00000000a0700000| Untracked 
|   8|0x00000000a0800000, 0x00000000a0900000, 0x00000000a0900000|100%| O|  |TAMS 0x00000000a0900000, 0x00000000a0800000| Untracked 
|   9|0x00000000a0900000, 0x00000000a0a00000, 0x00000000a0a00000|100%| O|  |TAMS 0x00000000a0a00000, 0x00000000a0900000| Untracked 
|  10|0x00000000a0a00000, 0x00000000a0b00000, 0x00000000a0b00000|100%| O|  |TAMS 0x00000000a0b00000, 0x00000000a0a00000| Untracked 
|  11|0x00000000a0b00000, 0x00000000a0c00000, 0x00000000a0c00000|100%| O|  |TAMS 0x00000000a0c00000, 0x00000000a0b00000| Untracked 
|  12|0x00000000a0c00000, 0x00000000a0d00000, 0x00000000a0d00000|100%| O|  |TAMS 0x00000000a0d00000, 0x00000000a0c00000| Untracked 
|  13|0x00000000a0d00000, 0x00000000a0e00000, 0x00000000a0e00000|100%| O|  |TAMS 0x00000000a0e00000, 0x00000000a0d00000| Untracked 
|  14|0x00000000a0e00000, 0x00000000a0f00000, 0x00000000a0f00000|100%| O|  |TAMS 0x00000000a0f00000, 0x00000000a0e00000| Untracked 
|  15|0x00000000a0f00000, 0x00000000a1000000, 0x00000000a1000000|100%| O|  |TAMS 0x00000000a1000000, 0x00000000a0f00000| Untracked 
|  16|0x00000000a1000000, 0x00000000a1100000, 0x00000000a1100000|100%| O|  |TAMS 0x00000000a1100000, 0x00000000a1000000| Untracked 
|  17|0x00000000a1100000, 0x00000000a1197800, 0x00000000a1200000| 59%| O|  |TAMS 0x00000000a1197800, 0x00000000a1100000| Untracked 
|  18|0x00000000a1200000, 0x00000000a1300000, 0x00000000a1300000|100%| O|  |TAMS 0x00000000a1300000, 0x00000000a1200000| Untracked 
|  19|0x00000000a1300000, 0x00000000a1400000, 0x00000000a1400000|100%| O|  |TAMS 0x00000000a1400000, 0x00000000a1300000| Untracked 
|  20|0x00000000a1400000, 0x00000000a1500000, 0x00000000a1500000|100%| O|  |TAMS 0x00000000a1500000, 0x00000000a1400000| Untracked 
|  21|0x00000000a1500000, 0x00000000a1600000, 0x00000000a1600000|100%| O|  |TAMS 0x00000000a1600000, 0x00000000a1500000| Untracked 
|  22|0x00000000a1600000, 0x00000000a1700000, 0x00000000a1700000|100%| O|  |TAMS 0x00000000a1700000, 0x00000000a1600000| Untracked 
|  23|0x00000000a1700000, 0x00000000a1800000, 0x00000000a1800000|100%| O|  |TAMS 0x00000000a1800000, 0x00000000a1700000| Untracked 
|  24|0x00000000a1800000, 0x00000000a1900000, 0x00000000a1900000|100%|HS|  |TAMS 0x00000000a1900000, 0x00000000a1800000| Complete 
|  25|0x00000000a1900000, 0x00000000a1a00000, 0x00000000a1a00000|100%|HC|  |TAMS 0x00000000a1a00000, 0x00000000a1900000| Complete 
|  26|0x00000000a1a00000, 0x00000000a1b00000, 0x00000000a1b00000|100%| O|  |TAMS 0x00000000a1b00000, 0x00000000a1a00000| Untracked 
|  27|0x00000000a1b00000, 0x00000000a1c00000, 0x00000000a1c00000|100%| O|  |TAMS 0x00000000a1c00000, 0x00000000a1b00000| Untracked 
|  28|0x00000000a1c00000, 0x00000000a1d00000, 0x00000000a1d00000|100%| O|  |TAMS 0x00000000a1d00000, 0x00000000a1c00000| Untracked 
|  29|0x00000000a1d00000, 0x00000000a1e00000, 0x00000000a1e00000|100%| O|  |TAMS 0x00000000a1e00000, 0x00000000a1d00000| Untracked 
|  30|0x00000000a1e00000, 0x00000000a1f00000, 0x00000000a1f00000|100%| O|  |TAMS 0x00000000a1f00000, 0x00000000a1e00000| Untracked 
|  31|0x00000000a1f00000, 0x00000000a2000000, 0x00000000a2000000|100%| O|  |TAMS 0x00000000a2000000, 0x00000000a1f00000| Untracked 
|  32|0x00000000a2000000, 0x00000000a2100000, 0x00000000a2100000|100%| O|  |TAMS 0x00000000a2100000, 0x00000000a2000000| Untracked 
|  33|0x00000000a2100000, 0x00000000a2200000, 0x00000000a2200000|100%| O|  |TAMS 0x00000000a2200000, 0x00000000a2100000| Untracked 
|  34|0x00000000a2200000, 0x00000000a2300000, 0x00000000a2300000|100%| O|  |TAMS 0x00000000a2300000, 0x00000000a2200000| Untracked 
|  35|0x00000000a2300000, 0x00000000a2400000, 0x00000000a2400000|100%| O|  |TAMS 0x00000000a2400000, 0x00000000a2300000| Untracked 
|  36|0x00000000a2400000, 0x00000000a2500000, 0x00000000a2500000|100%| O|  |TAMS 0x00000000a2500000, 0x00000000a2400000| Untracked 
|  37|0x00000000a2500000, 0x00000000a2600000, 0x00000000a2600000|100%| O|  |TAMS 0x00000000a2600000, 0x00000000a2500000| Untracked 
|  38|0x00000000a2600000, 0x00000000a2700000, 0x00000000a2700000|100%| O|  |TAMS 0x00000000a2700000, 0x00000000a2600000| Untracked 
|  39|0x00000000a2700000, 0x00000000a2800000, 0x00000000a2800000|100%| O|  |TAMS 0x00000000a2800000, 0x00000000a2700000| Untracked 
|  40|0x00000000a2800000, 0x00000000a2900000, 0x00000000a2900000|100%| O|  |TAMS 0x00000000a2900000, 0x00000000a2800000| Untracked 
|  41|0x00000000a2900000, 0x00000000a2a00000, 0x00000000a2a00000|100%| O|  |TAMS 0x00000000a2a00000, 0x00000000a2900000| Untracked 
|  42|0x00000000a2a00000, 0x00000000a2b00000, 0x00000000a2b00000|100%| O|  |TAMS 0x00000000a2b00000, 0x00000000a2a00000| Untracked 
|  43|0x00000000a2b00000, 0x00000000a2c00000, 0x00000000a2c00000|100%| O|  |TAMS 0x00000000a2c00000, 0x00000000a2b00000| Untracked 
|  44|0x00000000a2c00000, 0x00000000a2d00000, 0x00000000a2d00000|100%| O|  |TAMS 0x00000000a2d00000, 0x00000000a2c00000| Untracked 
|  45|0x00000000a2d00000, 0x00000000a2e00000, 0x00000000a2e00000|100%| O|  |TAMS 0x00000000a2e00000, 0x00000000a2d00000| Untracked 
|  46|0x00000000a2e00000, 0x00000000a2f00000, 0x00000000a2f00000|100%| O|  |TAMS 0x00000000a2f00000, 0x00000000a2e00000| Untracked 
|  47|0x00000000a2f00000, 0x00000000a3000000, 0x00000000a3000000|100%| O|  |TAMS 0x00000000a3000000, 0x00000000a2f00000| Untracked 
|  48|0x00000000a3000000, 0x00000000a3100000, 0x00000000a3100000|100%| O|  |TAMS 0x00000000a3100000, 0x00000000a3000000| Untracked 
|  49|0x00000000a3100000, 0x00000000a3200000, 0x00000000a3200000|100%| O|  |TAMS 0x00000000a3200000, 0x00000000a3100000| Untracked 
|  50|0x00000000a3200000, 0x00000000a3300000, 0x00000000a3300000|100%| O|  |TAMS 0x00000000a3300000, 0x00000000a3200000| Untracked 
|  51|0x00000000a3300000, 0x00000000a3400000, 0x00000000a3400000|100%| O|  |TAMS 0x00000000a3400000, 0x00000000a3300000| Untracked 
|  52|0x00000000a3400000, 0x00000000a3500000, 0x00000000a3500000|100%| O|  |TAMS 0x00000000a3500000, 0x00000000a3400000| Untracked 
|  53|0x00000000a3500000, 0x00000000a3600000, 0x00000000a3600000|100%| O|  |TAMS 0x00000000a3600000, 0x00000000a3500000| Untracked 
|  54|0x00000000a3600000, 0x00000000a3700000, 0x00000000a3700000|100%| O|  |TAMS 0x00000000a3700000, 0x00000000a3600000| Untracked 
|  55|0x00000000a3700000, 0x00000000a3800000, 0x00000000a3800000|100%| O|  |TAMS 0x00000000a3800000, 0x00000000a3700000| Untracked 
|  56|0x00000000a3800000, 0x00000000a3900000, 0x00000000a3900000|100%| O|  |TAMS 0x00000000a3900000, 0x00000000a3800000| Untracked 
|  57|0x00000000a3900000, 0x00000000a3a00000, 0x00000000a3a00000|100%| O|  |TAMS 0x00000000a3a00000, 0x00000000a3900000| Untracked 
|  58|0x00000000a3a00000, 0x00000000a3b00000, 0x00000000a3b00000|100%| O|  |TAMS 0x00000000a3b00000, 0x00000000a3a00000| Untracked 
|  59|0x00000000a3b00000, 0x00000000a3c00000, 0x00000000a3c00000|100%| O|  |TAMS 0x00000000a3c00000, 0x00000000a3b00000| Untracked 
|  60|0x00000000a3c00000, 0x00000000a3d00000, 0x00000000a3d00000|100%| O|  |TAMS 0x00000000a3d00000, 0x00000000a3c00000| Untracked 
|  61|0x00000000a3d00000, 0x00000000a3e00000, 0x00000000a3e00000|100%| O|  |TAMS 0x00000000a3e00000, 0x00000000a3d00000| Untracked 
|  62|0x00000000a3e00000, 0x00000000a3f00000, 0x00000000a3f00000|100%| O|  |TAMS 0x00000000a3f00000, 0x00000000a3e00000| Untracked 
|  63|0x00000000a3f00000, 0x00000000a4000000, 0x00000000a4000000|100%| O|  |TAMS 0x00000000a4000000, 0x00000000a3f00000| Untracked 
|  64|0x00000000a4000000, 0x00000000a4100000, 0x00000000a4100000|100%| O|  |TAMS 0x00000000a4100000, 0x00000000a4000000| Untracked 
|  65|0x00000000a4100000, 0x00000000a4200000, 0x00000000a4200000|100%| O|  |TAMS 0x00000000a4200000, 0x00000000a4100000| Untracked 
|  66|0x00000000a4200000, 0x00000000a4300000, 0x00000000a4300000|100%| O|  |TAMS 0x00000000a4300000, 0x00000000a4200000| Untracked 
|  67|0x00000000a4300000, 0x00000000a4400000, 0x00000000a4400000|100%| O|  |TAMS 0x00000000a4400000, 0x00000000a4300000| Untracked 
|  68|0x00000000a4400000, 0x00000000a4500000, 0x00000000a4500000|100%| O|  |TAMS 0x00000000a4500000, 0x00000000a4400000| Untracked 
|  69|0x00000000a4500000, 0x00000000a4600000, 0x00000000a4600000|100%| O|  |TAMS 0x00000000a4600000, 0x00000000a4500000| Untracked 
|  70|0x00000000a4600000, 0x00000000a4700000, 0x00000000a4700000|100%| O|  |TAMS 0x00000000a4700000, 0x00000000a4600000| Untracked 
|  71|0x00000000a4700000, 0x00000000a4800000, 0x00000000a4800000|100%| O|  |TAMS 0x00000000a4800000, 0x00000000a4700000| Untracked 
|  72|0x00000000a4800000, 0x00000000a4900000, 0x00000000a4900000|100%| O|  |TAMS 0x00000000a4900000, 0x00000000a4800000| Untracked 
|  73|0x00000000a4900000, 0x00000000a4a00000, 0x00000000a4a00000|100%| O|  |TAMS 0x00000000a4a00000, 0x00000000a4900000| Untracked 
|  74|0x00000000a4a00000, 0x00000000a4b00000, 0x00000000a4b00000|100%| O|  |TAMS 0x00000000a4b00000, 0x00000000a4a00000| Untracked 
|  75|0x00000000a4b00000, 0x00000000a4c00000, 0x00000000a4c00000|100%|HS|  |TAMS 0x00000000a4c00000, 0x00000000a4b00000| Complete 
|  76|0x00000000a4c00000, 0x00000000a4d00000, 0x00000000a4d00000|100%|HC|  |TAMS 0x00000000a4d00000, 0x00000000a4c00000| Complete 
|  77|0x00000000a4d00000, 0x00000000a4e00000, 0x00000000a4e00000|100%|HC|  |TAMS 0x00000000a4e00000, 0x00000000a4d00000| Complete 
|  78|0x00000000a4e00000, 0x00000000a4f00000, 0x00000000a4f00000|100%| O|  |TAMS 0x00000000a4f00000, 0x00000000a4e00000| Untracked 
|  79|0x00000000a4f00000, 0x00000000a5000000, 0x00000000a5000000|100%| O|  |TAMS 0x00000000a5000000, 0x00000000a4f00000| Untracked 
|  80|0x00000000a5000000, 0x00000000a5100000, 0x00000000a5100000|100%| O|  |TAMS 0x00000000a5100000, 0x00000000a5000000| Untracked 
|  81|0x00000000a5100000, 0x00000000a5200000, 0x00000000a5200000|100%| O|  |TAMS 0x00000000a5200000, 0x00000000a5100000| Untracked 
|  82|0x00000000a5200000, 0x00000000a5300000, 0x00000000a5300000|100%| O|  |TAMS 0x00000000a5300000, 0x00000000a5200000| Untracked 
|  83|0x00000000a5300000, 0x00000000a5400000, 0x00000000a5400000|100%| O|  |TAMS 0x00000000a5400000, 0x00000000a5300000| Untracked 
|  84|0x00000000a5400000, 0x00000000a5500000, 0x00000000a5500000|100%| O|  |TAMS 0x00000000a5500000, 0x00000000a5400000| Untracked 
|  85|0x00000000a5500000, 0x00000000a5600000, 0x00000000a5600000|100%| O|  |TAMS 0x00000000a5600000, 0x00000000a5500000| Untracked 
|  86|0x00000000a5600000, 0x00000000a5700000, 0x00000000a5700000|100%| O|  |TAMS 0x00000000a5700000, 0x00000000a5600000| Untracked 
|  87|0x00000000a5700000, 0x00000000a5800000, 0x00000000a5800000|100%| O|  |TAMS 0x00000000a5800000, 0x00000000a5700000| Untracked 
|  88|0x00000000a5800000, 0x00000000a5900000, 0x00000000a5900000|100%| O|  |TAMS 0x00000000a5900000, 0x00000000a5800000| Untracked 
|  89|0x00000000a5900000, 0x00000000a5a00000, 0x00000000a5a00000|100%| O|  |TAMS 0x00000000a5a00000, 0x00000000a5900000| Untracked 
|  90|0x00000000a5a00000, 0x00000000a5b00000, 0x00000000a5b00000|100%| O|  |TAMS 0x00000000a5b00000, 0x00000000a5a00000| Untracked 
|  91|0x00000000a5b00000, 0x00000000a5c00000, 0x00000000a5c00000|100%| O|  |TAMS 0x00000000a5c00000, 0x00000000a5b00000| Untracked 
|  92|0x00000000a5c00000, 0x00000000a5d00000, 0x00000000a5d00000|100%| O|  |TAMS 0x00000000a5cdf000, 0x00000000a5c00000| Untracked 
|  93|0x00000000a5d00000, 0x00000000a5e00000, 0x00000000a5e00000|100%| O|  |TAMS 0x00000000a5d00000, 0x00000000a5d00000| Untracked 
|  94|0x00000000a5e00000, 0x00000000a5f00000, 0x00000000a5f00000|100%| O|  |TAMS 0x00000000a5e00000, 0x00000000a5e00000| Untracked 
|  95|0x00000000a5f00000, 0x00000000a6000000, 0x00000000a6000000|100%| O|  |TAMS 0x00000000a5f00000, 0x00000000a5f00000| Untracked 
|  96|0x00000000a6000000, 0x00000000a6100000, 0x00000000a6100000|100%| O|  |TAMS 0x00000000a6000000, 0x00000000a6000000| Untracked 
|  97|0x00000000a6100000, 0x00000000a6200000, 0x00000000a6200000|100%| O|  |TAMS 0x00000000a6100000, 0x00000000a6100000| Untracked 
|  98|0x00000000a6200000, 0x00000000a6300000, 0x00000000a6300000|100%| O|  |TAMS 0x00000000a6200000, 0x00000000a6200000| Untracked 
|  99|0x00000000a6300000, 0x00000000a6400000, 0x00000000a6400000|100%| O|  |TAMS 0x00000000a6300000, 0x00000000a6300000| Untracked 
| 100|0x00000000a6400000, 0x00000000a6500000, 0x00000000a6500000|100%| O|  |TAMS 0x00000000a6400000, 0x00000000a6400000| Untracked 
| 101|0x00000000a6500000, 0x00000000a6600000, 0x00000000a6600000|100%| O|  |TAMS 0x00000000a6500000, 0x00000000a6500000| Untracked 
| 102|0x00000000a6600000, 0x00000000a6700000, 0x00000000a6700000|100%| O|  |TAMS 0x00000000a6600000, 0x00000000a6600000| Untracked 
| 103|0x00000000a6700000, 0x00000000a6800000, 0x00000000a6800000|100%| O|  |TAMS 0x00000000a6700000, 0x00000000a6700000| Untracked 
| 104|0x00000000a6800000, 0x00000000a6900000, 0x00000000a6900000|100%| O|  |TAMS 0x00000000a6800000, 0x00000000a6800000| Untracked 
| 105|0x00000000a6900000, 0x00000000a6a00000, 0x00000000a6a00000|100%| O|  |TAMS 0x00000000a6900000, 0x00000000a6900000| Untracked 
| 106|0x00000000a6a00000, 0x00000000a6b00000, 0x00000000a6b00000|100%| O|  |TAMS 0x00000000a6a00000, 0x00000000a6a00000| Untracked 
| 107|0x00000000a6b00000, 0x00000000a6c00000, 0x00000000a6c00000|100%| O|  |TAMS 0x00000000a6b00000, 0x00000000a6b00000| Untracked 
| 108|0x00000000a6c00000, 0x00000000a6c50600, 0x00000000a6d00000| 31%| O|  |TAMS 0x00000000a6c00000, 0x00000000a6c00000| Untracked 
| 109|0x00000000a6d00000, 0x00000000a6d00000, 0x00000000a6e00000|  0%| F|  |TAMS 0x00000000a6d00000, 0x00000000a6d00000| Untracked 
| 110|0x00000000a6e00000, 0x00000000a6e00000, 0x00000000a6f00000|  0%| F|  |TAMS 0x00000000a6e00000, 0x00000000a6e00000| Untracked 
| 111|0x00000000a6f00000, 0x00000000a6f00000, 0x00000000a7000000|  0%| F|  |TAMS 0x00000000a6f00000, 0x00000000a6f00000| Untracked 
| 112|0x00000000a7000000, 0x00000000a7000000, 0x00000000a7100000|  0%| F|  |TAMS 0x00000000a7000000, 0x00000000a7000000| Untracked 
| 113|0x00000000a7100000, 0x00000000a7100000, 0x00000000a7200000|  0%| F|  |TAMS 0x00000000a7100000, 0x00000000a7100000| Untracked 
| 114|0x00000000a7200000, 0x00000000a7200000, 0x00000000a7300000|  0%| F|  |TAMS 0x00000000a7200000, 0x00000000a7200000| Untracked 
| 115|0x00000000a7300000, 0x00000000a7300000, 0x00000000a7400000|  0%| F|  |TAMS 0x00000000a7300000, 0x00000000a7300000| Untracked 
| 116|0x00000000a7400000, 0x00000000a7400000, 0x00000000a7500000|  0%| F|  |TAMS 0x00000000a7400000, 0x00000000a7400000| Untracked 
| 117|0x00000000a7500000, 0x00000000a7500000, 0x00000000a7600000|  0%| F|  |TAMS 0x00000000a7500000, 0x00000000a7500000| Untracked 
| 118|0x00000000a7600000, 0x00000000a7600000, 0x00000000a7700000|  0%| F|  |TAMS 0x00000000a7600000, 0x00000000a7600000| Untracked 
| 119|0x00000000a7700000, 0x00000000a7700000, 0x00000000a7800000|  0%| F|  |TAMS 0x00000000a7700000, 0x00000000a7700000| Untracked 
| 120|0x00000000a7800000, 0x00000000a7800000, 0x00000000a7900000|  0%| F|  |TAMS 0x00000000a7800000, 0x00000000a7800000| Untracked 
| 121|0x00000000a7900000, 0x00000000a7900000, 0x00000000a7a00000|  0%| F|  |TAMS 0x00000000a7900000, 0x00000000a7900000| Untracked 
| 122|0x00000000a7a00000, 0x00000000a7a00000, 0x00000000a7b00000|  0%| F|  |TAMS 0x00000000a7a00000, 0x00000000a7a00000| Untracked 
| 123|0x00000000a7b00000, 0x00000000a7b00000, 0x00000000a7c00000|  0%| F|  |TAMS 0x00000000a7b00000, 0x00000000a7b00000| Untracked 
| 124|0x00000000a7c00000, 0x00000000a7c00000, 0x00000000a7d00000|  0%| F|  |TAMS 0x00000000a7c00000, 0x00000000a7c00000| Untracked 
| 125|0x00000000a7d00000, 0x00000000a7d00000, 0x00000000a7e00000|  0%| F|  |TAMS 0x00000000a7d00000, 0x00000000a7d00000| Untracked 
| 126|0x00000000a7e00000, 0x00000000a7e00000, 0x00000000a7f00000|  0%| F|  |TAMS 0x00000000a7e00000, 0x00000000a7e00000| Untracked 
| 127|0x00000000a7f00000, 0x00000000a7f00000, 0x00000000a8000000|  0%| F|  |TAMS 0x00000000a7f00000, 0x00000000a7f00000| Untracked 
| 128|0x00000000a8000000, 0x00000000a8000000, 0x00000000a8100000|  0%| F|  |TAMS 0x00000000a8000000, 0x00000000a8000000| Untracked 
| 129|0x00000000a8100000, 0x00000000a8100000, 0x00000000a8200000|  0%| F|  |TAMS 0x00000000a8100000, 0x00000000a8100000| Untracked 
| 130|0x00000000a8200000, 0x00000000a8200000, 0x00000000a8300000|  0%| F|  |TAMS 0x00000000a8200000, 0x00000000a8200000| Untracked 
| 131|0x00000000a8300000, 0x00000000a8300000, 0x00000000a8400000|  0%| F|  |TAMS 0x00000000a8300000, 0x00000000a8300000| Untracked 
| 132|0x00000000a8400000, 0x00000000a8400000, 0x00000000a8500000|  0%| F|  |TAMS 0x00000000a8400000, 0x00000000a8400000| Untracked 
| 133|0x00000000a8500000, 0x00000000a8500000, 0x00000000a8600000|  0%| F|  |TAMS 0x00000000a8500000, 0x00000000a8500000| Untracked 
| 134|0x00000000a8600000, 0x00000000a8600000, 0x00000000a8700000|  0%| F|  |TAMS 0x00000000a8600000, 0x00000000a8600000| Untracked 
| 135|0x00000000a8700000, 0x00000000a8700000, 0x00000000a8800000|  0%| F|  |TAMS 0x00000000a8700000, 0x00000000a8700000| Untracked 
| 136|0x00000000a8800000, 0x00000000a8800000, 0x00000000a8900000|  0%| F|  |TAMS 0x00000000a8800000, 0x00000000a8800000| Untracked 
| 137|0x00000000a8900000, 0x00000000a8900000, 0x00000000a8a00000|  0%| F|  |TAMS 0x00000000a8900000, 0x00000000a8900000| Untracked 
| 138|0x00000000a8a00000, 0x00000000a8a00000, 0x00000000a8b00000|  0%| F|  |TAMS 0x00000000a8a00000, 0x00000000a8a00000| Untracked 
| 139|0x00000000a8b00000, 0x00000000a8b00000, 0x00000000a8c00000|  0%| F|  |TAMS 0x00000000a8b00000, 0x00000000a8b00000| Untracked 
| 140|0x00000000a8c00000, 0x00000000a8c00000, 0x00000000a8d00000|  0%| F|  |TAMS 0x00000000a8c00000, 0x00000000a8c00000| Untracked 
| 141|0x00000000a8d00000, 0x00000000a8d00000, 0x00000000a8e00000|  0%| F|  |TAMS 0x00000000a8d00000, 0x00000000a8d00000| Untracked 
| 142|0x00000000a8e00000, 0x00000000a8e00000, 0x00000000a8f00000|  0%| F|  |TAMS 0x00000000a8e00000, 0x00000000a8e00000| Untracked 
| 143|0x00000000a8f00000, 0x00000000a8f00000, 0x00000000a9000000|  0%| F|  |TAMS 0x00000000a8f00000, 0x00000000a8f00000| Untracked 
| 144|0x00000000a9000000, 0x00000000a9000000, 0x00000000a9100000|  0%| F|  |TAMS 0x00000000a9000000, 0x00000000a9000000| Untracked 
| 145|0x00000000a9100000, 0x00000000a9100000, 0x00000000a9200000|  0%| F|  |TAMS 0x00000000a9100000, 0x00000000a9100000| Untracked 
| 146|0x00000000a9200000, 0x00000000a9200000, 0x00000000a9300000|  0%| F|  |TAMS 0x00000000a9200000, 0x00000000a9200000| Untracked 
| 147|0x00000000a9300000, 0x00000000a9300000, 0x00000000a9400000|  0%| F|  |TAMS 0x00000000a9300000, 0x00000000a9300000| Untracked 
| 148|0x00000000a9400000, 0x00000000a9400000, 0x00000000a9500000|  0%| F|  |TAMS 0x00000000a9400000, 0x00000000a9400000| Untracked 
| 149|0x00000000a9500000, 0x00000000a9500000, 0x00000000a9600000|  0%| F|  |TAMS 0x00000000a9500000, 0x00000000a9500000| Untracked 
| 150|0x00000000a9600000, 0x00000000a9600000, 0x00000000a9700000|  0%| F|  |TAMS 0x00000000a9600000, 0x00000000a9600000| Untracked 
| 151|0x00000000a9700000, 0x00000000a9700000, 0x00000000a9800000|  0%| F|  |TAMS 0x00000000a9700000, 0x00000000a9700000| Untracked 
| 152|0x00000000a9800000, 0x00000000a9800000, 0x00000000a9900000|  0%| F|  |TAMS 0x00000000a9800000, 0x00000000a9800000| Untracked 
| 153|0x00000000a9900000, 0x00000000a9900000, 0x00000000a9a00000|  0%| F|  |TAMS 0x00000000a9900000, 0x00000000a9900000| Untracked 
| 154|0x00000000a9a00000, 0x00000000a9a00000, 0x00000000a9b00000|  0%| F|  |TAMS 0x00000000a9a00000, 0x00000000a9a00000| Untracked 
| 155|0x00000000a9b00000, 0x00000000a9b00000, 0x00000000a9c00000|  0%| F|  |TAMS 0x00000000a9b00000, 0x00000000a9b00000| Untracked 
| 156|0x00000000a9c00000, 0x00000000a9c00000, 0x00000000a9d00000|  0%| F|  |TAMS 0x00000000a9c00000, 0x00000000a9c00000| Untracked 
| 157|0x00000000a9d00000, 0x00000000a9d00000, 0x00000000a9e00000|  0%| F|  |TAMS 0x00000000a9d00000, 0x00000000a9d00000| Untracked 
| 158|0x00000000a9e00000, 0x00000000a9e00000, 0x00000000a9f00000|  0%| F|  |TAMS 0x00000000a9e00000, 0x00000000a9e00000| Untracked 
| 159|0x00000000a9f00000, 0x00000000a9f80800, 0x00000000aa000000| 50%| E|  |TAMS 0x00000000a9f00000, 0x00000000a9f00000| Complete 
| 160|0x00000000aa000000, 0x00000000aa100000, 0x00000000aa100000|100%| E|CS|TAMS 0x00000000aa000000, 0x00000000aa000000| Complete 
| 161|0x00000000aa100000, 0x00000000aa200000, 0x00000000aa200000|100%| E|CS|TAMS 0x00000000aa100000, 0x00000000aa100000| Complete 
| 162|0x00000000aa200000, 0x00000000aa300000, 0x00000000aa300000|100%| E|CS|TAMS 0x00000000aa200000, 0x00000000aa200000| Complete 
| 163|0x00000000aa300000, 0x00000000aa400000, 0x00000000aa400000|100%| E|CS|TAMS 0x00000000aa300000, 0x00000000aa300000| Complete 
| 164|0x00000000aa400000, 0x00000000aa500000, 0x00000000aa500000|100%| E|CS|TAMS 0x00000000aa400000, 0x00000000aa400000| Complete 
| 165|0x00000000aa500000, 0x00000000aa600000, 0x00000000aa600000|100%| E|CS|TAMS 0x00000000aa500000, 0x00000000aa500000| Complete 
| 166|0x00000000aa600000, 0x00000000aa700000, 0x00000000aa700000|100%| E|CS|TAMS 0x00000000aa600000, 0x00000000aa600000| Complete 
| 167|0x00000000aa700000, 0x00000000aa800000, 0x00000000aa800000|100%| E|CS|TAMS 0x00000000aa700000, 0x00000000aa700000| Complete 
| 168|0x00000000aa800000, 0x00000000aa900000, 0x00000000aa900000|100%| E|CS|TAMS 0x00000000aa800000, 0x00000000aa800000| Complete 
| 169|0x00000000aa900000, 0x00000000aaa00000, 0x00000000aaa00000|100%| E|CS|TAMS 0x00000000aa900000, 0x00000000aa900000| Complete 
| 170|0x00000000aaa00000, 0x00000000aab00000, 0x00000000aab00000|100%| E|CS|TAMS 0x00000000aaa00000, 0x00000000aaa00000| Complete 
| 171|0x00000000aab00000, 0x00000000aac00000, 0x00000000aac00000|100%| E|CS|TAMS 0x00000000aab00000, 0x00000000aab00000| Complete 
| 172|0x00000000aac00000, 0x00000000aad00000, 0x00000000aad00000|100%| E|CS|TAMS 0x00000000aac00000, 0x00000000aac00000| Complete 
| 173|0x00000000aad00000, 0x00000000aae00000, 0x00000000aae00000|100%| E|CS|TAMS 0x00000000aad00000, 0x00000000aad00000| Complete 
| 174|0x00000000aae00000, 0x00000000aaf00000, 0x00000000aaf00000|100%| E|CS|TAMS 0x00000000aae00000, 0x00000000aae00000| Complete 
| 175|0x00000000aaf00000, 0x00000000ab000000, 0x00000000ab000000|100%| E|CS|TAMS 0x00000000aaf00000, 0x00000000aaf00000| Complete 
| 176|0x00000000ab000000, 0x00000000ab100000, 0x00000000ab100000|100%| E|CS|TAMS 0x00000000ab000000, 0x00000000ab000000| Complete 
| 177|0x00000000ab100000, 0x00000000ab200000, 0x00000000ab200000|100%| E|CS|TAMS 0x00000000ab100000, 0x00000000ab100000| Complete 
| 178|0x00000000ab200000, 0x00000000ab300000, 0x00000000ab300000|100%| E|CS|TAMS 0x00000000ab200000, 0x00000000ab200000| Complete 
| 179|0x00000000ab300000, 0x00000000ab400000, 0x00000000ab400000|100%| E|CS|TAMS 0x00000000ab300000, 0x00000000ab300000| Complete 
| 180|0x00000000ab400000, 0x00000000ab500000, 0x00000000ab500000|100%| E|CS|TAMS 0x00000000ab400000, 0x00000000ab400000| Complete 
| 181|0x00000000ab500000, 0x00000000ab600000, 0x00000000ab600000|100%| E|CS|TAMS 0x00000000ab500000, 0x00000000ab500000| Complete 
| 182|0x00000000ab600000, 0x00000000ab700000, 0x00000000ab700000|100%| E|CS|TAMS 0x00000000ab600000, 0x00000000ab600000| Complete 
| 183|0x00000000ab700000, 0x00000000ab800000, 0x00000000ab800000|100%| E|CS|TAMS 0x00000000ab700000, 0x00000000ab700000| Complete 
| 184|0x00000000ab800000, 0x00000000ab900000, 0x00000000ab900000|100%| E|CS|TAMS 0x00000000ab800000, 0x00000000ab800000| Complete 
| 185|0x00000000ab900000, 0x00000000aba00000, 0x00000000aba00000|100%| E|CS|TAMS 0x00000000ab900000, 0x00000000ab900000| Complete 
| 186|0x00000000aba00000, 0x00000000abb00000, 0x00000000abb00000|100%| S|CS|TAMS 0x00000000aba00000, 0x00000000aba00000| Complete 
| 187|0x00000000abb00000, 0x00000000abc00000, 0x00000000abc00000|100%| S|CS|TAMS 0x00000000abb00000, 0x00000000abb00000| Complete 
| 188|0x00000000abc00000, 0x00000000abd00000, 0x00000000abd00000|100%| S|CS|TAMS 0x00000000abc00000, 0x00000000abc00000| Complete 
| 189|0x00000000abd00000, 0x00000000abe00000, 0x00000000abe00000|100%| S|CS|TAMS 0x00000000abd00000, 0x00000000abd00000| Complete 
| 190|0x00000000abe00000, 0x00000000abf00000, 0x00000000abf00000|100%| S|CS|TAMS 0x00000000abe00000, 0x00000000abe00000| Complete 
| 191|0x00000000abf00000, 0x00000000ac000000, 0x00000000ac000000|100%| S|CS|TAMS 0x00000000abf00000, 0x00000000abf00000| Complete 
| 192|0x00000000ac000000, 0x00000000ac100000, 0x00000000ac100000|100%| E|CS|TAMS 0x00000000ac000000, 0x00000000ac000000| Complete 
| 193|0x00000000ac100000, 0x00000000ac200000, 0x00000000ac200000|100%| E|CS|TAMS 0x00000000ac100000, 0x00000000ac100000| Complete 
| 194|0x00000000ac200000, 0x00000000ac300000, 0x00000000ac300000|100%| E|CS|TAMS 0x00000000ac200000, 0x00000000ac200000| Complete 
| 195|0x00000000ac300000, 0x00000000ac400000, 0x00000000ac400000|100%| E|CS|TAMS 0x00000000ac300000, 0x00000000ac300000| Complete 
| 196|0x00000000ac400000, 0x00000000ac500000, 0x00000000ac500000|100%| E|CS|TAMS 0x00000000ac400000, 0x00000000ac400000| Complete 
| 197|0x00000000ac500000, 0x00000000ac600000, 0x00000000ac600000|100%| E|CS|TAMS 0x00000000ac500000, 0x00000000ac500000| Complete 
| 198|0x00000000ac600000, 0x00000000ac700000, 0x00000000ac700000|100%| E|CS|TAMS 0x00000000ac600000, 0x00000000ac600000| Complete 
| 199|0x00000000ac700000, 0x00000000ac800000, 0x00000000ac800000|100%| E|CS|TAMS 0x00000000ac700000, 0x00000000ac700000| Complete 
| 200|0x00000000ac800000, 0x00000000ac900000, 0x00000000ac900000|100%| E|CS|TAMS 0x00000000ac800000, 0x00000000ac800000| Complete 
| 201|0x00000000ac900000, 0x00000000aca00000, 0x00000000aca00000|100%| E|CS|TAMS 0x00000000ac900000, 0x00000000ac900000| Complete 
| 202|0x00000000aca00000, 0x00000000acb00000, 0x00000000acb00000|100%| E|CS|TAMS 0x00000000aca00000, 0x00000000aca00000| Complete 
| 203|0x00000000acb00000, 0x00000000acc00000, 0x00000000acc00000|100%| E|CS|TAMS 0x00000000acb00000, 0x00000000acb00000| Complete 
| 204|0x00000000acc00000, 0x00000000acd00000, 0x00000000acd00000|100%| E|CS|TAMS 0x00000000acc00000, 0x00000000acc00000| Complete 
| 205|0x00000000acd00000, 0x00000000ace00000, 0x00000000ace00000|100%| E|CS|TAMS 0x00000000acd00000, 0x00000000acd00000| Complete 
| 206|0x00000000ace00000, 0x00000000acf00000, 0x00000000acf00000|100%| E|CS|TAMS 0x00000000ace00000, 0x00000000ace00000| Complete 
| 207|0x00000000acf00000, 0x00000000ad000000, 0x00000000ad000000|100%| E|CS|TAMS 0x00000000acf00000, 0x00000000acf00000| Complete 
| 208|0x00000000ad000000, 0x00000000ad100000, 0x00000000ad100000|100%| E|CS|TAMS 0x00000000ad000000, 0x00000000ad000000| Complete 
| 209|0x00000000ad100000, 0x00000000ad200000, 0x00000000ad200000|100%| E|CS|TAMS 0x00000000ad100000, 0x00000000ad100000| Complete 

Card table byte_map: [0x000001ac1de00000,0x000001ac1e100000] _byte_map_base: 0x000001ac1d900000

Marking Bits (Prev, Next): (CMBitMap*) 0x000001ac0690e320, (CMBitMap*) 0x000001ac0690e2e0
 Prev Bits: [0x000001ac1fc00000, 0x000001ac21400000)
 Next Bits: [0x000001ac1e400000, 0x000001ac1fc00000)

Polling page: 0x000001ac046f0000

Metaspace:

Usage:
  Non-class:     69.58 MB capacity,    67.53 MB ( 97%) used,     1.91 MB (  3%) free+waste,   149.63 KB ( <1%) overhead. 
      Class:     10.66 MB capacity,     9.82 MB ( 92%) used,   796.61 KB (  7%) free+waste,    67.38 KB ( <1%) overhead. 
       Both:     80.25 MB capacity,    77.35 MB ( 96%) used,     2.69 MB (  3%) free+waste,   217.00 KB ( <1%) overhead. 

Virtual space:
  Non-class space:       70.00 MB reserved,      69.65 MB (>99%) committed 
      Class space:        1.00 GB reserved,      10.75 MB (  1%) committed 
             Both:        1.07 GB reserved,      80.40 MB (  7%) committed 

Chunk freelists:
   Non-Class:  7.00 KB
       Class:  0 bytes
        Both:  7.00 KB

MaxMetaspaceSize: 17179869184.00 GB
CompressedClassSpaceSize: 1.00 GB

CodeHeap 'non-profiled nmethods': size=120000Kb used=5490Kb max_used=5598Kb free=114509Kb
 bounds [0x000001ac165d0000, 0x000001ac16b50000, 0x000001ac1db00000]
CodeHeap 'profiled nmethods': size=120000Kb used=22197Kb max_used=22197Kb free=97802Kb
 bounds [0x000001ac0f0a0000, 0x000001ac10650000, 0x000001ac165d0000]
CodeHeap 'non-nmethods': size=5760Kb used=2416Kb max_used=2504Kb free=3343Kb
 bounds [0x000001ac0eb00000, 0x000001ac0ed90000, 0x000001ac0f0a0000]
 total_blobs=11550 nmethods=10638 adapters=824
 compilation: enabled
              stopped_count=0, restarted_count=0
 full_count=0

Compilation events (20 events):
Event: 29.982 Thread 0x000001ac238de6c0 12247       2       org.gradle.api.internal.provider.AbstractProperty::maybeVisitBuildDependencies (30 bytes)
Event: 29.982 Thread 0x000001ac238de6c0 nmethod 12247 0x000001ac10641e10 code [0x000001ac10641fc0, 0x000001ac10642138]
Event: 30.001 Thread 0x000001ac238de6c0 12248       2       java.lang.ClassLoader::<init> (162 bytes)
Event: 30.001 Thread 0x000001ac238de6c0 nmethod 12248 0x000001ac10642210 code [0x000001ac10642460, 0x000001ac10643148]
Event: 30.001 Thread 0x000001ac238de6c0 12249       1       com.android.build.gradle.internal.tasks.MergeNativeLibsTask::getOutputDir (5 bytes)
Event: 30.002 Thread 0x000001ac238de6c0 nmethod 12249 0x000001ac16951d90 code [0x000001ac16951f20, 0x000001ac16951fd8]
Event: 30.007 Thread 0x000001ac238de6c0 12250       2       jdk.internal.reflect.MethodAccessorGenerator::usesPrimitiveTypes (45 bytes)
Event: 30.008 Thread 0x000001ac238de6c0 nmethod 12250 0x000001ac10643410 code [0x000001ac106435c0, 0x000001ac106437b8]
Event: 30.008 Thread 0x000001ac238de6c0 12251       2       jdk.internal.reflect.MethodAccessorGenerator::numNonPrimitiveParameterTypes (36 bytes)
Event: 30.008 Thread 0x000001ac238de6c0 nmethod 12251 0x000001ac10643910 code [0x000001ac10643aa0, 0x000001ac10643c38]
Event: 30.008 Thread 0x000001ac238de6c0 12253       2       jdk.internal.reflect.MethodAccessorGenerator::buildInternalSignature (73 bytes)
Event: 30.008 Thread 0x000001ac238de6c0 nmethod 12253 0x000001ac10643d10 code [0x000001ac10643f20, 0x000001ac10644288]
Event: 30.009 Thread 0x000001ac238de6c0 12252  s    2       jdk.internal.reflect.MethodAccessorGenerator::generateName (101 bytes)
Event: 30.009 Thread 0x000001ac238de6c0 nmethod 12252 0x000001ac10644490 code [0x000001ac10644700, 0x000001ac10644d68]
Event: 30.009 Thread 0x000001ac238de6c0 12254       2       jdk.internal.reflect.AccessorGenerator::emitCommonConstantPoolEntries (573 bytes)
Event: 30.017 Thread 0x000001ac238de6c0 nmethod 12254 0x000001ac10645090 code [0x000001ac10645a80, 0x000001ac10649cd8]
Event: 30.017 Thread 0x000001ac238de6c0 12255       2       jdk.internal.reflect.AccessorGenerator::emitConstructor (47 bytes)
Event: 30.018 Thread 0x000001ac238de6c0 nmethod 12255 0x000001ac1064c810 code [0x000001ac1064ca20, 0x000001ac1064d058]
Event: 30.021 Thread 0x000001ac238de6c0 12256       2       org.gradle.internal.instantiation.generator.AsmBackedClassGenerator::getFactoryForNext (26 bytes)
Event: 30.021 Thread 0x000001ac238de6c0 nmethod 12256 0x000001ac1064d410 code [0x000001ac1064d5c0, 0x000001ac1064d828]

GC Heap History (20 events):
Event: 20.801 GC heap before
{Heap before GC invocations=28 (full 0):
 garbage-first heap   total 106496K, used 82859K [0x00000000a0000000, 0x0000000100000000)
  region size 1024K, 28 young (28672K), 5 survivors (5120K)
 Metaspace       used 63422K, capacity 65287K, committed 65564K, reserved 1105920K
  class space    used 8126K, capacity 8807K, committed 8832K, reserved 1048576K
}
Event: 20.817 GC heap after
{Heap after GC invocations=29 (full 0):
 garbage-first heap   total 106496K, used 65680K [0x00000000a0000000, 0x0000000100000000)
  region size 1024K, 4 young (4096K), 4 survivors (4096K)
 Metaspace       used 63422K, capacity 65287K, committed 65564K, reserved 1105920K
  class space    used 8126K, capacity 8807K, committed 8832K, reserved 1048576K
}
Event: 21.193 GC heap before
{Heap before GC invocations=29 (full 0):
 garbage-first heap   total 106496K, used 85136K [0x00000000a0000000, 0x0000000100000000)
  region size 1024K, 23 young (23552K), 4 survivors (4096K)
 Metaspace       used 64228K, capacity 66350K, committed 66460K, reserved 1107968K
  class space    used 8228K, capacity 8928K, committed 8960K, reserved 1048576K
}
Event: 21.206 GC heap after
{Heap after GC invocations=30 (full 0):
 garbage-first heap   total 106496K, used 71859K [0x00000000a0000000, 0x0000000100000000)
  region size 1024K, 3 young (3072K), 3 survivors (3072K)
 Metaspace       used 64228K, capacity 66350K, committed 66460K, reserved 1107968K
  class space    used 8228K, capacity 8928K, committed 8960K, reserved 1048576K
}
Event: 21.577 GC heap before
{Heap before GC invocations=31 (full 0):
 garbage-first heap   total 135168K, used 86195K [0x00000000a0000000, 0x0000000100000000)
  region size 1024K, 17 young (17408K), 3 survivors (3072K)
 Metaspace       used 66053K, capacity 68298K, committed 68636K, reserved 1107968K
  class space    used 8517K, capacity 9229K, committed 9344K, reserved 1048576K
}
Event: 21.587 GC heap after
{Heap after GC invocations=32 (full 0):
 garbage-first heap   total 135168K, used 73125K [0x00000000a0000000, 0x0000000100000000)
  region size 1024K, 1 young (1024K), 1 survivors (1024K)
 Metaspace       used 66053K, capacity 68298K, committed 68636K, reserved 1107968K
  class space    used 8517K, capacity 9229K, committed 9344K, reserved 1048576K
}
Event: 22.075 GC heap before
{Heap before GC invocations=32 (full 0):
 garbage-first heap   total 135168K, used 103845K [0x00000000a0000000, 0x0000000100000000)
  region size 1024K, 31 young (31744K), 1 survivors (1024K)
 Metaspace       used 68168K, capacity 70384K, committed 70684K, reserved 1110016K
  class space    used 8819K, capacity 9533K, committed 9600K, reserved 1048576K
}
Event: 22.081 GC heap after
{Heap after GC invocations=33 (full 0):
 garbage-first heap   total 135168K, used 76132K [0x00000000a0000000, 0x0000000100000000)
  region size 1024K, 4 young (4096K), 4 survivors (4096K)
 Metaspace       used 68168K, capacity 70384K, committed 70684K, reserved 1110016K
  class space    used 8819K, capacity 9533K, committed 9600K, reserved 1048576K
}
Event: 22.694 GC heap before
{Heap before GC invocations=34 (full 0):
 garbage-first heap   total 143360K, used 96612K [0x00000000a0000000, 0x0000000100000000)
  region size 1024K, 26 young (26624K), 4 survivors (4096K)
 Metaspace       used 69059K, capacity 71699K, committed 71836K, reserved 1112064K
  class space    used 8919K, capacity 9706K, committed 9728K, reserved 1048576K
}
Event: 22.706 GC heap after
{Heap after GC invocations=35 (full 0):
 garbage-first heap   total 143360K, used 81464K [0x00000000a0000000, 0x0000000100000000)
  region size 1024K, 5 young (5120K), 5 survivors (5120K)
 Metaspace       used 69059K, capacity 71699K, committed 71836K, reserved 1112064K
  class space    used 8919K, capacity 9706K, committed 9728K, reserved 1048576K
}
Event: 23.521 GC heap before
{Heap before GC invocations=36 (full 0):
 garbage-first heap   total 152576K, used 116280K [0x00000000a0000000, 0x0000000100000000)
  region size 1024K, 36 young (36864K), 5 survivors (5120K)
 Metaspace       used 70453K, capacity 73207K, committed 73372K, reserved 1112064K
  class space    used 9094K, capacity 9913K, committed 9984K, reserved 1048576K
}
Event: 23.541 GC heap after
{Heap after GC invocations=37 (full 0):
 garbage-first heap   total 152576K, used 92383K [0x00000000a0000000, 0x0000000100000000)
  region size 1024K, 5 young (5120K), 5 survivors (5120K)
 Metaspace       used 70453K, capacity 73207K, committed 73372K, reserved 1112064K
  class space    used 9094K, capacity 9913K, committed 9984K, reserved 1048576K
}
Event: 24.416 GC heap before
{Heap before GC invocations=37 (full 0):
 garbage-first heap   total 152576K, used 121055K [0x00000000a0000000, 0x0000000100000000)
  region size 1024K, 33 young (33792K), 5 survivors (5120K)
 Metaspace       used 72692K, capacity 75453K, committed 75676K, reserved 1114112K
  class space    used 9295K, capacity 10116K, committed 10240K, reserved 1048576K
}
Event: 24.430 GC heap after
{Heap after GC invocations=38 (full 0):
 garbage-first heap   total 183296K, used 96242K [0x00000000a0000000, 0x0000000100000000)
  region size 1024K, 4 young (4096K), 4 survivors (4096K)
 Metaspace       used 72692K, capacity 75453K, committed 75676K, reserved 1114112K
  class space    used 9295K, capacity 10116K, committed 10240K, reserved 1048576K
}
Event: 28.176 GC heap before
{Heap before GC invocations=39 (full 0):
 garbage-first heap   total 183296K, used 140274K [0x00000000a0000000, 0x0000000100000000)
  region size 1024K, 47 young (48128K), 4 survivors (4096K)
 Metaspace       used 78134K, capacity 81053K, committed 81180K, reserved 1120256K
  class space    used 9952K, capacity 10798K, committed 10880K, reserved 1048576K
}
Event: 28.191 GC heap after
{Heap after GC invocations=40 (full 0):
 garbage-first heap   total 183296K, used 100826K [0x00000000a0000000, 0x0000000100000000)
  region size 1024K, 6 young (6144K), 6 survivors (6144K)
 Metaspace       used 78134K, capacity 81053K, committed 81180K, reserved 1120256K
  class space    used 9952K, capacity 10798K, committed 10880K, reserved 1048576K
}
Event: 28.786 GC heap before
{Heap before GC invocations=40 (full 0):
 garbage-first heap   total 183296K, used 143834K [0x00000000a0000000, 0x0000000100000000)
  region size 1024K, 48 young (49152K), 6 survivors (6144K)
 Metaspace       used 78413K, capacity 81245K, committed 81436K, reserved 1120256K
  class space    used 9952K, capacity 10798K, committed 10880K, reserved 1048576K
}
Event: 28.815 GC heap after
{Heap after GC invocations=41 (full 0):
 garbage-first heap   total 183296K, used 109373K [0x00000000a0000000, 0x0000000100000000)
  region size 1024K, 6 young (6144K), 6 survivors (6144K)
 Metaspace       used 78413K, capacity 81245K, committed 81436K, reserved 1120256K
  class space    used 9952K, capacity 10798K, committed 10880K, reserved 1048576K
}
Event: 29.486 GC heap before
{Heap before GC invocations=42 (full 0):
 garbage-first heap   total 215040K, used 146237K [0x00000000a0000000, 0x0000000100000000)
  region size 1024K, 42 young (43008K), 6 survivors (6144K)
 Metaspace       used 78642K, capacity 81482K, committed 81692K, reserved 1120256K
  class space    used 9973K, capacity 10810K, committed 10880K, reserved 1048576K
}
Event: 29.511 GC heap after
{Heap after GC invocations=43 (full 0):
 garbage-first heap   total 215040K, used 116639K [0x00000000a0000000, 0x0000000100000000)
  region size 1024K, 6 young (6144K), 6 survivors (6144K)
 Metaspace       used 78642K, capacity 81482K, committed 81692K, reserved 1120256K
  class space    used 9973K, capacity 10810K, committed 10880K, reserved 1048576K
}

Deoptimization events (20 events):
Event: 29.686 Thread 0x000001ac2505df60 DEOPT PACKING pc=0x000001ac10462c3a sp=0x00000025dc8fac60
Event: 29.686 Thread 0x000001ac2505df60 DEOPT UNPACKING pc=0x000001ac0eb4e23f sp=0x00000025dc8fa170 mode 0
Event: 29.741 Thread 0x000001ac2505df60 DEOPT PACKING pc=0x000001ac10462c5b sp=0x00000025dc8fa090
Event: 29.741 Thread 0x000001ac2505df60 DEOPT UNPACKING pc=0x000001ac0eb4e23f sp=0x00000025dc8f95a0 mode 0
Event: 29.762 Thread 0x000001ac2505df60 Uncommon trap: trap_request=0xffffff54 fr.pc=0x000001ac16a5c6b0 relative=0x00000000000072b0
Event: 29.762 Thread 0x000001ac2505df60 Uncommon trap: reason=speculate_null_assert action=make_not_entrant pc=0x000001ac16a5c6b0 method=org.gradle.internal.graph.CachingDirectedGraphWalker.doSearch()Ljava/util/Set; @ 225 c2
Event: 29.762 Thread 0x000001ac2505df60 DEOPT PACKING pc=0x000001ac16a5c6b0 sp=0x00000025dc8fb8b0
Event: 29.762 Thread 0x000001ac2505df60 DEOPT UNPACKING pc=0x000001ac0eb4e42f sp=0x00000025dc8fb8e8 mode 2
Event: 29.793 Thread 0x000001ac2505df60 DEOPT PACKING pc=0x000001ac10462c5b sp=0x00000025dc8fa8d0
Event: 29.793 Thread 0x000001ac2505df60 DEOPT UNPACKING pc=0x000001ac0eb4e23f sp=0x00000025dc8f9de0 mode 0
Event: 29.854 Thread 0x000001ac2505df60 DEOPT PACKING pc=0x000001ac10462c3a sp=0x00000025dc8fabe0
Event: 29.854 Thread 0x000001ac2505df60 DEOPT UNPACKING pc=0x000001ac0eb4e23f sp=0x00000025dc8fa0f0 mode 0
Event: 29.903 Thread 0x000001ac2505df60 DEOPT PACKING pc=0x000001ac10462ad0 sp=0x00000025dc8fa870
Event: 29.903 Thread 0x000001ac2505df60 DEOPT UNPACKING pc=0x000001ac0eb4e23f sp=0x00000025dc8f9d70 mode 0
Event: 29.910 Thread 0x000001ac2505df60 Uncommon trap: trap_request=0xffffff45 fr.pc=0x000001ac166c0f2c relative=0x0000000000000c8c
Event: 29.910 Thread 0x000001ac2505df60 Uncommon trap: reason=unstable_if action=reinterpret pc=0x000001ac166c0f2c method=com.google.common.collect.ImmutableSet.construct(I[Ljava/lang/Object;)Lcom/google/common/collect/ImmutableSet; @ 175 c2
Event: 29.910 Thread 0x000001ac2505df60 DEOPT PACKING pc=0x000001ac166c0f2c sp=0x00000025dc8fa5e0
Event: 29.911 Thread 0x000001ac2505df60 DEOPT UNPACKING pc=0x000001ac0eb4e42f sp=0x00000025dc8fa570 mode 2
Event: 29.930 Thread 0x000001ac2505df60 DEOPT PACKING pc=0x000001ac0f21a043 sp=0x00000025dc8f9dc0
Event: 29.930 Thread 0x000001ac2505df60 DEOPT UNPACKING pc=0x000001ac0eb4e23f sp=0x00000025dc8f9360 mode 0

Classes unloaded (18 events):
Event: 13.056 Thread 0x000001ac238b0dd0 Unloading class 0x000000080105a570 '_BuildScript_$_run_closure3'
Event: 13.056 Thread 0x000001ac238b0dd0 Unloading class 0x000000080105a1b8 '_BuildScript_$_run_closure2$_closure17'
Event: 13.056 Thread 0x000001ac238b0dd0 Unloading class 0x0000000801059e00 '_BuildScript_$_run_closure2$_closure16'
Event: 13.056 Thread 0x000001ac238b0dd0 Unloading class 0x0000000801059a48 '_BuildScript_$_run_closure2$_closure15'
Event: 13.056 Thread 0x000001ac238b0dd0 Unloading class 0x0000000801059690 '_BuildScript_$_run_closure2'
Event: 13.056 Thread 0x000001ac238b0dd0 Unloading class 0x00000008010592d8 '_BuildScript_$_run_closure1$_closure9$_closure14'
Event: 13.056 Thread 0x000001ac238b0dd0 Unloading class 0x0000000801058f20 '_BuildScript_$_run_closure1$_closure9'
Event: 13.056 Thread 0x000001ac238b0dd0 Unloading class 0x0000000801058b68 '_BuildScript_$_run_closure1$_closure8$_closure13'
Event: 13.056 Thread 0x000001ac238b0dd0 Unloading class 0x00000008010587b0 '_BuildScript_$_run_closure1$_closure8$_closure12'
Event: 13.056 Thread 0x000001ac238b0dd0 Unloading class 0x00000008010583f8 '_BuildScript_$_run_closure1$_closure8'
Event: 13.056 Thread 0x000001ac238b0dd0 Unloading class 0x0000000801058040 '_BuildScript_$_run_closure1$_closure7$_closure11'
Event: 13.056 Thread 0x000001ac238b0dd0 Unloading class 0x00000008010053f8 '_BuildScript_$_run_closure1$_closure7'
Event: 13.056 Thread 0x000001ac238b0dd0 Unloading class 0x0000000801005040 '_BuildScript_$_run_closure1$_closure6$_closure10'
Event: 13.056 Thread 0x000001ac238b0dd0 Unloading class 0x0000000801005bf8 '_BuildScript_$_run_closure1$_closure6'
Event: 13.056 Thread 0x000001ac238b0dd0 Unloading class 0x0000000801005840 '_BuildScript_$_run_closure1$_closure5'
Event: 13.056 Thread 0x000001ac238b0dd0 Unloading class 0x00000008010063f8 '_BuildScript_$_run_closure1$_closure4'
Event: 13.056 Thread 0x000001ac238b0dd0 Unloading class 0x0000000801006040 '_BuildScript_$_run_closure1'
Event: 13.056 Thread 0x000001ac238b0dd0 Unloading class 0x0000000801006840 '_BuildScript_'

Classes redefined (0 events):
No events

Internal exceptions (20 events):
Event: 22.488 Thread 0x000001ac2505df60 Exception <a 'java/lang/ClassNotFoundException'{0x00000000a8506c88}: build_2ix7ud88e5et3mj3pz478cho3Customizer> (0x00000000a8506c88) 
thrown [./open/src/hotspot/share/classfile/systemDictionary.cpp, line 295]
Event: 22.666 Thread 0x000001ac2505df60 Exception <a 'java/lang/ClassNotFoundException'{0x00000000a77381e8}: build_2ix7ud88e5et3mj3pz478cho3BeanInfo> (0x00000000a77381e8) 
thrown [./open/src/hotspot/share/classfile/systemDictionary.cpp, line 295]
Event: 22.667 Thread 0x000001ac2505df60 Exception <a 'java/lang/ClassNotFoundException'{0x00000000a773e0b8}: build_2ix7ud88e5et3mj3pz478cho3Customizer> (0x00000000a773e0b8) 
thrown [./open/src/hotspot/share/classfile/systemDictionary.cpp, line 295]
Event: 22.870 Thread 0x000001ac2505df60 Exception <a 'java/lang/ClassNotFoundException'{0x00000000a88a2cb8}: build_2ix7ud88e5et3mj3pz478cho3$_run_closure1BeanInfo> (0x00000000a88a2cb8) 
thrown [./open/src/hotspot/share/classfile/systemDictionary.cpp, line 295]
Event: 22.871 Thread 0x000001ac2505df60 Exception <a 'java/lang/ClassNotFoundException'{0x00000000a88ac280}: build_2ix7ud88e5et3mj3pz478cho3$_run_closure1Customizer> (0x00000000a88ac280) 
thrown [./open/src/hotspot/share/classfile/systemDictionary.cpp, line 295]
Event: 22.969 Thread 0x000001ac2505df60 Exception <a 'java/lang/ClassNotFoundException'{0x00000000a86f8448}: build_8hk91xna2sw9j0nx410bqdfvxBeanInfo> (0x00000000a86f8448) 
thrown [./open/src/hotspot/share/classfile/systemDictionary.cpp, line 295]
Event: 22.969 Thread 0x000001ac2505df60 Exception <a 'java/lang/ClassNotFoundException'{0x00000000a86fe3a8}: build_8hk91xna2sw9j0nx410bqdfvxCustomizer> (0x00000000a86fe3a8) 
thrown [./open/src/hotspot/share/classfile/systemDictionary.cpp, line 295]
Event: 22.980 Thread 0x000001ac2505df60 Exception <a 'java/lang/ClassNotFoundException'{0x00000000a94603f8}: build_8hk91xna2sw9j0nx410bqdfvxBeanInfo> (0x00000000a94603f8) 
thrown [./open/src/hotspot/share/classfile/systemDictionary.cpp, line 295]
Event: 22.981 Thread 0x000001ac2505df60 Exception <a 'java/lang/ClassNotFoundException'{0x00000000a94662c8}: build_8hk91xna2sw9j0nx410bqdfvxCustomizer> (0x00000000a94662c8) 
thrown [./open/src/hotspot/share/classfile/systemDictionary.cpp, line 295]
Event: 23.000 Thread 0x000001ac2505df60 Exception <a 'java/lang/ClassNotFoundException'{0x00000000a9352650}: build_8hk91xna2sw9j0nx410bqdfvx$_run_closure1BeanInfo> (0x00000000a9352650) 
thrown [./open/src/hotspot/share/classfile/systemDictionary.cpp, line 295]
Event: 23.001 Thread 0x000001ac2505df60 Exception <a 'java/lang/ClassNotFoundException'{0x00000000a935a600}: build_8hk91xna2sw9j0nx410bqdfvx$_run_closure1Customizer> (0x00000000a935a600) 
thrown [./open/src/hotspot/share/classfile/systemDictionary.cpp, line 295]
Event: 23.201 Thread 0x000001ac2505df60 Exception <a 'java/lang/ClassNotFoundException'{0x00000000a8de5c48}: com/android/build/gradle/internal/res/LinkApplicationAndroidResourcesTask_DecoratedBeanInfo> (0x00000000a8de5c48) 
thrown [./open/src/hotspot/share/classfile/systemDictionary.cpp, line 295]
Event: 23.201 Thread 0x000001ac2505df60 Exception <a 'java/lang/ClassNotFoundException'{0x00000000a8defff0}: com/android/build/gradle/internal/res/LinkApplicationAndroidResourcesTaskBeanInfo> (0x00000000a8defff0) 
thrown [./open/src/hotspot/share/classfile/systemDictionary.cpp, line 295]
Event: 23.202 Thread 0x000001ac2505df60 Exception <a 'java/lang/ClassNotFoundException'{0x00000000a8dfa200}: com/android/build/gradle/tasks/ProcessAndroidResourcesBeanInfo> (0x00000000a8dfa200) 
thrown [./open/src/hotspot/share/classfile/systemDictionary.cpp, line 295]
Event: 23.202 Thread 0x000001ac2505df60 Exception <a 'java/lang/ClassNotFoundException'{0x00000000a8c048e8}: com/android/build/gradle/tasks/ProcessAndroidResourcesCustomizer> (0x00000000a8c048e8) 
thrown [./open/src/hotspot/share/classfile/systemDictionary.cpp, line 295]
Event: 23.203 Thread 0x000001ac2505df60 Exception <a 'java/lang/ClassNotFoundException'{0x00000000a8c1ed50}: com/android/build/gradle/internal/res/LinkApplicationAndroidResourcesTaskCustomizer> (0x00000000a8c1ed50) 
thrown [./open/src/hotspot/share/classfile/systemDictionary.cpp, line 295]
Event: 23.204 Thread 0x000001ac2505df60 Exception <a 'java/lang/ClassNotFoundException'{0x00000000a8c8d630}: com/android/build/gradle/internal/res/LinkApplicationAndroidResourcesTask_DecoratedCustomizer> (0x00000000a8c8d630) 
thrown [./open/src/hotspot/share/classfile/systemDictionary.cpp, line 295]
Event: 23.518 Thread 0x000001ac2505df60 Implicit null exception at 0x000001ac1675d774 to 0x000001ac1675dddc
Event: 24.433 Thread 0x000001ac2505df60 Exception <a 'sun/nio/fs/WindowsException'{0x00000000ab212ae8}> (0x00000000ab212ae8) 
thrown [./open/src/hotspot/share/prims/jni.cpp, line 578]
Event: 24.447 Thread 0x000001ac2505df60 Exception <a 'java/lang/IncompatibleClassChangeError'{0x00000000ab23dd58}: Found class java.lang.Object, but interface was expected> (0x00000000ab23dd58) 
thrown [./open/src/hotspot/share/interpreter/linkResolver.cpp, line 848]

Events (20 events):
Event: 28.891 Executing VM operation: ICBufferFull
Event: 28.891 Executing VM operation: ICBufferFull done
Event: 28.975 Executing VM operation: ICBufferFull
Event: 28.975 Executing VM operation: ICBufferFull done
Event: 29.076 Executing VM operation: ICBufferFull
Event: 29.076 Executing VM operation: ICBufferFull done
Event: 29.098 Executing VM operation: ICBufferFull
Event: 29.098 Executing VM operation: ICBufferFull done
Event: 29.162 Executing VM operation: G1Concurrent
Event: 29.174 Executing VM operation: G1Concurrent done
Event: 29.251 Executing VM operation: ICBufferFull
Event: 29.251 Executing VM operation: ICBufferFull done
Event: 29.263 Executing VM operation: ICBufferFull
Event: 29.264 Executing VM operation: ICBufferFull done
Event: 29.348 Executing VM operation: ICBufferFull
Event: 29.349 Executing VM operation: ICBufferFull done
Event: 29.390 Executing VM operation: G1Concurrent
Event: 29.390 Executing VM operation: G1Concurrent done
Event: 29.486 Executing VM operation: G1CollectForAllocation
Event: 29.511 Executing VM operation: G1CollectForAllocation done


Dynamic libraries:
0x00007ff6240e0000 - 0x00007ff6240ef000 	C:\Program Files\Java\jdk-15.0.1\bin\java.exe
0x00007ffb8e360000 - 0x00007ffb8e550000 	C:\Windows\SYSTEM32\ntdll.dll
0x00007ffb8d080000 - 0x00007ffb8d132000 	C:\Windows\System32\KERNEL32.DLL
0x00007ffb8ba70000 - 0x00007ffb8bd14000 	C:\Windows\System32\KERNELBASE.dll
0x00007ffb8bdd0000 - 0x00007ffb8beca000 	C:\Windows\System32\ucrtbase.dll
0x00007ffb6d3e0000 - 0x00007ffb6d3f9000 	C:\Program Files\Java\jdk-15.0.1\bin\VCRUNTIME140.dll
0x00007ffb6d400000 - 0x00007ffb6d418000 	C:\Program Files\Java\jdk-15.0.1\bin\jli.dll
0x00007ffb8d260000 - 0x00007ffb8d303000 	C:\Windows\System32\ADVAPI32.dll
0x00007ffb8d6c0000 - 0x00007ffb8d75e000 	C:\Windows\System32\msvcrt.dll
0x00007ffb8d760000 - 0x00007ffb8d7f7000 	C:\Windows\System32\sechost.dll
0x00007ffb8d5a0000 - 0x00007ffb8d6c0000 	C:\Windows\System32\RPCRT4.dll
0x00007ffb8d3f0000 - 0x00007ffb8d584000 	C:\Windows\System32\USER32.dll
0x00007ffb8bda0000 - 0x00007ffb8bdc1000 	C:\Windows\System32\win32u.dll
0x00007ffb8a720000 - 0x00007ffb8a9a4000 	C:\Windows\WinSxS\amd64_microsoft.windows.common-controls_6595b64144ccf1df_6.0.18362.959_none_e6c7bbbf130c62bb\COMCTL32.dll
0x00007ffb8de30000 - 0x00007ffb8de56000 	C:\Windows\System32\GDI32.dll
0x00007ffb8de60000 - 0x00007ffb8e195000 	C:\Windows\System32\combase.dll
0x00007ffb8c080000 - 0x00007ffb8c216000 	C:\Windows\System32\gdi32full.dll
0x00007ffb8bd20000 - 0x00007ffb8bda0000 	C:\Windows\System32\bcryptPrimitives.dll
0x00007ffb8bf30000 - 0x00007ffb8bfce000 	C:\Windows\System32\msvcp_win.dll
0x00007ffb811e0000 - 0x00007ffb811ea000 	C:\Windows\SYSTEM32\VERSION.dll
0x00007ffb8c420000 - 0x00007ffb8c44e000 	C:\Windows\System32\IMM32.DLL
0x00007ffb6d6c0000 - 0x00007ffb6d6cc000 	C:\Program Files\Java\jdk-15.0.1\bin\vcruntime140_1.dll
0x00007ffb6cc10000 - 0x00007ffb6cca1000 	C:\Program Files\Java\jdk-15.0.1\bin\msvcp140.dll
0x00007ffb38600000 - 0x00007ffb3915e000 	C:\Program Files\Java\jdk-15.0.1\bin\server\jvm.dll
0x00007ffb8c410000 - 0x00007ffb8c418000 	C:\Windows\System32\PSAPI.DLL
0x00007ffb88110000 - 0x00007ffb88134000 	C:\Windows\SYSTEM32\WINMM.dll
0x00007ffb766a0000 - 0x00007ffb766a9000 	C:\Windows\SYSTEM32\WSOCK32.dll
0x00007ffb8ddc0000 - 0x00007ffb8de2f000 	C:\Windows\System32\WS2_32.dll
0x00007ffb87fe0000 - 0x00007ffb8800d000 	C:\Windows\SYSTEM32\WINMMBASE.dll
0x00007ffb8c3a0000 - 0x00007ffb8c3ea000 	C:\Windows\System32\cfgmgr32.dll
0x00007ffb8b220000 - 0x00007ffb8b231000 	C:\Windows\System32\kernel.appcore.dll
0x00007ffb6d3d0000 - 0x00007ffb6d3da000 	C:\Program Files\Java\jdk-15.0.1\bin\jimage.dll
0x00007ffb8ad30000 - 0x00007ffb8af24000 	C:\Windows\SYSTEM32\DBGHELP.DLL
0x00007ffb8ac40000 - 0x00007ffb8ac6a000 	C:\Windows\SYSTEM32\dbgcore.DLL
0x00007ffb6cbe0000 - 0x00007ffb6cc05000 	C:\Program Files\Java\jdk-15.0.1\bin\java.dll
0x00007ffb8c7f0000 - 0x00007ffb8ced6000 	C:\Windows\System32\SHELL32.dll
0x00007ffb8d1b0000 - 0x00007ffb8d259000 	C:\Windows\System32\shcore.dll
0x00007ffb8b2e0000 - 0x00007ffb8ba62000 	C:\Windows\System32\windows.storage.dll
0x00007ffb8b290000 - 0x00007ffb8b2b3000 	C:\Windows\System32\profapi.dll
0x00007ffb8b240000 - 0x00007ffb8b28a000 	C:\Windows\System32\powrprof.dll
0x00007ffb8b210000 - 0x00007ffb8b220000 	C:\Windows\System32\UMPDC.dll
0x00007ffb8d310000 - 0x00007ffb8d362000 	C:\Windows\System32\shlwapi.dll
0x00007ffb8c3f0000 - 0x00007ffb8c407000 	C:\Windows\System32\cryptsp.dll
0x00007ffb6d3b0000 - 0x00007ffb6d3c9000 	C:\Program Files\Java\jdk-15.0.1\bin\net.dll
0x00007ffb7a350000 - 0x00007ffb7a440000 	C:\Windows\SYSTEM32\WINHTTP.dll
0x00007ffb8a400000 - 0x00007ffb8a467000 	C:\Windows\system32\mswsock.dll
0x00007ffb6cbc0000 - 0x00007ffb6cbd2000 	C:\Program Files\Java\jdk-15.0.1\bin\nio.dll
0x00007ffb6cba0000 - 0x00007ffb6cbb8000 	C:\Program Files\Java\jdk-15.0.1\bin\zip.dll
0x00007ffb6cb90000 - 0x00007ffb6cba0000 	C:\Program Files\Java\jdk-15.0.1\bin\verify.dll
0x00007ffb6cb60000 - 0x00007ffb6cb87000 	C:\Users\PC\.gradle\native\c976cfcca226fdd4bee4412e95191dd41148b7504f9625baeda1d523bc39a967\windows-amd64\native-platform.dll
0x00007ffb6cb40000 - 0x00007ffb6cb49000 	C:\Program Files\Java\jdk-15.0.1\bin\management.dll
0x00007ffb6cb30000 - 0x00007ffb6cb3b000 	C:\Program Files\Java\jdk-15.0.1\bin\management_ext.dll
0x00007ffb89f70000 - 0x00007ffb89fa3000 	C:\Windows\system32\rsaenh.dll
0x00007ffb8c220000 - 0x00007ffb8c246000 	C:\Windows\System32\bcrypt.dll
0x00007ffb8b130000 - 0x00007ffb8b155000 	C:\Windows\SYSTEM32\USERENV.dll
0x00007ffb8a5d0000 - 0x00007ffb8a5dc000 	C:\Windows\SYSTEM32\CRYPTBASE.dll
0x00007ffb8a110000 - 0x00007ffb8a14a000 	C:\Windows\SYSTEM32\IPHLPAPI.DLL
0x00007ffb8c7e0000 - 0x00007ffb8c7e8000 	C:\Windows\System32\NSI.dll
0x00007ffb82230000 - 0x00007ffb82246000 	C:\Windows\SYSTEM32\dhcpcsvc6.DLL
0x00007ffb81930000 - 0x00007ffb8194c000 	C:\Windows\SYSTEM32\dhcpcsvc.DLL
0x00007ffb8a150000 - 0x00007ffb8a21b000 	C:\Windows\SYSTEM32\DNSAPI.dll
0x00007ffb6cb20000 - 0x00007ffb6cb2d000 	C:\Program Files\Java\jdk-15.0.1\bin\sunmscapi.dll
0x00007ffb8c250000 - 0x00007ffb8c399000 	C:\Windows\System32\CRYPT32.dll
0x00007ffb8b2c0000 - 0x00007ffb8b2d2000 	C:\Windows\System32\MSASN1.dll
0x00007ffb8a6f0000 - 0x00007ffb8a716000 	C:\Windows\SYSTEM32\ncrypt.dll
0x00007ffb8a6b0000 - 0x00007ffb8a6eb000 	C:\Windows\SYSTEM32\NTASN1.dll
0x00007ffb79c70000 - 0x00007ffb79c7a000 	C:\Windows\System32\rasadhlp.dll
0x00007ffb81380000 - 0x00007ffb813f7000 	C:\Windows\System32\fwpuclnt.dll

dbghelp: loaded successfully - version: 4.0.5 - missing functions: none
symbol engine: initialized successfully - sym options: 0x614 - pdb path: .;C:\Program Files\Java\jdk-15.0.1\bin;C:\Windows\SYSTEM32;C:\Windows\WinSxS\amd64_microsoft.windows.common-controls_6595b64144ccf1df_6.0.18362.959_none_e6c7bbbf130c62bb;C:\Program Files\Java\jdk-15.0.1\bin\server;C:\Users\PC\.gradle\native\c976cfcca226fdd4bee4412e95191dd41148b7504f9625baeda1d523bc39a967\windows-amd64

VM Arguments:
jvm_args: --add-opens=java.base/java.util=ALL-UNNAMED --add-opens=java.base/java.lang=ALL-UNNAMED --add-opens=java.base/java.lang.invoke=ALL-UNNAMED --add-opens=java.prefs/java.util.prefs=ALL-UNNAMED -Xmx1536m -Dfile.encoding=windows-1252 -Duser.country=US -Duser.language=en -Duser.variant 
java_command: org.gradle.launcher.daemon.bootstrap.GradleDaemon 6.3
java_class_path (initial): C:\Users\PC\.gradle\wrapper\dists\gradle-6.3-all\b4awcolw9l59x95tu1obfh9i8\gradle-6.3\lib\gradle-launcher-6.3.jar
Launcher Type: SUN_STANDARD

[Global flags]
     intx CICompilerCount                          = 3                                         {product} {ergonomic}
     uint ConcGCThreads                            = 1                                         {product} {ergonomic}
     uint G1ConcRefinementThreads                  = 4                                         {product} {ergonomic}
   size_t G1HeapRegionSize                         = 1048576                                   {product} {ergonomic}
    uintx GCDrainStackTargetSize                   = 64                                        {product} {ergonomic}
   size_t InitialHeapSize                          = 134217728                                 {product} {ergonomic}
   size_t MarkStackSize                            = 4194304                                   {product} {ergonomic}
   size_t MaxHeapSize                              = 1610612736                                {product} {command line}
   size_t MaxNewSize                               = 965738496                                 {product} {ergonomic}
   size_t MinHeapDeltaBytes                        = 1048576                                   {product} {ergonomic}
   size_t MinHeapSize                              = 8388608                                   {product} {ergonomic}
    uintx NonNMethodCodeHeapSize                   = 5832780                                {pd product} {ergonomic}
    uintx NonProfiledCodeHeapSize                  = 122912730                              {pd product} {ergonomic}
    uintx ProfiledCodeHeapSize                     = 122912730                              {pd product} {ergonomic}
    uintx ReservedCodeCacheSize                    = 251658240                              {pd product} {ergonomic}
     bool SegmentedCodeCache                       = true                                      {product} {ergonomic}
   size_t SoftMaxHeapSize                          = 1610612736                             {manageable} {ergonomic}
     bool UseCompressedClassPointers               = true                                 {lp64_product} {ergonomic}
     bool UseCompressedOops                        = true                                 {lp64_product} {ergonomic}
     bool UseG1GC                                  = true                                      {product} {ergonomic}
     bool UseLargePagesIndividualAllocation        = false                                  {pd product} {ergonomic}

Logging:
Log output configuration:
 #0: stdout all=warning uptime,level,tags
 #1: stderr all=off uptime,level,tags

Environment Variables:
JAVA_HOME=C:\Program Files\Java\jdk-15.0.1
CLASSPATH=C:\Users\PC\Desktop\EasyEngApp\android\\gradle\wrapper\gradle-wrapper.jar
PATH=C:\Users\PC\Desktop\EasyEngApp\android\node_modules\.bin;C:\Users\PC\Desktop\EasyEngApp\node_modules\.bin;C:\Users\PC\Desktop\node_modules\.bin;C:\Users\PC\node_modules\.bin;C:\Users\node_modules\.bin;C:\node_modules\.bin;C:\Program Files\nodejs;C:\Program Files\Common Files\Oracle\Java\javapath;C:\Windows\system32;C:\Windows;C:\Windows\System32\Wbem;C:\Windows\System32\WindowsPowerShell\v1.0\;C:\Windows\System32\OpenSSH\;C:\Program Files\Microsoft SQL Server\Client SDK\ODBC\170\Tools\Binn\;C:\Program Files (x86)\Microsoft SQL Server\150\Tools\Binn\;C:\Program Files\Microsoft SQL Server\150\Tools\Binn\;C:\Program Files\Microsoft SQL Server\150\DTS\Binn\;C:\Program Files\dotnet\;C:\Program Files\Microsoft SQL Server\130\Tools\Binn\;C:\Program Files (x86)\Microsoft SQL Server\150\DTS\Binn\;C:\Program Files\Git\cmd;C:\Program Files\nodejs\;%ANDROID_HOME%;C:\Program Files\Java\jdk-15.0.1\bin;C:\ProgramData\chocolatey\bin;C:\Program Files (x86)\Yarn\bin\;C:\Users\PC\AppData\Local\Android\Sdk\platform-tools;C:\Users\PC\AppData\Local\Android\Sdk\tools;C:\Users\PC\AppData\Local\Microsoft\WindowsApps;C:\Users\PC\.dotnet\tools;C:\Users\PC\AppData\Local\Programs\Microsoft VS Code\bin;C:\Users\PC\AppData\Roaming\npm;C:\Users\PC\AppData\Local\atom\bin;C:\Users\PC\AppData\Local\Yarn\bin;C:\Users\PC\AppData\Local\Android\Sdk\tools;
USERNAME=PC
OS=Windows_NT
PROCESSOR_IDENTIFIER=Intel64 Family 6 Model 142 Stepping 9, GenuineIntel



---------------  S Y S T E M  ---------------

OS:
 Windows 10 , 64 bit Build 18362 (10.0.18362.959)
OS uptime: 0 days 0:31 hours

CPU: total 4 (initial active 4) (2 cores per cpu, 2 threads per core) family 6 model 142 stepping 9 microcode 0xb4, cmov, cx8, fxsr, mmx, sse, sse2, sse3, ssse3, sse4.1, sse4.2, popcnt, vzeroupper, avx, avx2, aes, clmul, erms, 3dnowpref, lzcnt, ht, tsc, tscinvbit, bmi1, bmi2, adx, fma, clflush, clflushopt

Memory: 4k page, system-wide physical 8090M (1031M free)
TotalPageFile size 9101M (AvailPageFile size 7M)
current process WorkingSet (physical memory assigned to process): 457M, peak: 458M
current process commit charge ("private bytes"): 494M, peak: 495M

vm_info: Java HotSpot(TM) 64-Bit Server VM (15.0.1+9-18) for windows-amd64 JRE (15.0.1+9-18), built on Sep 15 2020 14:43:54 by "mach5one" with unknown MS VC++:1925

END.
