#
# There is insufficient memory for the Java Runtime Environment to continue.
# Native memory allocation (malloc) failed to allocate 1953456 bytes for Chunk::new
# Possible reasons:
#   The system is out of physical RAM or swap space
#   The process is running with CompressedOops enabled, and the Java Heap may be blocking the growth of the native heap
# Possible solutions:
#   Reduce memory load on the system
#   Increase physical memory or swap space
#   Check if swap backing store is full
#   Decrease Java heap size (-Xmx/-Xms)
#   Decrease number of Java threads
#   Decrease Java thread stack sizes (-Xss)
#   Set larger code cache with -XX:ReservedCodeCacheSize=
#   JVM is running with Unscaled Compressed Oops mode in which the Java heap is
#     placed in the first 4GB address space. The Java Heap base address is the
#     maximum limit for the native heap growth. Please use -XX:HeapBaseMinAddress
#     to set the Java Heap base and to place the Java Heap above 4GB virtual address.
# This output file may be truncated or incomplete.
#
#  Out of Memory Error (./open/src/hotspot/share/memory/arena.cpp:195), pid=3652, tid=2308
#
# JRE version: Java(TM) SE Runtime Environment (15.0.1+9) (build 15.0.1+9-18)
# Java VM: Java HotSpot(TM) 64-Bit Server VM (15.0.1+9-18, mixed mode, sharing, tiered, compressed oops, g1 gc, windows-amd64)
# No core dump will be written. Minidumps are not enabled by default on client versions of Windows
#

---------------  S U M M A R Y ------------

Command Line: --add-opens=java.base/java.util=ALL-UNNAMED --add-opens=java.base/java.lang=ALL-UNNAMED --add-opens=java.base/java.lang.invoke=ALL-UNNAMED --add-opens=java.prefs/java.util.prefs=ALL-UNNAMED -Xmx512m -Dfile.encoding=windows-1252 -Duser.country=US -Duser.language=en -Duser.variant org.gradle.launcher.daemon.bootstrap.GradleDaemon 6.3

Host: Intel(R) Core(TM) i5-7200U CPU @ 2.50GHz, 4 cores, 7G,  Windows 10 , 64 bit Build 18362 (10.0.18362.959)
Time: Fri Dec 25 11:45:03 2020 SE Asia Standard Time elapsed time: 33.408624 seconds (0d 0h 0m 33s)

---------------  T H R E A D  ---------------

Current thread (0x000002a41f5ea890):  JavaThread "C2 CompilerThread1" daemon [_thread_in_native, id=2308, stack(0x000000f770800000,0x000000f770900000)]


Current CompileTask:
C2:  33408 11388       4       org.gradle.internal.graph.CachingDirectedGraphWalker::doSearch (659 bytes)

Stack: [0x000000f770800000,0x000000f770900000]
Native frames: (J=compiled Java code, j=interpreted, Vv=VM code, C=native code)
V  [jvm.dll+0x62ae9a]
V  [jvm.dll+0x781389]
V  [jvm.dll+0x782ae3]
V  [jvm.dll+0x783143]
V  [jvm.dll+0x216265]
V  [jvm.dll+0x97efa]
V  [jvm.dll+0x985dc]
V  [jvm.dll+0x32e4c8]
V  [jvm.dll+0x2f78aa]
V  [jvm.dll+0x2f6c6a]
V  [jvm.dll+0x1ea645]
V  [jvm.dll+0x1e98ae]
V  [jvm.dll+0x1784c7]
V  [jvm.dll+0x1f9165]
V  [jvm.dll+0x1f720c]
V  [jvm.dll+0x74485d]
V  [jvm.dll+0x73d65a]
V  [jvm.dll+0x629c56]
C  [ucrtbase.dll+0x20e82]
C  [KERNEL32.DLL+0x17bd4]
C  [ntdll.dll+0x6ce51]


---------------  P R O C E S S  ---------------

Threads class SMR info:
_java_thread_list=0x000002a41b02c610, length=38, elements={
0x000002a47d9b8670, 0x000002a47da7e640, 0x000002a47f2295b0, 0x000002a47f243ed0,
0x000002a47f2468a0, 0x000002a47f24a920, 0x000002a47f24f1b0, 0x000002a47f252260,
0x000002a47f253ae0, 0x000002a47fc7adc0, 0x000002a47fca5ec0, 0x000002a41a159530,
0x000002a41ab14720, 0x000002a41986e640, 0x000002a41aadd780, 0x000002a41aaddc50,
0x000002a419ed1e00, 0x000002a41a17f260, 0x000002a41a17fb00, 0x000002a41a63fbc0,
0x000002a41ab69330, 0x000002a41ab67b20, 0x000002a41ab68990, 0x000002a41ab68e60,
0x000002a41ab67ff0, 0x000002a41ab65970, 0x000002a41abdb090, 0x000002a41abddbe0,
0x000002a41abdd710, 0x000002a41abde580, 0x000002a41abdc8a0, 0x000002a41abdea50,
0x000002a41abdcd70, 0x000002a41a50c3a0, 0x000002a41a50b060, 0x000002a41e19ea70,
0x000002a41e1a5920, 0x000002a41f5ea890
}

Java Threads: ( => current thread )
  0x000002a47d9b8670 JavaThread "main" [_thread_blocked, id=7372, stack(0x000000f76f600000,0x000000f76f700000)]
  0x000002a47da7e640 JavaThread "Reference Handler" daemon [_thread_blocked, id=9528, stack(0x000000f76fd00000,0x000000f76fe00000)]
  0x000002a47f2295b0 JavaThread "Finalizer" daemon [_thread_blocked, id=9824, stack(0x000000f76fe00000,0x000000f76ff00000)]
  0x000002a47f243ed0 JavaThread "Signal Dispatcher" daemon [_thread_blocked, id=3740, stack(0x000000f76ff00000,0x000000f770000000)]
  0x000002a47f2468a0 JavaThread "Attach Listener" daemon [_thread_blocked, id=5620, stack(0x000000f770000000,0x000000f770100000)]
  0x000002a47f24a920 JavaThread "Service Thread" daemon [_thread_blocked, id=6348, stack(0x000000f770100000,0x000000f770200000)]
  0x000002a47f24f1b0 JavaThread "C2 CompilerThread0" daemon [_thread_in_native, id=580, stack(0x000000f770200000,0x000000f770300000)]
  0x000002a47f252260 JavaThread "C1 CompilerThread0" daemon [_thread_blocked, id=1384, stack(0x000000f770300000,0x000000f770400000)]
  0x000002a47f253ae0 JavaThread "Sweeper thread" daemon [_thread_blocked, id=9984, stack(0x000000f770400000,0x000000f770500000)]
  0x000002a47fc7adc0 JavaThread "Common-Cleaner" daemon [_thread_blocked, id=2708, stack(0x000000f770500000,0x000000f770600000)]
  0x000002a47fca5ec0 JavaThread "Notification Thread" daemon [_thread_blocked, id=8984, stack(0x000000f770600000,0x000000f770700000)]
  0x000002a41a159530 JavaThread "Daemon health stats" [_thread_blocked, id=9864, stack(0x000000f770b00000,0x000000f770c00000)]
  0x000002a41ab14720 JavaThread "Incoming local TCP Connector on port 51086" [_thread_in_native, id=2076, stack(0x000000f770c00000,0x000000f770d00000)]
  0x000002a41986e640 JavaThread "Daemon periodic checks" [_thread_blocked, id=9840, stack(0x000000f770d00000,0x000000f770e00000)]
  0x000002a41aadd780 JavaThread "Daemon" [_thread_blocked, id=5520, stack(0x000000f770e00000,0x000000f770f00000)]
  0x000002a41aaddc50 JavaThread "Handler for socket connection from /127.0.0.1:51086 to /127.0.0.1:51087" [_thread_in_native, id=1992, stack(0x000000f770f00000,0x000000f771000000)]
  0x000002a419ed1e00 JavaThread "Cancel handler" [_thread_blocked, id=1608, stack(0x000000f771000000,0x000000f771100000)]
  0x000002a41a17f260 JavaThread "Daemon worker" [_thread_in_native, id=2864, stack(0x000000f771100000,0x000000f771200000)]
  0x000002a41a17fb00 JavaThread "Asynchronous log dispatcher for DefaultDaemonConnection: socket connection from /127.0.0.1:51086 to /127.0.0.1:51087" [_thread_blocked, id=9784, stack(0x000000f771200000,0x000000f771300000)]
  0x000002a41a63fbc0 JavaThread "Stdin handler" [_thread_blocked, id=6904, stack(0x000000f771300000,0x000000f771400000)]
  0x000002a41ab69330 JavaThread "Thread-8" [_thread_blocked, id=9040, stack(0x000000f771400000,0x000000f771500000)]
  0x000002a41ab67b20 JavaThread "Cache worker for journal cache (C:\Users\PC\.gradle\caches\journal-1)" [_thread_blocked, id=4248, stack(0x000000f771500000,0x000000f771600000)]
  0x000002a41ab68990 JavaThread "File lock request listener" [_thread_in_native, id=4336, stack(0x000000f771600000,0x000000f771700000)]
  0x000002a41ab68e60 JavaThread "Cache worker for file hash cache (C:\Users\PC\.gradle\caches\6.3\fileHashes)" [_thread_blocked, id=10076, stack(0x000000f771700000,0x000000f771800000)]
  0x000002a41ab67ff0 JavaThread "Cache worker for checksums cache (C:\Users\PC\Desktop\EasyEngApp\android\.gradle\checksums)" [_thread_blocked, id=5624, stack(0x000000f771800000,0x000000f771900000)]
  0x000002a41ab65970 JavaThread "Cache worker for file hash cache (C:\Users\PC\Desktop\EasyEngApp\android\.gradle\6.3\fileHashes)" [_thread_blocked, id=1612, stack(0x000000f771900000,0x000000f771a00000)]
  0x000002a41abdb090 JavaThread "Cache worker for cache directory md-supplier (C:\Users\PC\.gradle\caches\6.3\md-supplier)" [_thread_blocked, id=9580, stack(0x000000f771a00000,0x000000f771b00000)]
  0x000002a41abddbe0 JavaThread "Cache worker for cache directory md-rule (C:\Users\PC\.gradle\caches\6.3\md-rule)" [_thread_blocked, id=4984, stack(0x000000f771c00000,0x000000f771d00000)]
  0x000002a41abdd710 JavaThread "Cache worker for execution history cache (C:\Users\PC\.gradle\caches\6.3\executionHistory)" [_thread_blocked, id=6744, stack(0x000000f771d00000,0x000000f771e00000)]
  0x000002a41abde580 JavaThread "Build operations" [_thread_blocked, id=4340, stack(0x000000f771e00000,0x000000f771f00000)]
  0x000002a41abdc8a0 JavaThread "Build operations Thread 2" [_thread_blocked, id=880, stack(0x000000f771f00000,0x000000f772000000)]
  0x000002a41abdea50 JavaThread "Build operations Thread 3" [_thread_blocked, id=2868, stack(0x000000f772000000,0x000000f772100000)]
  0x000002a41abdcd70 JavaThread "Build operations Thread 4" [_thread_blocked, id=8088, stack(0x000000f772100000,0x000000f772200000)]
  0x000002a41a50c3a0 JavaThread "Cache worker for Build Output Cleanup Cache (C:\Users\PC\Desktop\EasyEngApp\android\.gradle\buildOutputCleanup)" [_thread_blocked, id=9964, stack(0x000000f772300000,0x000000f772400000)]
  0x000002a41a50b060 JavaThread "Memory manager" [_thread_blocked, id=6844, stack(0x000000f772400000,0x000000f772500000)]
  0x000002a41e19ea70 JavaThread "Cache worker for file content cache (C:\Users\PC\.gradle\caches\6.3\fileContent)" [_thread_blocked, id=792, stack(0x000000f772500000,0x000000f772600000)]
  0x000002a41e1a5920 JavaThread "Cache worker for file content cache (C:\Users\PC\Desktop\EasyEngApp\android\.gradle\6.3\fileContent)" [_thread_blocked, id=8676, stack(0x000000f772600000,0x000000f772700000)]
=>0x000002a41f5ea890 JavaThread "C2 CompilerThread1" daemon [_thread_in_native, id=2308, stack(0x000000f770800000,0x000000f770900000)]

Other Threads:
  0x000002a47f228470 VMThread "VM Thread" [stack: 0x000000f76fc00000,0x000000f76fd00000] [id=3888]
  0x000002a47fcad7d0 WatcherThread [stack: 0x000000f770700000,0x000000f770800000] [id=8216]
  0x000002a47d9dffe0 GCTaskThread "GC Thread#0" [stack: 0x000000f76f700000,0x000000f76f800000] [id=32]
  0x000002a4194d3b10 GCTaskThread "GC Thread#1" [stack: 0x000000f770900000,0x000000f770a00000] [id=4292]
  0x000002a4194d3e40 GCTaskThread "GC Thread#2" [stack: 0x000000f770a00000,0x000000f770b00000] [id=6572]
  0x000002a4194d57c0 GCTaskThread "GC Thread#3" [stack: 0x000000f771b00000,0x000000f771c00000] [id=6972]
  0x000002a47d9e51c0 ConcurrentGCThread "G1 Main Marker" [stack: 0x000000f76f800000,0x000000f76f900000] [id=7596]
  0x000002a47d9e6cd0 ConcurrentGCThread "G1 Conc#0" [stack: 0x000000f76f900000,0x000000f76fa00000] [id=1020]
  0x000002a47da5e6d0 ConcurrentGCThread "G1 Refine#0" [stack: 0x000000f76fa00000,0x000000f76fb00000] [id=1864]
  0x000002a41e9ec3b0 ConcurrentGCThread "G1 Refine#1" [stack: 0x000000f772200000,0x000000f772300000] [id=7576]
  0x000002a47da5f1e0 ConcurrentGCThread "G1 Young RemSet Sampling" [stack: 0x000000f76fb00000,0x000000f76fc00000] [id=10016]

Threads with active compile tasks:
C2 CompilerThread0    33458 11446       4       org.gradle.internal.instantiation.generator.AbstractClassGenerator::inspectType (559 bytes)
C2 CompilerThread1    33458 11388       4       org.gradle.internal.graph.CachingDirectedGraphWalker::doSearch (659 bytes)

VM state: not at safepoint (normal execution)

VM Mutex/Monitor currently owned by a thread: None

Heap address: 0x00000000e0000000, size: 512 MB, Compressed Oops mode: 32-bit
CDS archive(s) mapped at: [0x0000000800000000-0x0000000800b50000-0x0000000800b50000), size 11862016, SharedBaseAddress: 0x0000000800000000, ArchiveRelocationMode: 0.
Compressed class space mapped at: 0x0000000800b50000-0x0000000840b50000, size: 1073741824
Narrow klass base: 0x0000000800000000, Narrow klass shift: 3, Narrow klass range: 0x100000000

GC Precious Log:
 CPUs: 4 total, 4 available
 Memory: 8090M
 Large Page Support: Disabled
 NUMA Support: Disabled
 Compressed Oops: Enabled (32-bit)
 Heap Region Size: 1M
 Heap Min Capacity: 8M
 Heap Initial Capacity: 128M
 Heap Max Capacity: 512M
 Pre-touch: Disabled
 Parallel Workers: 4
 Concurrent Workers: 1
 Concurrent Refinement Workers: 4
 Periodic GC: Disabled

Heap:
 garbage-first heap   total 224256K, used 133413K [0x00000000e0000000, 0x0000000100000000)
  region size 1024K, 21 young (21504K), 5 survivors (5120K)
 Metaspace       used 75282K, capacity 78218K, committed 78364K, reserved 1118208K
  class space    used 9694K, capacity 10506K, committed 10624K, reserved 1048576K

Heap Regions: E=young(eden), S=young(survivor), O=old, HS=humongous(starts), HC=humongous(continues), CS=collection set, F=free, OA=open archive, CA=closed archive, TAMS=top-at-mark-start (previous, next)
|   0|0x00000000e0000000, 0x00000000e0100000, 0x00000000e0100000|100%| O|  |TAMS 0x00000000e0100000, 0x00000000e0000000| Updating 
|   1|0x00000000e0100000, 0x00000000e0200000, 0x00000000e0200000|100%| O|  |TAMS 0x00000000e0200000, 0x00000000e0100000| Updating 
|   2|0x00000000e0200000, 0x00000000e0300000, 0x00000000e0300000|100%| O|  |TAMS 0x00000000e0300000, 0x00000000e0200000| Updating 
|   3|0x00000000e0300000, 0x00000000e0400000, 0x00000000e0400000|100%|HS|  |TAMS 0x00000000e0400000, 0x00000000e0300000| Complete 
|   4|0x00000000e0400000, 0x00000000e0500000, 0x00000000e0500000|100%|HC|  |TAMS 0x00000000e0500000, 0x00000000e0400000| Complete 
|   5|0x00000000e0500000, 0x00000000e0600000, 0x00000000e0600000|100%|HC|  |TAMS 0x00000000e0600000, 0x00000000e0500000| Complete 
|   6|0x00000000e0600000, 0x00000000e0700000, 0x00000000e0700000|100%| O|  |TAMS 0x00000000e0700000, 0x00000000e0600000| Updating 
|   7|0x00000000e0700000, 0x00000000e0800000, 0x00000000e0800000|100%| O|  |TAMS 0x00000000e0800000, 0x00000000e0700000| Updating 
|   8|0x00000000e0800000, 0x00000000e0900000, 0x00000000e0900000|100%| O|  |TAMS 0x00000000e0900000, 0x00000000e0800000| Updating 
|   9|0x00000000e0900000, 0x00000000e0a00000, 0x00000000e0a00000|100%| O|  |TAMS 0x00000000e0a00000, 0x00000000e0900000| Updating 
|  10|0x00000000e0a00000, 0x00000000e0b00000, 0x00000000e0b00000|100%| O|  |TAMS 0x00000000e0b00000, 0x00000000e0a00000| Updating 
|  11|0x00000000e0b00000, 0x00000000e0c00000, 0x00000000e0c00000|100%| O|  |TAMS 0x00000000e0c00000, 0x00000000e0b00000| Updating 
|  12|0x00000000e0c00000, 0x00000000e0d00000, 0x00000000e0d00000|100%| O|  |TAMS 0x00000000e0d00000, 0x00000000e0c00000| Updating 
|  13|0x00000000e0d00000, 0x00000000e0e00000, 0x00000000e0e00000|100%| O|  |TAMS 0x00000000e0e00000, 0x00000000e0d00000| Updating 
|  14|0x00000000e0e00000, 0x00000000e0f00000, 0x00000000e0f00000|100%| O|  |TAMS 0x00000000e0f00000, 0x00000000e0e00000| Updating 
|  15|0x00000000e0f00000, 0x00000000e1000000, 0x00000000e1000000|100%| O|  |TAMS 0x00000000e1000000, 0x00000000e0f00000| Updating 
|  16|0x00000000e1000000, 0x00000000e1100000, 0x00000000e1100000|100%| O|  |TAMS 0x00000000e1100000, 0x00000000e1000000| Updating 
|  17|0x00000000e1100000, 0x00000000e11ab400, 0x00000000e1200000| 66%| O|  |TAMS 0x00000000e11ab400, 0x00000000e1100000| Updating 
|  18|0x00000000e1200000, 0x00000000e1300000, 0x00000000e1300000|100%| O|  |TAMS 0x00000000e1300000, 0x00000000e1200000| Updating 
|  19|0x00000000e1300000, 0x00000000e1400000, 0x00000000e1400000|100%| O|  |TAMS 0x00000000e1400000, 0x00000000e1300000| Updating 
|  20|0x00000000e1400000, 0x00000000e1500000, 0x00000000e1500000|100%| O|  |TAMS 0x00000000e1500000, 0x00000000e1400000| Updating 
|  21|0x00000000e1500000, 0x00000000e1600000, 0x00000000e1600000|100%| O|  |TAMS 0x00000000e1600000, 0x00000000e1500000| Updating 
|  22|0x00000000e1600000, 0x00000000e1700000, 0x00000000e1700000|100%| O|  |TAMS 0x00000000e1700000, 0x00000000e1600000| Updating 
|  23|0x00000000e1700000, 0x00000000e1800000, 0x00000000e1800000|100%| O|  |TAMS 0x00000000e1800000, 0x00000000e1700000| Updating 
|  24|0x00000000e1800000, 0x00000000e1900000, 0x00000000e1900000|100%| O|  |TAMS 0x00000000e1900000, 0x00000000e1800000| Updating 
|  25|0x00000000e1900000, 0x00000000e1a00000, 0x00000000e1a00000|100%|HS|  |TAMS 0x00000000e1a00000, 0x00000000e1900000| Complete 
|  26|0x00000000e1a00000, 0x00000000e1b00000, 0x00000000e1b00000|100%|HC|  |TAMS 0x00000000e1b00000, 0x00000000e1a00000| Complete 
|  27|0x00000000e1b00000, 0x00000000e1c00000, 0x00000000e1c00000|100%| O|  |TAMS 0x00000000e1c00000, 0x00000000e1b00000| Updating 
|  28|0x00000000e1c00000, 0x00000000e1d00000, 0x00000000e1d00000|100%| O|  |TAMS 0x00000000e1d00000, 0x00000000e1c00000| Updating 
|  29|0x00000000e1d00000, 0x00000000e1e00000, 0x00000000e1e00000|100%| O|  |TAMS 0x00000000e1e00000, 0x00000000e1d00000| Updating 
|  30|0x00000000e1e00000, 0x00000000e1f00000, 0x00000000e1f00000|100%| O|  |TAMS 0x00000000e1f00000, 0x00000000e1e00000| Updating 
|  31|0x00000000e1f00000, 0x00000000e2000000, 0x00000000e2000000|100%| O|  |TAMS 0x00000000e2000000, 0x00000000e1f00000| Updating 
|  32|0x00000000e2000000, 0x00000000e2100000, 0x00000000e2100000|100%| O|  |TAMS 0x00000000e2100000, 0x00000000e2000000| Updating 
|  33|0x00000000e2100000, 0x00000000e2200000, 0x00000000e2200000|100%| O|  |TAMS 0x00000000e2200000, 0x00000000e2100000| Updating 
|  34|0x00000000e2200000, 0x00000000e2300000, 0x00000000e2300000|100%| O|  |TAMS 0x00000000e2300000, 0x00000000e2200000| Updating 
|  35|0x00000000e2300000, 0x00000000e2400000, 0x00000000e2400000|100%| O|  |TAMS 0x00000000e2400000, 0x00000000e2300000| Updating 
|  36|0x00000000e2400000, 0x00000000e2500000, 0x00000000e2500000|100%| O|  |TAMS 0x00000000e2500000, 0x00000000e2400000| Updating 
|  37|0x00000000e2500000, 0x00000000e2600000, 0x00000000e2600000|100%| O|  |TAMS 0x00000000e2600000, 0x00000000e2500000| Updating 
|  38|0x00000000e2600000, 0x00000000e2700000, 0x00000000e2700000|100%| O|  |TAMS 0x00000000e2700000, 0x00000000e2600000| Updating 
|  39|0x00000000e2700000, 0x00000000e2800000, 0x00000000e2800000|100%| O|  |TAMS 0x00000000e2800000, 0x00000000e2700000| Updating 
|  40|0x00000000e2800000, 0x00000000e2900000, 0x00000000e2900000|100%| O|  |TAMS 0x00000000e2900000, 0x00000000e2800000| Updating 
|  41|0x00000000e2900000, 0x00000000e2a00000, 0x00000000e2a00000|100%| O|  |TAMS 0x00000000e2a00000, 0x00000000e2900000| Updating 
|  42|0x00000000e2a00000, 0x00000000e2b00000, 0x00000000e2b00000|100%| O|  |TAMS 0x00000000e2b00000, 0x00000000e2a00000| Updating 
|  43|0x00000000e2b00000, 0x00000000e2c00000, 0x00000000e2c00000|100%| O|  |TAMS 0x00000000e2c00000, 0x00000000e2b00000| Updating 
|  44|0x00000000e2c00000, 0x00000000e2d00000, 0x00000000e2d00000|100%| O|  |TAMS 0x00000000e2d00000, 0x00000000e2c00000| Updating 
|  45|0x00000000e2d00000, 0x00000000e2e00000, 0x00000000e2e00000|100%| O|  |TAMS 0x00000000e2e00000, 0x00000000e2d00000| Updating 
|  46|0x00000000e2e00000, 0x00000000e2f00000, 0x00000000e2f00000|100%| O|  |TAMS 0x00000000e2f00000, 0x00000000e2e00000| Updating 
|  47|0x00000000e2f00000, 0x00000000e3000000, 0x00000000e3000000|100%| O|  |TAMS 0x00000000e3000000, 0x00000000e2f00000| Updating 
|  48|0x00000000e3000000, 0x00000000e3100000, 0x00000000e3100000|100%| O|  |TAMS 0x00000000e3100000, 0x00000000e3000000| Updating 
|  49|0x00000000e3100000, 0x00000000e3200000, 0x00000000e3200000|100%| O|  |TAMS 0x00000000e3200000, 0x00000000e3100000| Updating 
|  50|0x00000000e3200000, 0x00000000e3300000, 0x00000000e3300000|100%| O|  |TAMS 0x00000000e3300000, 0x00000000e3200000| Updating 
|  51|0x00000000e3300000, 0x00000000e3400000, 0x00000000e3400000|100%| O|  |TAMS 0x00000000e3400000, 0x00000000e3300000| Updating 
|  52|0x00000000e3400000, 0x00000000e3500000, 0x00000000e3500000|100%| O|  |TAMS 0x00000000e3500000, 0x00000000e3400000| Updating 
|  53|0x00000000e3500000, 0x00000000e3600000, 0x00000000e3600000|100%| O|  |TAMS 0x00000000e3600000, 0x00000000e3500000| Updating 
|  54|0x00000000e3600000, 0x00000000e3700000, 0x00000000e3700000|100%| O|  |TAMS 0x00000000e3700000, 0x00000000e3600000| Updating 
|  55|0x00000000e3700000, 0x00000000e3800000, 0x00000000e3800000|100%| O|  |TAMS 0x00000000e3800000, 0x00000000e3700000| Updating 
|  56|0x00000000e3800000, 0x00000000e3900000, 0x00000000e3900000|100%| O|  |TAMS 0x00000000e3900000, 0x00000000e3800000| Updating 
|  57|0x00000000e3900000, 0x00000000e3a00000, 0x00000000e3a00000|100%| O|  |TAMS 0x00000000e3a00000, 0x00000000e3900000| Updating 
|  58|0x00000000e3a00000, 0x00000000e3b00000, 0x00000000e3b00000|100%| O|  |TAMS 0x00000000e3b00000, 0x00000000e3a00000| Updating 
|  59|0x00000000e3b00000, 0x00000000e3c00000, 0x00000000e3c00000|100%| O|  |TAMS 0x00000000e3c00000, 0x00000000e3b00000| Updating 
|  60|0x00000000e3c00000, 0x00000000e3d00000, 0x00000000e3d00000|100%| O|  |TAMS 0x00000000e3d00000, 0x00000000e3c00000| Updating 
|  61|0x00000000e3d00000, 0x00000000e3e00000, 0x00000000e3e00000|100%| O|  |TAMS 0x00000000e3e00000, 0x00000000e3d00000| Updating 
|  62|0x00000000e3e00000, 0x00000000e3f00000, 0x00000000e3f00000|100%| O|  |TAMS 0x00000000e3f00000, 0x00000000e3e00000| Updating 
|  63|0x00000000e3f00000, 0x00000000e4000000, 0x00000000e4000000|100%| O|  |TAMS 0x00000000e4000000, 0x00000000e3f00000| Updating 
|  64|0x00000000e4000000, 0x00000000e4100000, 0x00000000e4100000|100%| O|  |TAMS 0x00000000e4100000, 0x00000000e4000000| Updating 
|  65|0x00000000e4100000, 0x00000000e4200000, 0x00000000e4200000|100%| O|  |TAMS 0x00000000e4200000, 0x00000000e4100000| Updating 
|  66|0x00000000e4200000, 0x00000000e4300000, 0x00000000e4300000|100%| O|  |TAMS 0x00000000e4300000, 0x00000000e4200000| Updating 
|  67|0x00000000e4300000, 0x00000000e4400000, 0x00000000e4400000|100%| O|  |TAMS 0x00000000e4400000, 0x00000000e4300000| Updating 
|  68|0x00000000e4400000, 0x00000000e4500000, 0x00000000e4500000|100%| O|  |TAMS 0x00000000e4500000, 0x00000000e4400000| Updating 
|  69|0x00000000e4500000, 0x00000000e4600000, 0x00000000e4600000|100%| O|  |TAMS 0x00000000e4600000, 0x00000000e4500000| Updating 
|  70|0x00000000e4600000, 0x00000000e4700000, 0x00000000e4700000|100%| O|  |TAMS 0x00000000e4700000, 0x00000000e4600000| Updating 
|  71|0x00000000e4700000, 0x00000000e4800000, 0x00000000e4800000|100%| O|  |TAMS 0x00000000e4800000, 0x00000000e4700000| Updating 
|  72|0x00000000e4800000, 0x00000000e4900000, 0x00000000e4900000|100%| O|  |TAMS 0x00000000e4900000, 0x00000000e4800000| Updating 
|  73|0x00000000e4900000, 0x00000000e4a00000, 0x00000000e4a00000|100%| O|  |TAMS 0x00000000e4a00000, 0x00000000e4900000| Updating 
|  74|0x00000000e4a00000, 0x00000000e4b00000, 0x00000000e4b00000|100%| O|  |TAMS 0x00000000e4b00000, 0x00000000e4a00000| Updating 
|  75|0x00000000e4b00000, 0x00000000e4c00000, 0x00000000e4c00000|100%| O|  |TAMS 0x00000000e4c00000, 0x00000000e4b00000| Updating 
|  76|0x00000000e4c00000, 0x00000000e4d00000, 0x00000000e4d00000|100%| O|  |TAMS 0x00000000e4d00000, 0x00000000e4c00000| Updating 
|  77|0x00000000e4d00000, 0x00000000e4e00000, 0x00000000e4e00000|100%|HS|  |TAMS 0x00000000e4e00000, 0x00000000e4d00000| Complete 
|  78|0x00000000e4e00000, 0x00000000e4f00000, 0x00000000e4f00000|100%|HC|  |TAMS 0x00000000e4f00000, 0x00000000e4e00000| Complete 
|  79|0x00000000e4f00000, 0x00000000e5000000, 0x00000000e5000000|100%|HC|  |TAMS 0x00000000e5000000, 0x00000000e4f00000| Complete 
|  80|0x00000000e5000000, 0x00000000e5100000, 0x00000000e5100000|100%| O|  |TAMS 0x00000000e5100000, 0x00000000e5000000| Updating 
|  81|0x00000000e5100000, 0x00000000e5200000, 0x00000000e5200000|100%| O|  |TAMS 0x00000000e5200000, 0x00000000e5100000| Updating 
|  82|0x00000000e5200000, 0x00000000e5300000, 0x00000000e5300000|100%| O|  |TAMS 0x00000000e5300000, 0x00000000e5200000| Updating 
|  83|0x00000000e5300000, 0x00000000e5400000, 0x00000000e5400000|100%| O|  |TAMS 0x00000000e5400000, 0x00000000e5300000| Updating 
|  84|0x00000000e5400000, 0x00000000e5500000, 0x00000000e5500000|100%| O|  |TAMS 0x00000000e5500000, 0x00000000e5400000| Updating 
|  85|0x00000000e5500000, 0x00000000e5600000, 0x00000000e5600000|100%| O|  |TAMS 0x00000000e5600000, 0x00000000e5500000| Updating 
|  86|0x00000000e5600000, 0x00000000e5700000, 0x00000000e5700000|100%| O|  |TAMS 0x00000000e5700000, 0x00000000e5600000| Updating 
|  87|0x00000000e5700000, 0x00000000e5800000, 0x00000000e5800000|100%| O|  |TAMS 0x00000000e5800000, 0x00000000e5700000| Updating 
|  88|0x00000000e5800000, 0x00000000e5900000, 0x00000000e5900000|100%| O|  |TAMS 0x00000000e5900000, 0x00000000e5800000| Updating 
|  89|0x00000000e5900000, 0x00000000e5a00000, 0x00000000e5a00000|100%| O|  |TAMS 0x00000000e5a00000, 0x00000000e5900000| Updating 
|  90|0x00000000e5a00000, 0x00000000e5b00000, 0x00000000e5b00000|100%| O|  |TAMS 0x00000000e5b00000, 0x00000000e5a00000| Updating 
|  91|0x00000000e5b00000, 0x00000000e5c00000, 0x00000000e5c00000|100%| O|  |TAMS 0x00000000e5c00000, 0x00000000e5b00000| Updating 
|  92|0x00000000e5c00000, 0x00000000e5d00000, 0x00000000e5d00000|100%| O|  |TAMS 0x00000000e5d00000, 0x00000000e5c00000| Updating 
|  93|0x00000000e5d00000, 0x00000000e5e00000, 0x00000000e5e00000|100%| O|  |TAMS 0x00000000e5e00000, 0x00000000e5d00000| Updating 
|  94|0x00000000e5e00000, 0x00000000e5f00000, 0x00000000e5f00000|100%| O|  |TAMS 0x00000000e5f00000, 0x00000000e5e00000| Updating 
|  95|0x00000000e5f00000, 0x00000000e6000000, 0x00000000e6000000|100%| O|  |TAMS 0x00000000e6000000, 0x00000000e5f00000| Updating 
|  96|0x00000000e6000000, 0x00000000e6100000, 0x00000000e6100000|100%| O|  |TAMS 0x00000000e6100000, 0x00000000e6000000| Updating 
|  97|0x00000000e6100000, 0x00000000e6200000, 0x00000000e6200000|100%| O|  |TAMS 0x00000000e6200000, 0x00000000e6100000| Updating 
|  98|0x00000000e6200000, 0x00000000e6300000, 0x00000000e6300000|100%| O|  |TAMS 0x00000000e6300000, 0x00000000e6200000| Updating 
|  99|0x00000000e6300000, 0x00000000e6400000, 0x00000000e6400000|100%| O|  |TAMS 0x00000000e6400000, 0x00000000e6300000| Updating 
| 100|0x00000000e6400000, 0x00000000e6500000, 0x00000000e6500000|100%| O|  |TAMS 0x00000000e6500000, 0x00000000e6400000| Updating 
| 101|0x00000000e6500000, 0x00000000e6600000, 0x00000000e6600000|100%| O|  |TAMS 0x00000000e6600000, 0x00000000e6500000| Updating 
| 102|0x00000000e6600000, 0x00000000e6700000, 0x00000000e6700000|100%| O|  |TAMS 0x00000000e6700000, 0x00000000e6600000| Updating 
| 103|0x00000000e6700000, 0x00000000e6800000, 0x00000000e6800000|100%| O|  |TAMS 0x00000000e67b0200, 0x00000000e6700000| Updating 
| 104|0x00000000e6800000, 0x00000000e6900000, 0x00000000e6900000|100%| O|  |TAMS 0x00000000e6800000, 0x00000000e6800000| Untracked 
| 105|0x00000000e6900000, 0x00000000e6a00000, 0x00000000e6a00000|100%| O|  |TAMS 0x00000000e6900000, 0x00000000e6900000| Untracked 
| 106|0x00000000e6a00000, 0x00000000e6b00000, 0x00000000e6b00000|100%| O|  |TAMS 0x00000000e6a00000, 0x00000000e6a00000| Untracked 
| 107|0x00000000e6b00000, 0x00000000e6c00000, 0x00000000e6c00000|100%| O|  |TAMS 0x00000000e6b00000, 0x00000000e6b00000| Untracked 
| 108|0x00000000e6c00000, 0x00000000e6d00000, 0x00000000e6d00000|100%| O|  |TAMS 0x00000000e6c00000, 0x00000000e6c00000| Untracked 
| 109|0x00000000e6d00000, 0x00000000e6e00000, 0x00000000e6e00000|100%| O|  |TAMS 0x00000000e6d00000, 0x00000000e6d00000| Untracked 
| 110|0x00000000e6e00000, 0x00000000e6e9e000, 0x00000000e6f00000| 61%| O|  |TAMS 0x00000000e6e00000, 0x00000000e6e00000| Updating 
| 111|0x00000000e6f00000, 0x00000000e6f00000, 0x00000000e7000000|  0%| F|  |TAMS 0x00000000e6f00000, 0x00000000e6f00000| Untracked 
| 112|0x00000000e7000000, 0x00000000e7000000, 0x00000000e7100000|  0%| F|  |TAMS 0x00000000e7000000, 0x00000000e7000000| Untracked 
| 113|0x00000000e7100000, 0x00000000e7100000, 0x00000000e7200000|  0%| F|  |TAMS 0x00000000e7100000, 0x00000000e7100000| Untracked 
| 114|0x00000000e7200000, 0x00000000e7200000, 0x00000000e7300000|  0%| F|  |TAMS 0x00000000e7200000, 0x00000000e7200000| Untracked 
| 115|0x00000000e7300000, 0x00000000e7300000, 0x00000000e7400000|  0%| F|  |TAMS 0x00000000e7300000, 0x00000000e7300000| Untracked 
| 116|0x00000000e7400000, 0x00000000e7400000, 0x00000000e7500000|  0%| F|  |TAMS 0x00000000e7400000, 0x00000000e7400000| Untracked 
| 117|0x00000000e7500000, 0x00000000e7500000, 0x00000000e7600000|  0%| F|  |TAMS 0x00000000e7500000, 0x00000000e7500000| Untracked 
| 118|0x00000000e7600000, 0x00000000e7600000, 0x00000000e7700000|  0%| F|  |TAMS 0x00000000e7600000, 0x00000000e7600000| Untracked 
| 119|0x00000000e7700000, 0x00000000e7700000, 0x00000000e7800000|  0%| F|  |TAMS 0x00000000e7700000, 0x00000000e7700000| Untracked 
| 120|0x00000000e7800000, 0x00000000e7800000, 0x00000000e7900000|  0%| F|  |TAMS 0x00000000e7800000, 0x00000000e7800000| Untracked 
| 121|0x00000000e7900000, 0x00000000e7900000, 0x00000000e7a00000|  0%| F|  |TAMS 0x00000000e7900000, 0x00000000e7900000| Untracked 
| 122|0x00000000e7a00000, 0x00000000e7a00000, 0x00000000e7b00000|  0%| F|  |TAMS 0x00000000e7a00000, 0x00000000e7a00000| Untracked 
| 123|0x00000000e7b00000, 0x00000000e7b00000, 0x00000000e7c00000|  0%| F|  |TAMS 0x00000000e7b00000, 0x00000000e7b00000| Untracked 
| 124|0x00000000e7c00000, 0x00000000e7c00000, 0x00000000e7d00000|  0%| F|  |TAMS 0x00000000e7c00000, 0x00000000e7c00000| Untracked 
| 125|0x00000000e7d00000, 0x00000000e7d00000, 0x00000000e7e00000|  0%| F|  |TAMS 0x00000000e7d00000, 0x00000000e7d00000| Untracked 
| 126|0x00000000e7e00000, 0x00000000e7e00000, 0x00000000e7f00000|  0%| F|  |TAMS 0x00000000e7e00000, 0x00000000e7e00000| Untracked 
| 127|0x00000000e7f00000, 0x00000000e7f00000, 0x00000000e8000000|  0%| F|  |TAMS 0x00000000e7f00000, 0x00000000e7f00000| Untracked 
| 128|0x00000000e8000000, 0x00000000e8000000, 0x00000000e8100000|  0%| F|  |TAMS 0x00000000e8000000, 0x00000000e8000000| Untracked 
| 129|0x00000000e8100000, 0x00000000e8100000, 0x00000000e8200000|  0%| F|  |TAMS 0x00000000e8100000, 0x00000000e8100000| Untracked 
| 130|0x00000000e8200000, 0x00000000e8200000, 0x00000000e8300000|  0%| F|  |TAMS 0x00000000e8200000, 0x00000000e8200000| Untracked 
| 131|0x00000000e8300000, 0x00000000e8300000, 0x00000000e8400000|  0%| F|  |TAMS 0x00000000e8300000, 0x00000000e8300000| Untracked 
| 132|0x00000000e8400000, 0x00000000e8400000, 0x00000000e8500000|  0%| F|  |TAMS 0x00000000e8400000, 0x00000000e8400000| Untracked 
| 133|0x00000000e8500000, 0x00000000e8500000, 0x00000000e8600000|  0%| F|  |TAMS 0x00000000e8500000, 0x00000000e8500000| Untracked 
| 134|0x00000000e8600000, 0x00000000e8700000, 0x00000000e8700000|100%| S|CS|TAMS 0x00000000e8600000, 0x00000000e8600000| Complete 
| 135|0x00000000e8700000, 0x00000000e8800000, 0x00000000e8800000|100%| S|CS|TAMS 0x00000000e8700000, 0x00000000e8700000| Complete 
| 136|0x00000000e8800000, 0x00000000e8900000, 0x00000000e8900000|100%| S|CS|TAMS 0x00000000e8800000, 0x00000000e8800000| Complete 
| 137|0x00000000e8900000, 0x00000000e8a00000, 0x00000000e8a00000|100%| S|CS|TAMS 0x00000000e8900000, 0x00000000e8900000| Complete 
| 138|0x00000000e8a00000, 0x00000000e8b00000, 0x00000000e8b00000|100%| S|CS|TAMS 0x00000000e8a00000, 0x00000000e8a00000| Complete 
| 139|0x00000000e8b00000, 0x00000000e8b00000, 0x00000000e8c00000|  0%| F|  |TAMS 0x00000000e8b00000, 0x00000000e8b00000| Untracked 
| 140|0x00000000e8c00000, 0x00000000e8c00000, 0x00000000e8d00000|  0%| F|  |TAMS 0x00000000e8c00000, 0x00000000e8c00000| Untracked 
| 141|0x00000000e8d00000, 0x00000000e8d00000, 0x00000000e8e00000|  0%| F|  |TAMS 0x00000000e8d00000, 0x00000000e8d00000| Untracked 
| 142|0x00000000e8e00000, 0x00000000e8e00000, 0x00000000e8f00000|  0%| F|  |TAMS 0x00000000e8e00000, 0x00000000e8e00000| Untracked 
| 143|0x00000000e8f00000, 0x00000000e8f00000, 0x00000000e9000000|  0%| F|  |TAMS 0x00000000e8f00000, 0x00000000e8f00000| Untracked 
| 144|0x00000000e9000000, 0x00000000e9000000, 0x00000000e9100000|  0%| F|  |TAMS 0x00000000e9000000, 0x00000000e9000000| Untracked 
| 145|0x00000000e9100000, 0x00000000e9100000, 0x00000000e9200000|  0%| F|  |TAMS 0x00000000e9100000, 0x00000000e9100000| Untracked 
| 146|0x00000000e9200000, 0x00000000e9200000, 0x00000000e9300000|  0%| F|  |TAMS 0x00000000e9200000, 0x00000000e9200000| Untracked 
| 147|0x00000000e9300000, 0x00000000e9300000, 0x00000000e9400000|  0%| F|  |TAMS 0x00000000e9300000, 0x00000000e9300000| Untracked 
| 148|0x00000000e9400000, 0x00000000e9400000, 0x00000000e9500000|  0%| F|  |TAMS 0x00000000e9400000, 0x00000000e9400000| Untracked 
| 149|0x00000000e9500000, 0x00000000e9500000, 0x00000000e9600000|  0%| F|  |TAMS 0x00000000e9500000, 0x00000000e9500000| Untracked 
| 150|0x00000000e9600000, 0x00000000e9600000, 0x00000000e9700000|  0%| F|  |TAMS 0x00000000e9600000, 0x00000000e9600000| Untracked 
| 151|0x00000000e9700000, 0x00000000e9700000, 0x00000000e9800000|  0%| F|  |TAMS 0x00000000e9700000, 0x00000000e9700000| Untracked 
| 152|0x00000000e9800000, 0x00000000e9800000, 0x00000000e9900000|  0%| F|  |TAMS 0x00000000e9800000, 0x00000000e9800000| Untracked 
| 153|0x00000000e9900000, 0x00000000e9900000, 0x00000000e9a00000|  0%| F|  |TAMS 0x00000000e9900000, 0x00000000e9900000| Untracked 
| 154|0x00000000e9a00000, 0x00000000e9a00000, 0x00000000e9b00000|  0%| F|  |TAMS 0x00000000e9a00000, 0x00000000e9a00000| Untracked 
| 155|0x00000000e9b00000, 0x00000000e9b00000, 0x00000000e9c00000|  0%| F|  |TAMS 0x00000000e9b00000, 0x00000000e9b00000| Untracked 
| 156|0x00000000e9c00000, 0x00000000e9c00000, 0x00000000e9d00000|  0%| F|  |TAMS 0x00000000e9c00000, 0x00000000e9c00000| Untracked 
| 157|0x00000000e9d00000, 0x00000000e9d00000, 0x00000000e9e00000|  0%| F|  |TAMS 0x00000000e9d00000, 0x00000000e9d00000| Untracked 
| 158|0x00000000e9e00000, 0x00000000e9e00000, 0x00000000e9f00000|  0%| F|  |TAMS 0x00000000e9e00000, 0x00000000e9e00000| Untracked 
| 159|0x00000000e9f00000, 0x00000000e9f00000, 0x00000000ea000000|  0%| F|  |TAMS 0x00000000e9f00000, 0x00000000e9f00000| Untracked 
| 160|0x00000000ea000000, 0x00000000ea000000, 0x00000000ea100000|  0%| F|  |TAMS 0x00000000ea000000, 0x00000000ea000000| Untracked 
| 161|0x00000000ea100000, 0x00000000ea100000, 0x00000000ea200000|  0%| F|  |TAMS 0x00000000ea100000, 0x00000000ea100000| Untracked 
| 162|0x00000000ea200000, 0x00000000ea200000, 0x00000000ea300000|  0%| F|  |TAMS 0x00000000ea200000, 0x00000000ea200000| Untracked 
| 163|0x00000000ea300000, 0x00000000ea300000, 0x00000000ea400000|  0%| F|  |TAMS 0x00000000ea300000, 0x00000000ea300000| Untracked 
| 164|0x00000000ea400000, 0x00000000ea500000, 0x00000000ea500000|100%| E|CS|TAMS 0x00000000ea400000, 0x00000000ea400000| Complete 
| 165|0x00000000ea500000, 0x00000000ea600000, 0x00000000ea600000|100%| E|CS|TAMS 0x00000000ea500000, 0x00000000ea500000| Complete 
| 166|0x00000000ea600000, 0x00000000ea700000, 0x00000000ea700000|100%| E|CS|TAMS 0x00000000ea600000, 0x00000000ea600000| Complete 
| 167|0x00000000ea700000, 0x00000000ea800000, 0x00000000ea800000|100%| E|CS|TAMS 0x00000000ea700000, 0x00000000ea700000| Complete 
| 168|0x00000000ea800000, 0x00000000ea900000, 0x00000000ea900000|100%| E|CS|TAMS 0x00000000ea800000, 0x00000000ea800000| Complete 
| 169|0x00000000ea900000, 0x00000000eaa00000, 0x00000000eaa00000|100%| E|CS|TAMS 0x00000000ea900000, 0x00000000ea900000| Complete 
| 170|0x00000000eaa00000, 0x00000000eab00000, 0x00000000eab00000|100%| E|CS|TAMS 0x00000000eaa00000, 0x00000000eaa00000| Complete 
| 171|0x00000000eab00000, 0x00000000eac00000, 0x00000000eac00000|100%| E|CS|TAMS 0x00000000eab00000, 0x00000000eab00000| Complete 
| 172|0x00000000eac00000, 0x00000000ead00000, 0x00000000ead00000|100%| E|CS|TAMS 0x00000000eac00000, 0x00000000eac00000| Complete 
| 173|0x00000000ead00000, 0x00000000eae00000, 0x00000000eae00000|100%| E|CS|TAMS 0x00000000ead00000, 0x00000000ead00000| Complete 
| 174|0x00000000eae00000, 0x00000000eaf00000, 0x00000000eaf00000|100%| E|CS|TAMS 0x00000000eae00000, 0x00000000eae00000| Complete 
| 175|0x00000000eaf00000, 0x00000000eb000000, 0x00000000eb000000|100%| E|CS|TAMS 0x00000000eaf00000, 0x00000000eaf00000| Complete 
| 176|0x00000000eb000000, 0x00000000eb100000, 0x00000000eb100000|100%| E|CS|TAMS 0x00000000eb000000, 0x00000000eb000000| Complete 
| 177|0x00000000eb100000, 0x00000000eb200000, 0x00000000eb200000|100%| E|CS|TAMS 0x00000000eb100000, 0x00000000eb100000| Complete 
| 178|0x00000000eb200000, 0x00000000eb300000, 0x00000000eb300000|100%| E|CS|TAMS 0x00000000eb200000, 0x00000000eb200000| Complete 
| 179|0x00000000eb300000, 0x00000000eb300000, 0x00000000eb400000|  0%| F|  |TAMS 0x00000000eb300000, 0x00000000eb300000| Untracked 
| 180|0x00000000eb400000, 0x00000000eb400000, 0x00000000eb500000|  0%| F|  |TAMS 0x00000000eb400000, 0x00000000eb400000| Untracked 
| 181|0x00000000eb500000, 0x00000000eb500000, 0x00000000eb600000|  0%| F|  |TAMS 0x00000000eb500000, 0x00000000eb500000| Untracked 
| 182|0x00000000eb600000, 0x00000000eb600000, 0x00000000eb700000|  0%| F|  |TAMS 0x00000000eb600000, 0x00000000eb600000| Untracked 
| 183|0x00000000eb700000, 0x00000000eb700000, 0x00000000eb800000|  0%| F|  |TAMS 0x00000000eb700000, 0x00000000eb700000| Untracked 
| 184|0x00000000eb800000, 0x00000000eb800000, 0x00000000eb900000|  0%| F|  |TAMS 0x00000000eb800000, 0x00000000eb800000| Untracked 
| 185|0x00000000eb900000, 0x00000000eb900000, 0x00000000eba00000|  0%| F|  |TAMS 0x00000000eb900000, 0x00000000eb900000| Untracked 
| 186|0x00000000eba00000, 0x00000000eba00000, 0x00000000ebb00000|  0%| F|  |TAMS 0x00000000eba00000, 0x00000000eba00000| Untracked 
| 187|0x00000000ebb00000, 0x00000000ebb00000, 0x00000000ebc00000|  0%| F|  |TAMS 0x00000000ebb00000, 0x00000000ebb00000| Untracked 
| 188|0x00000000ebc00000, 0x00000000ebc00000, 0x00000000ebd00000|  0%| F|  |TAMS 0x00000000ebc00000, 0x00000000ebc00000| Untracked 
| 189|0x00000000ebd00000, 0x00000000ebd00000, 0x00000000ebe00000|  0%| F|  |TAMS 0x00000000ebd00000, 0x00000000ebd00000| Untracked 
| 190|0x00000000ebe00000, 0x00000000ebe00000, 0x00000000ebf00000|  0%| F|  |TAMS 0x00000000ebe00000, 0x00000000ebe00000| Untracked 
| 191|0x00000000ebf00000, 0x00000000ebf00000, 0x00000000ec000000|  0%| F|  |TAMS 0x00000000ebf00000, 0x00000000ebf00000| Untracked 
| 192|0x00000000ec000000, 0x00000000ec000000, 0x00000000ec100000|  0%| F|  |TAMS 0x00000000ec000000, 0x00000000ec000000| Untracked 
| 193|0x00000000ec100000, 0x00000000ec100000, 0x00000000ec200000|  0%| F|  |TAMS 0x00000000ec100000, 0x00000000ec100000| Untracked 
| 194|0x00000000ec200000, 0x00000000ec200000, 0x00000000ec300000|  0%| F|  |TAMS 0x00000000ec200000, 0x00000000ec200000| Untracked 
| 195|0x00000000ec300000, 0x00000000ec300000, 0x00000000ec400000|  0%| F|  |TAMS 0x00000000ec300000, 0x00000000ec300000| Untracked 
| 196|0x00000000ec400000, 0x00000000ec400000, 0x00000000ec500000|  0%| F|  |TAMS 0x00000000ec400000, 0x00000000ec400000| Untracked 
| 197|0x00000000ec500000, 0x00000000ec500000, 0x00000000ec600000|  0%| F|  |TAMS 0x00000000ec500000, 0x00000000ec500000| Untracked 
| 198|0x00000000ec600000, 0x00000000ec600000, 0x00000000ec700000|  0%| F|  |TAMS 0x00000000ec600000, 0x00000000ec600000| Untracked 
| 199|0x00000000ec700000, 0x00000000ec700000, 0x00000000ec800000|  0%| F|  |TAMS 0x00000000ec700000, 0x00000000ec700000| Untracked 
| 200|0x00000000ec800000, 0x00000000ec800000, 0x00000000ec900000|  0%| F|  |TAMS 0x00000000ec800000, 0x00000000ec800000| Untracked 
| 201|0x00000000ec900000, 0x00000000ec900000, 0x00000000eca00000|  0%| F|  |TAMS 0x00000000ec900000, 0x00000000ec900000| Untracked 
| 202|0x00000000eca00000, 0x00000000eca00000, 0x00000000ecb00000|  0%| F|  |TAMS 0x00000000eca00000, 0x00000000eca00000| Untracked 
| 203|0x00000000ecb00000, 0x00000000ecb00000, 0x00000000ecc00000|  0%| F|  |TAMS 0x00000000ecb00000, 0x00000000ecb00000| Untracked 
| 204|0x00000000ecc00000, 0x00000000ecc00000, 0x00000000ecd00000|  0%| F|  |TAMS 0x00000000ecc00000, 0x00000000ecc00000| Untracked 
| 205|0x00000000ecd00000, 0x00000000ecd00000, 0x00000000ece00000|  0%| F|  |TAMS 0x00000000ecd00000, 0x00000000ecd00000| Untracked 
| 206|0x00000000ece00000, 0x00000000ece00000, 0x00000000ecf00000|  0%| F|  |TAMS 0x00000000ece00000, 0x00000000ece00000| Untracked 
| 207|0x00000000ecf00000, 0x00000000ecf00000, 0x00000000ed000000|  0%| F|  |TAMS 0x00000000ecf00000, 0x00000000ecf00000| Untracked 
| 208|0x00000000ed000000, 0x00000000ed000000, 0x00000000ed100000|  0%| F|  |TAMS 0x00000000ed000000, 0x00000000ed000000| Untracked 
| 209|0x00000000ed100000, 0x00000000ed100000, 0x00000000ed200000|  0%| F|  |TAMS 0x00000000ed100000, 0x00000000ed100000| Untracked 
| 210|0x00000000ed200000, 0x00000000ed200000, 0x00000000ed300000|  0%| F|  |TAMS 0x00000000ed200000, 0x00000000ed200000| Untracked 
| 211|0x00000000ed300000, 0x00000000ed300000, 0x00000000ed400000|  0%| F|  |TAMS 0x00000000ed300000, 0x00000000ed300000| Untracked 
| 212|0x00000000ed400000, 0x00000000ed400000, 0x00000000ed500000|  0%| F|  |TAMS 0x00000000ed400000, 0x00000000ed400000| Untracked 
| 213|0x00000000ed500000, 0x00000000ed500000, 0x00000000ed600000|  0%| F|  |TAMS 0x00000000ed500000, 0x00000000ed500000| Untracked 
| 214|0x00000000ed600000, 0x00000000ed600000, 0x00000000ed700000|  0%| F|  |TAMS 0x00000000ed600000, 0x00000000ed600000| Untracked 
| 215|0x00000000ed700000, 0x00000000ed700000, 0x00000000ed800000|  0%| F|  |TAMS 0x00000000ed700000, 0x00000000ed700000| Untracked 
| 216|0x00000000ed800000, 0x00000000ed800000, 0x00000000ed900000|  0%| F|  |TAMS 0x00000000ed800000, 0x00000000ed800000| Untracked 
| 217|0x00000000ed900000, 0x00000000ed900000, 0x00000000eda00000|  0%| F|  |TAMS 0x00000000ed900000, 0x00000000ed900000| Untracked 
| 218|0x00000000eda00000, 0x00000000edb00000, 0x00000000edb00000|100%| E|  |TAMS 0x00000000eda00000, 0x00000000eda00000| Complete 

Card table byte_map: [0x000002a47da80000,0x000002a47db80000] _byte_map_base: 0x000002a47d380000

Marking Bits (Prev, Next): (CMBitMap*) 0x000002a47d9e0760, (CMBitMap*) 0x000002a47d9e07a0
 Prev Bits: [0x000002a47dc80000, 0x000002a47e480000)
 Next Bits: [0x000002a47e480000, 0x000002a47ec80000)

Polling page: 0x000002a47d180000

Metaspace:

Usage:
  Non-class:     66.13 MB capacity,    64.05 MB ( 97%) used,     1.94 MB (  3%) free+waste,   139.25 KB ( <1%) overhead. 
      Class:     10.26 MB capacity,     9.47 MB ( 92%) used,   748.65 KB (  7%) free+waste,    63.06 KB ( <1%) overhead. 
       Both:     76.38 MB capacity,    73.52 MB ( 96%) used,     2.67 MB (  3%) free+waste,   202.31 KB ( <1%) overhead. 

Virtual space:
  Non-class space:       68.00 MB reserved,      66.15 MB ( 97%) committed 
      Class space:        1.00 GB reserved,      10.38 MB (  1%) committed 
             Both:        1.07 GB reserved,      76.53 MB (  7%) committed 

Chunk freelists:
   Non-Class:  28.00 KB
       Class:  0 bytes
        Both:  28.00 KB

MaxMetaspaceSize: 17179869184.00 GB
CompressedClassSpaceSize: 1.00 GB

CodeHeap 'non-profiled nmethods': size=120000Kb used=5603Kb max_used=5603Kb free=114396Kb
 bounds [0x000002a40fc30000, 0x000002a4101b0000, 0x000002a417160000]
CodeHeap 'profiled nmethods': size=120000Kb used=20077Kb max_used=20455Kb free=99922Kb
 bounds [0x000002a408700000, 0x000002a409b00000, 0x000002a40fc30000]
CodeHeap 'non-nmethods': size=5760Kb used=2410Kb max_used=2500Kb free=3349Kb
 bounds [0x000002a408160000, 0x000002a4083e0000, 0x000002a408700000]
 total_blobs=10736 nmethods=9831 adapters=817
 compilation: enabled
              stopped_count=0, restarted_count=0
 full_count=0

Compilation events (20 events):
Event: 33.254 Thread 0x000002a47f252260 11442       3       org.gradle.api.internal.project.DefaultProject::getDependencies (30 bytes)
Event: 33.254 Thread 0x000002a47f252260 nmethod 11442 0x000002a408f0c990 code [0x000002a408f0cb80, 0x000002a408f0d2a8]
Event: 33.255 Thread 0x000002a47f252260 11443       3       org.gradle.api.internal.DefaultNamedDomainObjectSet::withType (10 bytes)
Event: 33.255 Thread 0x000002a47f24f1b0 nmethod 11424 0x000002a4101a3590 code [0x000002a4101a37c0, 0x000002a4101a49b8]
Event: 33.255 Thread 0x000002a47f24f1b0 11413       4       org.gradle.internal.component.model.ComponentAttributeMatcher::isMatching (147 bytes)
Event: 33.256 Thread 0x000002a47f252260 nmethod 11443 0x000002a409056d10 code [0x000002a409056f00, 0x000002a4090574c8]
Event: 33.257 Thread 0x000002a47f252260 11444       3       org.gradle.api.internal.DefaultNamedDomainObjectSet_Decorated::$gradleInit (8 bytes)
Event: 33.257 Thread 0x000002a47f252260 nmethod 11444 0x000002a409056690 code [0x000002a409056840, 0x000002a409056bc8]
Event: 33.259 Thread 0x000002a47f252260 11445       2       org.gradle.internal.component.local.model.DefaultLocalComponentMetadata$DefaultLocalConfigurationMetadata::include (12 bytes)
Event: 33.259 Thread 0x000002a47f252260 nmethod 11445 0x000002a408bf6390 code [0x000002a408bf6540, 0x000002a408bf6668]
Event: 33.343 Thread 0x000002a47f252260 11447       3       java.lang.Class::getDeclaredAnnotations (11 bytes)
Event: 33.343 Thread 0x000002a47f252260 nmethod 11447 0x000002a409055f10 code [0x000002a4090560e0, 0x000002a409056528]
Event: 33.345 Thread 0x000002a47f24f1b0 nmethod 11413 0x000002a4101a5790 code [0x000002a4101a5a40, 0x000002a4101a77b0]
Event: 33.346 Thread 0x000002a47f24f1b0 11446       4       org.gradle.internal.instantiation.generator.AbstractClassGenerator::inspectType (559 bytes)
Event: 33.378 Thread 0x000002a47f252260 11449       3       org.gradle.api.internal.DefaultNamedDomainObjectCollection::<init> (68 bytes)
Event: 33.379 Thread 0x000002a47f252260 nmethod 11449 0x000002a409054b90 code [0x000002a409054e00, 0x000002a409055b08]
Event: 33.379 Thread 0x000002a47f252260 11450       3       com.google.common.collect.CompactLinkedHashMap::resizeEntries (18 bytes)
Event: 33.379 Thread 0x000002a47f252260 nmethod 11450 0x000002a408f0c490 code [0x000002a408f0c640, 0x000002a408f0c818]
Event: 33.388 Thread 0x000002a47f252260 11451   !   3       kotlin.SynchronizedLazyImpl::getValue (101 bytes)
Event: 33.389 Thread 0x000002a47f252260 nmethod 11451 0x000002a409053d10 code [0x000002a409053f40, 0x000002a409054778]

GC Heap History (20 events):
Event: 23.178 GC heap before
{Heap before GC invocations=31 (full 0):
 garbage-first heap   total 116736K, used 81473K [0x00000000e0000000, 0x0000000100000000)
  region size 1024K, 19 young (19456K), 4 survivors (4096K)
 Metaspace       used 60429K, capacity 62682K, committed 62876K, reserved 1103872K
  class space    used 7888K, capacity 8602K, committed 8704K, reserved 1048576K
}
Event: 23.201 GC heap after
{Heap after GC invocations=32 (full 0):
 garbage-first heap   total 116736K, used 71589K [0x00000000e0000000, 0x0000000100000000)
  region size 1024K, 3 young (3072K), 3 survivors (3072K)
 Metaspace       used 60429K, capacity 62682K, committed 62876K, reserved 1103872K
  class space    used 7888K, capacity 8602K, committed 8704K, reserved 1048576K
}
Event: 23.652 GC heap before
{Heap before GC invocations=32 (full 0):
 garbage-first heap   total 116736K, used 91045K [0x00000000e0000000, 0x0000000100000000)
  region size 1024K, 22 young (22528K), 3 survivors (3072K)
 Metaspace       used 62572K, capacity 64758K, committed 64924K, reserved 1105920K
  class space    used 8213K, capacity 8903K, committed 8960K, reserved 1048576K
}
Event: 23.669 GC heap after
{Heap after GC invocations=33 (full 0):
 garbage-first heap   total 116736K, used 74205K [0x00000000e0000000, 0x0000000100000000)
  region size 1024K, 2 young (2048K), 2 survivors (2048K)
 Metaspace       used 62572K, capacity 64758K, committed 64924K, reserved 1105920K
  class space    used 8213K, capacity 8903K, committed 8960K, reserved 1048576K
}
Event: 24.184 GC heap before
{Heap before GC invocations=34 (full 0):
 garbage-first heap   total 133120K, used 93661K [0x00000000e0000000, 0x0000000100000000)
  region size 1024K, 21 young (21504K), 2 survivors (2048K)
 Metaspace       used 64020K, capacity 66284K, committed 66460K, reserved 1105920K
  class space    used 8430K, capacity 9172K, committed 9216K, reserved 1048576K
}
Event: 24.190 GC heap after
{Heap after GC invocations=35 (full 0):
 garbage-first heap   total 133120K, used 76173K [0x00000000e0000000, 0x0000000100000000)
  region size 1024K, 3 young (3072K), 3 survivors (3072K)
 Metaspace       used 64020K, capacity 66284K, committed 66460K, reserved 1105920K
  class space    used 8430K, capacity 9172K, committed 9216K, reserved 1048576K
}
Event: 24.779 GC heap before
{Heap before GC invocations=35 (full 0):
 garbage-first heap   total 133120K, used 104845K [0x00000000e0000000, 0x0000000100000000)
  region size 1024K, 31 young (31744K), 3 survivors (3072K)
 Metaspace       used 65287K, capacity 67911K, committed 68252K, reserved 1107968K
  class space    used 8597K, capacity 9376K, committed 9472K, reserved 1048576K
}
Event: 24.803 GC heap after
{Heap after GC invocations=36 (full 0):
 garbage-first heap   total 133120K, used 82453K [0x00000000e0000000, 0x0000000100000000)
  region size 1024K, 4 young (4096K), 4 survivors (4096K)
 Metaspace       used 65287K, capacity 67911K, committed 68252K, reserved 1107968K
  class space    used 8597K, capacity 9376K, committed 9472K, reserved 1048576K
}
Event: 25.485 GC heap before
{Heap before GC invocations=37 (full 0):
 garbage-first heap   total 153600K, used 108053K [0x00000000e0000000, 0x0000000100000000)
  region size 1024K, 26 young (26624K), 4 survivors (4096K)
 Metaspace       used 66134K, capacity 68923K, committed 69148K, reserved 1110016K
  class space    used 8693K, capacity 9516K, committed 9600K, reserved 1048576K
}
Event: 25.510 GC heap after
{Heap after GC invocations=38 (full 0):
 garbage-first heap   total 153600K, used 92228K [0x00000000e0000000, 0x0000000100000000)
  region size 1024K, 4 young (4096K), 4 survivors (4096K)
 Metaspace       used 66134K, capacity 68923K, committed 69148K, reserved 1110016K
  class space    used 8693K, capacity 9516K, committed 9600K, reserved 1048576K
}
Event: 26.522 GC heap before
{Heap before GC invocations=38 (full 0):
 garbage-first heap   total 153600K, used 120900K [0x00000000e0000000, 0x0000000100000000)
  region size 1024K, 32 young (32768K), 4 survivors (4096K)
 Metaspace       used 67896K, capacity 70657K, committed 70812K, reserved 1110016K
  class space    used 8861K, capacity 9656K, committed 9728K, reserved 1048576K
}
Event: 26.544 GC heap after
{Heap after GC invocations=39 (full 0):
 garbage-first heap   total 153600K, used 96941K [0x00000000e0000000, 0x0000000100000000)
  region size 1024K, 4 young (4096K), 4 survivors (4096K)
 Metaspace       used 67896K, capacity 70657K, committed 70812K, reserved 1110016K
  class space    used 8861K, capacity 9656K, committed 9728K, reserved 1048576K
}
Event: 27.528 GC heap before
{Heap before GC invocations=40 (full 0):
 garbage-first heap   total 176128K, used 121517K [0x00000000e0000000, 0x0000000100000000)
  region size 1024K, 28 young (28672K), 4 survivors (4096K)
 Metaspace       used 70371K, capacity 73184K, committed 73372K, reserved 1112064K
  class space    used 9142K, capacity 9957K, committed 9984K, reserved 1048576K
}
Event: 27.552 GC heap after
{Heap after GC invocations=41 (full 0):
 garbage-first heap   total 176128K, used 101037K [0x00000000e0000000, 0x0000000100000000)
  region size 1024K, 4 young (4096K), 4 survivors (4096K)
 Metaspace       used 70371K, capacity 73184K, committed 73372K, reserved 1112064K
  class space    used 9142K, capacity 9957K, committed 9984K, reserved 1048576K
}
Event: 31.215 GC heap before
{Heap before GC invocations=41 (full 0):
 garbage-first heap   total 176128K, used 138925K [0x00000000e0000000, 0x0000000100000000)
  region size 1024K, 41 young (41984K), 4 survivors (4096K)
 Metaspace       used 74760K, capacity 77662K, committed 77724K, reserved 1116160K
  class space    used 9660K, capacity 10478K, committed 10496K, reserved 1048576K
}
Event: 31.236 GC heap after
{Heap after GC invocations=42 (full 0):
 garbage-first heap   total 176128K, used 105400K [0x00000000e0000000, 0x0000000100000000)
  region size 1024K, 5 young (5120K), 5 survivors (5120K)
 Metaspace       used 74760K, capacity 77662K, committed 77724K, reserved 1116160K
  class space    used 9660K, capacity 10478K, committed 10496K, reserved 1048576K
}
Event: 32.390 GC heap before
{Heap before GC invocations=43 (full 0):
 garbage-first heap   total 183296K, used 140216K [0x00000000e0000000, 0x0000000100000000)
  region size 1024K, 39 young (39936K), 5 survivors (5120K)
 Metaspace       used 74982K, capacity 77854K, committed 77980K, reserved 1116160K
  class space    used 9660K, capacity 10478K, committed 10496K, reserved 1048576K
}
Event: 32.410 GC heap after
{Heap after GC invocations=44 (full 0):
 garbage-first heap   total 183296K, used 110957K [0x00000000e0000000, 0x0000000100000000)
  region size 1024K, 5 young (5120K), 5 survivors (5120K)
 Metaspace       used 74982K, capacity 77854K, committed 77980K, reserved 1116160K
  class space    used 9660K, capacity 10478K, committed 10496K, reserved 1048576K
}
Event: 32.921 GC heap before
{Heap before GC invocations=44 (full 0):
 garbage-first heap   total 183296K, used 146797K [0x00000000e0000000, 0x0000000100000000)
  region size 1024K, 40 young (40960K), 5 survivors (5120K)
 Metaspace       used 75065K, capacity 77942K, committed 77980K, reserved 1116160K
  class space    used 9663K, capacity 10484K, committed 10496K, reserved 1048576K
}
Event: 32.951 GC heap after
{Heap after GC invocations=45 (full 0):
 garbage-first heap   total 183296K, used 118053K [0x00000000e0000000, 0x0000000100000000)
  region size 1024K, 5 young (5120K), 5 survivors (5120K)
 Metaspace       used 75065K, capacity 77942K, committed 77980K, reserved 1116160K
  class space    used 9663K, capacity 10484K, committed 10496K, reserved 1048576K
}

Deoptimization events (20 events):
Event: 33.158 Thread 0x000002a41a17f260 DEOPT PACKING pc=0x000002a4099e87db sp=0x000000f7711fac80
Event: 33.158 Thread 0x000002a41a17f260 DEOPT UNPACKING pc=0x000002a4081ae23f sp=0x000000f7711fa190 mode 0
Event: 33.258 Thread 0x000002a41a17f260 Uncommon trap: trap_request=0xffffffde fr.pc=0x000002a4101822ec relative=0x000000000000054c
Event: 33.258 Thread 0x000002a41a17f260 Uncommon trap: reason=class_check action=maybe_recompile pc=0x000002a4101822ec method=org.gradle.internal.component.local.model.DefaultLocalComponentMetadata$DefaultLocalConfigurationMetadata.include(Lorg/gradle/internal/component/local/model/DefaultLocal
Event: 33.259 Thread 0x000002a41a17f260 DEOPT PACKING pc=0x000002a4101822ec sp=0x000000f7711fa620
Event: 33.259 Thread 0x000002a41a17f260 DEOPT UNPACKING pc=0x000002a4081ae42f sp=0x000000f7711fa5d8 mode 2
Event: 33.259 Thread 0x000002a41a17f260 Uncommon trap: trap_request=0xffffffde fr.pc=0x000002a4101822ec relative=0x000000000000054c
Event: 33.259 Thread 0x000002a41a17f260 Uncommon trap: reason=class_check action=maybe_recompile pc=0x000002a4101822ec method=org.gradle.internal.component.local.model.DefaultLocalComponentMetadata$DefaultLocalConfigurationMetadata.include(Lorg/gradle/internal/component/local/model/DefaultLocal
Event: 33.259 Thread 0x000002a41a17f260 DEOPT PACKING pc=0x000002a4101822ec sp=0x000000f7711fa620
Event: 33.259 Thread 0x000002a41a17f260 DEOPT UNPACKING pc=0x000002a4081ae42f sp=0x000000f7711fa5d8 mode 2
Event: 33.259 Thread 0x000002a41a17f260 Uncommon trap: trap_request=0xffffffde fr.pc=0x000002a4101822ec relative=0x000000000000054c
Event: 33.259 Thread 0x000002a41a17f260 Uncommon trap: reason=class_check action=maybe_recompile pc=0x000002a4101822ec method=org.gradle.internal.component.local.model.DefaultLocalComponentMetadata$DefaultLocalConfigurationMetadata.include(Lorg/gradle/internal/component/local/model/DefaultLocal
Event: 33.259 Thread 0x000002a41a17f260 DEOPT PACKING pc=0x000002a4101822ec sp=0x000000f7711fa620
Event: 33.259 Thread 0x000002a41a17f260 DEOPT UNPACKING pc=0x000002a4081ae42f sp=0x000000f7711fa5d8 mode 2
Event: 33.259 Thread 0x000002a41a17f260 Uncommon trap: trap_request=0xffffffde fr.pc=0x000002a4101822ec relative=0x000000000000054c
Event: 33.259 Thread 0x000002a41a17f260 Uncommon trap: reason=class_check action=maybe_recompile pc=0x000002a4101822ec method=org.gradle.internal.component.local.model.DefaultLocalComponentMetadata$DefaultLocalConfigurationMetadata.include(Lorg/gradle/internal/component/local/model/DefaultLocal
Event: 33.259 Thread 0x000002a41a17f260 DEOPT PACKING pc=0x000002a4101822ec sp=0x000000f7711fa620
Event: 33.259 Thread 0x000002a41a17f260 DEOPT UNPACKING pc=0x000002a4081ae42f sp=0x000000f7711fa5d8 mode 2
Event: 33.342 Thread 0x000002a41a17f260 DEOPT PACKING pc=0x000002a409181bc3 sp=0x000000f7711f9d90
Event: 33.342 Thread 0x000002a41a17f260 DEOPT UNPACKING pc=0x000002a4081ae23f sp=0x000000f7711f9330 mode 0

Classes unloaded (0 events):
No events

Classes redefined (0 events):
No events

Internal exceptions (20 events):
Event: 24.992 Thread 0x000002a41a17f260 Exception <a 'java/lang/ClassNotFoundException'{0x00000000e7e31900}: build_2ix7ud88e5et3mj3pz478cho3Customizer> (0x00000000e7e31900) 
thrown [./open/src/hotspot/share/classfile/systemDictionary.cpp, line 295]
Event: 25.158 Thread 0x000002a41a17f260 Exception <a 'java/lang/ClassNotFoundException'{0x00000000e93549e0}: build_2ix7ud88e5et3mj3pz478cho3$_run_closure1BeanInfo> (0x00000000e93549e0) 
thrown [./open/src/hotspot/share/classfile/systemDictionary.cpp, line 295]
Event: 25.159 Thread 0x000002a41a17f260 Exception <a 'java/lang/ClassNotFoundException'{0x00000000e935dfa8}: build_2ix7ud88e5et3mj3pz478cho3$_run_closure1Customizer> (0x00000000e935dfa8) 
thrown [./open/src/hotspot/share/classfile/systemDictionary.cpp, line 295]
Event: 25.236 Thread 0x000002a41a17f260 Exception <a 'java/lang/ClassNotFoundException'{0x00000000e91a77d8}: build_8hk91xna2sw9j0nx410bqdfvxBeanInfo> (0x00000000e91a77d8) 
thrown [./open/src/hotspot/share/classfile/systemDictionary.cpp, line 295]
Event: 25.236 Thread 0x000002a41a17f260 Exception <a 'java/lang/ClassNotFoundException'{0x00000000e91ad738}: build_8hk91xna2sw9j0nx410bqdfvxCustomizer> (0x00000000e91ad738) 
thrown [./open/src/hotspot/share/classfile/systemDictionary.cpp, line 295]
Event: 25.249 Thread 0x000002a41a17f260 Exception <a 'java/lang/ClassNotFoundException'{0x00000000e900f3e0}: build_8hk91xna2sw9j0nx410bqdfvxBeanInfo> (0x00000000e900f3e0) 
thrown [./open/src/hotspot/share/classfile/systemDictionary.cpp, line 295]
Event: 25.249 Thread 0x000002a41a17f260 Exception <a 'java/lang/ClassNotFoundException'{0x00000000e90152b0}: build_8hk91xna2sw9j0nx410bqdfvxCustomizer> (0x00000000e90152b0) 
thrown [./open/src/hotspot/share/classfile/systemDictionary.cpp, line 295]
Event: 25.270 Thread 0x000002a41a17f260 Exception <a 'java/lang/ClassNotFoundException'{0x00000000e8f01960}: build_8hk91xna2sw9j0nx410bqdfvx$_run_closure1BeanInfo> (0x00000000e8f01960) 
thrown [./open/src/hotspot/share/classfile/systemDictionary.cpp, line 295]
Event: 25.271 Thread 0x000002a41a17f260 Exception <a 'java/lang/ClassNotFoundException'{0x00000000e8f09910}: build_8hk91xna2sw9j0nx410bqdfvx$_run_closure1Customizer> (0x00000000e8f09910) 
thrown [./open/src/hotspot/share/classfile/systemDictionary.cpp, line 295]
Event: 25.407 Thread 0x000002a41a17f260 Exception <a 'java/lang/ClassNotFoundException'{0x00000000e8989428}: com/android/build/gradle/internal/res/LinkApplicationAndroidResourcesTask_DecoratedBeanInfo> (0x00000000e8989428) 
thrown [./open/src/hotspot/share/classfile/systemDictionary.cpp, line 295]
Event: 25.408 Thread 0x000002a41a17f260 Exception <a 'java/lang/ClassNotFoundException'{0x00000000e89937d0}: com/android/build/gradle/internal/res/LinkApplicationAndroidResourcesTaskBeanInfo> (0x00000000e89937d0) 
thrown [./open/src/hotspot/share/classfile/systemDictionary.cpp, line 295]
Event: 25.408 Thread 0x000002a41a17f260 Exception <a 'java/lang/ClassNotFoundException'{0x00000000e899d9e0}: com/android/build/gradle/tasks/ProcessAndroidResourcesBeanInfo> (0x00000000e899d9e0) 
thrown [./open/src/hotspot/share/classfile/systemDictionary.cpp, line 295]
Event: 25.409 Thread 0x000002a41a17f260 Exception <a 'java/lang/ClassNotFoundException'{0x00000000e89a7bb8}: com/android/build/gradle/tasks/ProcessAndroidResourcesCustomizer> (0x00000000e89a7bb8) 
thrown [./open/src/hotspot/share/classfile/systemDictionary.cpp, line 295]
Event: 25.411 Thread 0x000002a41a17f260 Exception <a 'java/lang/ClassNotFoundException'{0x00000000e89c2008}: com/android/build/gradle/internal/res/LinkApplicationAndroidResourcesTaskCustomizer> (0x00000000e89c2008) 
thrown [./open/src/hotspot/share/classfile/systemDictionary.cpp, line 295]
Event: 25.414 Thread 0x000002a41a17f260 Exception <a 'java/lang/ClassNotFoundException'{0x00000000e8830d80}: com/android/build/gradle/internal/res/LinkApplicationAndroidResourcesTask_DecoratedCustomizer> (0x00000000e8830d80) 
thrown [./open/src/hotspot/share/classfile/systemDictionary.cpp, line 295]
Event: 25.558 Thread 0x000002a41a17f260 Implicit null exception at 0x000002a41004ad72 to 0x000002a41004b14c
Event: 25.756 Thread 0x000002a41a17f260 Implicit null exception at 0x000002a40fdc7674 to 0x000002a40fdc7cdc
Event: 27.098 Thread 0x000002a41a17f260 Implicit null exception at 0x000002a41003982b to 0x000002a41003a0ac
Event: 27.342 Thread 0x000002a41a17f260 Exception <a 'sun/nio/fs/WindowsException'{0x00000000ea2cb728}> (0x00000000ea2cb728) 
thrown [./open/src/hotspot/share/prims/jni.cpp, line 578]
Event: 27.355 Thread 0x000002a41a17f260 Exception <a 'java/lang/IncompatibleClassChangeError'{0x00000000ea2f6638}: Found class java.lang.Object, but interface was expected> (0x00000000ea2f6638) 
thrown [./open/src/hotspot/share/interpreter/linkResolver.cpp, line 848]

Events (20 events):
Event: 32.532 Executing VM operation: ICBufferFull
Event: 32.532 Executing VM operation: ICBufferFull done
Event: 32.577 Executing VM operation: ICBufferFull
Event: 32.577 Executing VM operation: ICBufferFull done
Event: 32.659 Executing VM operation: ICBufferFull
Event: 32.659 Executing VM operation: ICBufferFull done
Event: 32.760 Executing VM operation: ICBufferFull
Event: 32.760 Executing VM operation: ICBufferFull done
Event: 32.767 Executing VM operation: ICBufferFull
Event: 32.767 Executing VM operation: ICBufferFull done
Event: 32.849 Executing VM operation: ICBufferFull
Event: 32.849 Executing VM operation: ICBufferFull done
Event: 32.874 Executing VM operation: ICBufferFull
Event: 32.874 Executing VM operation: ICBufferFull done
Event: 32.921 Executing VM operation: G1CollectForAllocation
Event: 32.952 Executing VM operation: G1CollectForAllocation done
Event: 32.987 Executing VM operation: ICBufferFull
Event: 32.987 Executing VM operation: ICBufferFull done
Event: 33.328 Executing VM operation: G1Concurrent
Event: 33.350 Executing VM operation: G1Concurrent done


Dynamic libraries:
0x00007ff6240e0000 - 0x00007ff6240ef000 	C:\Program Files\Java\jdk-15.0.1\bin\java.exe
0x00007ffb8e360000 - 0x00007ffb8e550000 	C:\Windows\SYSTEM32\ntdll.dll
0x00007ffb8d080000 - 0x00007ffb8d132000 	C:\Windows\System32\KERNEL32.DLL
0x00007ffb8ba70000 - 0x00007ffb8bd14000 	C:\Windows\System32\KERNELBASE.dll
0x00007ffb8bdd0000 - 0x00007ffb8beca000 	C:\Windows\System32\ucrtbase.dll
0x00007ffb6d400000 - 0x00007ffb6d418000 	C:\Program Files\Java\jdk-15.0.1\bin\jli.dll
0x00007ffb6d3e0000 - 0x00007ffb6d3f9000 	C:\Program Files\Java\jdk-15.0.1\bin\VCRUNTIME140.dll
0x00007ffb8d260000 - 0x00007ffb8d303000 	C:\Windows\System32\ADVAPI32.dll
0x00007ffb8d6c0000 - 0x00007ffb8d75e000 	C:\Windows\System32\msvcrt.dll
0x00007ffb8d760000 - 0x00007ffb8d7f7000 	C:\Windows\System32\sechost.dll
0x00007ffb8d5a0000 - 0x00007ffb8d6c0000 	C:\Windows\System32\RPCRT4.dll
0x00007ffb8d3f0000 - 0x00007ffb8d584000 	C:\Windows\System32\USER32.dll
0x00007ffb8a720000 - 0x00007ffb8a9a4000 	C:\Windows\WinSxS\amd64_microsoft.windows.common-controls_6595b64144ccf1df_6.0.18362.959_none_e6c7bbbf130c62bb\COMCTL32.dll
0x00007ffb8bda0000 - 0x00007ffb8bdc1000 	C:\Windows\System32\win32u.dll
0x00007ffb8de30000 - 0x00007ffb8de56000 	C:\Windows\System32\GDI32.dll
0x00007ffb8de60000 - 0x00007ffb8e195000 	C:\Windows\System32\combase.dll
0x00007ffb8bd20000 - 0x00007ffb8bda0000 	C:\Windows\System32\bcryptPrimitives.dll
0x00007ffb8c080000 - 0x00007ffb8c216000 	C:\Windows\System32\gdi32full.dll
0x00007ffb8bf30000 - 0x00007ffb8bfce000 	C:\Windows\System32\msvcp_win.dll
0x00007ffb811e0000 - 0x00007ffb811ea000 	C:\Windows\SYSTEM32\VERSION.dll
0x00007ffb8c420000 - 0x00007ffb8c44e000 	C:\Windows\System32\IMM32.DLL
0x00007ffb6d6c0000 - 0x00007ffb6d6cc000 	C:\Program Files\Java\jdk-15.0.1\bin\vcruntime140_1.dll
0x00007ffb6cc10000 - 0x00007ffb6cca1000 	C:\Program Files\Java\jdk-15.0.1\bin\msvcp140.dll
0x00007ffb38600000 - 0x00007ffb3915e000 	C:\Program Files\Java\jdk-15.0.1\bin\server\jvm.dll
0x00007ffb8c410000 - 0x00007ffb8c418000 	C:\Windows\System32\PSAPI.DLL
0x00007ffb88110000 - 0x00007ffb88134000 	C:\Windows\SYSTEM32\WINMM.dll
0x00007ffb766a0000 - 0x00007ffb766a9000 	C:\Windows\SYSTEM32\WSOCK32.dll
0x00007ffb8ddc0000 - 0x00007ffb8de2f000 	C:\Windows\System32\WS2_32.dll
0x00007ffb87fe0000 - 0x00007ffb8800d000 	C:\Windows\SYSTEM32\WINMMBASE.dll
0x00007ffb8c3a0000 - 0x00007ffb8c3ea000 	C:\Windows\System32\cfgmgr32.dll
0x00007ffb8b220000 - 0x00007ffb8b231000 	C:\Windows\System32\kernel.appcore.dll
0x00007ffb6d3d0000 - 0x00007ffb6d3da000 	C:\Program Files\Java\jdk-15.0.1\bin\jimage.dll
0x00007ffb8ad30000 - 0x00007ffb8af24000 	C:\Windows\SYSTEM32\DBGHELP.DLL
0x00007ffb8ac40000 - 0x00007ffb8ac6a000 	C:\Windows\SYSTEM32\dbgcore.DLL
0x00007ffb6cbe0000 - 0x00007ffb6cc05000 	C:\Program Files\Java\jdk-15.0.1\bin\java.dll
0x00007ffb8c7f0000 - 0x00007ffb8ced6000 	C:\Windows\System32\SHELL32.dll
0x00007ffb8d1b0000 - 0x00007ffb8d259000 	C:\Windows\System32\shcore.dll
0x00007ffb8b2e0000 - 0x00007ffb8ba62000 	C:\Windows\System32\windows.storage.dll
0x00007ffb8b290000 - 0x00007ffb8b2b3000 	C:\Windows\System32\profapi.dll
0x00007ffb8b240000 - 0x00007ffb8b28a000 	C:\Windows\System32\powrprof.dll
0x00007ffb8b210000 - 0x00007ffb8b220000 	C:\Windows\System32\UMPDC.dll
0x00007ffb8d310000 - 0x00007ffb8d362000 	C:\Windows\System32\shlwapi.dll
0x00007ffb8c3f0000 - 0x00007ffb8c407000 	C:\Windows\System32\cryptsp.dll
0x00007ffb6d3b0000 - 0x00007ffb6d3c9000 	C:\Program Files\Java\jdk-15.0.1\bin\net.dll
0x00007ffb7a350000 - 0x00007ffb7a440000 	C:\Windows\SYSTEM32\WINHTTP.dll
0x00007ffb8a400000 - 0x00007ffb8a467000 	C:\Windows\system32\mswsock.dll
0x00007ffb6cbc0000 - 0x00007ffb6cbd2000 	C:\Program Files\Java\jdk-15.0.1\bin\nio.dll
0x00007ffb6cba0000 - 0x00007ffb6cbb8000 	C:\Program Files\Java\jdk-15.0.1\bin\zip.dll
0x00007ffb6cb90000 - 0x00007ffb6cba0000 	C:\Program Files\Java\jdk-15.0.1\bin\verify.dll
0x00007ffb6cb60000 - 0x00007ffb6cb87000 	C:\Users\PC\.gradle\native\c976cfcca226fdd4bee4412e95191dd41148b7504f9625baeda1d523bc39a967\windows-amd64\native-platform.dll
0x00007ffb6cb40000 - 0x00007ffb6cb49000 	C:\Program Files\Java\jdk-15.0.1\bin\management.dll
0x00007ffb6cb30000 - 0x00007ffb6cb3b000 	C:\Program Files\Java\jdk-15.0.1\bin\management_ext.dll
0x00007ffb89f70000 - 0x00007ffb89fa3000 	C:\Windows\system32\rsaenh.dll
0x00007ffb8c220000 - 0x00007ffb8c246000 	C:\Windows\System32\bcrypt.dll
0x00007ffb8b130000 - 0x00007ffb8b155000 	C:\Windows\SYSTEM32\USERENV.dll
0x00007ffb8a5d0000 - 0x00007ffb8a5dc000 	C:\Windows\SYSTEM32\CRYPTBASE.dll
0x00007ffb8a110000 - 0x00007ffb8a14a000 	C:\Windows\SYSTEM32\IPHLPAPI.DLL
0x00007ffb8c7e0000 - 0x00007ffb8c7e8000 	C:\Windows\System32\NSI.dll
0x00007ffb82230000 - 0x00007ffb82246000 	C:\Windows\SYSTEM32\dhcpcsvc6.DLL
0x00007ffb81930000 - 0x00007ffb8194c000 	C:\Windows\SYSTEM32\dhcpcsvc.DLL
0x00007ffb8a150000 - 0x00007ffb8a21b000 	C:\Windows\SYSTEM32\DNSAPI.dll
0x00007ffb6cb20000 - 0x00007ffb6cb2d000 	C:\Program Files\Java\jdk-15.0.1\bin\sunmscapi.dll
0x00007ffb8c250000 - 0x00007ffb8c399000 	C:\Windows\System32\CRYPT32.dll
0x00007ffb8b2c0000 - 0x00007ffb8b2d2000 	C:\Windows\System32\MSASN1.dll
0x00007ffb8a6f0000 - 0x00007ffb8a716000 	C:\Windows\SYSTEM32\ncrypt.dll
0x00007ffb8a6b0000 - 0x00007ffb8a6eb000 	C:\Windows\SYSTEM32\NTASN1.dll
0x00007ffb79c70000 - 0x00007ffb79c7a000 	C:\Windows\System32\rasadhlp.dll
0x00007ffb81380000 - 0x00007ffb813f7000 	C:\Windows\System32\fwpuclnt.dll

dbghelp: loaded successfully - version: 4.0.5 - missing functions: none
symbol engine: initialized successfully - sym options: 0x614 - pdb path: .;C:\Program Files\Java\jdk-15.0.1\bin;C:\Windows\SYSTEM32;C:\Windows\WinSxS\amd64_microsoft.windows.common-controls_6595b64144ccf1df_6.0.18362.959_none_e6c7bbbf130c62bb;C:\Program Files\Java\jdk-15.0.1\bin\server;C:\Users\PC\.gradle\native\c976cfcca226fdd4bee4412e95191dd41148b7504f9625baeda1d523bc39a967\windows-amd64

VM Arguments:
jvm_args: --add-opens=java.base/java.util=ALL-UNNAMED --add-opens=java.base/java.lang=ALL-UNNAMED --add-opens=java.base/java.lang.invoke=ALL-UNNAMED --add-opens=java.prefs/java.util.prefs=ALL-UNNAMED -Xmx512m -Dfile.encoding=windows-1252 -Duser.country=US -Duser.language=en -Duser.variant 
java_command: org.gradle.launcher.daemon.bootstrap.GradleDaemon 6.3
java_class_path (initial): C:\Users\PC\.gradle\wrapper\dists\gradle-6.3-all\b4awcolw9l59x95tu1obfh9i8\gradle-6.3\lib\gradle-launcher-6.3.jar
Launcher Type: SUN_STANDARD

[Global flags]
     intx CICompilerCount                          = 3                                         {product} {ergonomic}
     uint ConcGCThreads                            = 1                                         {product} {ergonomic}
     uint G1ConcRefinementThreads                  = 4                                         {product} {ergonomic}
   size_t G1HeapRegionSize                         = 1048576                                   {product} {ergonomic}
    uintx GCDrainStackTargetSize                   = 64                                        {product} {ergonomic}
   size_t InitialHeapSize                          = 134217728                                 {product} {ergonomic}
   size_t MarkStackSize                            = 4194304                                   {product} {ergonomic}
   size_t MaxHeapSize                              = 536870912                                 {product} {command line}
   size_t MaxNewSize                               = 321912832                                 {product} {ergonomic}
   size_t MinHeapDeltaBytes                        = 1048576                                   {product} {ergonomic}
   size_t MinHeapSize                              = 8388608                                   {product} {ergonomic}
    uintx NonNMethodCodeHeapSize                   = 5832780                                {pd product} {ergonomic}
    uintx NonProfiledCodeHeapSize                  = 122912730                              {pd product} {ergonomic}
    uintx ProfiledCodeHeapSize                     = 122912730                              {pd product} {ergonomic}
    uintx ReservedCodeCacheSize                    = 251658240                              {pd product} {ergonomic}
     bool SegmentedCodeCache                       = true                                      {product} {ergonomic}
   size_t SoftMaxHeapSize                          = 536870912                              {manageable} {ergonomic}
     bool UseCompressedClassPointers               = true                                 {lp64_product} {ergonomic}
     bool UseCompressedOops                        = true                                 {lp64_product} {ergonomic}
     bool UseG1GC                                  = true                                      {product} {ergonomic}
     bool UseLargePagesIndividualAllocation        = false                                  {pd product} {ergonomic}

Logging:
Log output configuration:
 #0: stdout all=warning uptime,level,tags
 #1: stderr all=off uptime,level,tags

Environment Variables:
JAVA_HOME=C:\Program Files\Java\jdk-15.0.1
CLASSPATH=C:\Users\PC\Desktop\EasyEngApp\android\\gradle\wrapper\gradle-wrapper.jar
PATH=C:\Users\PC\Desktop\EasyEngApp\android\node_modules\.bin;C:\Users\PC\Desktop\EasyEngApp\node_modules\.bin;C:\Users\PC\Desktop\node_modules\.bin;C:\Users\PC\node_modules\.bin;C:\Users\node_modules\.bin;C:\node_modules\.bin;C:\Program Files\nodejs;C:\Program Files\Common Files\Oracle\Java\javapath;C:\Windows\system32;C:\Windows;C:\Windows\System32\Wbem;C:\Windows\System32\WindowsPowerShell\v1.0\;C:\Windows\System32\OpenSSH\;C:\Program Files\Microsoft SQL Server\Client SDK\ODBC\170\Tools\Binn\;C:\Program Files (x86)\Microsoft SQL Server\150\Tools\Binn\;C:\Program Files\Microsoft SQL Server\150\Tools\Binn\;C:\Program Files\Microsoft SQL Server\150\DTS\Binn\;C:\Program Files\dotnet\;C:\Program Files\Microsoft SQL Server\130\Tools\Binn\;C:\Program Files (x86)\Microsoft SQL Server\150\DTS\Binn\;C:\Program Files\Git\cmd;C:\Program Files\nodejs\;%ANDROID_HOME%;C:\Program Files\Java\jdk-15.0.1\bin;C:\ProgramData\chocolatey\bin;C:\Program Files (x86)\Yarn\bin\;C:\Users\PC\AppData\Local\Android\Sdk\platform-tools;C:\Users\PC\AppData\Local\Android\Sdk\tools;C:\Users\PC\AppData\Local\Microsoft\WindowsApps;C:\Users\PC\.dotnet\tools;C:\Users\PC\AppData\Local\Programs\Microsoft VS Code\bin;C:\Users\PC\AppData\Roaming\npm;C:\Users\PC\AppData\Local\atom\bin;C:\Users\PC\AppData\Local\Yarn\bin;C:\Users\PC\AppData\Local\Android\Sdk\tools;
USERNAME=PC
OS=Windows_NT
PROCESSOR_IDENTIFIER=Intel64 Family 6 Model 142 Stepping 9, GenuineIntel



---------------  S Y S T E M  ---------------

OS:
 Windows 10 , 64 bit Build 18362 (10.0.18362.959)
OS uptime: 0 days 0:29 hours

CPU: total 4 (initial active 4) (2 cores per cpu, 2 threads per core) family 6 model 142 stepping 9 microcode 0xb4, cmov, cx8, fxsr, mmx, sse, sse2, sse3, ssse3, sse4.1, sse4.2, popcnt, vzeroupper, avx, avx2, aes, clmul, erms, 3dnowpref, lzcnt, ht, tsc, tscinvbit, bmi1, bmi2, adx, fma, clflush, clflushopt

Memory: 4k page, system-wide physical 8090M (1106M free)
TotalPageFile size 9101M (AvailPageFile size 4M)
current process WorkingSet (physical memory assigned to process): 415M, peak: 418M
current process commit charge ("private bytes"): 492M, peak: 494M

vm_info: Java HotSpot(TM) 64-Bit Server VM (15.0.1+9-18) for windows-amd64 JRE (15.0.1+9-18), built on Sep 15 2020 14:43:54 by "mach5one" with unknown MS VC++:1925

END.
