#
# There is insufficient memory for the Java Runtime Environment to continue.
# Native memory allocation (mmap) failed to map 23068672 bytes for G1 virtual space
# Possible reasons:
#   The system is out of physical RAM or swap space
#   The process is running with CompressedOops enabled, and the Java Heap may be blocking the growth of the native heap
# Possible solutions:
#   Reduce memory load on the system
#   Increase physical memory or swap space
#   Check if swap backing store is full
#   Decrease Java heap size (-Xmx/-Xms)
#   Decrease number of Java threads
#   Decrease Java thread stack sizes (-Xss)
#   Set larger code cache with -XX:ReservedCodeCacheSize=
#   JVM is running with Unscaled Compressed Oops mode in which the Java heap is
#     placed in the first 4GB address space. The Java Heap base address is the
#     maximum limit for the native heap growth. Please use -XX:HeapBaseMinAddress
#     to set the Java Heap base and to place the Java Heap above 4GB virtual address.
# This output file may be truncated or incomplete.
#
#  Out of Memory Error (./open/src/hotspot/os/windows/os_windows.cpp:3472), pid=10224, tid=7272
#
# JRE version: Java(TM) SE Runtime Environment (15.0.1+9) (build 15.0.1+9-18)
# Java VM: Java HotSpot(TM) 64-Bit Server VM (15.0.1+9-18, mixed mode, sharing, tiered, compressed oops, g1 gc, windows-amd64)
# No core dump will be written. Minidumps are not enabled by default on client versions of Windows
#

---------------  S U M M A R Y ------------

Command Line: --add-opens=java.base/java.util=ALL-UNNAMED --add-opens=java.base/java.lang=ALL-UNNAMED --add-opens=java.base/java.lang.invoke=ALL-UNNAMED --add-opens=java.prefs/java.util.prefs=ALL-UNNAMED -XX:MaxMetaspaceSize=256m -XX:+HeapDumpOnOutOfMemoryError -Xms256m -Xmx512m -Dfile.encoding=windows-1252 -Duser.country=US -Duser.language=en -Duser.variant org.gradle.launcher.daemon.bootstrap.GradleDaemon 6.3

Host: Intel(R) Core(TM) i5-7200U CPU @ 2.50GHz, 4 cores, 7G,  Windows 10 , 64 bit Build 18362 (10.0.18362.959)
Time: Thu Dec 10 21:58:31 2020 SE Asia Standard Time elapsed time: 5606.240400 seconds (0d 1h 33m 26s)

---------------  T H R E A D  ---------------

Current thread (0x000001a1dc87e0d0):  VMThread "VM Thread" [stack: 0x0000008b6fa00000,0x0000008b6fb00000] [id=7272]

Stack: [0x0000008b6fa00000,0x0000008b6fb00000]
[error occurred during error reporting (printing stack bounds), id 0xc0000005, EXCEPTION_ACCESS_VIOLATION (0xc0000005) at pc=0x000001a1c99910ad]

Native frames: (J=compiled Java code, j=interpreted, Vv=VM code, C=native code)
V  [jvm.dll+0x62ae9a]
V  [jvm.dll+0x781389]
V  [jvm.dll+0x782ae3]
V  [jvm.dll+0x7830a5]
V  [jvm.dll+0x78305b]
V  [jvm.dll+0x62a2b9]
V  [jvm.dll+0x62aa88]
C  [ntdll.dll+0xa11cf]
C  [ntdll.dll+0x6a209]
C  [ntdll.dll+0x9fe3e]
C  0x000001a1c99910ad

VM_Operation (0x0000008b6f6ff4e0): G1Concurrent, mode: safepoint, requested by thread 0x000001a1bff72890


---------------  P R O C E S S  ---------------

Threads class SMR info:
_java_thread_list=0x000001a1e6d37160, length=61, elements={
0x000001a1bff44940, 0x000001a1dc886420, 0x000001a1dc886f00, 0x000001a1dc8a5500,
0x000001a1dc8a7dd0, 0x000001a1dc8a8690, 0x000001a1dc8a9430, 0x000001a1dd222a00,
0x000001a1dd225ac0, 0x000001a1dd2e1ac0, 0x000001a1dd3191b0, 0x000001a1debef030,
0x000001a1de2e5410, 0x000001a1ddded9d0, 0x000001a1de9df230, 0x000001a1de9dfbd0,
0x000001a1de9e00a0, 0x000001a1e1279030, 0x000001a1e1848d10, 0x000001a1e184d070,
0x000001a1e20b3870, 0x000001a1e20b2a00, 0x000001a1e20b2ed0, 0x000001a1e20b5080,
0x000001a1e26c6a70, 0x000001a1de9ddef0, 0x000001a1e184a520, 0x000001a1e1847500,
0x000001a1e184b860, 0x000001a1e1847ea0, 0x000001a1e184b390, 0x000001a1e184cba0,
0x000001a1e1848370, 0x000001a1e26cd450, 0x000001a1e26c95c0, 0x000001a1e26c78e0,
0x000001a1e26ca430, 0x000001a1e26cddf0, 0x000001a1e26cb2a0, 0x000001a1e26cbc40,
0x000001a1e26c9f60, 0x000001a1e26c65a0, 0x000001a1e26ccf80, 0x000001a1e26cc5e0,
0x000001a1e26c7db0, 0x000001a1e26ccab0, 0x000001a1e1277cf0, 0x000001a1e1279500,
0x000001a1e12799d0, 0x000001a1e8540ef0, 0x000001a1e20b33a0, 0x000001a1e20b5550,
0x000001a1e20b5a20, 0x000001a1e20b63c0, 0x000001a1e40307d0, 0x000001a1e402fe30,
0x000001a1e4032980, 0x000001a1e4032e50, 0x000001a1de9df700, 0x000001a1de9de3c0,
0x000001a1e26c8750
}

Java Threads: ( => current thread )
  0x000001a1bff44940 JavaThread "main" [_thread_blocked, id=6868, stack(0x0000008b6f400000,0x0000008b6f500000)]
  0x000001a1dc886420 JavaThread "Reference Handler" daemon [_thread_blocked, id=5512, stack(0x0000008b6fb00000,0x0000008b6fc00000)]
  0x000001a1dc886f00 JavaThread "Finalizer" daemon [_thread_blocked, id=6344, stack(0x0000008b6fc00000,0x0000008b6fd00000)]
  0x000001a1dc8a5500 JavaThread "Signal Dispatcher" daemon [_thread_blocked, id=9916, stack(0x0000008b6fd00000,0x0000008b6fe00000)]
  0x000001a1dc8a7dd0 JavaThread "Attach Listener" daemon [_thread_blocked, id=8156, stack(0x0000008b6fe00000,0x0000008b6ff00000)]
  0x000001a1dc8a8690 JavaThread "Service Thread" daemon [_thread_blocked, id=6828, stack(0x0000008b6ff00000,0x0000008b70000000)]
  0x000001a1dc8a9430 JavaThread "C2 CompilerThread0" daemon [_thread_blocked, id=3332, stack(0x0000008b70000000,0x0000008b70100000)]
  0x000001a1dd222a00 JavaThread "C1 CompilerThread0" daemon [_thread_blocked, id=9664, stack(0x0000008b70100000,0x0000008b70200000)]
  0x000001a1dd225ac0 JavaThread "Sweeper thread" daemon [_thread_blocked, id=6128, stack(0x0000008b70200000,0x0000008b70300000)]
  0x000001a1dd2e1ac0 JavaThread "Common-Cleaner" daemon [_thread_blocked, id=3496, stack(0x0000008b70300000,0x0000008b70400000)]
  0x000001a1dd3191b0 JavaThread "Notification Thread" daemon [_thread_blocked, id=7528, stack(0x0000008b70400000,0x0000008b70500000)]
  0x000001a1debef030 JavaThread "Daemon health stats" [_thread_blocked, id=6844, stack(0x0000008b70a00000,0x0000008b70b00000)]
  0x000001a1de2e5410 JavaThread "Incoming local TCP Connector on port 52899" [_thread_in_native, id=1568, stack(0x0000008b70600000,0x0000008b70700000)]
  0x000001a1ddded9d0 JavaThread "Daemon periodic checks" [_thread_blocked, id=6588, stack(0x0000008b70c00000,0x0000008b70d00000)]
  0x000001a1de9df230 JavaThread "Cache worker for journal cache (C:\Users\PC\.gradle\caches\journal-1)" [_thread_blocked, id=2732, stack(0x0000008b70b00000,0x0000008b70c00000)]
  0x000001a1de9dfbd0 JavaThread "File lock request listener" [_thread_in_native, id=6132, stack(0x0000008b71400000,0x0000008b71500000)]
  0x000001a1de9e00a0 JavaThread "Cache worker for file hash cache (C:\Users\PC\.gradle\caches\6.3\fileHashes)" [_thread_blocked, id=9644, stack(0x0000008b71500000,0x0000008b71600000)]
  0x000001a1e1279030 JavaThread "Cache worker for execution history cache (C:\Users\PC\.gradle\caches\6.3\executionHistory)" [_thread_blocked, id=6380, stack(0x0000008b71b00000,0x0000008b71c00000)]
  0x000001a1e1848d10 JavaThread "Memory manager" [_thread_blocked, id=9192, stack(0x0000008b72300000,0x0000008b72400000)]
  0x000001a1e184d070 JavaThread "Cache worker for file content cache (C:\Users\PC\.gradle\caches\6.3\fileContent)" [_thread_blocked, id=2280, stack(0x0000008b72800000,0x0000008b72900000)]
  0x000001a1e20b3870 JavaThread "Monitor" [_thread_in_native, id=6584, stack(0x0000008b72e00000,0x0000008b72f00000)]
  0x000001a1e20b2a00 JavaThread "Device List Monitor" [_thread_in_native, id=768, stack(0x0000008b72f00000,0x0000008b73000000)]
  0x000001a1e20b2ed0 JavaThread "Java2D Disposer" daemon [_thread_blocked, id=6760, stack(0x0000008b73100000,0x0000008b73200000)]
  0x000001a1e20b5080 JavaThread "AWT-Windows" daemon [_thread_in_native, id=932, stack(0x0000008b73300000,0x0000008b73400000)]
  0x000001a1e26c6a70 JavaThread "Cache worker for Java compile cache (C:\Users\PC\.gradle\caches\6.3\javaCompile)" [_thread_blocked, id=9152, stack(0x0000008b72d00000,0x0000008b72e00000)]
  0x000001a1de9ddef0 JavaThread "ForkJoinPool.commonPool-worker-3" daemon [_thread_blocked, id=3140, stack(0x0000008b72100000,0x0000008b72200000)]
  0x000001a1e184a520 JavaThread "Daemon Thread 4" [_thread_blocked, id=10388, stack(0x0000008b6f100000,0x0000008b6f200000)]
  0x000001a1e1847500 JavaThread "Handler for socket connection from /127.0.0.1:52899 to /127.0.0.1:55476" [_thread_in_native, id=456, stack(0x0000008b6f200000,0x0000008b6f300000)]
  0x000001a1e184b860 JavaThread "Cancel handler" [_thread_blocked, id=11064, stack(0x0000008b6f300000,0x0000008b6f400000)]
  0x000001a1e1847ea0 JavaThread "Daemon worker Thread 4" [_thread_blocked, id=10776, stack(0x0000008b70d00000,0x0000008b70e00000)]
  0x000001a1e184b390 JavaThread "Asynchronous log dispatcher for DefaultDaemonConnection: socket connection from /127.0.0.1:52899 to /127.0.0.1:55476" [_thread_blocked, id=5060, stack(0x0000008b70e00000,0x0000008b70f00000)]
  0x000001a1e184cba0 JavaThread "Stdin handler" [_thread_blocked, id=8, stack(0x0000008b70f00000,0x0000008b71000000)]
  0x000001a1e1848370 JavaThread "Thread-88" [_thread_blocked, id=10648, stack(0x0000008b71000000,0x0000008b71100000)]
  0x000001a1e26cd450 JavaThread "Cache worker for checksums cache (C:\Users\PC\Desktop\EasyEngApp\android\.gradle\checksums)" [_thread_blocked, id=6948, stack(0x0000008b71100000,0x0000008b71200000)]
  0x000001a1e26c95c0 JavaThread "Cache worker for file hash cache (C:\Users\PC\Desktop\EasyEngApp\android\.gradle\6.3\fileHashes)" [_thread_blocked, id=10440, stack(0x0000008b71200000,0x0000008b71300000)]
  0x000001a1e26c78e0 JavaThread "Cache worker for cache directory md-supplier (C:\Users\PC\.gradle\caches\6.3\md-supplier)" [_thread_blocked, id=9080, stack(0x0000008b71300000,0x0000008b71400000)]
  0x000001a1e26ca430 JavaThread "Cache worker for cache directory md-rule (C:\Users\PC\.gradle\caches\6.3\md-rule)" [_thread_blocked, id=3916, stack(0x0000008b71600000,0x0000008b71700000)]
  0x000001a1e26cddf0 JavaThread "Build operations" [_thread_blocked, id=6732, stack(0x0000008b71800000,0x0000008b71900000)]
  0x000001a1e26cb2a0 JavaThread "Build operations Thread 2" [_thread_blocked, id=10736, stack(0x0000008b71900000,0x0000008b71a00000)]
  0x000001a1e26cbc40 JavaThread "Build operations Thread 3" [_thread_blocked, id=3860, stack(0x0000008b71c00000,0x0000008b71d00000)]
  0x000001a1e26c9f60 JavaThread "Build operations Thread 4" [_thread_blocked, id=7092, stack(0x0000008b71d00000,0x0000008b71e00000)]
  0x000001a1e26c65a0 JavaThread "Cache worker for Build Output Cleanup Cache (C:\Users\PC\Desktop\EasyEngApp\android\.gradle\buildOutputCleanup)" [_thread_blocked, id=1600, stack(0x0000008b71e00000,0x0000008b71f00000)]
  0x000001a1e26ccf80 JavaThread "Cache worker for file content cache (C:\Users\PC\Desktop\EasyEngApp\android\.gradle\6.3\fileContent)" [_thread_blocked, id=6040, stack(0x0000008b71f00000,0x0000008b72000000)]
  0x000001a1e26cc5e0 JavaThread "Execution worker for ':'" [_thread_blocked, id=4128, stack(0x0000008b72200000,0x0000008b72300000)]
  0x000001a1e26c7db0 JavaThread "Execution worker for ':' Thread 2" [_thread_blocked, id=2716, stack(0x0000008b72400000,0x0000008b72500000)]
  0x000001a1e26ccab0 JavaThread "Execution worker for ':' Thread 3" [_thread_blocked, id=10596, stack(0x0000008b72500000,0x0000008b72600000)]
  0x000001a1e1277cf0 JavaThread "Cache worker for execution history cache (C:\Users\PC\Desktop\EasyEngApp\android\.gradle\6.3\executionHistory)" [_thread_blocked, id=3228, stack(0x0000008b72700000,0x0000008b72800000)]
  0x000001a1e1279500 JavaThread "WorkerExecutor Queue" [_thread_blocked, id=10268, stack(0x0000008b71700000,0x0000008b71800000)]
  0x000001a1e12799d0 JavaThread "WorkerExecutor Queue Thread 2" [_thread_blocked, id=7632, stack(0x0000008b72a00000,0x0000008b72b00000)]
  0x000001a1e8540ef0 JavaThread "C2 CompilerThread1" daemon [_thread_blocked, id=8084, stack(0x0000008b72900000,0x0000008b72a00000)]
  0x000001a1e20b33a0 JavaThread "WorkerExecutor Queue Thread 3" [_thread_blocked, id=4944, stack(0x0000008b72b00000,0x0000008b72c00000)]
  0x000001a1e20b5550 JavaThread "WorkerExecutor Queue Thread 4" [_thread_blocked, id=10604, stack(0x0000008b72c00000,0x0000008b72d00000)]
  0x000001a1e20b5a20 JavaThread "pool-7-thread-1" [_thread_blocked, id=10832, stack(0x0000008b73000000,0x0000008b73100000)]
  0x000001a1e20b63c0 JavaThread "stderr" [_thread_in_native, id=7796, stack(0x0000008b73200000,0x0000008b73300000)]
  0x000001a1e40307d0 JavaThread "stdout" [_thread_in_native, id=11088, stack(0x0000008b73400000,0x0000008b73500000)]
  0x000001a1e402fe30 JavaThread "stderr" [_thread_in_native, id=10336, stack(0x0000008b73500000,0x0000008b73600000)]
  0x000001a1e4032980 JavaThread "stdout" [_thread_in_native, id=11204, stack(0x0000008b73600000,0x0000008b73700000)]
  0x000001a1e4032e50 JavaThread "stderr" [_thread_in_native, id=4656, stack(0x0000008b73700000,0x0000008b73800000)]
  0x000001a1de9df700 JavaThread "stdout" [_thread_in_native, id=4084, stack(0x0000008b73800000,0x0000008b73900000)]
  0x000001a1de9de3c0 JavaThread "stderr" [_thread_in_native, id=10636, stack(0x0000008b73900000,0x0000008b73a00000)]
  0x000001a1e26c8750 JavaThread "stdout" [_thread_in_native, id=2112, stack(0x0000008b73a00000,0x0000008b73b00000)]

Other Threads:
=>0x000001a1dc87e0d0 VMThread "VM Thread" [stack: 0x0000008b6fa00000,0x0000008b6fb00000] [id=7272]
  0x000001a1dd319680 WatcherThread [stack: 0x0000008b70500000,0x0000008b70600000] [id=5916]
  0x000001a1bff6c7a0 GCTaskThread "GC Thread#0" [stack: 0x0000008b6f500000,0x0000008b6f600000] [id=2052]
  0x000001a1dd6adb50 GCTaskThread "GC Thread#1" [stack: 0x0000008b70700000,0x0000008b70800000] [id=7548]
  0x000001a1dd6ace90 GCTaskThread "GC Thread#2" [stack: 0x0000008b70800000,0x0000008b70900000] [id=7156]
  0x000001a1dd6ade80 GCTaskThread "GC Thread#3" [stack: 0x0000008b70900000,0x0000008b70a00000] [id=8824]
  0x000001a1bff72890 ConcurrentGCThread "G1 Main Marker" [stack: 0x0000008b6f600000,0x0000008b6f700000] [id=9456]
  0x000001a1bff73390 ConcurrentGCThread "G1 Conc#0" [stack: 0x0000008b6f700000,0x0000008b6f800000] [id=4596]
  0x000001a1dc7304b0 ConcurrentGCThread "G1 Refine#0" [stack: 0x0000008b6f800000,0x0000008b6f900000] [id=9180]
  0x000001a1e0f98630 ConcurrentGCThread "G1 Refine#1" [stack: 0x0000008b71a00000,0x0000008b71b00000] [id=8344]
  0x000001a1e0f98990 ConcurrentGCThread "G1 Refine#2" [stack: 0x0000008b72000000,0x0000008b72100000] [id=7676]
  0x000001a1e49eee40 ConcurrentGCThread "G1 Refine#3" [stack: 0x0000008b72600000,0x0000008b72700000] [id=6624]
  0x000001a1dc730fc0 ConcurrentGCThread "G1 Young RemSet Sampling" [stack: 0x0000008b6f900000,0x0000008b6fa00000] [id=2512]

Threads with active compile tasks:

VM state: at safepoint (normal execution)

VM Mutex/Monitor currently owned by a thread:  ([mutex/lock_event])
[0x000001a1bff3fd30] Threads_lock - owner thread: 0x000001a1dc87e0d0
[0x000001a1bff41050] Heap_lock - owner thread: 0x000001a1bff72890

Heap address: 0x00000000e0000000, size: 512 MB, Compressed Oops mode: 32-bit
CDS archive(s) mapped at: [0x0000000800000000-0x0000000800b50000-0x0000000800b50000), size 11862016, SharedBaseAddress: 0x0000000800000000, ArchiveRelocationMode: 0.
Compressed class space mapped at: 0x0000000800b50000-0x0000000810350000, size: 260046848
Narrow klass base: 0x0000000800000000, Narrow klass shift: 3, Narrow klass range: 0x100000000

GC Precious Log:
 CPUs: 4 total, 4 available
 Memory: 8090M
 Large Page Support: Disabled
 NUMA Support: Disabled
 Compressed Oops: Enabled (32-bit)
 Heap Region Size: 1M
 Heap Min Capacity: 256M
 Heap Initial Capacity: 256M
 Heap Max Capacity: 512M
 Pre-touch: Disabled
 Parallel Workers: 4
 Concurrent Workers: 1
 Concurrent Refinement Workers: 4
 Periodic GC: Disabled

Heap:
 garbage-first heap   total 306176K, used 181630K [0x00000000e0000000, 0x0000000100000000)
  region size 1024K, 18 young (18432K), 6 survivors (6144K)
 Metaspace       used 105905K, capacity 109048K, committed 109276K, reserved 350208K
  class space    used 12678K, capacity 13576K, committed 13580K, reserved 253952K

Heap Regions: E=young(eden), S=young(survivor), O=old, HS=humongous(starts), HC=humongous(continues), CS=collection set, F=free, OA=open archive, CA=closed archive, TAMS=top-at-mark-start (previous, next)
|   0|0x00000000e0000000, 0x00000000e0100000, 0x00000000e0100000|100%| O|  |TAMS 0x00000000e0100000, 0x00000000e0000000| Updating 
|   1|0x00000000e0100000, 0x00000000e0200000, 0x00000000e0200000|100%| O|  |TAMS 0x00000000e0200000, 0x00000000e0100000| Updating 
|   2|0x00000000e0200000, 0x00000000e0300000, 0x00000000e0300000|100%| O|  |TAMS 0x00000000e0300000, 0x00000000e0200000| Updating 
|   3|0x00000000e0300000, 0x00000000e0400000, 0x00000000e0400000|100%|HS|  |TAMS 0x00000000e0400000, 0x00000000e0300000| Complete 
|   4|0x00000000e0400000, 0x00000000e0500000, 0x00000000e0500000|100%|HC|  |TAMS 0x00000000e0500000, 0x00000000e0400000| Complete 
|   5|0x00000000e0500000, 0x00000000e0600000, 0x00000000e0600000|100%|HC|  |TAMS 0x00000000e0600000, 0x00000000e0500000| Complete 
|   6|0x00000000e0600000, 0x00000000e0700000, 0x00000000e0700000|100%| O|  |TAMS 0x00000000e0700000, 0x00000000e0600000| Updating 
|   7|0x00000000e0700000, 0x00000000e0800000, 0x00000000e0800000|100%| O|  |TAMS 0x00000000e0800000, 0x00000000e0700000| Updating 
|   8|0x00000000e0800000, 0x00000000e0900000, 0x00000000e0900000|100%| O|  |TAMS 0x00000000e0900000, 0x00000000e0800000| Updating 
|   9|0x00000000e0900000, 0x00000000e0a00000, 0x00000000e0a00000|100%| O|  |TAMS 0x00000000e0a00000, 0x00000000e0900000| Updating 
|  10|0x00000000e0a00000, 0x00000000e0b00000, 0x00000000e0b00000|100%| O|  |TAMS 0x00000000e0b00000, 0x00000000e0a00000| Updating 
|  11|0x00000000e0b00000, 0x00000000e0c00000, 0x00000000e0c00000|100%| O|  |TAMS 0x00000000e0c00000, 0x00000000e0b00000| Updating 
|  12|0x00000000e0c00000, 0x00000000e0d00000, 0x00000000e0d00000|100%| O|  |TAMS 0x00000000e0d00000, 0x00000000e0c00000| Updating 
|  13|0x00000000e0d00000, 0x00000000e0e00000, 0x00000000e0e00000|100%|HS|  |TAMS 0x00000000e0e00000, 0x00000000e0d00000| Complete 
|  14|0x00000000e0e00000, 0x00000000e0f00000, 0x00000000e0f00000|100%|HC|  |TAMS 0x00000000e0f00000, 0x00000000e0e00000| Complete 
|  15|0x00000000e0f00000, 0x00000000e1000000, 0x00000000e1000000|100%| O|  |TAMS 0x00000000e1000000, 0x00000000e0f00000| Updating 
|  16|0x00000000e1000000, 0x00000000e1100000, 0x00000000e1100000|100%| O|  |TAMS 0x00000000e1100000, 0x00000000e1000000| Updating 
|  17|0x00000000e1100000, 0x00000000e1200000, 0x00000000e1200000|100%| O|  |TAMS 0x00000000e1200000, 0x00000000e1100000| Updating 
|  18|0x00000000e1200000, 0x00000000e1300000, 0x00000000e1300000|100%| O|  |TAMS 0x00000000e1300000, 0x00000000e1200000| Updating 
|  19|0x00000000e1300000, 0x00000000e1400000, 0x00000000e1400000|100%| O|  |TAMS 0x00000000e1400000, 0x00000000e1300000| Updating 
|  20|0x00000000e1400000, 0x00000000e1500000, 0x00000000e1500000|100%| O|  |TAMS 0x00000000e1500000, 0x00000000e1400000| Updating 
|  21|0x00000000e1500000, 0x00000000e1600000, 0x00000000e1600000|100%| O|  |TAMS 0x00000000e1600000, 0x00000000e1500000| Updating 
|  22|0x00000000e1600000, 0x00000000e1700000, 0x00000000e1700000|100%|HS|  |TAMS 0x00000000e1600000, 0x00000000e1600000| Complete 
|  23|0x00000000e1700000, 0x00000000e1800000, 0x00000000e1800000|100%| O|  |TAMS 0x00000000e1800000, 0x00000000e1700000| Updating 
|  24|0x00000000e1800000, 0x00000000e1900000, 0x00000000e1900000|100%| O|  |TAMS 0x00000000e1900000, 0x00000000e1800000| Updating 
|  25|0x00000000e1900000, 0x00000000e1a00000, 0x00000000e1a00000|100%| O|  |TAMS 0x00000000e1a00000, 0x00000000e1900000| Updating 
|  26|0x00000000e1a00000, 0x00000000e1b00000, 0x00000000e1b00000|100%| O|  |TAMS 0x00000000e1b00000, 0x00000000e1a00000| Updating 
|  27|0x00000000e1b00000, 0x00000000e1c00000, 0x00000000e1c00000|100%| O|  |TAMS 0x00000000e1c00000, 0x00000000e1b00000| Updating 
|  28|0x00000000e1c00000, 0x00000000e1d00000, 0x00000000e1d00000|100%| O|  |TAMS 0x00000000e1d00000, 0x00000000e1c00000| Updating 
|  29|0x00000000e1d00000, 0x00000000e1d00000, 0x00000000e1e00000|  0%| F|  |TAMS 0x00000000e1d00000, 0x00000000e1d00000| Untracked 
|  30|0x00000000e1e00000, 0x00000000e1f00000, 0x00000000e1f00000|100%| O|  |TAMS 0x00000000e1f00000, 0x00000000e1e00000| Updating 
|  31|0x00000000e1f00000, 0x00000000e2000000, 0x00000000e2000000|100%| O|  |TAMS 0x00000000e2000000, 0x00000000e1f00000| Updating 
|  32|0x00000000e2000000, 0x00000000e2100000, 0x00000000e2100000|100%| O|  |TAMS 0x00000000e2100000, 0x00000000e2000000| Updating 
|  33|0x00000000e2100000, 0x00000000e2200000, 0x00000000e2200000|100%| O|  |TAMS 0x00000000e2200000, 0x00000000e2100000| Updating 
|  34|0x00000000e2200000, 0x00000000e2300000, 0x00000000e2300000|100%| O|  |TAMS 0x00000000e2300000, 0x00000000e2200000| Updating 
|  35|0x00000000e2300000, 0x00000000e2400000, 0x00000000e2400000|100%| O|  |TAMS 0x00000000e2400000, 0x00000000e2300000| Updating 
|  36|0x00000000e2400000, 0x00000000e2500000, 0x00000000e2500000|100%|HS|  |TAMS 0x00000000e2400000, 0x00000000e2400000| Complete 
|  37|0x00000000e2500000, 0x00000000e2600000, 0x00000000e2600000|100%|HC|  |TAMS 0x00000000e2500000, 0x00000000e2500000| Complete 
|  38|0x00000000e2600000, 0x00000000e2700000, 0x00000000e2700000|100%| O|  |TAMS 0x00000000e2700000, 0x00000000e2600000| Updating 
|  39|0x00000000e2700000, 0x00000000e2800000, 0x00000000e2800000|100%| O|  |TAMS 0x00000000e2800000, 0x00000000e2700000| Updating 
|  40|0x00000000e2800000, 0x00000000e2900000, 0x00000000e2900000|100%| O|  |TAMS 0x00000000e2900000, 0x00000000e2800000| Updating 
|  41|0x00000000e2900000, 0x00000000e2a00000, 0x00000000e2a00000|100%| O|  |TAMS 0x00000000e2a00000, 0x00000000e2900000| Updating 
|  42|0x00000000e2a00000, 0x00000000e2b00000, 0x00000000e2b00000|100%| O|  |TAMS 0x00000000e2b00000, 0x00000000e2a00000| Updating 
|  43|0x00000000e2b00000, 0x00000000e2b00000, 0x00000000e2c00000|  0%| F|  |TAMS 0x00000000e2b00000, 0x00000000e2b00000| Untracked 
|  44|0x00000000e2c00000, 0x00000000e2d00000, 0x00000000e2d00000|100%| O|  |TAMS 0x00000000e2d00000, 0x00000000e2c00000| Updating 
|  45|0x00000000e2d00000, 0x00000000e2e00000, 0x00000000e2e00000|100%| O|  |TAMS 0x00000000e2e00000, 0x00000000e2d00000| Updating 
|  46|0x00000000e2e00000, 0x00000000e2f00000, 0x00000000e2f00000|100%|HS|  |TAMS 0x00000000e2f00000, 0x00000000e2e00000| Complete 
|  47|0x00000000e2f00000, 0x00000000e3000000, 0x00000000e3000000|100%|HC|  |TAMS 0x00000000e3000000, 0x00000000e2f00000| Complete 
|  48|0x00000000e3000000, 0x00000000e3100000, 0x00000000e3100000|100%|HC|  |TAMS 0x00000000e3100000, 0x00000000e3000000| Complete 
|  49|0x00000000e3100000, 0x00000000e3200000, 0x00000000e3200000|100%| O|  |TAMS 0x00000000e3200000, 0x00000000e3100000| Updating 
|  50|0x00000000e3200000, 0x00000000e3300000, 0x00000000e3300000|100%| O|  |TAMS 0x00000000e3300000, 0x00000000e3200000| Updating 
|  51|0x00000000e3300000, 0x00000000e3300000, 0x00000000e3400000|  0%| F|  |TAMS 0x00000000e3300000, 0x00000000e3300000| Untracked 
|  52|0x00000000e3400000, 0x00000000e3500000, 0x00000000e3500000|100%| O|  |TAMS 0x00000000e3500000, 0x00000000e3400000| Updating 
|  53|0x00000000e3500000, 0x00000000e3600000, 0x00000000e3600000|100%| O|  |TAMS 0x00000000e3600000, 0x00000000e3500000| Updating 
|  54|0x00000000e3600000, 0x00000000e3700000, 0x00000000e3700000|100%| O|  |TAMS 0x00000000e3700000, 0x00000000e3600000| Updating 
|  55|0x00000000e3700000, 0x00000000e3800000, 0x00000000e3800000|100%| O|  |TAMS 0x00000000e3800000, 0x00000000e3700000| Updating 
|  56|0x00000000e3800000, 0x00000000e3900000, 0x00000000e3900000|100%| O|  |TAMS 0x00000000e3900000, 0x00000000e3800000| Updating 
|  57|0x00000000e3900000, 0x00000000e3a00000, 0x00000000e3a00000|100%| O|  |TAMS 0x00000000e3a00000, 0x00000000e3900000| Updating 
|  58|0x00000000e3a00000, 0x00000000e3b00000, 0x00000000e3b00000|100%| O|  |TAMS 0x00000000e3b00000, 0x00000000e3a00000| Updating 
|  59|0x00000000e3b00000, 0x00000000e3c00000, 0x00000000e3c00000|100%| O|  |TAMS 0x00000000e3c00000, 0x00000000e3b00000| Updating 
|  60|0x00000000e3c00000, 0x00000000e3c00000, 0x00000000e3d00000|  0%| F|  |TAMS 0x00000000e3c00000, 0x00000000e3c00000| Untracked 
|  61|0x00000000e3d00000, 0x00000000e3e00000, 0x00000000e3e00000|100%| O|  |TAMS 0x00000000e3e00000, 0x00000000e3d00000| Updating 
|  62|0x00000000e3e00000, 0x00000000e3f00000, 0x00000000e3f00000|100%| O|  |TAMS 0x00000000e3f00000, 0x00000000e3e00000| Updating 
|  63|0x00000000e3f00000, 0x00000000e4000000, 0x00000000e4000000|100%| O|  |TAMS 0x00000000e4000000, 0x00000000e3f00000| Updating 
|  64|0x00000000e4000000, 0x00000000e4100000, 0x00000000e4100000|100%| O|  |TAMS 0x00000000e4100000, 0x00000000e4000000| Updating 
|  65|0x00000000e4100000, 0x00000000e4100000, 0x00000000e4200000|  0%| F|  |TAMS 0x00000000e4100000, 0x00000000e4100000| Untracked 
|  66|0x00000000e4200000, 0x00000000e4300000, 0x00000000e4300000|100%| O|  |TAMS 0x00000000e4300000, 0x00000000e4200000| Updating 
|  67|0x00000000e4300000, 0x00000000e4400000, 0x00000000e4400000|100%| O|  |TAMS 0x00000000e4400000, 0x00000000e4300000| Updating 
|  68|0x00000000e4400000, 0x00000000e4500000, 0x00000000e4500000|100%| O|  |TAMS 0x00000000e4500000, 0x00000000e4400000| Updating 
|  69|0x00000000e4500000, 0x00000000e4600000, 0x00000000e4600000|100%| O|  |TAMS 0x00000000e4600000, 0x00000000e4500000| Updating 
|  70|0x00000000e4600000, 0x00000000e4700000, 0x00000000e4700000|100%| O|  |TAMS 0x00000000e4700000, 0x00000000e4600000| Updating 
|  71|0x00000000e4700000, 0x00000000e4700000, 0x00000000e4800000|  0%| F|  |TAMS 0x00000000e4700000, 0x00000000e4700000| Untracked 
|  72|0x00000000e4800000, 0x00000000e4900000, 0x00000000e4900000|100%| O|  |TAMS 0x00000000e4900000, 0x00000000e4800000| Updating 
|  73|0x00000000e4900000, 0x00000000e4a00000, 0x00000000e4a00000|100%| O|  |TAMS 0x00000000e4a00000, 0x00000000e4900000| Updating 
|  74|0x00000000e4a00000, 0x00000000e4b00000, 0x00000000e4b00000|100%| O|  |TAMS 0x00000000e4b00000, 0x00000000e4a00000| Updating 
|  75|0x00000000e4b00000, 0x00000000e4c00000, 0x00000000e4c00000|100%|HS|  |TAMS 0x00000000e4b00000, 0x00000000e4b00000| Complete 
|  76|0x00000000e4c00000, 0x00000000e4d00000, 0x00000000e4d00000|100%|HC|  |TAMS 0x00000000e4c00000, 0x00000000e4c00000| Complete 
|  77|0x00000000e4d00000, 0x00000000e4e00000, 0x00000000e4e00000|100%| O|  |TAMS 0x00000000e4e00000, 0x00000000e4d00000| Updating 
|  78|0x00000000e4e00000, 0x00000000e4e00000, 0x00000000e4f00000|  0%| F|  |TAMS 0x00000000e4e00000, 0x00000000e4e00000| Untracked 
|  79|0x00000000e4f00000, 0x00000000e5000000, 0x00000000e5000000|100%| O|  |TAMS 0x00000000e5000000, 0x00000000e4f00000| Updating 
|  80|0x00000000e5000000, 0x00000000e5100000, 0x00000000e5100000|100%| O|  |TAMS 0x00000000e5100000, 0x00000000e5000000| Updating 
|  81|0x00000000e5100000, 0x00000000e5200000, 0x00000000e5200000|100%| O|  |TAMS 0x00000000e5200000, 0x00000000e5100000| Updating 
|  82|0x00000000e5200000, 0x00000000e5300000, 0x00000000e5300000|100%| O|  |TAMS 0x00000000e5300000, 0x00000000e5200000| Updating 
|  83|0x00000000e5300000, 0x00000000e5400000, 0x00000000e5400000|100%| O|  |TAMS 0x00000000e5400000, 0x00000000e5300000| Updating 
|  84|0x00000000e5400000, 0x00000000e5500000, 0x00000000e5500000|100%| O|  |TAMS 0x00000000e5500000, 0x00000000e5400000| Updating 
|  85|0x00000000e5500000, 0x00000000e5500000, 0x00000000e5600000|  0%| F|  |TAMS 0x00000000e5500000, 0x00000000e5500000| Untracked 
|  86|0x00000000e5600000, 0x00000000e5700000, 0x00000000e5700000|100%| O|  |TAMS 0x00000000e5700000, 0x00000000e5600000| Updating 
|  87|0x00000000e5700000, 0x00000000e5700000, 0x00000000e5800000|  0%| F|  |TAMS 0x00000000e5700000, 0x00000000e5700000| Untracked 
|  88|0x00000000e5800000, 0x00000000e5900000, 0x00000000e5900000|100%| O|  |TAMS 0x00000000e5900000, 0x00000000e5800000| Updating 
|  89|0x00000000e5900000, 0x00000000e5a00000, 0x00000000e5a00000|100%| O|  |TAMS 0x00000000e5a00000, 0x00000000e5900000| Updating 
|  90|0x00000000e5a00000, 0x00000000e5b00000, 0x00000000e5b00000|100%| O|  |TAMS 0x00000000e5b00000, 0x00000000e5a00000| Updating 
|  91|0x00000000e5b00000, 0x00000000e5c00000, 0x00000000e5c00000|100%| O|  |TAMS 0x00000000e5c00000, 0x00000000e5b00000| Updating 
|  92|0x00000000e5c00000, 0x00000000e5c00000, 0x00000000e5d00000|  0%| F|  |TAMS 0x00000000e5c00000, 0x00000000e5c00000| Untracked 
|  93|0x00000000e5d00000, 0x00000000e5e00000, 0x00000000e5e00000|100%| O|  |TAMS 0x00000000e5e00000, 0x00000000e5d00000| Updating 
|  94|0x00000000e5e00000, 0x00000000e5f00000, 0x00000000e5f00000|100%| O|  |TAMS 0x00000000e5f00000, 0x00000000e5e00000| Updating 
|  95|0x00000000e5f00000, 0x00000000e6000000, 0x00000000e6000000|100%| O|  |TAMS 0x00000000e6000000, 0x00000000e5f00000| Updating 
|  96|0x00000000e6000000, 0x00000000e6100000, 0x00000000e6100000|100%| O|  |TAMS 0x00000000e6100000, 0x00000000e6000000| Updating 
|  97|0x00000000e6100000, 0x00000000e6200000, 0x00000000e6200000|100%| O|  |TAMS 0x00000000e6200000, 0x00000000e6100000| Updating 
|  98|0x00000000e6200000, 0x00000000e6300000, 0x00000000e6300000|100%| O|  |TAMS 0x00000000e6300000, 0x00000000e6200000| Updating 
|  99|0x00000000e6300000, 0x00000000e6400000, 0x00000000e6400000|100%| O|  |TAMS 0x00000000e6400000, 0x00000000e6300000| Updating 
| 100|0x00000000e6400000, 0x00000000e6400000, 0x00000000e6500000|  0%| F|  |TAMS 0x00000000e6400000, 0x00000000e6400000| Untracked 
| 101|0x00000000e6500000, 0x00000000e6600000, 0x00000000e6600000|100%| O|  |TAMS 0x00000000e6600000, 0x00000000e6500000| Updating 
| 102|0x00000000e6600000, 0x00000000e6600000, 0x00000000e6700000|  0%| F|  |TAMS 0x00000000e6600000, 0x00000000e6600000| Untracked 
| 103|0x00000000e6700000, 0x00000000e6800000, 0x00000000e6800000|100%| O|  |TAMS 0x00000000e6800000, 0x00000000e6700000| Updating 
| 104|0x00000000e6800000, 0x00000000e6900000, 0x00000000e6900000|100%| O|  |TAMS 0x00000000e6900000, 0x00000000e6800000| Updating 
| 105|0x00000000e6900000, 0x00000000e6a00000, 0x00000000e6a00000|100%| O|  |TAMS 0x00000000e6a00000, 0x00000000e6900000| Updating 
| 106|0x00000000e6a00000, 0x00000000e6b00000, 0x00000000e6b00000|100%| O|  |TAMS 0x00000000e6b00000, 0x00000000e6a00000| Updating 
| 107|0x00000000e6b00000, 0x00000000e6c00000, 0x00000000e6c00000|100%| O|  |TAMS 0x00000000e6c00000, 0x00000000e6b00000| Updating 
| 108|0x00000000e6c00000, 0x00000000e6d00000, 0x00000000e6d00000|100%| O|  |TAMS 0x00000000e6d00000, 0x00000000e6c00000| Updating 
| 109|0x00000000e6d00000, 0x00000000e6d00000, 0x00000000e6e00000|  0%| F|  |TAMS 0x00000000e6d00000, 0x00000000e6d00000| Untracked 
| 110|0x00000000e6e00000, 0x00000000e6f00000, 0x00000000e6f00000|100%| O|  |TAMS 0x00000000e6f00000, 0x00000000e6e00000| Updating 
| 111|0x00000000e6f00000, 0x00000000e7000000, 0x00000000e7000000|100%| O|  |TAMS 0x00000000e7000000, 0x00000000e6f00000| Updating 
| 112|0x00000000e7000000, 0x00000000e7100000, 0x00000000e7100000|100%| O|  |TAMS 0x00000000e7100000, 0x00000000e7000000| Updating 
| 113|0x00000000e7100000, 0x00000000e7200000, 0x00000000e7200000|100%| O|  |TAMS 0x00000000e7200000, 0x00000000e7100000| Updating 
| 114|0x00000000e7200000, 0x00000000e7300000, 0x00000000e7300000|100%| O|  |TAMS 0x00000000e7300000, 0x00000000e7200000| Updating 
| 115|0x00000000e7300000, 0x00000000e7400000, 0x00000000e7400000|100%| O|  |TAMS 0x00000000e7400000, 0x00000000e7300000| Updating 
| 116|0x00000000e7400000, 0x00000000e7500000, 0x00000000e7500000|100%| O|  |TAMS 0x00000000e7500000, 0x00000000e7400000| Updating 
| 117|0x00000000e7500000, 0x00000000e7600000, 0x00000000e7600000|100%| O|  |TAMS 0x00000000e7600000, 0x00000000e7500000| Updating 
| 118|0x00000000e7600000, 0x00000000e7700000, 0x00000000e7700000|100%| O|  |TAMS 0x00000000e7700000, 0x00000000e7600000| Updating 
| 119|0x00000000e7700000, 0x00000000e7800000, 0x00000000e7800000|100%| O|  |TAMS 0x00000000e7800000, 0x00000000e7700000| Updating 
| 120|0x00000000e7800000, 0x00000000e7900000, 0x00000000e7900000|100%| O|  |TAMS 0x00000000e7900000, 0x00000000e7800000| Updating 
| 121|0x00000000e7900000, 0x00000000e7a00000, 0x00000000e7a00000|100%| O|  |TAMS 0x00000000e7a00000, 0x00000000e7900000| Updating 
| 122|0x00000000e7a00000, 0x00000000e7b00000, 0x00000000e7b00000|100%| O|  |TAMS 0x00000000e7b00000, 0x00000000e7a00000| Updating 
| 123|0x00000000e7b00000, 0x00000000e7c00000, 0x00000000e7c00000|100%| O|  |TAMS 0x00000000e7c00000, 0x00000000e7b00000| Updating 
| 124|0x00000000e7c00000, 0x00000000e7d00000, 0x00000000e7d00000|100%| O|  |TAMS 0x00000000e7d00000, 0x00000000e7c00000| Updating 
| 125|0x00000000e7d00000, 0x00000000e7e00000, 0x00000000e7e00000|100%| O|  |TAMS 0x00000000e7e00000, 0x00000000e7d00000| Updating 
| 126|0x00000000e7e00000, 0x00000000e7f00000, 0x00000000e7f00000|100%| O|  |TAMS 0x00000000e7f00000, 0x00000000e7e00000| Updating 
| 127|0x00000000e7f00000, 0x00000000e8000000, 0x00000000e8000000|100%| O|  |TAMS 0x00000000e8000000, 0x00000000e7f00000| Updating 
| 128|0x00000000e8000000, 0x00000000e8100000, 0x00000000e8100000|100%| O|  |TAMS 0x00000000e8100000, 0x00000000e8000000| Updating 
| 129|0x00000000e8100000, 0x00000000e8200000, 0x00000000e8200000|100%| O|  |TAMS 0x00000000e8200000, 0x00000000e8100000| Updating 
| 130|0x00000000e8200000, 0x00000000e8300000, 0x00000000e8300000|100%| O|  |TAMS 0x00000000e8300000, 0x00000000e8200000| Updating 
| 131|0x00000000e8300000, 0x00000000e8400000, 0x00000000e8400000|100%| O|  |TAMS 0x00000000e8400000, 0x00000000e8300000| Updating 
| 132|0x00000000e8400000, 0x00000000e8400000, 0x00000000e8500000|  0%| F|  |TAMS 0x00000000e8400000, 0x00000000e8400000| Untracked 
| 133|0x00000000e8500000, 0x00000000e8600000, 0x00000000e8600000|100%| O|  |TAMS 0x00000000e8600000, 0x00000000e8500000| Updating 
| 134|0x00000000e8600000, 0x00000000e8700000, 0x00000000e8700000|100%| O|  |TAMS 0x00000000e8700000, 0x00000000e8600000| Updating 
| 135|0x00000000e8700000, 0x00000000e8700000, 0x00000000e8800000|  0%| F|  |TAMS 0x00000000e8700000, 0x00000000e8700000| Untracked 
| 136|0x00000000e8800000, 0x00000000e8900000, 0x00000000e8900000|100%| O|  |TAMS 0x00000000e8900000, 0x00000000e8800000| Updating 
| 137|0x00000000e8900000, 0x00000000e8a00000, 0x00000000e8a00000|100%| O|  |TAMS 0x00000000e8a00000, 0x00000000e8900000| Updating 
| 138|0x00000000e8a00000, 0x00000000e8a00000, 0x00000000e8b00000|  0%| F|  |TAMS 0x00000000e8a00000, 0x00000000e8a00000| Untracked 
| 139|0x00000000e8b00000, 0x00000000e8c00000, 0x00000000e8c00000|100%| O|  |TAMS 0x00000000e8c00000, 0x00000000e8b00000| Updating 
| 140|0x00000000e8c00000, 0x00000000e8d00000, 0x00000000e8d00000|100%| O|  |TAMS 0x00000000e8d00000, 0x00000000e8c00000| Updating 
| 141|0x00000000e8d00000, 0x00000000e8e00000, 0x00000000e8e00000|100%| O|  |TAMS 0x00000000e8e00000, 0x00000000e8d00000| Updating 
| 142|0x00000000e8e00000, 0x00000000e8f00000, 0x00000000e8f00000|100%| O|  |TAMS 0x00000000e8f00000, 0x00000000e8e00000| Updating 
| 143|0x00000000e8f00000, 0x00000000e9000000, 0x00000000e9000000|100%| O|  |TAMS 0x00000000e9000000, 0x00000000e8f00000| Updating 
| 144|0x00000000e9000000, 0x00000000e9100000, 0x00000000e9100000|100%| O|  |TAMS 0x00000000e9100000, 0x00000000e9000000| Updating 
| 145|0x00000000e9100000, 0x00000000e9200000, 0x00000000e9200000|100%| O|  |TAMS 0x00000000e9200000, 0x00000000e9100000| Updating 
| 146|0x00000000e9200000, 0x00000000e9300000, 0x00000000e9300000|100%| O|  |TAMS 0x00000000e9300000, 0x00000000e9200000| Updating 
| 147|0x00000000e9300000, 0x00000000e9400000, 0x00000000e9400000|100%| O|  |TAMS 0x00000000e9400000, 0x00000000e9300000| Updating 
| 148|0x00000000e9400000, 0x00000000e9500000, 0x00000000e9500000|100%| O|  |TAMS 0x00000000e9500000, 0x00000000e9400000| Updating 
| 149|0x00000000e9500000, 0x00000000e9500000, 0x00000000e9600000|  0%| F|  |TAMS 0x00000000e9500000, 0x00000000e9500000| Untracked 
| 150|0x00000000e9600000, 0x00000000e9600000, 0x00000000e9700000|  0%| F|  |TAMS 0x00000000e9600000, 0x00000000e9600000| Untracked 
| 151|0x00000000e9700000, 0x00000000e9800000, 0x00000000e9800000|100%| O|  |TAMS 0x00000000e9800000, 0x00000000e9700000| Updating 
| 152|0x00000000e9800000, 0x00000000e9900000, 0x00000000e9900000|100%| O|  |TAMS 0x00000000e9900000, 0x00000000e9800000| Updating 
| 153|0x00000000e9900000, 0x00000000e9a00000, 0x00000000e9a00000|100%| O|  |TAMS 0x00000000e9a00000, 0x00000000e9900000| Updating 
| 154|0x00000000e9a00000, 0x00000000e9a00000, 0x00000000e9b00000|  0%| F|  |TAMS 0x00000000e9a00000, 0x00000000e9a00000| Untracked 
| 155|0x00000000e9b00000, 0x00000000e9c00000, 0x00000000e9c00000|100%| O|  |TAMS 0x00000000e9c00000, 0x00000000e9b00000| Updating 
| 156|0x00000000e9c00000, 0x00000000e9d00000, 0x00000000e9d00000|100%| O|  |TAMS 0x00000000e9d00000, 0x00000000e9c00000| Updating 
| 157|0x00000000e9d00000, 0x00000000e9e00000, 0x00000000e9e00000|100%| O|  |TAMS 0x00000000e9e00000, 0x00000000e9d00000| Updating 
| 158|0x00000000e9e00000, 0x00000000e9f00000, 0x00000000e9f00000|100%| O|  |TAMS 0x00000000e9f00000, 0x00000000e9e00000| Updating 
| 159|0x00000000e9f00000, 0x00000000ea000000, 0x00000000ea000000|100%| O|  |TAMS 0x00000000ea000000, 0x00000000e9f00000| Updating 
| 160|0x00000000ea000000, 0x00000000ea100000, 0x00000000ea100000|100%| O|  |TAMS 0x00000000ea100000, 0x00000000ea000000| Updating 
| 161|0x00000000ea100000, 0x00000000ea100000, 0x00000000ea200000|  0%| F|  |TAMS 0x00000000ea100000, 0x00000000ea100000| Untracked 
| 162|0x00000000ea200000, 0x00000000ea300000, 0x00000000ea300000|100%| O|  |TAMS 0x00000000ea300000, 0x00000000ea200000| Updating 
| 163|0x00000000ea300000, 0x00000000ea300000, 0x00000000ea400000|  0%| F|  |TAMS 0x00000000ea300000, 0x00000000ea300000| Untracked 
| 164|0x00000000ea400000, 0x00000000ea500000, 0x00000000ea500000|100%| O|  |TAMS 0x00000000ea500000, 0x00000000ea400000| Updating 
| 165|0x00000000ea500000, 0x00000000ea600000, 0x00000000ea600000|100%| O|  |TAMS 0x00000000ea600000, 0x00000000ea500000| Updating 
| 166|0x00000000ea600000, 0x00000000ea700000, 0x00000000ea700000|100%| O|  |TAMS 0x00000000ea700000, 0x00000000ea600000| Updating 
| 167|0x00000000ea700000, 0x00000000ea700000, 0x00000000ea800000|  0%| F|  |TAMS 0x00000000ea700000, 0x00000000ea700000| Untracked 
| 168|0x00000000ea800000, 0x00000000ea900000, 0x00000000ea900000|100%| O|  |TAMS 0x00000000ea900000, 0x00000000ea800000| Updating 
| 169|0x00000000ea900000, 0x00000000eaa00000, 0x00000000eaa00000|100%| O|  |TAMS 0x00000000eaa00000, 0x00000000ea900000| Updating 
| 170|0x00000000eaa00000, 0x00000000eaa00000, 0x00000000eab00000|  0%| F|  |TAMS 0x00000000eaa00000, 0x00000000eaa00000| Untracked 
| 171|0x00000000eab00000, 0x00000000eac00000, 0x00000000eac00000|100%| O|  |TAMS 0x00000000eac00000, 0x00000000eab00000| Updating 
| 172|0x00000000eac00000, 0x00000000ead00000, 0x00000000ead00000|100%| O|  |TAMS 0x00000000ead00000, 0x00000000eac00000| Updating 
| 173|0x00000000ead00000, 0x00000000ead00000, 0x00000000eae00000|  0%| F|  |TAMS 0x00000000ead00000, 0x00000000ead00000| Untracked 
| 174|0x00000000eae00000, 0x00000000eaf00000, 0x00000000eaf00000|100%| O|  |TAMS 0x00000000eaf00000, 0x00000000eae00000| Updating 
| 175|0x00000000eaf00000, 0x00000000eb000000, 0x00000000eb000000|100%|HS|  |TAMS 0x00000000eaf00000, 0x00000000eaf00000| Complete 
| 176|0x00000000eb000000, 0x00000000eb100000, 0x00000000eb100000|100%|HC|  |TAMS 0x00000000eb000000, 0x00000000eb000000| Complete 
| 177|0x00000000eb100000, 0x00000000eb200000, 0x00000000eb200000|100%|HC|  |TAMS 0x00000000eb100000, 0x00000000eb100000| Complete 
| 178|0x00000000eb200000, 0x00000000eb300000, 0x00000000eb300000|100%|HC|  |TAMS 0x00000000eb200000, 0x00000000eb200000| Complete 
| 179|0x00000000eb300000, 0x00000000eb400000, 0x00000000eb400000|100%|HS|  |TAMS 0x00000000eb300000, 0x00000000eb300000| Complete 
| 180|0x00000000eb400000, 0x00000000eb500000, 0x00000000eb500000|100%|HC|  |TAMS 0x00000000eb400000, 0x00000000eb400000| Complete 
| 181|0x00000000eb500000, 0x00000000eb600000, 0x00000000eb600000|100%|HC|  |TAMS 0x00000000eb500000, 0x00000000eb500000| Complete 
| 182|0x00000000eb600000, 0x00000000eb700000, 0x00000000eb700000|100%|HS|  |TAMS 0x00000000eb600000, 0x00000000eb600000| Complete 
| 183|0x00000000eb700000, 0x00000000eb800000, 0x00000000eb800000|100%|HC|  |TAMS 0x00000000eb700000, 0x00000000eb700000| Complete 
| 184|0x00000000eb800000, 0x00000000eb900000, 0x00000000eb900000|100%|HC|  |TAMS 0x00000000eb800000, 0x00000000eb800000| Complete 
| 185|0x00000000eb900000, 0x00000000eb900000, 0x00000000eba00000|  0%| F|  |TAMS 0x00000000eb900000, 0x00000000eb900000| Untracked 
| 186|0x00000000eba00000, 0x00000000eba00000, 0x00000000ebb00000|  0%| F|  |TAMS 0x00000000eba00000, 0x00000000eba00000| Untracked 
| 187|0x00000000ebb00000, 0x00000000ebb00000, 0x00000000ebc00000|  0%| F|  |TAMS 0x00000000ebb00000, 0x00000000ebb00000| Untracked 
| 188|0x00000000ebc00000, 0x00000000ebc00000, 0x00000000ebd00000|  0%| F|  |TAMS 0x00000000ebc00000, 0x00000000ebc00000| Untracked 
| 189|0x00000000ebd00000, 0x00000000ebd00000, 0x00000000ebe00000|  0%| F|  |TAMS 0x00000000ebd00000, 0x00000000ebd00000| Untracked 
| 190|0x00000000ebe00000, 0x00000000ebe00000, 0x00000000ebf00000|  0%| F|  |TAMS 0x00000000ebe00000, 0x00000000ebe00000| Untracked 
| 191|0x00000000ebf00000, 0x00000000ebf00000, 0x00000000ec000000|  0%| F|  |TAMS 0x00000000ebf00000, 0x00000000ebf00000| Untracked 
| 192|0x00000000ec000000, 0x00000000ec000000, 0x00000000ec100000|  0%| F|  |TAMS 0x00000000ec000000, 0x00000000ec000000| Untracked 
| 193|0x00000000ec100000, 0x00000000ec100000, 0x00000000ec200000|  0%| F|  |TAMS 0x00000000ec100000, 0x00000000ec100000| Untracked 
| 194|0x00000000ec200000, 0x00000000ec200000, 0x00000000ec300000|  0%| F|  |TAMS 0x00000000ec200000, 0x00000000ec200000| Untracked 
| 195|0x00000000ec300000, 0x00000000ec300000, 0x00000000ec400000|  0%| F|  |TAMS 0x00000000ec300000, 0x00000000ec300000| Untracked 
| 196|0x00000000ec400000, 0x00000000ec400000, 0x00000000ec500000|  0%| F|  |TAMS 0x00000000ec400000, 0x00000000ec400000| Untracked 
| 197|0x00000000ec500000, 0x00000000ec500000, 0x00000000ec600000|  0%| F|  |TAMS 0x00000000ec500000, 0x00000000ec500000| Untracked 
| 198|0x00000000ec600000, 0x00000000ec600000, 0x00000000ec700000|  0%| F|  |TAMS 0x00000000ec600000, 0x00000000ec600000| Untracked 
| 199|0x00000000ec700000, 0x00000000ec700000, 0x00000000ec800000|  0%| F|  |TAMS 0x00000000ec700000, 0x00000000ec700000| Untracked 
| 200|0x00000000ec800000, 0x00000000ec800000, 0x00000000ec900000|  0%| F|  |TAMS 0x00000000ec800000, 0x00000000ec800000| Untracked 
| 201|0x00000000ec900000, 0x00000000ec900000, 0x00000000eca00000|  0%| F|  |TAMS 0x00000000ec900000, 0x00000000ec900000| Untracked 
| 202|0x00000000eca00000, 0x00000000eca00000, 0x00000000ecb00000|  0%| F|  |TAMS 0x00000000eca00000, 0x00000000eca00000| Untracked 
| 203|0x00000000ecb00000, 0x00000000ecb00000, 0x00000000ecc00000|  0%| F|  |TAMS 0x00000000ecb00000, 0x00000000ecb00000| Untracked 
| 204|0x00000000ecc00000, 0x00000000ecc00000, 0x00000000ecd00000|  0%| F|  |TAMS 0x00000000ecc00000, 0x00000000ecc00000| Untracked 
| 205|0x00000000ecd00000, 0x00000000ecd00000, 0x00000000ece00000|  0%| F|  |TAMS 0x00000000ecd00000, 0x00000000ecd00000| Untracked 
| 206|0x00000000ece00000, 0x00000000ece00000, 0x00000000ecf00000|  0%| F|  |TAMS 0x00000000ece00000, 0x00000000ece00000| Untracked 
| 207|0x00000000ecf00000, 0x00000000ecf00000, 0x00000000ed000000|  0%| F|  |TAMS 0x00000000ecf00000, 0x00000000ecf00000| Untracked 
| 208|0x00000000ed000000, 0x00000000ed000000, 0x00000000ed100000|  0%| F|  |TAMS 0x00000000ed000000, 0x00000000ed000000| Untracked 
| 209|0x00000000ed100000, 0x00000000ed100000, 0x00000000ed200000|  0%| F|  |TAMS 0x00000000ed100000, 0x00000000ed100000| Untracked 
| 210|0x00000000ed200000, 0x00000000ed200000, 0x00000000ed300000|  0%| F|  |TAMS 0x00000000ed200000, 0x00000000ed200000| Untracked 
| 211|0x00000000ed300000, 0x00000000ed300000, 0x00000000ed400000|  0%| F|  |TAMS 0x00000000ed300000, 0x00000000ed300000| Untracked 
| 212|0x00000000ed400000, 0x00000000ed400000, 0x00000000ed500000|  0%| F|  |TAMS 0x00000000ed400000, 0x00000000ed400000| Untracked 
| 213|0x00000000ed500000, 0x00000000ed500000, 0x00000000ed600000|  0%| F|  |TAMS 0x00000000ed500000, 0x00000000ed500000| Untracked 
| 214|0x00000000ed600000, 0x00000000ed600000, 0x00000000ed700000|  0%| F|  |TAMS 0x00000000ed600000, 0x00000000ed600000| Untracked 
| 215|0x00000000ed700000, 0x00000000ed700000, 0x00000000ed800000|  0%| F|  |TAMS 0x00000000ed700000, 0x00000000ed700000| Untracked 
| 216|0x00000000ed800000, 0x00000000ed800000, 0x00000000ed900000|  0%| F|  |TAMS 0x00000000ed800000, 0x00000000ed800000| Untracked 
| 217|0x00000000ed900000, 0x00000000ed900000, 0x00000000eda00000|  0%| F|  |TAMS 0x00000000ed900000, 0x00000000ed900000| Untracked 
| 218|0x00000000eda00000, 0x00000000eda00000, 0x00000000edb00000|  0%| F|  |TAMS 0x00000000eda00000, 0x00000000eda00000| Untracked 
| 219|0x00000000edb00000, 0x00000000edb00000, 0x00000000edc00000|  0%| F|  |TAMS 0x00000000edb00000, 0x00000000edb00000| Untracked 
| 220|0x00000000edc00000, 0x00000000edc00000, 0x00000000edd00000|  0%| F|  |TAMS 0x00000000edc00000, 0x00000000edc00000| Untracked 
| 221|0x00000000edd00000, 0x00000000edd00000, 0x00000000ede00000|  0%| F|  |TAMS 0x00000000edd00000, 0x00000000edd00000| Untracked 
| 222|0x00000000ede00000, 0x00000000ede00000, 0x00000000edf00000|  0%| F|  |TAMS 0x00000000ede00000, 0x00000000ede00000| Untracked 
| 223|0x00000000edf00000, 0x00000000edf00000, 0x00000000ee000000|  0%| F|  |TAMS 0x00000000edf00000, 0x00000000edf00000| Untracked 
| 224|0x00000000ee000000, 0x00000000ee000000, 0x00000000ee100000|  0%| F|  |TAMS 0x00000000ee000000, 0x00000000ee000000| Untracked 
| 225|0x00000000ee100000, 0x00000000ee100000, 0x00000000ee200000|  0%| F|  |TAMS 0x00000000ee100000, 0x00000000ee100000| Untracked 
| 226|0x00000000ee200000, 0x00000000ee200000, 0x00000000ee300000|  0%| F|  |TAMS 0x00000000ee200000, 0x00000000ee200000| Untracked 
| 227|0x00000000ee300000, 0x00000000ee300000, 0x00000000ee400000|  0%| F|  |TAMS 0x00000000ee300000, 0x00000000ee300000| Untracked 
| 228|0x00000000ee400000, 0x00000000ee400000, 0x00000000ee500000|  0%| F|  |TAMS 0x00000000ee400000, 0x00000000ee400000| Untracked 
| 229|0x00000000ee500000, 0x00000000ee500000, 0x00000000ee600000|  0%| F|  |TAMS 0x00000000ee500000, 0x00000000ee500000| Untracked 
| 230|0x00000000ee600000, 0x00000000ee600000, 0x00000000ee700000|  0%| F|  |TAMS 0x00000000ee600000, 0x00000000ee600000| Untracked 
| 231|0x00000000ee700000, 0x00000000ee700000, 0x00000000ee800000|  0%| F|  |TAMS 0x00000000ee700000, 0x00000000ee700000| Untracked 
| 232|0x00000000ee800000, 0x00000000ee800000, 0x00000000ee900000|  0%| F|  |TAMS 0x00000000ee800000, 0x00000000ee800000| Untracked 
| 233|0x00000000ee900000, 0x00000000ee900000, 0x00000000eea00000|  0%| F|  |TAMS 0x00000000ee900000, 0x00000000ee900000| Untracked 
| 234|0x00000000eea00000, 0x00000000eea00000, 0x00000000eeb00000|  0%| F|  |TAMS 0x00000000eea00000, 0x00000000eea00000| Untracked 
| 235|0x00000000eeb00000, 0x00000000eeb00000, 0x00000000eec00000|  0%| F|  |TAMS 0x00000000eeb00000, 0x00000000eeb00000| Untracked 
| 236|0x00000000eec00000, 0x00000000eec00000, 0x00000000eed00000|  0%| F|  |TAMS 0x00000000eec00000, 0x00000000eec00000| Untracked 
| 237|0x00000000eed00000, 0x00000000eed00000, 0x00000000eee00000|  0%| F|  |TAMS 0x00000000eed00000, 0x00000000eed00000| Untracked 
| 238|0x00000000eee00000, 0x00000000eee00000, 0x00000000eef00000|  0%| F|  |TAMS 0x00000000eee00000, 0x00000000eee00000| Untracked 
| 239|0x00000000eef00000, 0x00000000eef00000, 0x00000000ef000000|  0%| F|  |TAMS 0x00000000eef00000, 0x00000000eef00000| Untracked 
| 240|0x00000000ef000000, 0x00000000ef000000, 0x00000000ef100000|  0%| F|  |TAMS 0x00000000ef000000, 0x00000000ef000000| Untracked 
| 241|0x00000000ef100000, 0x00000000ef100000, 0x00000000ef200000|  0%| F|  |TAMS 0x00000000ef100000, 0x00000000ef100000| Untracked 
| 242|0x00000000ef200000, 0x00000000ef200000, 0x00000000ef300000|  0%| F|  |TAMS 0x00000000ef200000, 0x00000000ef200000| Untracked 
| 243|0x00000000ef300000, 0x00000000ef35fac0, 0x00000000ef400000| 37%| S|CS|TAMS 0x00000000ef300000, 0x00000000ef300000| Complete 
| 244|0x00000000ef400000, 0x00000000ef500000, 0x00000000ef500000|100%| S|CS|TAMS 0x00000000ef400000, 0x00000000ef400000| Complete 
| 245|0x00000000ef500000, 0x00000000ef600000, 0x00000000ef600000|100%| S|CS|TAMS 0x00000000ef500000, 0x00000000ef500000| Complete 
| 246|0x00000000ef600000, 0x00000000ef700000, 0x00000000ef700000|100%| S|CS|TAMS 0x00000000ef600000, 0x00000000ef600000| Complete 
| 247|0x00000000ef700000, 0x00000000ef800000, 0x00000000ef800000|100%| S|CS|TAMS 0x00000000ef700000, 0x00000000ef700000| Complete 
| 248|0x00000000ef800000, 0x00000000ef900000, 0x00000000ef900000|100%| S|CS|TAMS 0x00000000ef800000, 0x00000000ef800000| Complete 
| 249|0x00000000ef900000, 0x00000000ef900000, 0x00000000efa00000|  0%| F|  |TAMS 0x00000000ef900000, 0x00000000ef900000| Untracked 
| 250|0x00000000efa00000, 0x00000000efa00000, 0x00000000efb00000|  0%| F|  |TAMS 0x00000000efa00000, 0x00000000efa00000| Untracked 
| 251|0x00000000efb00000, 0x00000000efb00000, 0x00000000efc00000|  0%| F|  |TAMS 0x00000000efb00000, 0x00000000efb00000| Untracked 
| 252|0x00000000efc00000, 0x00000000efc00000, 0x00000000efd00000|  0%| F|  |TAMS 0x00000000efc00000, 0x00000000efc00000| Untracked 
| 253|0x00000000efd00000, 0x00000000efd00000, 0x00000000efe00000|  0%| F|  |TAMS 0x00000000efd00000, 0x00000000efd00000| Untracked 
| 254|0x00000000efe00000, 0x00000000efe00000, 0x00000000eff00000|  0%| F|  |TAMS 0x00000000efe00000, 0x00000000efe00000| Untracked 
| 255|0x00000000eff00000, 0x00000000eff00000, 0x00000000f0000000|  0%| F|  |TAMS 0x00000000eff00000, 0x00000000eff00000| Untracked 
| 256|0x00000000f0000000, 0x00000000f0000000, 0x00000000f0100000|  0%| F|  |TAMS 0x00000000f0000000, 0x00000000f0000000| Untracked 
| 257|0x00000000f0100000, 0x00000000f0100000, 0x00000000f0200000|  0%| F|  |TAMS 0x00000000f0100000, 0x00000000f0100000| Untracked 
| 258|0x00000000f0200000, 0x00000000f0200000, 0x00000000f0300000|  0%| F|  |TAMS 0x00000000f0200000, 0x00000000f0200000| Untracked 
| 259|0x00000000f0300000, 0x00000000f0300000, 0x00000000f0400000|  0%| F|  |TAMS 0x00000000f0300000, 0x00000000f0300000| Untracked 
| 260|0x00000000f0400000, 0x00000000f0400000, 0x00000000f0500000|  0%| F|  |TAMS 0x00000000f0400000, 0x00000000f0400000| Untracked 
| 261|0x00000000f0500000, 0x00000000f0500000, 0x00000000f0600000|  0%| F|  |TAMS 0x00000000f0500000, 0x00000000f0500000| Untracked 
| 262|0x00000000f0600000, 0x00000000f0600000, 0x00000000f0700000|  0%| F|  |TAMS 0x00000000f0600000, 0x00000000f0600000| Untracked 
| 263|0x00000000f0700000, 0x00000000f0700000, 0x00000000f0800000|  0%| F|  |TAMS 0x00000000f0700000, 0x00000000f0700000| Untracked 
| 264|0x00000000f0800000, 0x00000000f0800000, 0x00000000f0900000|  0%| F|  |TAMS 0x00000000f0800000, 0x00000000f0800000| Untracked 
| 265|0x00000000f0900000, 0x00000000f09b9920, 0x00000000f0a00000| 72%| E|  |TAMS 0x00000000f0900000, 0x00000000f0900000| Complete 
| 266|0x00000000f0a00000, 0x00000000f0b00000, 0x00000000f0b00000|100%| E|CS|TAMS 0x00000000f0a00000, 0x00000000f0a00000| Complete 
| 267|0x00000000f0b00000, 0x00000000f0c00000, 0x00000000f0c00000|100%| E|CS|TAMS 0x00000000f0b00000, 0x00000000f0b00000| Complete 
| 268|0x00000000f0c00000, 0x00000000f0d00000, 0x00000000f0d00000|100%| E|CS|TAMS 0x00000000f0c00000, 0x00000000f0c00000| Complete 
| 269|0x00000000f0d00000, 0x00000000f0e00000, 0x00000000f0e00000|100%| E|CS|TAMS 0x00000000f0d00000, 0x00000000f0d00000| Complete 
| 270|0x00000000f0e00000, 0x00000000f0f00000, 0x00000000f0f00000|100%| E|CS|TAMS 0x00000000f0e00000, 0x00000000f0e00000| Complete 
| 271|0x00000000f0f00000, 0x00000000f1000000, 0x00000000f1000000|100%| E|CS|TAMS 0x00000000f0f00000, 0x00000000f0f00000| Complete 
| 272|0x00000000f1000000, 0x00000000f1100000, 0x00000000f1100000|100%| E|CS|TAMS 0x00000000f1000000, 0x00000000f1000000| Complete 
| 273|0x00000000f1100000, 0x00000000f1200000, 0x00000000f1200000|100%| E|CS|TAMS 0x00000000f1100000, 0x00000000f1100000| Complete 
| 274|0x00000000f1200000, 0x00000000f1300000, 0x00000000f1300000|100%| E|CS|TAMS 0x00000000f1200000, 0x00000000f1200000| Complete 
| 275|0x00000000f1300000, 0x00000000f1400000, 0x00000000f1400000|100%| E|CS|TAMS 0x00000000f1300000, 0x00000000f1300000| Complete 
| 276|0x00000000f1400000, 0x00000000f1500000, 0x00000000f1500000|100%| E|CS|TAMS 0x00000000f1400000, 0x00000000f1400000| Complete 

Card table byte_map: [0x000001a1d90c0000,0x000001a1d91c0000] _byte_map_base: 0x000001a1d89c0000

Marking Bits (Prev, Next): (CMBitMap*) 0x000001a1bff6cf60, (CMBitMap*) 0x000001a1bff6cf20
 Prev Bits: [0x000001a1d9ac0000, 0x000001a1da2c0000)
 Next Bits: [0x000001a1d92c0000, 0x000001a1d9ac0000)

Polling page: 0x000001a1c0010000

Metaspace:

Usage:
  Non-class:     93.23 MB capacity,    91.04 MB ( 98%) used,     1.98 MB (  2%) free+waste,   215.06 KB ( <1%) overhead. 
      Class:     13.26 MB capacity,    12.38 MB ( 93%) used,   805.98 KB (  6%) free+waste,    91.38 KB ( <1%) overhead. 
       Both:    106.49 MB capacity,   103.42 MB ( 97%) used,     2.77 MB (  3%) free+waste,   306.44 KB ( <1%) overhead. 

Virtual space:
  Non-class space:       94.00 MB reserved,      93.45 MB (>99%) committed 
      Class space:      248.00 MB reserved,      13.26 MB (  5%) committed 
             Both:      342.00 MB reserved,     106.71 MB ( 31%) committed 

Chunk freelists:
   Non-Class:  32.00 KB
       Class:  0 bytes
        Both:  32.00 KB

MaxMetaspaceSize: 256.00 MB
CompressedClassSpaceSize: 248.00 MB

CodeHeap 'non-profiled nmethods': size=120000Kb used=16459Kb max_used=16625Kb free=103540Kb
 bounds [0x000001a1d1460000, 0x000001a1d24a0000, 0x000001a1d8990000]
CodeHeap 'profiled nmethods': size=120000Kb used=36052Kb max_used=38471Kb free=83947Kb
 bounds [0x000001a1c9f30000, 0x000001a1cc4d0000, 0x000001a1d1460000]
CodeHeap 'non-nmethods': size=5760Kb used=2488Kb max_used=2618Kb free=3271Kb
 bounds [0x000001a1c9990000, 0x000001a1c9c30000, 0x000001a1c9f30000]
 total_blobs=19627 nmethods=18628 adapters=910
 compilation: enabled
              stopped_count=0, restarted_count=0
 full_count=0

Compilation events (20 events):
Event: 5606.046 Thread 0x000001a1dd222a00 24021   !   3       java.io.ObjectInputStream::readNonProxyDesc (238 bytes)
Event: 5606.048 Thread 0x000001a1dd222a00 nmethod 24021 0x000001a1caddc610 code [0x000001a1caddc980, 0x000001a1cadddd18]
Event: 5606.048 Thread 0x000001a1dd222a00 24022       3       java.io.ObjectInputStream$BlockDataInputStream::readLong (76 bytes)
Event: 5606.048 Thread 0x000001a1dd222a00 nmethod 24022 0x000001a1ca26e710 code [0x000001a1ca26e8e0, 0x000001a1ca26eb68]
Event: 5606.048 Thread 0x000001a1dd222a00 24023       3       java.io.Bits::getLong (105 bytes)
Event: 5606.048 Thread 0x000001a1dd222a00 nmethod 24023 0x000001a1c9f4fe90 code [0x000001a1c9f50040, 0x000001a1c9f502d8]
Event: 5606.055 Thread 0x000001a1e8540ef0 nmethod 24003 0x000001a1d1f0fe10 code [0x000001a1d1f10040, 0x000001a1d1f112c0]
Event: 5606.055 Thread 0x000001a1e8540ef0 24000 %     4       java.io.ObjectOutputStream$HandleTable::growSpine @ 41 (67 bytes)
Event: 5606.061 Thread 0x000001a1e8540ef0 nmethod 24000% 0x000001a1d2053110 code [0x000001a1d20532c0, 0x000001a1d20536e8]
Event: 5606.061 Thread 0x000001a1e8540ef0 24001   !   4       java.io.ObjectOutputStream::writeObject (38 bytes)
Event: 5606.063 Thread 0x000001a1e8540ef0 nmethod 24001 0x000001a1d1565410 code [0x000001a1d15655a0, 0x000001a1d15656b8]
Event: 5606.063 Thread 0x000001a1e8540ef0 24008   !   4       jdk.internal.reflect.GeneratedSerializationConstructorAccessor42::newInstance (49 bytes)
Event: 5606.065 Thread 0x000001a1e8540ef0 nmethod 24008 0x000001a1d1517090 code [0x000001a1d1517220, 0x000001a1d1517388]
Event: 5606.065 Thread 0x000001a1e8540ef0 24024   !   4       jdk.internal.reflect.GeneratedSerializationConstructorAccessor43::newInstance (49 bytes)
Event: 5606.067 Thread 0x000001a1e8540ef0 nmethod 24024 0x000001a1d23c9490 code [0x000001a1d23c9620, 0x000001a1d23c9788]
Event: 5606.068 Thread 0x000001a1e8540ef0 24025       4       java.io.ObjectOutputStream$HandleTable::growSpine (67 bytes)
Event: 5606.085 Thread 0x000001a1e8540ef0 nmethod 24025 0x000001a1d2052490 code [0x000001a1d2052640, 0x000001a1d2052d88]
Event: 5606.086 Thread 0x000001a1e8540ef0 24026       4       java.io.ObjectOutputStream$BlockDataOutputStream::writeShort (47 bytes)
Event: 5606.087 Thread 0x000001a1e8540ef0 nmethod 24026 0x000001a1d2051e10 code [0x000001a1d2051fa0, 0x000001a1d20520b8]
Event: 5606.100 Thread 0x000001a1dc8a9430 nmethod 23995 0x000001a1d1e38f90 code [0x000001a1d1e39700, 0x000001a1d1e3f5d0]

GC Heap History (20 events):
Event: 5596.291 GC heap before
{Heap before GC invocations=48 (full 0):
 garbage-first heap   total 278528K, used 223293K [0x00000000e0000000, 0x0000000100000000)
  region size 1024K, 83 young (84992K), 3 survivors (3072K)
 Metaspace       used 105682K, capacity 108905K, committed 109020K, reserved 350208K
  class space    used 12676K, capacity 13573K, committed 13580K, reserved 253952K
}
Event: 5596.320 GC heap after
{Heap after GC invocations=49 (full 0):
 garbage-first heap   total 278528K, used 161588K [0x00000000e0000000, 0x0000000100000000)
  region size 1024K, 11 young (11264K), 11 survivors (11264K)
 Metaspace       used 105682K, capacity 108905K, committed 109020K, reserved 350208K
  class space    used 12676K, capacity 13573K, committed 13580K, reserved 253952K
}
Event: 5596.346 GC heap before
{Heap before GC invocations=49 (full 0):
 garbage-first heap   total 278528K, used 163636K [0x00000000e0000000, 0x0000000100000000)
  region size 1024K, 13 young (13312K), 11 survivors (11264K)
 Metaspace       used 105683K, capacity 108905K, committed 109020K, reserved 350208K
  class space    used 12676K, capacity 13573K, committed 13580K, reserved 253952K
}
Event: 5596.391 GC heap after
{Heap after GC invocations=50 (full 0):
 garbage-first heap   total 278528K, used 150344K [0x00000000e0000000, 0x0000000100000000)
  region size 1024K, 2 young (2048K), 2 survivors (2048K)
 Metaspace       used 105683K, capacity 108905K, committed 109020K, reserved 350208K
  class space    used 12676K, capacity 13573K, committed 13580K, reserved 253952K
}
Event: 5597.478 GC heap before
{Heap before GC invocations=50 (full 0):
 garbage-first heap   total 278528K, used 218952K [0x00000000e0000000, 0x0000000100000000)
  region size 1024K, 70 young (71680K), 2 survivors (2048K)
 Metaspace       used 105724K, capacity 108911K, committed 109020K, reserved 350208K
  class space    used 12676K, capacity 13574K, committed 13580K, reserved 253952K
}
Event: 5597.502 GC heap after
{Heap after GC invocations=51 (full 0):
 garbage-first heap   total 278528K, used 165888K [0x00000000e0000000, 0x0000000100000000)
  region size 1024K, 9 young (9216K), 9 survivors (9216K)
 Metaspace       used 105724K, capacity 108911K, committed 109020K, reserved 350208K
  class space    used 12676K, capacity 13574K, committed 13580K, reserved 253952K
}
Event: 5598.709 GC heap before
{Heap before GC invocations=52 (full 0):
 garbage-first heap   total 283648K, used 212992K [0x00000000e0000000, 0x0000000100000000)
  region size 1024K, 64 young (65536K), 9 survivors (9216K)
 Metaspace       used 105738K, capacity 108911K, committed 109020K, reserved 350208K
  class space    used 12676K, capacity 13574K, committed 13580K, reserved 253952K
}
Event: 5598.725 GC heap after
{Heap after GC invocations=53 (full 0):
 garbage-first heap   total 283648K, used 160256K [0x00000000e0000000, 0x0000000100000000)
  region size 1024K, 2 young (2048K), 2 survivors (2048K)
 Metaspace       used 105738K, capacity 108911K, committed 109020K, reserved 350208K
  class space    used 12676K, capacity 13574K, committed 13580K, reserved 253952K
}
Event: 5598.941 GC heap before
{Heap before GC invocations=53 (full 0):
 garbage-first heap   total 283648K, used 171520K [0x00000000e0000000, 0x0000000100000000)
  region size 1024K, 13 young (13312K), 2 survivors (2048K)
 Metaspace       used 105746K, capacity 108911K, committed 109020K, reserved 350208K
  class space    used 12676K, capacity 13574K, committed 13580K, reserved 253952K
}
Event: 5598.965 GC heap after
{Heap after GC invocations=54 (full 0):
 garbage-first heap   total 283648K, used 136797K [0x00000000e0000000, 0x0000000100000000)
  region size 1024K, 1 young (1024K), 1 survivors (1024K)
 Metaspace       used 105746K, capacity 108911K, committed 109020K, reserved 350208K
  class space    used 12676K, capacity 13574K, committed 13580K, reserved 253952K
}
Event: 5599.799 GC heap before
{Heap before GC invocations=54 (full 0):
 garbage-first heap   total 283648K, used 178781K [0x00000000e0000000, 0x0000000100000000)
  region size 1024K, 43 young (44032K), 1 survivors (1024K)
 Metaspace       used 105781K, capacity 108975K, committed 109020K, reserved 350208K
  class space    used 12676K, capacity 13574K, committed 13580K, reserved 253952K
}
Event: 5599.811 GC heap after
{Heap after GC invocations=55 (full 0):
 garbage-first heap   total 283648K, used 137440K [0x00000000e0000000, 0x0000000100000000)
  region size 1024K, 2 young (2048K), 2 survivors (2048K)
 Metaspace       used 105781K, capacity 108975K, committed 109020K, reserved 350208K
  class space    used 12676K, capacity 13574K, committed 13580K, reserved 253952K
}
Event: 5604.445 GC heap before
{Heap before GC invocations=56 (full 0):
 garbage-first heap   total 283648K, used 227552K [0x00000000e0000000, 0x0000000100000000)
  region size 1024K, 90 young (92160K), 2 survivors (2048K)
 Metaspace       used 105865K, capacity 109039K, committed 109276K, reserved 350208K
  class space    used 12677K, capacity 13574K, committed 13580K, reserved 253952K
}
Event: 5604.469 GC heap after
{Heap after GC invocations=57 (full 0):
 garbage-first heap   total 283648K, used 160850K [0x00000000e0000000, 0x0000000100000000)
  region size 1024K, 12 young (12288K), 12 survivors (12288K)
 Metaspace       used 105865K, capacity 109039K, committed 109276K, reserved 350208K
  class space    used 12677K, capacity 13574K, committed 13580K, reserved 253952K
}
Event: 5604.485 GC heap before
{Heap before GC invocations=57 (full 0):
 garbage-first heap   total 283648K, used 161874K [0x00000000e0000000, 0x0000000100000000)
  region size 1024K, 13 young (13312K), 12 survivors (12288K)
 Metaspace       used 105865K, capacity 109039K, committed 109276K, reserved 350208K
  class space    used 12677K, capacity 13574K, committed 13580K, reserved 253952K
}
Event: 5604.528 GC heap after
{Heap after GC invocations=58 (full 0):
 garbage-first heap   total 283648K, used 151394K [0x00000000e0000000, 0x0000000100000000)
  region size 1024K, 1 young (1024K), 1 survivors (1024K)
 Metaspace       used 105865K, capacity 109039K, committed 109276K, reserved 350208K
  class space    used 12677K, capacity 13574K, committed 13580K, reserved 253952K
}
Event: 5604.565 GC heap before
{Heap before GC invocations=58 (full 0):
 garbage-first heap   total 283648K, used 151394K [0x00000000e0000000, 0x0000000100000000)
  region size 1024K, 2 young (2048K), 1 survivors (1024K)
 Metaspace       used 105865K, capacity 109039K, committed 109276K, reserved 350208K
  class space    used 12677K, capacity 13574K, committed 13580K, reserved 253952K
}
Event: 5604.579 GC heap after
{Heap after GC invocations=59 (full 0):
 garbage-first heap   total 283648K, used 150862K [0x00000000e0000000, 0x0000000100000000)
  region size 1024K, 1 young (1024K), 1 survivors (1024K)
 Metaspace       used 105865K, capacity 109039K, committed 109276K, reserved 350208K
  class space    used 12677K, capacity 13574K, committed 13580K, reserved 253952K
}
Event: 5605.761 GC heap before
{Heap before GC invocations=60 (full 0):
 garbage-first heap   total 283648K, used 179534K [0x00000000e0000000, 0x0000000100000000)
  region size 1024K, 28 young (28672K), 1 survivors (1024K)
 Metaspace       used 105891K, capacity 109039K, committed 109276K, reserved 350208K
  class space    used 12677K, capacity 13574K, committed 13580K, reserved 253952K
}
Event: 5605.772 GC heap after
{Heap after GC invocations=61 (full 0):
 garbage-first heap   total 283648K, used 156030K [0x00000000e0000000, 0x0000000100000000)
  region size 1024K, 6 young (6144K), 6 survivors (6144K)
 Metaspace       used 105891K, capacity 109039K, committed 109276K, reserved 350208K
  class space    used 12677K, capacity 13574K, committed 13580K, reserved 253952K
}

Deoptimization events (20 events):
Event: 5605.680 Thread 0x000001a1e26c7db0 DEOPT PACKING pc=0x000001a1d1a9f43c sp=0x0000008b724fb5e0
Event: 5605.680 Thread 0x000001a1e26c7db0 DEOPT UNPACKING pc=0x000001a1c99de42f sp=0x0000008b724fb538 mode 2
Event: 5605.680 Thread 0x000001a1e26c7db0 Uncommon trap: trap_request=0xffffffde fr.pc=0x000001a1d1a9f418 relative=0x0000000000005478
Event: 5605.680 Thread 0x000001a1e26c7db0 Uncommon trap: reason=class_check action=maybe_recompile pc=0x000001a1d1a9f418 method=com.android.ide.common.resources.NodeUtils.duplicateNode(Lorg/w3c/dom/Document;Lorg/w3c/dom/Node;)Lorg/w3c/dom/Node; @ 73 c2
Event: 5605.680 Thread 0x000001a1e26c7db0 DEOPT PACKING pc=0x000001a1d1a9f418 sp=0x0000008b724fb530
Event: 5605.680 Thread 0x000001a1e26c7db0 DEOPT UNPACKING pc=0x000001a1c99de42f sp=0x0000008b724fb530 mode 2
Event: 5605.680 Thread 0x000001a1e26c7db0 Uncommon trap: trap_request=0xffffffde fr.pc=0x000001a1d1a9f418 relative=0x0000000000005478
Event: 5605.680 Thread 0x000001a1e26c7db0 Uncommon trap: reason=class_check action=maybe_recompile pc=0x000001a1d1a9f418 method=com.android.ide.common.resources.NodeUtils.duplicateNode(Lorg/w3c/dom/Document;Lorg/w3c/dom/Node;)Lorg/w3c/dom/Node; @ 73 c2
Event: 5605.680 Thread 0x000001a1e26c7db0 DEOPT PACKING pc=0x000001a1d1a9f418 sp=0x0000008b724fb530
Event: 5605.680 Thread 0x000001a1e26c7db0 DEOPT UNPACKING pc=0x000001a1c99de42f sp=0x0000008b724fb530 mode 2
Event: 5605.680 Thread 0x000001a1e26c7db0 Uncommon trap: trap_request=0xffffffde fr.pc=0x000001a1d1a9f43c relative=0x000000000000549c
Event: 5605.680 Thread 0x000001a1e26c7db0 Uncommon trap: reason=class_check action=maybe_recompile pc=0x000001a1d1a9f43c method=com.android.ide.common.resources.NodeUtils.duplicateNode(Lorg/w3c/dom/Document;Lorg/w3c/dom/Node;)Lorg/w3c/dom/Node; @ 73 c2
Event: 5605.680 Thread 0x000001a1e26c7db0 DEOPT PACKING pc=0x000001a1d1a9f43c sp=0x0000008b724fb5e0
Event: 5605.680 Thread 0x000001a1e26c7db0 DEOPT UNPACKING pc=0x000001a1c99de42f sp=0x0000008b724fb538 mode 2
Event: 5605.816 Thread 0x000001a1e26c7db0 DEOPT PACKING pc=0x000001a1cc034029 sp=0x0000008b724f9a90
Event: 5605.816 Thread 0x000001a1e26c7db0 DEOPT UNPACKING pc=0x000001a1c99de23f sp=0x0000008b724f8f70 mode 0
Event: 5605.825 Thread 0x000001a1e26c7db0 DEOPT PACKING pc=0x000001a1cc034029 sp=0x0000008b724f9ab0
Event: 5605.825 Thread 0x000001a1e26c7db0 DEOPT UNPACKING pc=0x000001a1c99de23f sp=0x0000008b724f8f90 mode 0
Event: 5606.068 Thread 0x000001a1e26c7db0 DEOPT PACKING pc=0x000001a1cc2be2de sp=0x0000008b724f9ff0
Event: 5606.077 Thread 0x000001a1e26c7db0 DEOPT UNPACKING pc=0x000001a1c99de23f sp=0x0000008b724f9498 mode 0

Classes unloaded (20 events):
Event: 5308.849 Thread 0x000001a1dc87e0d0 Unloading class 0x000000080160d840 '_BuildScript_$_run_closure1$_closure3'
Event: 5308.849 Thread 0x000001a1dc87e0d0 Unloading class 0x000000080160e3f8 '_BuildScript_$_run_closure1$_closure2'
Event: 5308.849 Thread 0x000001a1dc87e0d0 Unloading class 0x000000080160e040 '_BuildScript_$_run_closure1'
Event: 5308.849 Thread 0x000001a1dc87e0d0 Unloading class 0x000000080160e840 '_BuildScript_'
Event: 5308.849 Thread 0x000001a1dc87e0d0 Unloading class 0x000000080160a040 'jdk/internal/reflect/GeneratedMethodAccessor187'
Event: 5308.849 Thread 0x000001a1dc87e0d0 Unloading class 0x0000000801609840 'jdk/internal/reflect/GeneratedMethodAccessor185'
Event: 5308.849 Thread 0x000001a1dc87e0d0 Unloading class 0x0000000801609440 'jdk/internal/reflect/GeneratedConstructorAccessor108'
Event: 5308.849 Thread 0x000001a1dc87e0d0 Unloading class 0x0000000801586040 'java/lang/invoke/LambdaForm$DMH+0x0000000801586040'
Event: 5429.999 Thread 0x000001a1dc87e0d0 Unloading class 0x0000000800c66040 'jdk/internal/reflect/GeneratedConstructorAccessor158'
Event: 5429.999 Thread 0x000001a1dc87e0d0 Unloading class 0x0000000800fff040 'build_8dua9sgri3x0oi0fk413mfx7g$_run_closure1$_closure2$_closure5'
Event: 5429.999 Thread 0x000001a1dc87e0d0 Unloading class 0x0000000800fffc18 'build_8dua9sgri3x0oi0fk413mfx7g$_run_closure1$_closure2$_closure4'
Event: 5429.999 Thread 0x000001a1dc87e0d0 Unloading class 0x0000000800fff840 'build_8dua9sgri3x0oi0fk413mfx7g$_run_closure1$_closure2$_closure3'
Event: 5429.999 Thread 0x000001a1dc87e0d0 Unloading class 0x0000000800ff8c18 'build_8dua9sgri3x0oi0fk413mfx7g$_run_closure1$_closure2'
Event: 5429.999 Thread 0x000001a1dc87e0d0 Unloading class 0x0000000800ff8840 'build_8dua9sgri3x0oi0fk413mfx7g$_run_closure1'
Event: 5429.999 Thread 0x000001a1dc87e0d0 Unloading class 0x0000000800ff8040 'build_8dua9sgri3x0oi0fk413mfx7g'
Event: 5429.999 Thread 0x000001a1dc87e0d0 Unloading class 0x0000000800f0d418 'build_8dua9sgri3x0oi0fk413mfx7g$_run_closure1$_closure4'
Event: 5429.999 Thread 0x000001a1dc87e0d0 Unloading class 0x0000000800f0d040 'build_8dua9sgri3x0oi0fk413mfx7g$_run_closure1$_closure3'
Event: 5429.999 Thread 0x000001a1dc87e0d0 Unloading class 0x0000000800f0ec18 'build_8dua9sgri3x0oi0fk413mfx7g$_run_closure1$_closure2'
Event: 5429.999 Thread 0x000001a1dc87e0d0 Unloading class 0x0000000800f0e840 'build_8dua9sgri3x0oi0fk413mfx7g$_run_closure1'
Event: 5429.999 Thread 0x000001a1dc87e0d0 Unloading class 0x0000000800f0f040 'build_8dua9sgri3x0oi0fk413mfx7g'

Classes redefined (0 events):
No events

Internal exceptions (20 events):
Event: 5599.122 Thread 0x000001a1e26c7db0 Exception <a 'sun/nio/fs/WindowsException'{0x00000000f0c01c68}> (0x00000000f0c01c68) 
thrown [./open/src/hotspot/share/prims/jni.cpp, line 578]
Event: 5599.122 Thread 0x000001a1e26c7db0 Exception <a 'sun/nio/fs/WindowsException'{0x00000000f0c02630}> (0x00000000f0c02630) 
thrown [./open/src/hotspot/share/prims/jni.cpp, line 578]
Event: 5599.122 Thread 0x000001a1e26c7db0 Exception <a 'sun/nio/fs/WindowsException'{0x00000000f0c0aee8}> (0x00000000f0c0aee8) 
thrown [./open/src/hotspot/share/prims/jni.cpp, line 578]
Event: 5599.122 Thread 0x000001a1e26c7db0 Exception <a 'sun/nio/fs/WindowsException'{0x00000000f0c0b830}> (0x00000000f0c0b830) 
thrown [./open/src/hotspot/share/prims/jni.cpp, line 578]
Event: 5599.123 Thread 0x000001a1e26c7db0 Exception <a 'sun/nio/fs/WindowsException'{0x00000000f0c0c1f8}> (0x00000000f0c0c1f8) 
thrown [./open/src/hotspot/share/prims/jni.cpp, line 578]
Event: 5599.292 Thread 0x000001a1e26ccab0 Exception <a 'sun/nio/fs/WindowsException'{0x00000000f07df2b0}> (0x00000000f07df2b0) 
thrown [./open/src/hotspot/share/prims/jni.cpp, line 578]
Event: 5599.293 Thread 0x000001a1e26ccab0 Exception <a 'sun/nio/fs/WindowsException'{0x00000000f07dfc00}> (0x00000000f07dfc00) 
thrown [./open/src/hotspot/share/prims/jni.cpp, line 578]
Event: 5599.293 Thread 0x000001a1e26ccab0 Exception <a 'sun/nio/fs/WindowsException'{0x00000000f07e05d0}> (0x00000000f07e05d0) 
thrown [./open/src/hotspot/share/prims/jni.cpp, line 578]
Event: 5599.294 Thread 0x000001a1e26ccab0 Exception <a 'sun/nio/fs/WindowsException'{0x00000000f07e91d0}> (0x00000000f07e91d0) 
thrown [./open/src/hotspot/share/prims/jni.cpp, line 578]
Event: 5599.294 Thread 0x000001a1e26ccab0 Exception <a 'sun/nio/fs/WindowsException'{0x00000000f07e9b20}> (0x00000000f07e9b20) 
thrown [./open/src/hotspot/share/prims/jni.cpp, line 578]
Event: 5599.294 Thread 0x000001a1e26ccab0 Exception <a 'sun/nio/fs/WindowsException'{0x00000000f07ea4f0}> (0x00000000f07ea4f0) 
thrown [./open/src/hotspot/share/prims/jni.cpp, line 578]
Event: 5599.346 Thread 0x000001a1e26cc5e0 Exception <a 'sun/nio/fs/WindowsException'{0x00000000f04526a0}> (0x00000000f04526a0) 
thrown [./open/src/hotspot/share/prims/jni.cpp, line 578]
Event: 5599.346 Thread 0x000001a1e26cc5e0 Exception <a 'sun/nio/fs/WindowsException'{0x00000000f0452ff0}> (0x00000000f0452ff0) 
thrown [./open/src/hotspot/share/prims/jni.cpp, line 578]
Event: 5599.346 Thread 0x000001a1e26cc5e0 Exception <a 'sun/nio/fs/WindowsException'{0x00000000f04539c0}> (0x00000000f04539c0) 
thrown [./open/src/hotspot/share/prims/jni.cpp, line 578]
Event: 5599.347 Thread 0x000001a1e26cc5e0 Exception <a 'sun/nio/fs/WindowsException'{0x00000000f0459718}> (0x00000000f0459718) 
thrown [./open/src/hotspot/share/prims/jni.cpp, line 578]
Event: 5599.396 Thread 0x000001a1e26cc5e0 Exception <a 'sun/nio/fs/WindowsException'{0x00000000f045a068}> (0x00000000f045a068) 
thrown [./open/src/hotspot/share/prims/jni.cpp, line 578]
Event: 5599.396 Thread 0x000001a1e26cc5e0 Exception <a 'sun/nio/fs/WindowsException'{0x00000000f045aa38}> (0x00000000f045aa38) 
thrown [./open/src/hotspot/share/prims/jni.cpp, line 578]
Event: 5599.676 Thread 0x000001a1e1279500 Exception <a 'sun/nio/fs/WindowsException'{0x00000000ef63e2d0}> (0x00000000ef63e2d0) 
thrown [./open/src/hotspot/share/prims/jni.cpp, line 578]
Event: 5599.676 Thread 0x000001a1e1279500 Exception <a 'sun/nio/fs/WindowsException'{0x00000000ef63ec68}> (0x00000000ef63ec68) 
thrown [./open/src/hotspot/share/prims/jni.cpp, line 578]
Event: 5600.112 Thread 0x000001a1e26c7db0 Implicit null exception at 0x000001a1d1517264 to 0x000001a1d151748c

Events (20 events):
Event: 5605.292 Thread 0x000001a1dd225ac0 flushing nmethod 0x000001a1cc4b9290
Event: 5605.292 Thread 0x000001a1dd225ac0 flushing nmethod 0x000001a1cc4b9890
Event: 5605.292 Thread 0x000001a1dd225ac0 flushing nmethod 0x000001a1cc4be610
Event: 5605.325 Executing VM operation: G1Concurrent
Event: 5605.325 Executing VM operation: G1Concurrent done
Event: 5605.692 Thread 0x000001a1e8540ef0 Thread added: 0x000001a1e8540ef0
Event: 5605.761 Executing VM operation: G1TryInitiateConcMark
Event: 5605.783 Executing VM operation: G1TryInitiateConcMark done
Event: 5605.819 Thread 0x000001a1e20b33a0 Thread added: 0x000001a1e20b33a0
Event: 5605.823 Thread 0x000001a1e20b5550 Thread added: 0x000001a1e20b5550
Event: 5606.000 Thread 0x000001a1e20b5a20 Thread added: 0x000001a1e20b5a20
Event: 5606.006 Thread 0x000001a1e20b63c0 Thread added: 0x000001a1e20b63c0
Event: 5606.006 Thread 0x000001a1e40307d0 Thread added: 0x000001a1e40307d0
Event: 5606.026 Thread 0x000001a1e402fe30 Thread added: 0x000001a1e402fe30
Event: 5606.026 Thread 0x000001a1e4032980 Thread added: 0x000001a1e4032980
Event: 5606.038 Thread 0x000001a1e4032e50 Thread added: 0x000001a1e4032e50
Event: 5606.038 Thread 0x000001a1de9df700 Thread added: 0x000001a1de9df700
Event: 5606.057 Thread 0x000001a1de9de3c0 Thread added: 0x000001a1de9de3c0
Event: 5606.057 Thread 0x000001a1e26c8750 Thread added: 0x000001a1e26c8750
Event: 5606.228 Executing VM operation: G1Concurrent


Dynamic libraries:
0x00007ff72aa00000 - 0x00007ff72aa0f000 	C:\Program Files\Java\jdk-15.0.1\bin\java.exe
0x00007ffd0b7c0000 - 0x00007ffd0b9b0000 	C:\Windows\SYSTEM32\ntdll.dll
0x00007ffd0b090000 - 0x00007ffd0b142000 	C:\Windows\System32\KERNEL32.DLL
0x00007ffd088a0000 - 0x00007ffd08b44000 	C:\Windows\System32\KERNELBASE.dll
0x00007ffd08b50000 - 0x00007ffd08c4a000 	C:\Windows\System32\ucrtbase.dll
0x00007ffce4930000 - 0x00007ffce4948000 	C:\Program Files\Java\jdk-15.0.1\bin\jli.dll
0x00007ffd0a210000 - 0x00007ffd0a2b3000 	C:\Windows\System32\ADVAPI32.dll
0x00007ffd0b610000 - 0x00007ffd0b6ae000 	C:\Windows\System32\msvcrt.dll
0x00007ffd0b300000 - 0x00007ffd0b397000 	C:\Windows\System32\sechost.dll
0x00007ffd0a070000 - 0x00007ffd0a190000 	C:\Windows\System32\RPCRT4.dll
0x00007ffd0b470000 - 0x00007ffd0b604000 	C:\Windows\System32\USER32.dll
0x00007ffd087f0000 - 0x00007ffd08811000 	C:\Windows\System32\win32u.dll
0x00007ffd09aa0000 - 0x00007ffd09ac6000 	C:\Windows\System32\GDI32.dll
0x00007ffd08ea0000 - 0x00007ffd09036000 	C:\Windows\System32\gdi32full.dll
0x00007ffd09040000 - 0x00007ffd090de000 	C:\Windows\System32\msvcp_win.dll
0x00007ffd07b80000 - 0x00007ffd07e04000 	C:\Windows\WinSxS\amd64_microsoft.windows.common-controls_6595b64144ccf1df_6.0.18362.959_none_e6c7bbbf130c62bb\COMCTL32.dll
0x00007ffd09b50000 - 0x00007ffd09e85000 	C:\Windows\System32\combase.dll
0x00007ffd08820000 - 0x00007ffd088a0000 	C:\Windows\System32\bcryptPrimitives.dll
0x00007ffcfd500000 - 0x00007ffcfd50a000 	C:\Windows\SYSTEM32\VERSION.dll
0x00007ffcf2a30000 - 0x00007ffcf2a49000 	C:\Program Files\Java\jdk-15.0.1\bin\VCRUNTIME140.dll
0x00007ffd0a2c0000 - 0x00007ffd0a2ee000 	C:\Windows\System32\IMM32.DLL
0x00007ffcf4870000 - 0x00007ffcf487c000 	C:\Program Files\Java\jdk-15.0.1\bin\vcruntime140_1.dll
0x00007ffcbd4f0000 - 0x00007ffcbd581000 	C:\Program Files\Java\jdk-15.0.1\bin\msvcp140.dll
0x00007ffcb57d0000 - 0x00007ffcb632e000 	C:\Program Files\Java\jdk-15.0.1\bin\server\jvm.dll
0x00007ffd0b400000 - 0x00007ffd0b408000 	C:\Windows\System32\PSAPI.DLL
0x00007ffceea60000 - 0x00007ffceea69000 	C:\Windows\SYSTEM32\WSOCK32.dll
0x00007ffd0a760000 - 0x00007ffd0a7cf000 	C:\Windows\System32\WS2_32.dll
0x00007ffd055a0000 - 0x00007ffd055c4000 	C:\Windows\SYSTEM32\WINMM.dll
0x00007ffd05570000 - 0x00007ffd0559d000 	C:\Windows\SYSTEM32\WINMMBASE.dll
0x00007ffd08d00000 - 0x00007ffd08d4a000 	C:\Windows\System32\cfgmgr32.dll
0x00007ffd086d0000 - 0x00007ffd086e1000 	C:\Windows\System32\kernel.appcore.dll
0x00007ffcecd80000 - 0x00007ffcecd8a000 	C:\Program Files\Java\jdk-15.0.1\bin\jimage.dll
0x00007ffd08190000 - 0x00007ffd08384000 	C:\Windows\SYSTEM32\DBGHELP.DLL
0x00007ffd080a0000 - 0x00007ffd080ca000 	C:\Windows\SYSTEM32\dbgcore.DLL
0x00007ffce47e0000 - 0x00007ffce4805000 	C:\Program Files\Java\jdk-15.0.1\bin\java.dll
0x00007ffd0a990000 - 0x00007ffd0b076000 	C:\Windows\System32\SHELL32.dll
0x00007ffd09f40000 - 0x00007ffd09fe9000 	C:\Windows\System32\shcore.dll
0x00007ffd090e0000 - 0x00007ffd09862000 	C:\Windows\System32\windows.storage.dll
0x00007ffd086f0000 - 0x00007ffd08713000 	C:\Windows\System32\profapi.dll
0x00007ffd08680000 - 0x00007ffd086ca000 	C:\Windows\System32\powrprof.dll
0x00007ffd08670000 - 0x00007ffd08680000 	C:\Windows\System32\UMPDC.dll
0x00007ffd0b3a0000 - 0x00007ffd0b3f2000 	C:\Windows\System32\shlwapi.dll
0x00007ffd08740000 - 0x00007ffd08757000 	C:\Windows\System32\cryptsp.dll
0x00007ffce47c0000 - 0x00007ffce47d9000 	C:\Program Files\Java\jdk-15.0.1\bin\net.dll
0x00007ffcf7690000 - 0x00007ffcf7780000 	C:\Windows\SYSTEM32\WINHTTP.dll
0x00007ffd07860000 - 0x00007ffd078c7000 	C:\Windows\system32\mswsock.dll
0x00007ffcd7d00000 - 0x00007ffcd7d12000 	C:\Program Files\Java\jdk-15.0.1\bin\nio.dll
0x00007ffcd7920000 - 0x00007ffcd7938000 	C:\Program Files\Java\jdk-15.0.1\bin\zip.dll
0x00007ffcec9b0000 - 0x00007ffcec9c0000 	C:\Program Files\Java\jdk-15.0.1\bin\verify.dll
0x00007ffcd6ff0000 - 0x00007ffcd7017000 	C:\Users\PC\.gradle\native\c976cfcca226fdd4bee4412e95191dd41148b7504f9625baeda1d523bc39a967\windows-amd64\native-platform.dll
0x00007ffce9a20000 - 0x00007ffce9a29000 	C:\Program Files\Java\jdk-15.0.1\bin\management.dll
0x00007ffce9960000 - 0x00007ffce996b000 	C:\Program Files\Java\jdk-15.0.1\bin\management_ext.dll
0x00007ffd073d0000 - 0x00007ffd07403000 	C:\Windows\system32\rsaenh.dll
0x00007ffd08760000 - 0x00007ffd08786000 	C:\Windows\System32\bcrypt.dll
0x00007ffd08590000 - 0x00007ffd085b5000 	C:\Windows\SYSTEM32\USERENV.dll
0x00007ffd07a30000 - 0x00007ffd07a3c000 	C:\Windows\SYSTEM32\CRYPTBASE.dll
0x00007ffd07570000 - 0x00007ffd075aa000 	C:\Windows\SYSTEM32\IPHLPAPI.DLL
0x00007ffd0b080000 - 0x00007ffd0b088000 	C:\Windows\System32\NSI.dll
0x00007ffcfec80000 - 0x00007ffcfec96000 	C:\Windows\SYSTEM32\dhcpcsvc6.DLL
0x00007ffcfec40000 - 0x00007ffcfec5c000 	C:\Windows\SYSTEM32\dhcpcsvc.DLL
0x00007ffd075b0000 - 0x00007ffd0767b000 	C:\Windows\SYSTEM32\DNSAPI.dll
0x00007ffce5610000 - 0x00007ffce561d000 	C:\Program Files\Java\jdk-15.0.1\bin\sunmscapi.dll
0x00007ffd08d50000 - 0x00007ffd08e99000 	C:\Windows\System32\CRYPT32.dll
0x00007ffd08720000 - 0x00007ffd08732000 	C:\Windows\System32\MSASN1.dll
0x00007ffd07b50000 - 0x00007ffd07b76000 	C:\Windows\SYSTEM32\ncrypt.dll
0x00007ffd07b10000 - 0x00007ffd07b4b000 	C:\Windows\SYSTEM32\NTASN1.dll
0x00007ffcf75f0000 - 0x00007ffcf75fa000 	C:\Windows\System32\rasadhlp.dll
0x00007ffcfcf60000 - 0x00007ffcfcfd7000 	C:\Windows\System32\fwpuclnt.dll
0x00007ffcbd370000 - 0x00007ffcbd4f0000 	C:\Program Files\Java\jdk-15.0.1\bin\awt.dll
0x00007ffd09870000 - 0x00007ffd09935000 	C:\Windows\System32\OLEAUT32.dll
0x00007ffd056a0000 - 0x00007ffd0572f000 	C:\Windows\SYSTEM32\apphelp.dll
0x00007ffd057e0000 - 0x00007ffd05879000 	C:\Windows\system32\uxtheme.dll
0x00007ffd0a850000 - 0x00007ffd0a985000 	C:\Windows\System32\MSCTF.dll
0x00007ffd09940000 - 0x00007ffd09a97000 	C:\Windows\System32\ole32.dll
0x00007ffd08150000 - 0x00007ffd08181000 	C:\Windows\SYSTEM32\ntmarta.dll

dbghelp: loaded successfully - version: 4.0.5 - missing functions: none
symbol engine: initialized successfully - sym options: 0x614 - pdb path: .;C:\Program Files\Java\jdk-15.0.1\bin;C:\Windows\SYSTEM32;C:\Windows\WinSxS\amd64_microsoft.windows.common-controls_6595b64144ccf1df_6.0.18362.959_none_e6c7bbbf130c62bb;C:\Program Files\Java\jdk-15.0.1\bin\server;C:\Users\PC\.gradle\native\c976cfcca226fdd4bee4412e95191dd41148b7504f9625baeda1d523bc39a967\windows-amd64

VM Arguments:
jvm_args: --add-opens=java.base/java.util=ALL-UNNAMED --add-opens=java.base/java.lang=ALL-UNNAMED --add-opens=java.base/java.lang.invoke=ALL-UNNAMED --add-opens=java.prefs/java.util.prefs=ALL-UNNAMED -XX:MaxMetaspaceSize=256m -XX:+HeapDumpOnOutOfMemoryError -Xms256m -Xmx512m -Dfile.encoding=windows-1252 -Duser.country=US -Duser.language=en -Duser.variant 
java_command: org.gradle.launcher.daemon.bootstrap.GradleDaemon 6.3
java_class_path (initial): C:\Users\PC\.gradle\wrapper\dists\gradle-6.3-all\b4awcolw9l59x95tu1obfh9i8\gradle-6.3\lib\gradle-launcher-6.3.jar
Launcher Type: SUN_STANDARD

[Global flags]
     intx CICompilerCount                          = 3                                         {product} {ergonomic}
   size_t CompressedClassSpaceSize                 = 260046848                                 {product} {ergonomic}
     uint ConcGCThreads                            = 1                                         {product} {ergonomic}
     uint G1ConcRefinementThreads                  = 4                                         {product} {ergonomic}
   size_t G1HeapRegionSize                         = 1048576                                   {product} {ergonomic}
    uintx GCDrainStackTargetSize                   = 64                                        {product} {ergonomic}
     bool HeapDumpOnOutOfMemoryError               = true                                   {manageable} {command line}
   size_t InitialHeapSize                          = 268435456                                 {product} {command line}
   size_t MarkStackSize                            = 4194304                                   {product} {ergonomic}
   size_t MaxHeapSize                              = 536870912                                 {product} {command line}
   size_t MaxMetaspaceSize                         = 268435456                                 {product} {command line}
   size_t MaxNewSize                               = 321912832                                 {product} {ergonomic}
   size_t MinHeapDeltaBytes                        = 1048576                                   {product} {ergonomic}
   size_t MinHeapSize                              = 268435456                                 {product} {command line}
    uintx NonNMethodCodeHeapSize                   = 5832780                                {pd product} {ergonomic}
    uintx NonProfiledCodeHeapSize                  = 122912730                              {pd product} {ergonomic}
    uintx ProfiledCodeHeapSize                     = 122912730                              {pd product} {ergonomic}
    uintx ReservedCodeCacheSize                    = 251658240                              {pd product} {ergonomic}
     bool SegmentedCodeCache                       = true                                      {product} {ergonomic}
   size_t SoftMaxHeapSize                          = 536870912                              {manageable} {ergonomic}
     bool UseCompressedClassPointers               = true                                 {lp64_product} {ergonomic}
     bool UseCompressedOops                        = true                                 {lp64_product} {ergonomic}
     bool UseG1GC                                  = true                                      {product} {ergonomic}
     bool UseLargePagesIndividualAllocation        = false                                  {pd product} {ergonomic}

Logging:
Log output configuration:
 #0: stdout all=warning uptime,level,tags
 #1: stderr all=off uptime,level,tags

Environment Variables:
JAVA_HOME=C:\Program Files\Java\jdk-15.0.1
CLASSPATH=C:\Users\PC\Desktop\EasyEngApp\android\\gradle\wrapper\gradle-wrapper.jar
PATH=C:\Users\PC\Desktop\EasyEngApp\android\node_modules\.bin;C:\Users\PC\Desktop\EasyEngApp\node_modules\.bin;C:\Users\PC\Desktop\node_modules\.bin;C:\Users\PC\node_modules\.bin;C:\Users\node_modules\.bin;C:\node_modules\.bin;C:\Program Files\nodejs;C:\Program Files\Common Files\Oracle\Java\javapath;C:\Windows\system32;C:\Windows;C:\Windows\System32\Wbem;C:\Windows\System32\WindowsPowerShell\v1.0\;C:\Windows\System32\OpenSSH\;C:\Program Files\Microsoft SQL Server\Client SDK\ODBC\170\Tools\Binn\;C:\Program Files (x86)\Microsoft SQL Server\150\Tools\Binn\;C:\Program Files\Microsoft SQL Server\150\Tools\Binn\;C:\Program Files\Microsoft SQL Server\150\DTS\Binn\;C:\Program Files\dotnet\;C:\Program Files\Microsoft SQL Server\130\Tools\Binn\;C:\Program Files (x86)\Microsoft SQL Server\150\DTS\Binn\;C:\Program Files\Git\cmd;C:\Program Files\nodejs\;%ANDROID_HOME%;C:\Program Files\Java\jdk-15.0.1\bin;C:\ProgramData\chocolatey\bin;C:\Program Files (x86)\Yarn\bin\;C:\Users\PC\AppData\Local\Android\Sdk\platform-tools;C:\Users\PC\AppData\Local\Microsoft\WindowsApps;C:\Users\PC\.dotnet\tools;C:\Users\PC\AppData\Local\Programs\Microsoft VS Code\bin;C:\Users\PC\AppData\Roaming\npm;C:\Users\PC\AppData\Local\atom\bin;C:\Users\PC\AppData\Local\Yarn\bin
USERNAME=PC
OS=Windows_NT
PROCESSOR_IDENTIFIER=Intel64 Family 6 Model 142 Stepping 9, GenuineIntel



---------------  S Y S T E M  ---------------

OS:
 Windows 10 , 64 bit Build 18362 (10.0.18362.959)
OS uptime: 0 days 4:19 hours

CPU: total 4 (initial active 4) (2 cores per cpu, 2 threads per core) family 6 model 142 stepping 9 microcode 0xb4, cmov, cx8, fxsr, mmx, sse, sse2, sse3, ssse3, sse4.1, sse4.2, popcnt, vzeroupper, avx, avx2, aes, clmul, erms, 3dnowpref, lzcnt, ht, tsc, tscinvbit, bmi1, bmi2, adx, fma, clflush, clflushopt

Memory: 4k page, system-wide physical 8090M (1113M free)
TotalPageFile size 9449M (AvailPageFile size 10M)
current process WorkingSet (physical memory assigned to process): 573M, peak: 577M
current process commit charge ("private bytes"): 641M, peak: 663M

vm_info: Java HotSpot(TM) 64-Bit Server VM (15.0.1+9-18) for windows-amd64 JRE (15.0.1+9-18), built on Sep 15 2020 14:43:54 by "mach5one" with unknown MS VC++:1925

END.
